<?xml version="1.0" encoding="utf-8"?>
<TestRun id="ff7be4bb-f146-4fcc-92ca-993b86b91a67" name="Bakhshayesh.Hossein@UMS001N10068 2026-09-07 15:51:55" runUser="GIG\Bakhshayesh.Hossein" xmlns="http://microsoft.com/schemas/VisualStudio/TeamTest/2010">
  <Times creation="2026-09-07T15:51:55.0941478+03:30" queuing="2026-09-07T15:51:55.0941483+03:30" start="2026-09-07T15:50:48.3716635+03:30" finish="2026-09-07T15:52:10.8649988+03:30" />
  <TestSettings name="default" id="96ff647e-7b65-4478-9799-ef345434e326">
    <Deployment runDeploymentRoot="Bakhshayesh.Hossein_UMS001N10068_2026-09-07_15_51_55" />
  </TestSettings>
  <Results>
    <UnitTestResult executionId="b2798d59-5ba5-40cf-83d2-2de92f74a0e8" testId="2d68e1d4-b8e0-6805-3f3a-d63443cde02a" testName="Vitorize.IntegrationTests.Fix09Phase2DVerificationLifecycleIntegrationTests.Http_concurrent_approve_and_reject_leave_the_profile_and_all_items_consistent" computerName="UMS001N10068" duration="00:00:01.3378407" startTime="2026-09-07T15:52:05.8591048+03:30" endTime="2026-09-07T15:52:05.8591052+03:30" testType="13cdc9d9-ddb5-4fa4-a97d-d965ccfc6d4b" outcome="Passed" testListId="8c84fa94-04c1-424b-9868-57a2d4851a1d" relativeResultsDirectory="b2798d59-5ba5-40cf-83d2-2de92f74a0e8" />
    <UnitTestResult executionId="a251cd42-91a7-4ebd-8f39-ba2f902fd0cd" testId="169e978b-2162-dda5-80b6-288411d104f2" testName="Vitorize.IntegrationTests.Fix09Phase2DVerificationLifecycleIntegrationTests.Approval_repairs_a_stale_submission_state_only_when_that_items_required_documents_exist" computerName="UMS001N10068" duration="00:00:01.2577649" startTime="2026-09-07T15:52:02.9932469+03:30" endTime="2026-09-07T15:52:02.9932477+03:30" testType="13cdc9d9-ddb5-4fa4-a97d-d965ccfc6d4b" outcome="Passed" testListId="8c84fa94-04c1-424b-9868-57a2d4851a1d" relativeResultsDirectory="a251cd42-91a7-4ebd-8f39-ba2f902fd0cd" />
    <UnitTestResult executionId="41f48f34-15f2-49c2-ad01-7e731caad85e" testId="bd153a81-ebe6-d25d-7e23-88b9b8d777fd" testName="Vitorize.IntegrationTests.Fix09Phase2DVerificationLifecycleIntegrationTests.Rejected_item_resubmits_but_final_rejected_item_never_reopens" computerName="UMS001N10068" duration="00:00:02.9411443" startTime="2026-09-07T15:51:57.9715540+03:30" endTime="2026-09-07T15:51:57.9715544+03:30" testType="13cdc9d9-ddb5-4fa4-a97d-d965ccfc6d4b" outcome="Passed" testListId="8c84fa94-04c1-424b-9868-57a2d4851a1d" relativeResultsDirectory="41f48f34-15f2-49c2-ad01-7e731caad85e" />
    <UnitTestResult executionId="de2b08b4-a4f7-443c-a2e4-894b61933250" testId="7d3b1355-abb2-9631-b5b0-6a0c0fab9399" testName="Vitorize.IntegrationTests.Fix09Phase2DVerificationLifecycleIntegrationTests.Concurrent_rejected_resubmit_is_idempotent_and_final_rejected_does_not_reopen" computerName="UMS001N10068" duration="00:00:01.5255418" startTime="2026-09-07T15:52:04.5202396+03:30" endTime="2026-09-07T15:52:04.5202403+03:30" testType="13cdc9d9-ddb5-4fa4-a97d-d965ccfc6d4b" outcome="Passed" testListId="8c84fa94-04c1-424b-9868-57a2d4851a1d" relativeResultsDirectory="de2b08b4-a4f7-443c-a2e4-894b61933250" />
    <UnitTestResult executionId="d9a4c976-f238-44fa-b10f-facba09116d4" testId="540b4b07-1231-84fe-c5b3-fa8cbea62cf5" testName="Vitorize.IntegrationTests.Fix09Phase2DVerificationLifecycleIntegrationTests.Approval_never_releases_a_stale_submission_state_when_its_required_document_is_missing" computerName="UMS001N10068" duration="00:00:04.5259178" startTime="2026-09-07T15:51:55.0257938+03:30" endTime="2026-09-07T15:51:55.0258433+03:30" testType="13cdc9d9-ddb5-4fa4-a97d-d965ccfc6d4b" outcome="Passed" testListId="8c84fa94-04c1-424b-9868-57a2d4851a1d" relativeResultsDirectory="d9a4c976-f238-44fa-b10f-facba09116d4" />
    <UnitTestResult executionId="247cc45d-59a1-40eb-9a01-8a7015c4feaf" testId="37aa9d9b-de6c-b1b0-29d0-3134519e1c5f" testName="Vitorize.IntegrationTests.Fix09Phase2DVerificationLifecycleIntegrationTests.Concurrent_duplicate_customer_submits_are_idempotent" computerName="UMS001N10068" duration="00:00:00.7377203" startTime="2026-09-07T15:52:07.5585137+03:30" endTime="2026-09-07T15:52:07.5585140+03:30" testType="13cdc9d9-ddb5-4fa4-a97d-d965ccfc6d4b" outcome="Passed" testListId="8c84fa94-04c1-424b-9868-57a2d4851a1d" relativeResultsDirectory="247cc45d-59a1-40eb-9a01-8a7015c4feaf" />
    <UnitTestResult executionId="5aed8eb3-4179-411d-a23a-308695a8385c" testId="44c28acb-5125-5d98-31a2-cc86dd1cfc1b" testName="Vitorize.IntegrationTests.Fix09Phase2DVerificationLifecycleIntegrationTests.Concurrent_duplicate_approve_and_reject_are_idempotent" computerName="UMS001N10068" duration="00:00:03.7481350" startTime="2026-09-07T15:52:01.7602669+03:30" endTime="2026-09-07T15:52:01.7602675+03:30" testType="13cdc9d9-ddb5-4fa4-a97d-d965ccfc6d4b" outcome="Failed" testListId="8c84fa94-04c1-424b-9868-57a2d4851a1d" relativeResultsDirectory="5aed8eb3-4179-411d-a23a-308695a8385c">
      <Output>
        <ErrorInfo>
          <Message>Expected (rejected.OrderItemKycStates.Where(x =&gt; x.OrderItemId == rejectSeed.V1Item.Id || x.OrderItemId == rejectSeed.V2Item.Id).ToListAsync()) to contain only items matching (Convert(x.Status, Int32) == 5), but &#xD;
{&#xD;
    Vitorize.Domain.Entities.OrderItemKycState&#xD;
    {&#xD;
        CreatedAt = &lt;2026-09-07 12:22:01.4577943&gt;, &#xD;
        CustomerActionDeadlineAt = &lt;null&gt;, &#xD;
        Id = {d568691a-a0cc-4d12-ac4e-20efe4e0bafe}, &#xD;
        OrderItem = &lt;null&gt;, &#xD;
        OrderItemId = {4323e807-1953-4f33-aa8f-defa91d6dddb}, &#xD;
        RowVersion = {0x00, 0x00, 0x00, 0x00, 0x00, 0x00, 0x07, 0xE0}, &#xD;
        SatisfiedAt = &lt;null&gt;, &#xD;
        SatisfiedByVerificationProfile = &lt;null&gt;, &#xD;
        SatisfiedByVerificationProfileId = &lt;null&gt;, &#xD;
        Status = 0x03, &#xD;
        UpdatedAt = &lt;2026-09-07 12:22:01.4577943&gt;&#xD;
    }, &#xD;
    Vitorize.Domain.Entities.OrderItemKycState&#xD;
    {&#xD;
        CreatedAt = &lt;2026-09-07 12:22:01.4577943&gt;, &#xD;
        CustomerActionDeadlineAt = &lt;null&gt;, &#xD;
        Id = {89eac952-d317-489f-a5bf-65da49f61123}, &#xD;
        OrderItem = &lt;null&gt;, &#xD;
        OrderItemId = {699db6c4-2248-4b69-9a1f-7a982e6efc0e}, &#xD;
        RowVersion = {0x00, 0x00, 0x00, 0x00, 0x00, 0x00, 0x07, 0xDF}, &#xD;
        SatisfiedAt = &lt;null&gt;, &#xD;
        SatisfiedByVerificationProfile = &lt;null&gt;, &#xD;
        SatisfiedByVerificationProfileId = &lt;null&gt;, &#xD;
        Status = 0x03, &#xD;
        UpdatedAt = &lt;2026-09-07 12:22:01.4577943&gt;&#xD;
    }&#xD;
} do(es) not match.</Message>
          <StackTrace>   at FluentAssertions.Execution.XUnit2TestFramework.Throw(String message)&#xD;
   at FluentAssertions.Execution.TestFrameworkProvider.Throw(String message)&#xD;
   at FluentAssertions.Execution.DefaultAssertionStrategy.HandleFailure(String message)&#xD;
   at FluentAssertions.Execution.AssertionScope.FailWith(Func`1 failReasonFunc)&#xD;
   at FluentAssertions.Execution.AssertionScope.FailWith(Func`1 failReasonFunc)&#xD;
   at FluentAssertions.Execution.AssertionScope.FailWith(String message, Object[] args)&#xD;
   at FluentAssertions.Execution.GivenSelector`1.FailWith(String message, Object[] args)&#xD;
   at FluentAssertions.Execution.GivenSelector`1.FailWith(String message, Func`2[] args)&#xD;
   at FluentAssertions.Collections.GenericCollectionAssertions`3.OnlyContain(Expression`1 predicate, String because, Object[] becauseArgs)&#xD;
   at Vitorize.IntegrationTests.Fix09Phase2DVerificationLifecycleIntegrationTests.Concurrent_duplicate_approve_and_reject_are_idempotent() in D:\Vitorize\Vitorize\tests\Vitorize.IntegrationTests\Fix09Phase2DVerificationLifecycleIntegrationTests.cs:line 209&#xD;
   at Vitorize.IntegrationTests.Fix09Phase2DVerificationLifecycleIntegrationTests.Concurrent_duplicate_approve_and_reject_are_idempotent() in D:\Vitorize\Vitorize\tests\Vitorize.IntegrationTests\Fix09Phase2DVerificationLifecycleIntegrationTests.cs:line 209&#xD;
--- End of stack trace from previous location ---</StackTrace>
        </ErrorInfo>
      </Output>
    </UnitTestResult>
    <UnitTestResult executionId="fb14295e-bbd3-4d62-9cf2-c95be3a59cff" testId="d11f93d8-1009-2002-1c2c-8bf541738d09" testName="Vitorize.IntegrationTests.Fix09Phase2DVerificationLifecycleIntegrationTests.Required_documents_across_a_pending_profile_move_items_to_review_without_a_second_submit" computerName="UMS001N10068" duration="00:00:00.9579239" startTime="2026-09-07T15:52:06.8242030+03:30" endTime="2026-09-07T15:52:06.8242033+03:30" testType="13cdc9d9-ddb5-4fa4-a97d-d965ccfc6d4b" outcome="Failed" testListId="8c84fa94-04c1-424b-9868-57a2d4851a1d" relativeResultsDirectory="fb14295e-bbd3-4d62-9cf2-c95be3a59cff">
      <Output>
        <ErrorInfo>
          <Message>Expected (afterSubmission.OrderItemKycStates.SingleAsync(x =&gt; x.OrderItemId == seed.V1Item.Id)).Status to be 0x04, but found 0x03 (difference of -1).</Message>
          <StackTrace>   at FluentAssertions.Execution.XUnit2TestFramework.Throw(String message)&#xD;
   at FluentAssertions.Execution.TestFrameworkProvider.Throw(String message)&#xD;
   at FluentAssertions.Execution.DefaultAssertionStrategy.HandleFailure(String message)&#xD;
   at FluentAssertions.Execution.AssertionScope.FailWith(Func`1 failReasonFunc)&#xD;
   at FluentAssertions.Execution.AssertionScope.FailWith(Func`1 failReasonFunc)&#xD;
   at FluentAssertions.Execution.AssertionScope.FailWith(String message, Object[] args)&#xD;
   at FluentAssertions.Numeric.NumericAssertions`2.Be(T expected, String because, Object[] becauseArgs)&#xD;
   at Vitorize.IntegrationTests.Fix09Phase2DVerificationLifecycleIntegrationTests.Required_documents_across_a_pending_profile_move_items_to_review_without_a_second_submit() in D:\Vitorize\Vitorize\tests\Vitorize.IntegrationTests\Fix09Phase2DVerificationLifecycleIntegrationTests.cs:line 36&#xD;
   at Vitorize.IntegrationTests.Fix09Phase2DVerificationLifecycleIntegrationTests.Required_documents_across_a_pending_profile_move_items_to_review_without_a_second_submit() in D:\Vitorize\Vitorize\tests\Vitorize.IntegrationTests\Fix09Phase2DVerificationLifecycleIntegrationTests.cs:line 38&#xD;
--- End of stack trace from previous location ---</StackTrace>
        </ErrorInfo>
      </Output>
    </UnitTestResult>
  </Results>
  <TestDefinitions>
    <UnitTest name="Vitorize.IntegrationTests.Fix09Phase2DVerificationLifecycleIntegrationTests.Required_documents_across_a_pending_profile_move_items_to_review_without_a_second_submit" storage="d:\vitorize\vitorize\tests\vitorize.integrationtests\bin\debug\net8.0\vitorize.integrationtests.dll" id="d11f93d8-1009-2002-1c2c-8bf541738d09">
      <Execution id="fb14295e-bbd3-4d62-9cf2-c95be3a59cff" />
      <TestMethod codeBase="D:\Vitorize\Vitorize\tests\Vitorize.IntegrationTests\bin\Debug\net8.0\Vitorize.IntegrationTests.dll" adapterTypeName="executor://xunit/VsTestRunner2/netcoreapp" className="Vitorize.IntegrationTests.Fix09Phase2DVerificationLifecycleIntegrationTests" name="Required_documents_across_a_pending_profile_move_items_to_review_without_a_second_submit" />
    </UnitTest>
    <UnitTest name="Vitorize.IntegrationTests.Fix09Phase2DVerificationLifecycleIntegrationTests.Approval_never_releases_a_stale_submission_state_when_its_required_document_is_missing" storage="d:\vitorize\vitorize\tests\vitorize.integrationtests\bin\debug\net8.0\vitorize.integrationtests.dll" id="540b4b07-1231-84fe-c5b3-fa8cbea62cf5">
      <Execution id="d9a4c976-f238-44fa-b10f-facba09116d4" />
      <TestMethod codeBase="D:\Vitorize\Vitorize\tests\Vitorize.IntegrationTests\bin\Debug\net8.0\Vitorize.IntegrationTests.dll" adapterTypeName="executor://xunit/VsTestRunner2/netcoreapp" className="Vitorize.IntegrationTests.Fix09Phase2DVerificationLifecycleIntegrationTests" name="Approval_never_releases_a_stale_submission_state_when_its_required_document_is_missing" />
    </UnitTest>
    <UnitTest name="Vitorize.IntegrationTests.Fix09Phase2DVerificationLifecycleIntegrationTests.Concurrent_duplicate_customer_submits_are_idempotent" storage="d:\vitorize\vitorize\tests\vitorize.integrationtests\bin\debug\net8.0\vitorize.integrationtests.dll" id="37aa9d9b-de6c-b1b0-29d0-3134519e1c5f">
      <Execution id="247cc45d-59a1-40eb-9a01-8a7015c4feaf" />
      <TestMethod codeBase="D:\Vitorize\Vitorize\tests\Vitorize.IntegrationTests\bin\Debug\net8.0\Vitorize.IntegrationTests.dll" adapterTypeName="executor://xunit/VsTestRunner2/netcoreapp" className="Vitorize.IntegrationTests.Fix09Phase2DVerificationLifecycleIntegrationTests" name="Concurrent_duplicate_customer_submits_are_idempotent" />
    </UnitTest>
    <UnitTest name="Vitorize.IntegrationTests.Fix09Phase2DVerificationLifecycleIntegrationTests.Concurrent_duplicate_approve_and_reject_are_idempotent" storage="d:\vitorize\vitorize\tests\vitorize.integrationtests\bin\debug\net8.0\vitorize.integrationtests.dll" id="44c28acb-5125-5d98-31a2-cc86dd1cfc1b">
      <Execution id="5aed8eb3-4179-411d-a23a-308695a8385c" />
      <TestMethod codeBase="D:\Vitorize\Vitorize\tests\Vitorize.IntegrationTests\bin\Debug\net8.0\Vitorize.IntegrationTests.dll" adapterTypeName="executor://xunit/VsTestRunner2/netcoreapp" className="Vitorize.IntegrationTests.Fix09Phase2DVerificationLifecycleIntegrationTests" name="Concurrent_duplicate_approve_and_reject_are_idempotent" />
    </UnitTest>
    <UnitTest name="Vitorize.IntegrationTests.Fix09Phase2DVerificationLifecycleIntegrationTests.Concurrent_rejected_resubmit_is_idempotent_and_final_rejected_does_not_reopen" storage="d:\vitorize\vitorize\tests\vitorize.integrationtests\bin\debug\net8.0\vitorize.integrationtests.dll" id="7d3b1355-abb2-9631-b5b0-6a0c0fab9399">
      <Execution id="de2b08b4-a4f7-443c-a2e4-894b61933250" />
      <TestMethod codeBase="D:\Vitorize\Vitorize\tests\Vitorize.IntegrationTests\bin\Debug\net8.0\Vitorize.IntegrationTests.dll" adapterTypeName="executor://xunit/VsTestRunner2/netcoreapp" className="Vitorize.IntegrationTests.Fix09Phase2DVerificationLifecycleIntegrationTests" name="Concurrent_rejected_resubmit_is_idempotent_and_final_rejected_does_not_reopen" />
    </UnitTest>
    <UnitTest name="Vitorize.IntegrationTests.Fix09Phase2DVerificationLifecycleIntegrationTests.Rejected_item_resubmits_but_final_rejected_item_never_reopens" storage="d:\vitorize\vitorize\tests\vitorize.integrationtests\bin\debug\net8.0\vitorize.integrationtests.dll" id="bd153a81-ebe6-d25d-7e23-88b9b8d777fd">
      <Execution id="41f48f34-15f2-49c2-ad01-7e731caad85e" />
      <TestMethod codeBase="D:\Vitorize\Vitorize\tests\Vitorize.IntegrationTests\bin\Debug\net8.0\Vitorize.IntegrationTests.dll" adapterTypeName="executor://xunit/VsTestRunner2/netcoreapp" className="Vitorize.IntegrationTests.Fix09Phase2DVerificationLifecycleIntegrationTests" name="Rejected_item_resubmits_but_final_rejected_item_never_reopens" />
    </UnitTest>
    <UnitTest name="Vitorize.IntegrationTests.Fix09Phase2DVerificationLifecycleIntegrationTests.Http_concurrent_approve_and_reject_leave_the_profile_and_all_items_consistent" storage="d:\vitorize\vitorize\tests\vitorize.integrationtests\bin\debug\net8.0\vitorize.integrationtests.dll" id="2d68e1d4-b8e0-6805-3f3a-d63443cde02a">
      <Execution id="b2798d59-5ba5-40cf-83d2-2de92f74a0e8" />
      <TestMethod codeBase="D:\Vitorize\Vitorize\tests\Vitorize.IntegrationTests\bin\Debug\net8.0\Vitorize.IntegrationTests.dll" adapterTypeName="executor://xunit/VsTestRunner2/netcoreapp" className="Vitorize.IntegrationTests.Fix09Phase2DVerificationLifecycleIntegrationTests" name="Http_concurrent_approve_and_reject_leave_the_profile_and_all_items_consistent" />
    </UnitTest>
    <UnitTest name="Vitorize.IntegrationTests.Fix09Phase2DVerificationLifecycleIntegrationTests.Approval_repairs_a_stale_submission_state_only_when_that_items_required_documents_exist" storage="d:\vitorize\vitorize\tests\vitorize.integrationtests\bin\debug\net8.0\vitorize.integrationtests.dll" id="169e978b-2162-dda5-80b6-288411d104f2">
      <Execution id="a251cd42-91a7-4ebd-8f39-ba2f902fd0cd" />
      <TestMethod codeBase="D:\Vitorize\Vitorize\tests\Vitorize.IntegrationTests\bin\Debug\net8.0\Vitorize.IntegrationTests.dll" adapterTypeName="executor://xunit/VsTestRunner2/netcoreapp" className="Vitorize.IntegrationTests.Fix09Phase2DVerificationLifecycleIntegrationTests" name="Approval_repairs_a_stale_submission_state_only_when_that_items_required_documents_exist" />
    </UnitTest>
  </TestDefinitions>
  <TestEntries>
    <TestEntry testId="2d68e1d4-b8e0-6805-3f3a-d63443cde02a" executionId="b2798d59-5ba5-40cf-83d2-2de92f74a0e8" testListId="8c84fa94-04c1-424b-9868-57a2d4851a1d" />
    <TestEntry testId="169e978b-2162-dda5-80b6-288411d104f2" executionId="a251cd42-91a7-4ebd-8f39-ba2f902fd0cd" testListId="8c84fa94-04c1-424b-9868-57a2d4851a1d" />
    <TestEntry testId="bd153a81-ebe6-d25d-7e23-88b9b8d777fd" executionId="41f48f34-15f2-49c2-ad01-7e731caad85e" testListId="8c84fa94-04c1-424b-9868-57a2d4851a1d" />
    <TestEntry testId="7d3b1355-abb2-9631-b5b0-6a0c0fab9399" executionId="de2b08b4-a4f7-443c-a2e4-894b61933250" testListId="8c84fa94-04c1-424b-9868-57a2d4851a1d" />
    <TestEntry testId="540b4b07-1231-84fe-c5b3-fa8cbea62cf5" executionId="d9a4c976-f238-44fa-b10f-facba09116d4" testListId="8c84fa94-04c1-424b-9868-57a2d4851a1d" />
    <TestEntry testId="37aa9d9b-de6c-b1b0-29d0-3134519e1c5f" executionId="247cc45d-59a1-40eb-9a01-8a7015c4feaf" testListId="8c84fa94-04c1-424b-9868-57a2d4851a1d" />
    <TestEntry testId="44c28acb-5125-5d98-31a2-cc86dd1cfc1b" executionId="5aed8eb3-4179-411d-a23a-308695a8385c" testListId="8c84fa94-04c1-424b-9868-57a2d4851a1d" />
    <TestEntry testId="d11f93d8-1009-2002-1c2c-8bf541738d09" executionId="fb14295e-bbd3-4d62-9cf2-c95be3a59cff" testListId="8c84fa94-04c1-424b-9868-57a2d4851a1d" />
  </TestEntries>
  <TestLists>
    <TestList name="Results Not in a List" id="8c84fa94-04c1-424b-9868-57a2d4851a1d" />
    <TestList name="All Loaded Results" id="19431567-8539-422a-85d7-44ee4e166bda" />
  </TestLists>
  <ResultSummary outcome="Failed">
    <Counters total="8" executed="8" passed="6" failed="2" error="0" timeout="0" aborted="0" inconclusive="0" passedButRunAborted="0" notRunnable="0" notExecuted="0" disconnected="0" warning="0" completed="0" inProgress="0" pending="0" />
    <Output>
      <StdOut>[xUnit.net 00:00:00.00] xUnit.net VSTest Adapter v2.8.2+699d445a1a (64-bit .NET 8.0.28)&#xD;
[xUnit.net 00:00:00.11]   Discovering: Vitorize.IntegrationTests&#xD;
[xUnit.net 00:00:00.19]   Discovered:  Vitorize.IntegrationTests&#xD;
[xUnit.net 00:00:00.19]   Starting:    Vitorize.IntegrationTests&#xD;
[15:51:39 INF] Vitorize API bootstrap starting&#xD;
[2026-09-07 15:51:47.221 +03:30 WRN] [Vitorize.Api] [SeqDisabled] [CorrelationId:] [TraceId:] Seq is disabled; console and file sinks remain active. EventType=SeqDisabled&#xD;
[2026-09-07 15:51:47.513 +03:30 INF] [Vitorize.Api] [ApplicationStarted] [CorrelationId:] [TraceId:] Vitorize API started in Testing. EventType=ApplicationStarted&#xD;
[2026-09-07 15:51:54.778 +03:30 WRN] [Vitorize.Api] [] [CorrelationId:] [TraceId:] KYC item remains blocked because required documents are incomplete. UserId=e8c8cb1a-1f4e-4342-b24b-c3ea187ac1c6 ProfileId=5467e524-bb67-4fb1-91d8-f98099f96daf OrderItemId=cadba659-39a5-4fd7-b740-595c871edf57&#xD;
[2026-09-07 15:51:56.981 +03:30 WRN] [Vitorize.Api] [] [CorrelationId:] [TraceId:] Savepoints are disabled because Multiple Active Result Sets (MARS) is enabled. If 'SaveChanges' fails, then the transaction cannot be automatically rolled back to a known clean state. Instead, the transaction should be rolled back by the application before retrying 'SaveChanges'. See https://go.microsoft.com/fwlink/?linkid=2149338 for more information and examples. To identify the code which triggers this warning, call 'ConfigureWarnings(w =&gt; w.Throw(SqlServerEventId.SavepointsDisabledBecauseOfMARS))'.&#xD;
[2026-09-07 15:51:57.005 +03:30 INF] [Vitorize.Api] [KycUploaded] [CorrelationId:] [TraceId:] KYC profile submitted. UserId=19a9387f-f302-48eb-82e4-06d1c76d39ff ProfileId=2cd4c215-1cf0-4c07-903d-a64135dd277c DocumentCount=2 EventType=KycUploaded&#xD;
[2026-09-07 15:51:57.543 +03:30 WRN] [Vitorize.Api] [] [CorrelationId:] [TraceId:] Savepoints are disabled because Multiple Active Result Sets (MARS) is enabled. If 'SaveChanges' fails, then the transaction cannot be automatically rolled back to a known clean state. Instead, the transaction should be rolled back by the application before retrying 'SaveChanges'. See https://go.microsoft.com/fwlink/?linkid=2149338 for more information and examples. To identify the code which triggers this warning, call 'ConfigureWarnings(w =&gt; w.Throw(SqlServerEventId.SavepointsDisabledBecauseOfMARS))'.&#xD;
[2026-09-07 15:51:57.622 +03:30 INF] [Vitorize.Api] [KycRejected] [CorrelationId:] [TraceId:] KYC review completed. UserId=19a9387f-f302-48eb-82e4-06d1c76d39ff ProfileId=2cd4c215-1cf0-4c07-903d-a64135dd277c AdminUserId=b367bbda-94da-4bb1-b5ab-87282aa9b997 DocumentCount=2 Approved=False EventType=KycRejected&#xD;
[2026-09-07 15:51:57.759 +03:30 WRN] [Vitorize.Api] [] [CorrelationId:] [TraceId:] Savepoints are disabled because Multiple Active Result Sets (MARS) is enabled. If 'SaveChanges' fails, then the transaction cannot be automatically rolled back to a known clean state. Instead, the transaction should be rolled back by the application before retrying 'SaveChanges'. See https://go.microsoft.com/fwlink/?linkid=2149338 for more information and examples. To identify the code which triggers this warning, call 'ConfigureWarnings(w =&gt; w.Throw(SqlServerEventId.SavepointsDisabledBecauseOfMARS))'.&#xD;
[2026-09-07 15:51:57.785 +03:30 INF] [Vitorize.Api] [] [CorrelationId:] [TraceId:] Order item KYC moved to review after complete policy submission. UserId=19a9387f-f302-48eb-82e4-06d1c76d39ff ProfileId=2cd4c215-1cf0-4c07-903d-a64135dd277c OrderItemId=49a5da9a-6302-4961-bd65-54888e3059b7&#xD;
[2026-09-07 15:51:57.790 +03:30 WRN] [Vitorize.Api] [] [CorrelationId:] [TraceId:] Savepoints are disabled because Multiple Active Result Sets (MARS) is enabled. If 'SaveChanges' fails, then the transaction cannot be automatically rolled back to a known clean state. Instead, the transaction should be rolled back by the application before retrying 'SaveChanges'. See https://go.microsoft.com/fwlink/?linkid=2149338 for more information and examples. To identify the code which triggers this warning, call 'ConfigureWarnings(w =&gt; w.Throw(SqlServerEventId.SavepointsDisabledBecauseOfMARS))'.&#xD;
[2026-09-07 15:51:57.802 +03:30 INF] [Vitorize.Api] [KycUploaded] [CorrelationId:] [TraceId:] KYC document registered. UserId=19a9387f-f302-48eb-82e4-06d1c76d39ff ProfileId=2cd4c215-1cf0-4c07-903d-a64135dd277c FileId=bc0c2590-e424-435e-9c63-5211e55c562a DocumentType=1 EventType=KycUploaded&#xD;
[2026-09-07 15:51:57.819 +03:30 WRN] [Vitorize.Api] [] [CorrelationId:] [TraceId:] Savepoints are disabled because Multiple Active Result Sets (MARS) is enabled. If 'SaveChanges' fails, then the transaction cannot be automatically rolled back to a known clean state. Instead, the transaction should be rolled back by the application before retrying 'SaveChanges'. See https://go.microsoft.com/fwlink/?linkid=2149338 for more information and examples. To identify the code which triggers this warning, call 'ConfigureWarnings(w =&gt; w.Throw(SqlServerEventId.SavepointsDisabledBecauseOfMARS))'.&#xD;
[2026-09-07 15:51:57.842 +03:30 INF] [Vitorize.Api] [] [CorrelationId:] [TraceId:] Order item KYC moved to review after complete policy submission. UserId=19a9387f-f302-48eb-82e4-06d1c76d39ff ProfileId=2cd4c215-1cf0-4c07-903d-a64135dd277c OrderItemId=9488a32c-5a9e-47e3-aa9e-34d67e5679c2&#xD;
[2026-09-07 15:51:57.848 +03:30 WRN] [Vitorize.Api] [] [CorrelationId:] [TraceId:] Savepoints are disabled because Multiple Active Result Sets (MARS) is enabled. If 'SaveChanges' fails, then the transaction cannot be automatically rolled back to a known clean state. Instead, the transaction should be rolled back by the application before retrying 'SaveChanges'. See https://go.microsoft.com/fwlink/?linkid=2149338 for more information and examples. To identify the code which triggers this warning, call 'ConfigureWarnings(w =&gt; w.Throw(SqlServerEventId.SavepointsDisabledBecauseOfMARS))'.&#xD;
[2026-09-07 15:51:57.852 +03:30 INF] [Vitorize.Api] [KycUploaded] [CorrelationId:] [TraceId:] KYC document registered. UserId=19a9387f-f302-48eb-82e4-06d1c76d39ff ProfileId=2cd4c215-1cf0-4c07-903d-a64135dd277c FileId=fc66e030-51c7-4663-b8c3-c3e7c0a03f78 DocumentType=2 EventType=KycUploaded&#xD;
[2026-09-07 15:51:57.876 +03:30 WRN] [Vitorize.Api] [] [CorrelationId:] [TraceId:] Savepoints are disabled because Multiple Active Result Sets (MARS) is enabled. If 'SaveChanges' fails, then the transaction cannot be automatically rolled back to a known clean state. Instead, the transaction should be rolled back by the application before retrying 'SaveChanges'. See https://go.microsoft.com/fwlink/?linkid=2149338 for more information and examples. To identify the code which triggers this warning, call 'ConfigureWarnings(w =&gt; w.Throw(SqlServerEventId.SavepointsDisabledBecauseOfMARS))'.&#xD;
[2026-09-07 15:51:57.892 +03:30 INF] [Vitorize.Api] [KycUploaded] [CorrelationId:] [TraceId:] KYC profile submitted. UserId=19a9387f-f302-48eb-82e4-06d1c76d39ff ProfileId=2cd4c215-1cf0-4c07-903d-a64135dd277c DocumentCount=4 EventType=KycUploaded&#xD;
[2026-09-07 15:51:57.940 +03:30 WRN] [Vitorize.Api] [] [CorrelationId:] [TraceId:] Savepoints are disabled because Multiple Active Result Sets (MARS) is enabled. If 'SaveChanges' fails, then the transaction cannot be automatically rolled back to a known clean state. Instead, the transaction should be rolled back by the application before retrying 'SaveChanges'. See https://go.microsoft.com/fwlink/?linkid=2149338 for more information and examples. To identify the code which triggers this warning, call 'ConfigureWarnings(w =&gt; w.Throw(SqlServerEventId.SavepointsDisabledBecauseOfMARS))'.&#xD;
[2026-09-07 15:51:57.944 +03:30 INF] [Vitorize.Api] [KycUploaded] [CorrelationId:] [TraceId:] KYC profile submitted. UserId=19a9387f-f302-48eb-82e4-06d1c76d39ff ProfileId=2cd4c215-1cf0-4c07-903d-a64135dd277c DocumentCount=4 EventType=KycUploaded&#xD;
[2026-09-07 15:51:59.267 +03:30 WRN] [Vitorize.Api] [] [CorrelationId:] [TraceId:] Savepoints are disabled because Multiple Active Result Sets (MARS) is enabled. If 'SaveChanges' fails, then the transaction cannot be automatically rolled back to a known clean state. Instead, the transaction should be rolled back by the application before retrying 'SaveChanges'. See https://go.microsoft.com/fwlink/?linkid=2149338 for more information and examples. To identify the code which triggers this warning, call 'ConfigureWarnings(w =&gt; w.Throw(SqlServerEventId.SavepointsDisabledBecauseOfMARS))'.&#xD;
[2026-09-07 15:51:59.273 +03:30 INF] [Vitorize.Api] [KycUploaded] [CorrelationId:] [TraceId:] KYC profile submitted. UserId=cda3a8dd-1d31-441c-a90e-5793f92fd85f ProfileId=4060ed90-5fb5-4c6d-bece-98b461678bfd DocumentCount=2 EventType=KycUploaded&#xD;
[2026-09-07 15:51:59.812 +03:30 WRN] [Vitorize.Api] [] [CorrelationId:1d05c74e77aaaa2675e137ff2ca1af63] [TraceId:77f3b4fc9c18fe05086ea8df161bc94d] Savepoints are disabled because Multiple Active Result Sets (MARS) is enabled. If 'SaveChanges' fails, then the transaction cannot be automatically rolled back to a known clean state. Instead, the transaction should be rolled back by the application before retrying 'SaveChanges'. See https://go.microsoft.com/fwlink/?linkid=2149338 for more information and examples. To identify the code which triggers this warning, call 'ConfigureWarnings(w =&gt; w.Throw(SqlServerEventId.SavepointsDisabledBecauseOfMARS))'.&#xD;
[2026-09-07 15:51:59.888 +03:30 INF] [Vitorize.Api] [KycApproved] [CorrelationId:1d05c74e77aaaa2675e137ff2ca1af63] [TraceId:77f3b4fc9c18fe05086ea8df161bc94d] KYC review completed. UserId=cda3a8dd-1d31-441c-a90e-5793f92fd85f ProfileId=4060ed90-5fb5-4c6d-bece-98b461678bfd AdminUserId=8e77c1d9-483f-485d-ac84-53cf891fa442 DocumentCount=2 Approved=True EventType=KycApproved&#xD;
[2026-09-07 15:51:59.956 +03:30 INF] [Vitorize.Api] [HttpRequestCompleted] [CorrelationId:dbaf1bb2f9ff6280d7b4fc07b9ef44c3] [TraceId:441aaad2cdbe4c56b2ae6d5872d5b527] HTTP POST /api/admin/verifications/4060ed90-5fb5-4c6d-bece-98b461678bfd/review responded 200 in 488.0576 ms&#xD;
[2026-09-07 15:52:00.031 +03:30 WRN] [Vitorize.Api] [] [CorrelationId:1d05c74e77aaaa2675e137ff2ca1af63] [TraceId:77f3b4fc9c18fe05086ea8df161bc94d] Compiling a query which loads related collections for more than one collection navigation, either via 'Include' or through projection, but no 'QuerySplittingBehavior' has been configured. By default, Entity Framework will use 'QuerySplittingBehavior.SingleQuery', which can potentially result in slow query performance. See https://go.microsoft.com/fwlink/?linkid=2134277 for more information. To identify the query that's triggering this warning call 'ConfigureWarnings(w =&gt; w.Throw(RelationalEventId.MultipleCollectionIncludeWarning))'.&#xD;
[2026-09-07 15:52:00.220 +03:30 ERR] [Vitorize.Api] [] [CorrelationId:1d05c74e77aaaa2675e137ff2ca1af63] [TraceId:77f3b4fc9c18fe05086ea8df161bc94d] KYC fulfillment release failed and remains retryable. OrderItemId=390fccf4-a707-477e-b8b8-0b00e1a6b705&#xD;
Vitorize.Shared.Exceptions.BusinessException: ????? ?????????? ?? ???? ??? ???? ???? ???? ? ???? ?? ????? ????.&#xD;
   at Vitorize.Infrastructure.Services.GiftCodeDeliveryService.DeliverSatisfiedOrderItemAsync(Guid orderItemId, Nullable`1 deliveredByUserId, CancellationToken cancellationToken) in D:\Vitorize\Vitorize\Vitorize.Infrastructure\Services\GiftCodeDeliveryService.cs:line 235&#xD;
   at Vitorize.Infrastructure.Services.GiftCodeDeliveryService.DeliverSatisfiedOrderItemAsync(Guid orderItemId, Nullable`1 deliveredByUserId, CancellationToken cancellationToken) in D:\Vitorize\Vitorize\Vitorize.Infrastructure\Services\GiftCodeDeliveryService.cs:line 297&#xD;
   at Vitorize.Infrastructure.Services.GiftCodeDeliveryService.DeliverSatisfiedOrderItemAsync(Guid orderItemId, Nullable`1 deliveredByUserId, CancellationToken cancellationToken) in D:\Vitorize\Vitorize\Vitorize.Infrastructure\Services\GiftCodeDeliveryService.cs:line 298&#xD;
   at Vitorize.Infrastructure.Services.OrderItemFulfillmentReleaseService.ReleaseSatisfiedOrderItemAsync(Guid orderItemId, CancellationToken cancellationToken) in D:\Vitorize\Vitorize\Vitorize.Infrastructure\Services\OrderItemFulfillmentReleaseService.cs:line 87&#xD;
   at Vitorize.Infrastructure.Services.OrderItemFulfillmentReleaseService.ReleaseSatisfiedItemsForVerificationAsync(Guid verificationProfileId, CancellationToken cancellationToken) in D:\Vitorize\Vitorize\Vitorize.Infrastructure\Services\OrderItemFulfillmentReleaseService.cs:line 55&#xD;
[2026-09-07 15:52:00.245 +03:30 ERR] [Vitorize.Api] [] [CorrelationId:1d05c74e77aaaa2675e137ff2ca1af63] [TraceId:77f3b4fc9c18fe05086ea8df161bc94d] KYC fulfillment release failed and remains retryable. OrderItemId=307587a0-27e0-4952-b4cd-9489bf89ece2&#xD;
Vitorize.Shared.Exceptions.BusinessException: ????? ?????????? ?? ???? ??? ???? ???? ???? ? ???? ?? ????? ????.&#xD;
   at Vitorize.Infrastructure.Services.GiftCodeDeliveryService.DeliverSatisfiedOrderItemAsync(Guid orderItemId, Nullable`1 deliveredByUserId, CancellationToken cancellationToken) in D:\Vitorize\Vitorize\Vitorize.Infrastructure\Services\GiftCodeDeliveryService.cs:line 235&#xD;
   at Vitorize.Infrastructure.Services.GiftCodeDeliveryService.DeliverSatisfiedOrderItemAsync(Guid orderItemId, Nullable`1 deliveredByUserId, CancellationToken cancellationToken) in D:\Vitorize\Vitorize\Vitorize.Infrastructure\Services\GiftCodeDeliveryService.cs:line 297&#xD;
   at Vitorize.Infrastructure.Services.GiftCodeDeliveryService.DeliverSatisfiedOrderItemAsync(Guid orderItemId, Nullable`1 deliveredByUserId, CancellationToken cancellationToken) in D:\Vitorize\Vitorize\Vitorize.Infrastructure\Services\GiftCodeDeliveryService.cs:line 298&#xD;
   at Vitorize.Infrastructure.Services.OrderItemFulfillmentReleaseService.ReleaseSatisfiedOrderItemAsync(Guid orderItemId, CancellationToken cancellationToken) in D:\Vitorize\Vitorize\Vitorize.Infrastructure\Services\OrderItemFulfillmentReleaseService.cs:line 87&#xD;
   at Vitorize.Infrastructure.Services.OrderItemFulfillmentReleaseService.ReleaseSatisfiedItemsForVerificationAsync(Guid verificationProfileId, CancellationToken cancellationToken) in D:\Vitorize\Vitorize\Vitorize.Infrastructure\Services\OrderItemFulfillmentReleaseService.cs:line 55&#xD;
[2026-09-07 15:52:00.249 +03:30 INF] [Vitorize.Api] [HttpRequestCompleted] [CorrelationId:1d05c74e77aaaa2675e137ff2ca1af63] [TraceId:77f3b4fc9c18fe05086ea8df161bc94d] HTTP POST /api/admin/verifications/4060ed90-5fb5-4c6d-bece-98b461678bfd/review responded 200 in 791.1923 ms&#xD;
[2026-09-07 15:52:01.513 +03:30 WRN] [Vitorize.Api] [] [CorrelationId:] [TraceId:] Savepoints are disabled because Multiple Active Result Sets (MARS) is enabled. If 'SaveChanges' fails, then the transaction cannot be automatically rolled back to a known clean state. Instead, the transaction should be rolled back by the application before retrying 'SaveChanges'. See https://go.microsoft.com/fwlink/?linkid=2149338 for more information and examples. To identify the code which triggers this warning, call 'ConfigureWarnings(w =&gt; w.Throw(SqlServerEventId.SavepointsDisabledBecauseOfMARS))'.&#xD;
[2026-09-07 15:52:01.519 +03:30 INF] [Vitorize.Api] [KycUploaded] [CorrelationId:] [TraceId:] KYC profile submitted. UserId=63da7045-e0b8-489d-aa67-d88be7105817 ProfileId=1b597c77-e7c6-4fa0-a95b-f9ee719004d6 DocumentCount=2 EventType=KycUploaded&#xD;
[2026-09-07 15:52:01.564 +03:30 WRN] [Vitorize.Api] [] [CorrelationId:fc3ad7d3dc609403e5a71e9d6c46ba7f] [TraceId:26ba5536bf31b8bdec3d0d93024d097c] Savepoints are disabled because Multiple Active Result Sets (MARS) is enabled. If 'SaveChanges' fails, then the transaction cannot be automatically rolled back to a known clean state. Instead, the transaction should be rolled back by the application before retrying 'SaveChanges'. See https://go.microsoft.com/fwlink/?linkid=2149338 for more information and examples. To identify the code which triggers this warning, call 'ConfigureWarnings(w =&gt; w.Throw(SqlServerEventId.SavepointsDisabledBecauseOfMARS))'.&#xD;
[2026-09-07 15:52:01.573 +03:30 INF] [Vitorize.Api] [KycRejected] [CorrelationId:fc3ad7d3dc609403e5a71e9d6c46ba7f] [TraceId:26ba5536bf31b8bdec3d0d93024d097c] KYC review completed. UserId=63da7045-e0b8-489d-aa67-d88be7105817 ProfileId=1b597c77-e7c6-4fa0-a95b-f9ee719004d6 AdminUserId=e4552222-fa5c-4148-b192-28a52df65984 DocumentCount=2 Approved=False EventType=KycRejected&#xD;
[2026-09-07 15:52:01.575 +03:30 INF] [Vitorize.Api] [HttpRequestCompleted] [CorrelationId:fc3ad7d3dc609403e5a71e9d6c46ba7f] [TraceId:26ba5536bf31b8bdec3d0d93024d097c] HTTP POST /api/admin/verifications/1b597c77-e7c6-4fa0-a95b-f9ee719004d6/review responded 200 in 40.2038 ms&#xD;
[2026-09-07 15:52:01.578 +03:30 INF] [Vitorize.Api] [HttpRequestCompleted] [CorrelationId:19d42522ef28a4fa424123e5d0684399] [TraceId:687bb825df4c97748f11f2ee2f2e3caa] HTTP POST /api/admin/verifications/1b597c77-e7c6-4fa0-a95b-f9ee719004d6/review responded 200 in 43.5398 ms&#xD;
[xUnit.net 00:01:12.73]       Expected (rejected.OrderItemKycStates.Where(x =&gt; x.OrderItemId == rejectSeed.V1Item.Id || x.OrderItemId == rejectSeed.V2Item.Id).ToListAsync()) to contain only items matching (Convert(x.Status, Int32) == 5), but &#xD;
[xUnit.net 00:01:12.73]       {&#xD;
[xUnit.net 00:01:12.73]           Vitorize.Domain.Entities.OrderItemKycState&#xD;
[xUnit.net 00:01:12.73]           {&#xD;
[xUnit.net 00:01:12.73]               CreatedAt = &lt;2026-09-07 12:22:01.4577943&gt;, &#xD;
[xUnit.net 00:01:12.73]               CustomerActionDeadlineAt = &lt;null&gt;, &#xD;
[xUnit.net 00:01:12.73]               Id = {d568691a-a0cc-4d12-ac4e-20efe4e0bafe}, &#xD;
[xUnit.net 00:01:12.73]               OrderItem = &lt;null&gt;, &#xD;
[xUnit.net 00:01:12.73]               OrderItemId = {4323e807-1953-4f33-aa8f-defa91d6dddb}, &#xD;
[xUnit.net 00:01:12.73]               RowVersion = {0x00, 0x00, 0x00, 0x00, 0x00, 0x00, 0x07, 0xE0}, &#xD;
[xUnit.net 00:01:12.73]               SatisfiedAt = &lt;null&gt;, &#xD;
[xUnit.net 00:01:12.73]               SatisfiedByVerificationProfile = &lt;null&gt;, &#xD;
[xUnit.net 00:01:12.73]               SatisfiedByVerificationProfileId = &lt;null&gt;, &#xD;
[xUnit.net 00:01:12.73]               Status = 0x03, &#xD;
[xUnit.net 00:01:12.74]               UpdatedAt = &lt;2026-09-07 12:22:01.4577943&gt;&#xD;
[xUnit.net 00:01:12.74]           }, &#xD;
[xUnit.net 00:01:12.74]           Vitorize.Domain.Entities.OrderItemKycState&#xD;
[xUnit.net 00:01:12.74]           {&#xD;
[xUnit.net 00:01:12.74]               CreatedAt = &lt;2026-09-07 12:22:01.4577943&gt;, &#xD;
[xUnit.net 00:01:12.74]               CustomerActionDeadlineAt = &lt;null&gt;, &#xD;
[xUnit.net 00:01:12.74]               Id = {89eac952-d317-489f-a5bf-65da49f61123}, &#xD;
[xUnit.net 00:01:12.74]               OrderItem = &lt;null&gt;, &#xD;
[xUnit.net 00:01:12.74]               OrderItemId = {699db6c4-2248-4b69-9a1f-7a982e6efc0e}, &#xD;
[xUnit.net 00:01:12.74]               RowVersion = {0x00, 0x00, 0x00, 0x00, 0x00, 0x00, 0x07, 0xDF}, &#xD;
[xUnit.net 00:01:12.74]               SatisfiedAt = &lt;null&gt;, &#xD;
[xUnit.net 00:01:12.74]               SatisfiedByVerificationProfile = &lt;null&gt;, &#xD;
[xUnit.net 00:01:12.74]               SatisfiedByVerificationProfileId = &lt;null&gt;, &#xD;
[xUnit.net 00:01:12.74]               Status = 0x03, &#xD;
[xUnit.net 00:01:12.74]               UpdatedAt = &lt;2026-09-07 12:22:01.4577943&gt;&#xD;
[xUnit.net 00:01:12.74]           }&#xD;
[xUnit.net 00:01:12.74]       } do(es) not match.&#xD;
[xUnit.net 00:01:12.74]       Stack Trace:&#xD;
[xUnit.net 00:01:12.74]            at FluentAssertions.Execution.XUnit2TestFramework.Throw(String message)&#xD;
[xUnit.net 00:01:12.74]            at FluentAssertions.Execution.TestFrameworkProvider.Throw(String message)&#xD;
[xUnit.net 00:01:12.74]            at FluentAssertions.Execution.DefaultAssertionStrategy.HandleFailure(String message)&#xD;
[xUnit.net 00:01:12.74]            at FluentAssertions.Execution.AssertionScope.FailWith(Func`1 failReasonFunc)&#xD;
[xUnit.net 00:01:12.74]            at FluentAssertions.Execution.AssertionScope.FailWith(Func`1 failReasonFunc)&#xD;
[xUnit.net 00:01:12.74]            at FluentAssertions.Execution.AssertionScope.FailWith(String message, Object[] args)&#xD;
[xUnit.net 00:01:12.74]            at FluentAssertions.Execution.GivenSelector`1.FailWith(String message, Object[] args)&#xD;
[xUnit.net 00:01:12.74]            at FluentAssertions.Execution.GivenSelector`1.FailWith(String message, Func`2[] args)&#xD;
[xUnit.net 00:01:12.74]            at FluentAssertions.Collections.GenericCollectionAssertions`3.OnlyContain(Expression`1 predicate, String because, Object[] becauseArgs)&#xD;
[xUnit.net 00:01:12.74]         D:\Vitorize\Vitorize\tests\Vitorize.IntegrationTests\Fix09Phase2DVerificationLifecycleIntegrationTests.cs(209,0): at Vitorize.IntegrationTests.Fix09Phase2DVerificationLifecycleIntegrationTests.Concurrent_duplicate_approve_and_reject_are_idempotent()&#xD;
[xUnit.net 00:01:12.75]         D:\Vitorize\Vitorize\tests\Vitorize.IntegrationTests\Fix09Phase2DVerificationLifecycleIntegrationTests.cs(209,0): at Vitorize.IntegrationTests.Fix09Phase2DVerificationLifecycleIntegrationTests.Concurrent_duplicate_approve_and_reject_are_idempotent()&#xD;
[xUnit.net 00:01:12.75]         --- End of stack trace from previous location ---&#xD;
[2026-09-07 15:52:04.213 +03:30 WRN] [Vitorize.Api] [] [CorrelationId:] [TraceId:] Savepoints are disabled because Multiple Active Result Sets (MARS) is enabled. If 'SaveChanges' fails, then the transaction cannot be automatically rolled back to a known clean state. Instead, the transaction should be rolled back by the application before retrying 'SaveChanges'. See https://go.microsoft.com/fwlink/?linkid=2149338 for more information and examples. To identify the code which triggers this warning, call 'ConfigureWarnings(w =&gt; w.Throw(SqlServerEventId.SavepointsDisabledBecauseOfMARS))'.&#xD;
[2026-09-07 15:52:04.218 +03:30 INF] [Vitorize.Api] [KycUploaded] [CorrelationId:] [TraceId:] KYC profile submitted. UserId=e6097fab-a6bc-470a-8fd6-ee3c191ef1a0 ProfileId=47385617-2c71-4d81-a193-d918300a7b21 DocumentCount=2 EventType=KycUploaded&#xD;
[2026-09-07 15:52:04.257 +03:30 WRN] [Vitorize.Api] [] [CorrelationId:] [TraceId:] Savepoints are disabled because Multiple Active Result Sets (MARS) is enabled. If 'SaveChanges' fails, then the transaction cannot be automatically rolled back to a known clean state. Instead, the transaction should be rolled back by the application before retrying 'SaveChanges'. See https://go.microsoft.com/fwlink/?linkid=2149338 for more information and examples. To identify the code which triggers this warning, call 'ConfigureWarnings(w =&gt; w.Throw(SqlServerEventId.SavepointsDisabledBecauseOfMARS))'.&#xD;
[2026-09-07 15:52:04.265 +03:30 INF] [Vitorize.Api] [KycRejected] [CorrelationId:] [TraceId:] KYC review completed. UserId=e6097fab-a6bc-470a-8fd6-ee3c191ef1a0 ProfileId=47385617-2c71-4d81-a193-d918300a7b21 AdminUserId=a7d0f7af-3781-42be-ba9d-ae5c0f1f26d9 DocumentCount=2 Approved=False EventType=KycRejected&#xD;
[2026-09-07 15:52:04.277 +03:30 WRN] [Vitorize.Api] [] [CorrelationId:] [TraceId:] Savepoints are disabled because Multiple Active Result Sets (MARS) is enabled. If 'SaveChanges' fails, then the transaction cannot be automatically rolled back to a known clean state. Instead, the transaction should be rolled back by the application before retrying 'SaveChanges'. See https://go.microsoft.com/fwlink/?linkid=2149338 for more information and examples. To identify the code which triggers this warning, call 'ConfigureWarnings(w =&gt; w.Throw(SqlServerEventId.SavepointsDisabledBecauseOfMARS))'.&#xD;
[2026-09-07 15:52:04.284 +03:30 INF] [Vitorize.Api] [] [CorrelationId:] [TraceId:] Order item KYC moved to review after complete policy submission. UserId=e6097fab-a6bc-470a-8fd6-ee3c191ef1a0 ProfileId=47385617-2c71-4d81-a193-d918300a7b21 OrderItemId=f076fa75-a0be-4db0-a2a4-425d04f90655&#xD;
[2026-09-07 15:52:04.287 +03:30 WRN] [Vitorize.Api] [] [CorrelationId:] [TraceId:] Savepoints are disabled because Multiple Active Result Sets (MARS) is enabled. If 'SaveChanges' fails, then the transaction cannot be automatically rolled back to a known clean state. Instead, the transaction should be rolled back by the application before retrying 'SaveChanges'. See https://go.microsoft.com/fwlink/?linkid=2149338 for more information and examples. To identify the code which triggers this warning, call 'ConfigureWarnings(w =&gt; w.Throw(SqlServerEventId.SavepointsDisabledBecauseOfMARS))'.&#xD;
[2026-09-07 15:52:04.289 +03:30 INF] [Vitorize.Api] [KycUploaded] [CorrelationId:] [TraceId:] KYC document registered. UserId=e6097fab-a6bc-470a-8fd6-ee3c191ef1a0 ProfileId=47385617-2c71-4d81-a193-d918300a7b21 FileId=44a72331-8aca-4684-b997-a3e390b1f15d DocumentType=1 EventType=KycUploaded&#xD;
[2026-09-07 15:52:04.300 +03:30 WRN] [Vitorize.Api] [] [CorrelationId:] [TraceId:] Savepoints are disabled because Multiple Active Result Sets (MARS) is enabled. If 'SaveChanges' fails, then the transaction cannot be automatically rolled back to a known clean state. Instead, the transaction should be rolled back by the application before retrying 'SaveChanges'. See https://go.microsoft.com/fwlink/?linkid=2149338 for more information and examples. To identify the code which triggers this warning, call 'ConfigureWarnings(w =&gt; w.Throw(SqlServerEventId.SavepointsDisabledBecauseOfMARS))'.&#xD;
[2026-09-07 15:52:04.307 +03:30 INF] [Vitorize.Api] [] [CorrelationId:] [TraceId:] Order item KYC moved to review after complete policy submission. UserId=e6097fab-a6bc-470a-8fd6-ee3c191ef1a0 ProfileId=47385617-2c71-4d81-a193-d918300a7b21 OrderItemId=93a1e0b4-2435-4c5b-bb14-79f8e8261b1b&#xD;
[2026-09-07 15:52:04.310 +03:30 WRN] [Vitorize.Api] [] [CorrelationId:] [TraceId:] Savepoints are disabled because Multiple Active Result Sets (MARS) is enabled. If 'SaveChanges' fails, then the transaction cannot be automatically rolled back to a known clean state. Instead, the transaction should be rolled back by the application before retrying 'SaveChanges'. See https://go.microsoft.com/fwlink/?linkid=2149338 for more information and examples. To identify the code which triggers this warning, call 'ConfigureWarnings(w =&gt; w.Throw(SqlServerEventId.SavepointsDisabledBecauseOfMARS))'.&#xD;
[2026-09-07 15:52:04.313 +03:30 INF] [Vitorize.Api] [KycUploaded] [CorrelationId:] [TraceId:] KYC document registered. UserId=e6097fab-a6bc-470a-8fd6-ee3c191ef1a0 ProfileId=47385617-2c71-4d81-a193-d918300a7b21 FileId=22ae96f7-43d8-4817-ac42-cfa2494ddbe3 DocumentType=2 EventType=KycUploaded&#xD;
[2026-09-07 15:52:04.365 +03:30 WRN] [Vitorize.Api] [] [CorrelationId:5fbf28f510a74249a4d97aebad9ff301] [TraceId:e7f83335b6653b19dc8c449b3bc739a5] Savepoints are disabled because Multiple Active Result Sets (MARS) is enabled. If 'SaveChanges' fails, then the transaction cannot be automatically rolled back to a known clean state. Instead, the transaction should be rolled back by the application before retrying 'SaveChanges'. See https://go.microsoft.com/fwlink/?linkid=2149338 for more information and examples. To identify the code which triggers this warning, call 'ConfigureWarnings(w =&gt; w.Throw(SqlServerEventId.SavepointsDisabledBecauseOfMARS))'.&#xD;
[2026-09-07 15:52:04.368 +03:30 INF] [Vitorize.Api] [KycUploaded] [CorrelationId:5fbf28f510a74249a4d97aebad9ff301] [TraceId:e7f83335b6653b19dc8c449b3bc739a5] KYC profile submitted. UserId=e6097fab-a6bc-470a-8fd6-ee3c191ef1a0 ProfileId=47385617-2c71-4d81-a193-d918300a7b21 DocumentCount=4 EventType=KycUploaded&#xD;
[2026-09-07 15:52:04.369 +03:30 INF] [Vitorize.Api] [HttpRequestCompleted] [CorrelationId:5fbf28f510a74249a4d97aebad9ff301] [TraceId:e7f83335b6653b19dc8c449b3bc739a5] HTTP POST /api/verification/submit responded 200 in 47.5139 ms&#xD;
[2026-09-07 15:52:04.381 +03:30 WRN] [Vitorize.Api] [] [CorrelationId:360c39e8bb362268b19df7f0e170d726] [TraceId:6dd6088f711bff56058b8353e96379b8] Savepoints are disabled because Multiple Active Result Sets (MARS) is enabled. If 'SaveChanges' fails, then the transaction cannot be automatically rolled back to a known clean state. Instead, the transaction should be rolled back by the application before retrying 'SaveChanges'. See https://go.microsoft.com/fwlink/?linkid=2149338 for more information and examples. To identify the code which triggers this warning, call 'ConfigureWarnings(w =&gt; w.Throw(SqlServerEventId.SavepointsDisabledBecauseOfMARS))'.&#xD;
[2026-09-07 15:52:04.385 +03:30 INF] [Vitorize.Api] [KycUploaded] [CorrelationId:360c39e8bb362268b19df7f0e170d726] [TraceId:6dd6088f711bff56058b8353e96379b8] KYC profile submitted. UserId=e6097fab-a6bc-470a-8fd6-ee3c191ef1a0 ProfileId=47385617-2c71-4d81-a193-d918300a7b21 DocumentCount=4 EventType=KycUploaded&#xD;
[2026-09-07 15:52:04.387 +03:30 INF] [Vitorize.Api] [HttpRequestCompleted] [CorrelationId:360c39e8bb362268b19df7f0e170d726] [TraceId:6dd6088f711bff56058b8353e96379b8] HTTP POST /api/verification/submit responded 200 in 65.3813 ms&#xD;
[2026-09-07 15:52:04.482 +03:30 WRN] [Vitorize.Api] [] [CorrelationId:c6b5935b596115744a17cf4b73d5657d] [TraceId:e56ea3d326bb55f5642e45ae41a4b366] Savepoints are disabled because Multiple Active Result Sets (MARS) is enabled. If 'SaveChanges' fails, then the transaction cannot be automatically rolled back to a known clean state. Instead, the transaction should be rolled back by the application before retrying 'SaveChanges'. See https://go.microsoft.com/fwlink/?linkid=2149338 for more information and examples. To identify the code which triggers this warning, call 'ConfigureWarnings(w =&gt; w.Throw(SqlServerEventId.SavepointsDisabledBecauseOfMARS))'.&#xD;
[2026-09-07 15:52:04.488 +03:30 INF] [Vitorize.Api] [KycUploaded] [CorrelationId:c6b5935b596115744a17cf4b73d5657d] [TraceId:e56ea3d326bb55f5642e45ae41a4b366] KYC profile submitted. UserId=e6097fab-a6bc-470a-8fd6-ee3c191ef1a0 ProfileId=47385617-2c71-4d81-a193-d918300a7b21 DocumentCount=4 EventType=KycUploaded&#xD;
[2026-09-07 15:52:04.490 +03:30 INF] [Vitorize.Api] [HttpRequestCompleted] [CorrelationId:c6b5935b596115744a17cf4b73d5657d] [TraceId:e56ea3d326bb55f5642e45ae41a4b366] HTTP POST /api/verification/submit responded 200 in 57.0196 ms&#xD;
[2026-09-07 15:52:04.505 +03:30 WRN] [Vitorize.Api] [] [CorrelationId:7aa05ef6508a80d6ad3bf8b6d690e814] [TraceId:e7ebddcab036fd0e28e952269242543f] Savepoints are disabled because Multiple Active Result Sets (MARS) is enabled. If 'SaveChanges' fails, then the transaction cannot be automatically rolled back to a known clean state. Instead, the transaction should be rolled back by the application before retrying 'SaveChanges'. See https://go.microsoft.com/fwlink/?linkid=2149338 for more information and examples. To identify the code which triggers this warning, call 'ConfigureWarnings(w =&gt; w.Throw(SqlServerEventId.SavepointsDisabledBecauseOfMARS))'.&#xD;
[2026-09-07 15:52:04.508 +03:30 INF] [Vitorize.Api] [KycUploaded] [CorrelationId:7aa05ef6508a80d6ad3bf8b6d690e814] [TraceId:e7ebddcab036fd0e28e952269242543f] KYC profile submitted. UserId=e6097fab-a6bc-470a-8fd6-ee3c191ef1a0 ProfileId=47385617-2c71-4d81-a193-d918300a7b21 DocumentCount=4 EventType=KycUploaded&#xD;
[2026-09-07 15:52:04.510 +03:30 INF] [Vitorize.Api] [HttpRequestCompleted] [CorrelationId:7aa05ef6508a80d6ad3bf8b6d690e814] [TraceId:e7ebddcab036fd0e28e952269242543f] HTTP POST /api/verification/submit responded 200 in 76.9454 ms&#xD;
[2026-09-07 15:52:05.740 +03:30 WRN] [Vitorize.Api] [] [CorrelationId:] [TraceId:] Savepoints are disabled because Multiple Active Result Sets (MARS) is enabled. If 'SaveChanges' fails, then the transaction cannot be automatically rolled back to a known clean state. Instead, the transaction should be rolled back by the application before retrying 'SaveChanges'. See https://go.microsoft.com/fwlink/?linkid=2149338 for more information and examples. To identify the code which triggers this warning, call 'ConfigureWarnings(w =&gt; w.Throw(SqlServerEventId.SavepointsDisabledBecauseOfMARS))'.&#xD;
[2026-09-07 15:52:05.745 +03:30 INF] [Vitorize.Api] [KycUploaded] [CorrelationId:] [TraceId:] KYC profile submitted. UserId=5b888cdd-9fe1-4ca6-b96c-4d23ee14c75c ProfileId=09e9b462-eb2c-4164-a3f8-59feb5eb52f4 DocumentCount=2 EventType=KycUploaded&#xD;
[2026-09-07 15:52:05.792 +03:30 WRN] [Vitorize.Api] [] [CorrelationId:799a7dcb92b552d5eff24f15bcf1281a] [TraceId:a94d3b99fdc552993d69a8a860930a57] Savepoints are disabled because Multiple Active Result Sets (MARS) is enabled. If 'SaveChanges' fails, then the transaction cannot be automatically rolled back to a known clean state. Instead, the transaction should be rolled back by the application before retrying 'SaveChanges'. See https://go.microsoft.com/fwlink/?linkid=2149338 for more information and examples. To identify the code which triggers this warning, call 'ConfigureWarnings(w =&gt; w.Throw(SqlServerEventId.SavepointsDisabledBecauseOfMARS))'.&#xD;
[2026-09-07 15:52:05.803 +03:30 INF] [Vitorize.Api] [KycApproved] [CorrelationId:799a7dcb92b552d5eff24f15bcf1281a] [TraceId:a94d3b99fdc552993d69a8a860930a57] KYC review completed. UserId=5b888cdd-9fe1-4ca6-b96c-4d23ee14c75c ProfileId=09e9b462-eb2c-4164-a3f8-59feb5eb52f4 AdminUserId=999b3344-8455-4dbe-8467-1a37f770f7bf DocumentCount=2 Approved=True EventType=KycApproved&#xD;
[2026-09-07 15:52:05.814 +03:30 ERR] [Vitorize.Api] [] [CorrelationId:799a7dcb92b552d5eff24f15bcf1281a] [TraceId:a94d3b99fdc552993d69a8a860930a57] KYC fulfillment release failed and remains retryable. OrderItemId=e5a7ab9e-0588-456d-ac58-2212dfb63d3c&#xD;
Vitorize.Shared.Exceptions.BusinessException: ????? ?????????? ?? ???? ??? ???? ???? ???? ? ???? ?? ????? ????.&#xD;
   at Vitorize.Infrastructure.Services.GiftCodeDeliveryService.DeliverSatisfiedOrderItemAsync(Guid orderItemId, Nullable`1 deliveredByUserId, CancellationToken cancellationToken) in D:\Vitorize\Vitorize\Vitorize.Infrastructure\Services\GiftCodeDeliveryService.cs:line 235&#xD;
   at Vitorize.Infrastructure.Services.GiftCodeDeliveryService.DeliverSatisfiedOrderItemAsync(Guid orderItemId, Nullable`1 deliveredByUserId, CancellationToken cancellationToken) in D:\Vitorize\Vitorize\Vitorize.Infrastructure\Services\GiftCodeDeliveryService.cs:line 297&#xD;
   at Vitorize.Infrastructure.Services.GiftCodeDeliveryService.DeliverSatisfiedOrderItemAsync(Guid orderItemId, Nullable`1 deliveredByUserId, CancellationToken cancellationToken) in D:\Vitorize\Vitorize\Vitorize.Infrastructure\Services\GiftCodeDeliveryService.cs:line 298&#xD;
   at Vitorize.Infrastructure.Services.OrderItemFulfillmentReleaseService.ReleaseSatisfiedOrderItemAsync(Guid orderItemId, CancellationToken cancellationToken) in D:\Vitorize\Vitorize\Vitorize.Infrastructure\Services\OrderItemFulfillmentReleaseService.cs:line 87&#xD;
   at Vitorize.Infrastructure.Services.OrderItemFulfillmentReleaseService.ReleaseSatisfiedItemsForVerificationAsync(Guid verificationProfileId, CancellationToken cancellationToken) in D:\Vitorize\Vitorize\Vitorize.Infrastructure\Services\OrderItemFulfillmentReleaseService.cs:line 55&#xD;
[2026-09-07 15:52:05.820 +03:30 INF] [Vitorize.Api] [HttpRequestCompleted] [CorrelationId:18aa2a1b4152988817733b3af05efe37] [TraceId:7ac08cc88c71a3cc15681af2d0a6fbde] HTTP POST /api/admin/verifications/09e9b462-eb2c-4164-a3f8-59feb5eb52f4/review responded 409 in 48.4264 ms&#xD;
[2026-09-07 15:52:05.826 +03:30 ERR] [Vitorize.Api] [] [CorrelationId:799a7dcb92b552d5eff24f15bcf1281a] [TraceId:a94d3b99fdc552993d69a8a860930a57] KYC fulfillment release failed and remains retryable. OrderItemId=4901af3e-fa5d-490a-bb02-801167a8605e&#xD;
Vitorize.Shared.Exceptions.BusinessException: ????? ?????????? ?? ???? ??? ???? ???? ???? ? ???? ?? ????? ????.&#xD;
   at Vitorize.Infrastructure.Services.GiftCodeDeliveryService.DeliverSatisfiedOrderItemAsync(Guid orderItemId, Nullable`1 deliveredByUserId, CancellationToken cancellationToken) in D:\Vitorize\Vitorize\Vitorize.Infrastructure\Services\GiftCodeDeliveryService.cs:line 235&#xD;
   at Vitorize.Infrastructure.Services.GiftCodeDeliveryService.DeliverSatisfiedOrderItemAsync(Guid orderItemId, Nullable`1 deliveredByUserId, CancellationToken cancellationToken) in D:\Vitorize\Vitorize\Vitorize.Infrastructure\Services\GiftCodeDeliveryService.cs:line 297&#xD;
   at Vitorize.Infrastructure.Services.GiftCodeDeliveryService.DeliverSatisfiedOrderItemAsync(Guid orderItemId, Nullable`1 deliveredByUserId, CancellationToken cancellationToken) in D:\Vitorize\Vitorize\Vitorize.Infrastructure\Services\GiftCodeDeliveryService.cs:line 298&#xD;
   at Vitorize.Infrastructure.Services.OrderItemFulfillmentReleaseService.ReleaseSatisfiedOrderItemAsync(Guid orderItemId, CancellationToken cancellationToken) in D:\Vitorize\Vitorize\Vitorize.Infrastructure\Services\OrderItemFulfillmentReleaseService.cs:line 87&#xD;
   at Vitorize.Infrastructure.Services.OrderItemFulfillmentReleaseService.ReleaseSatisfiedItemsForVerificationAsync(Guid verificationProfileId, CancellationToken cancellationToken) in D:\Vitorize\Vitorize\Vitorize.Infrastructure\Services\OrderItemFulfillmentReleaseService.cs:line 55&#xD;
[2026-09-07 15:52:05.831 +03:30 INF] [Vitorize.Api] [HttpRequestCompleted] [CorrelationId:799a7dcb92b552d5eff24f15bcf1281a] [TraceId:a94d3b99fdc552993d69a8a860930a57] HTTP POST /api/admin/verifications/09e9b462-eb2c-4164-a3f8-59feb5eb52f4/review responded 200 in 58.8765 ms&#xD;
[2026-09-07 15:52:06.807 +03:30 WRN] [Vitorize.Api] [] [CorrelationId:] [TraceId:] Savepoints are disabled because Multiple Active Result Sets (MARS) is enabled. If 'SaveChanges' fails, then the transaction cannot be automatically rolled back to a known clean state. Instead, the transaction should be rolled back by the application before retrying 'SaveChanges'. See https://go.microsoft.com/fwlink/?linkid=2149338 for more information and examples. To identify the code which triggers this warning, call 'ConfigureWarnings(w =&gt; w.Throw(SqlServerEventId.SavepointsDisabledBecauseOfMARS))'.&#xD;
[2026-09-07 15:52:06.810 +03:30 INF] [Vitorize.Api] [KycUploaded] [CorrelationId:] [TraceId:] KYC profile submitted. UserId=0f4adb2b-36bf-4248-957a-c532325c6855 ProfileId=4c37303e-0844-4200-8b76-78b0e98db0eb DocumentCount=2 EventType=KycUploaded&#xD;
[xUnit.net 00:01:17.81]       Expected (afterSubmission.OrderItemKycStates.SingleAsync(x =&gt; x.OrderItemId == seed.V1Item.Id)).Status to be 0x04, but found 0x03 (difference of -1).&#xD;
[xUnit.net 00:01:17.81]       Stack Trace:&#xD;
[xUnit.net 00:01:17.81]            at FluentAssertions.Execution.XUnit2TestFramework.Throw(String message)&#xD;
[xUnit.net 00:01:17.81]            at FluentAssertions.Execution.TestFrameworkProvider.Throw(String message)&#xD;
[xUnit.net 00:01:17.81]            at FluentAssertions.Execution.DefaultAssertionStrategy.HandleFailure(String message)&#xD;
[xUnit.net 00:01:17.81]            at FluentAssertions.Execution.AssertionScope.FailWith(Func`1 failReasonFunc)&#xD;
[xUnit.net 00:01:17.81]            at FluentAssertions.Execution.AssertionScope.FailWith(Func`1 failReasonFunc)&#xD;
[xUnit.net 00:01:17.81]            at FluentAssertions.Execution.AssertionScope.FailWith(String message, Object[] args)&#xD;
[xUnit.net 00:01:17.81]            at FluentAssertions.Numeric.NumericAssertions`2.Be(T expected, String because, Object[] becauseArgs)&#xD;
[xUnit.net 00:01:17.81]         D:\Vitorize\Vitorize\tests\Vitorize.IntegrationTests\Fix09Phase2DVerificationLifecycleIntegrationTests.cs(36,0): at Vitorize.IntegrationTests.Fix09Phase2DVerificationLifecycleIntegrationTests.Required_documents_across_a_pending_profile_move_items_to_review_without_a_second_submit()&#xD;
[xUnit.net 00:01:17.81]         D:\Vitorize\Vitorize\tests\Vitorize.IntegrationTests\Fix09Phase2DVerificationLifecycleIntegrationTests.cs(38,0): at Vitorize.IntegrationTests.Fix09Phase2DVerificationLifecycleIntegrationTests.Required_documents_across_a_pending_profile_move_items_to_review_without_a_second_submit()&#xD;
[xUnit.net 00:01:17.81]         --- End of stack trace from previous location ---&#xD;
[2026-09-07 15:52:07.484 +03:30 WRN] [Vitorize.Api] [] [CorrelationId:da6b6b40fad398e85444e328dd069ed1] [TraceId:9f5144bae8f6e97672638f6abcd39247] Savepoints are disabled because Multiple Active Result Sets (MARS) is enabled. If 'SaveChanges' fails, then the transaction cannot be automatically rolled back to a known clean state. Instead, the transaction should be rolled back by the application before retrying 'SaveChanges'. See https://go.microsoft.com/fwlink/?linkid=2149338 for more information and examples. To identify the code which triggers this warning, call 'ConfigureWarnings(w =&gt; w.Throw(SqlServerEventId.SavepointsDisabledBecauseOfMARS))'.&#xD;
[2026-09-07 15:52:07.488 +03:30 INF] [Vitorize.Api] [KycUploaded] [CorrelationId:da6b6b40fad398e85444e328dd069ed1] [TraceId:9f5144bae8f6e97672638f6abcd39247] KYC profile submitted. UserId=c4df9fba-8970-4d0b-9551-040efbfdefad ProfileId=2eb78afa-fb3c-471a-ad8b-3bac23b02524 DocumentCount=2 EventType=KycUploaded&#xD;
[2026-09-07 15:52:07.490 +03:30 INF] [Vitorize.Api] [HttpRequestCompleted] [CorrelationId:da6b6b40fad398e85444e328dd069ed1] [TraceId:9f5144bae8f6e97672638f6abcd39247] HTTP POST /api/verification/submit responded 200 in 31.7284 ms&#xD;
[2026-09-07 15:52:07.506 +03:30 INF] [Vitorize.Api] [] [CorrelationId:b6bcebc9aca78a2c685d277b453e4f69] [TraceId:61c5ccf134e266bac1d890b930e85518] Order item KYC moved to review after complete policy submission. UserId=c4df9fba-8970-4d0b-9551-040efbfdefad ProfileId=2eb78afa-fb3c-471a-ad8b-3bac23b02524 OrderItemId=5ca5b120-7729-445c-ba0d-087e54daf30e&#xD;
[2026-09-07 15:52:07.506 +03:30 INF] [Vitorize.Api] [] [CorrelationId:b6bcebc9aca78a2c685d277b453e4f69] [TraceId:61c5ccf134e266bac1d890b930e85518] Order item KYC moved to review after complete policy submission. UserId=c4df9fba-8970-4d0b-9551-040efbfdefad ProfileId=2eb78afa-fb3c-471a-ad8b-3bac23b02524 OrderItemId=8716ca4c-dec0-471a-9350-c266bd7c599f&#xD;
[2026-09-07 15:52:07.510 +03:30 WRN] [Vitorize.Api] [] [CorrelationId:b6bcebc9aca78a2c685d277b453e4f69] [TraceId:61c5ccf134e266bac1d890b930e85518] Savepoints are disabled because Multiple Active Result Sets (MARS) is enabled. If 'SaveChanges' fails, then the transaction cannot be automatically rolled back to a known clean state. Instead, the transaction should be rolled back by the application before retrying 'SaveChanges'. See https://go.microsoft.com/fwlink/?linkid=2149338 for more information and examples. To identify the code which triggers this warning, call 'ConfigureWarnings(w =&gt; w.Throw(SqlServerEventId.SavepointsDisabledBecauseOfMARS))'.&#xD;
[2026-09-07 15:52:07.550 +03:30 INF] [Vitorize.Api] [KycUploaded] [CorrelationId:b6bcebc9aca78a2c685d277b453e4f69] [TraceId:61c5ccf134e266bac1d890b930e85518] KYC profile submitted. UserId=c4df9fba-8970-4d0b-9551-040efbfdefad ProfileId=2eb78afa-fb3c-471a-ad8b-3bac23b02524 DocumentCount=4 EventType=KycUploaded&#xD;
[2026-09-07 15:52:07.551 +03:30 INF] [Vitorize.Api] [HttpRequestCompleted] [CorrelationId:b6bcebc9aca78a2c685d277b453e4f69] [TraceId:61c5ccf134e266bac1d890b930e85518] HTTP POST /api/verification/submit responded 200 in 93.2852 ms&#xD;
[2026-09-07 15:52:07.569 +03:30 INF] [Vitorize.Api] [ApplicationStopping] [CorrelationId:] [TraceId:] Vitorize API is stopping. EventType=ApplicationStopping&#xD;
[xUnit.net 00:01:21.69]   Finished:    Vitorize.IntegrationTests&#xD;
</StdOut>
    </Output>
    <RunInfos>
      <RunInfo computerName="UMS001N10068" outcome="Error" timestamp="2026-09-07T15:52:01.7412530+03:30">
        <Text>[xUnit.net 00:01:12.73]     Vitorize.IntegrationTests.Fix09Phase2DVerificationLifecycleIntegrationTests.Concurrent_duplicate_approve_and_reject_are_idempotent [FAIL]</Text>
      </RunInfo>
      <RunInfo computerName="UMS001N10068" outcome="Error" timestamp="2026-09-07T15:52:06.8206484+03:30">
        <Text>[xUnit.net 00:01:17.81]     Vitorize.IntegrationTests.Fix09Phase2DVerificationLifecycleIntegrationTests.Required_documents_across_a_pending_profile_move_items_to_review_without_a_second_submit [FAIL]</Text>
      </RunInfo>
    </RunInfos>
  </ResultSummary>
</TestRun>