<?xml version="1.0" encoding="utf-8"?>
<TestRun id="b0ad4b7d-a11b-4cd3-bd0f-9ef221661e98" name="Bakhshayesh.Hossein@UMS001N10068 2026-09-07 15:54:35" runUser="GIG\Bakhshayesh.Hossein" xmlns="http://microsoft.com/schemas/VisualStudio/TeamTest/2010">
  <Times creation="2026-09-07T15:54:35.7540492+03:30" queuing="2026-09-07T15:54:35.7540501+03:30" start="2026-09-07T15:53:24.0777364+03:30" finish="2026-09-07T15:54:50.4112563+03:30" />
  <TestSettings name="default" id="39a3479e-f826-490d-bc00-ac6493d689e5">
    <Deployment runDeploymentRoot="Bakhshayesh.Hossein_UMS001N10068_2026-09-07_15_54_35" />
  </TestSettings>
  <Results>
    <UnitTestResult executionId="1abdfd8b-5c82-49fe-84f9-68be9b817e84" testId="bd153a81-ebe6-d25d-7e23-88b9b8d777fd" testName="Vitorize.IntegrationTests.Fix09Phase2DVerificationLifecycleIntegrationTests.Rejected_item_resubmits_but_final_rejected_item_never_reopens" computerName="UMS001N10068" duration="00:00:03.0326837" startTime="2026-09-07T15:54:38.7245726+03:30" endTime="2026-09-07T15:54:38.7245733+03:30" testType="13cdc9d9-ddb5-4fa4-a97d-d965ccfc6d4b" outcome="Passed" testListId="8c84fa94-04c1-424b-9868-57a2d4851a1d" relativeResultsDirectory="1abdfd8b-5c82-49fe-84f9-68be9b817e84" />
    <UnitTestResult executionId="d0bff725-0f6d-4872-945e-197e9b7d5791" testId="44c28acb-5125-5d98-31a2-cc86dd1cfc1b" testName="Vitorize.IntegrationTests.Fix09Phase2DVerificationLifecycleIntegrationTests.Concurrent_duplicate_approve_and_reject_are_idempotent" computerName="UMS001N10068" duration="00:00:03.5495569" startTime="2026-09-07T15:54:42.2750375+03:30" endTime="2026-09-07T15:54:42.2750377+03:30" testType="13cdc9d9-ddb5-4fa4-a97d-d965ccfc6d4b" outcome="Passed" testListId="8c84fa94-04c1-424b-9868-57a2d4851a1d" relativeResultsDirectory="d0bff725-0f6d-4872-945e-197e9b7d5791" />
    <UnitTestResult executionId="69cbe43b-10a5-468c-a4f5-555e1f673557" testId="7d3b1355-abb2-9631-b5b0-6a0c0fab9399" testName="Vitorize.IntegrationTests.Fix09Phase2DVerificationLifecycleIntegrationTests.Concurrent_rejected_resubmit_is_idempotent_and_final_rejected_does_not_reopen" computerName="UMS001N10068" duration="00:00:00.6996066" startTime="2026-09-07T15:54:44.3294595+03:30" endTime="2026-09-07T15:54:44.3294596+03:30" testType="13cdc9d9-ddb5-4fa4-a97d-d965ccfc6d4b" outcome="Passed" testListId="8c84fa94-04c1-424b-9868-57a2d4851a1d" relativeResultsDirectory="69cbe43b-10a5-468c-a4f5-555e1f673557" />
    <UnitTestResult executionId="af772c35-c614-4366-95b0-2934c9b89acf" testId="37aa9d9b-de6c-b1b0-29d0-3134519e1c5f" testName="Vitorize.IntegrationTests.Fix09Phase2DVerificationLifecycleIntegrationTests.Concurrent_duplicate_customer_submits_are_idempotent" computerName="UMS001N10068" duration="00:00:00.7583921" startTime="2026-09-07T15:54:47.0965291+03:30" endTime="2026-09-07T15:54:47.0965293+03:30" testType="13cdc9d9-ddb5-4fa4-a97d-d965ccfc6d4b" outcome="Passed" testListId="8c84fa94-04c1-424b-9868-57a2d4851a1d" relativeResultsDirectory="af772c35-c614-4366-95b0-2934c9b89acf" />
    <UnitTestResult executionId="616a7ebb-e5a4-4b65-9ce8-a45b4db0ba8a" testId="d11f93d8-1009-2002-1c2c-8bf541738d09" testName="Vitorize.IntegrationTests.Fix09Phase2DVerificationLifecycleIntegrationTests.Required_documents_across_a_pending_profile_move_items_to_review_without_a_second_submit" computerName="UMS001N10068" duration="00:00:01.2317869" startTime="2026-09-07T15:54:46.3369672+03:30" endTime="2026-09-07T15:54:46.3369675+03:30" testType="13cdc9d9-ddb5-4fa4-a97d-d965ccfc6d4b" outcome="Passed" testListId="8c84fa94-04c1-424b-9868-57a2d4851a1d" relativeResultsDirectory="616a7ebb-e5a4-4b65-9ce8-a45b4db0ba8a" />
    <UnitTestResult executionId="bdb8dfc8-493e-494b-ab82-540b3d0ee1fe" testId="169e978b-2162-dda5-80b6-288411d104f2" testName="Vitorize.IntegrationTests.Fix09Phase2DVerificationLifecycleIntegrationTests.Approval_repairs_a_stale_submission_state_only_when_that_items_required_documents_exist" computerName="UMS001N10068" duration="00:00:01.3533359" startTime="2026-09-07T15:54:43.6293293+03:30" endTime="2026-09-07T15:54:43.6293313+03:30" testType="13cdc9d9-ddb5-4fa4-a97d-d965ccfc6d4b" outcome="Passed" testListId="8c84fa94-04c1-424b-9868-57a2d4851a1d" relativeResultsDirectory="bdb8dfc8-493e-494b-ab82-540b3d0ee1fe" />
    <UnitTestResult executionId="6d19477c-efb0-43f1-96d1-69100b1248fc" testId="540b4b07-1231-84fe-c5b3-fa8cbea62cf5" testName="Vitorize.IntegrationTests.Fix09Phase2DVerificationLifecycleIntegrationTests.Approval_never_releases_a_stale_submission_state_when_its_required_document_is_missing" computerName="UMS001N10068" duration="00:00:04.3856288" startTime="2026-09-07T15:54:35.6865157+03:30" endTime="2026-09-07T15:54:35.6865656+03:30" testType="13cdc9d9-ddb5-4fa4-a97d-d965ccfc6d4b" outcome="Passed" testListId="8c84fa94-04c1-424b-9868-57a2d4851a1d" relativeResultsDirectory="6d19477c-efb0-43f1-96d1-69100b1248fc" />
    <UnitTestResult executionId="567b6f16-04d2-4a03-af72-e53ee0e7565a" testId="2d68e1d4-b8e0-6805-3f3a-d63443cde02a" testName="Vitorize.IntegrationTests.Fix09Phase2DVerificationLifecycleIntegrationTests.Http_concurrent_approve_and_reject_leave_the_profile_and_all_items_consistent" computerName="UMS001N10068" duration="00:00:00.7732452" startTime="2026-09-07T15:54:45.1038841+03:30" endTime="2026-09-07T15:54:45.1038844+03:30" testType="13cdc9d9-ddb5-4fa4-a97d-d965ccfc6d4b" outcome="Passed" testListId="8c84fa94-04c1-424b-9868-57a2d4851a1d" relativeResultsDirectory="567b6f16-04d2-4a03-af72-e53ee0e7565a" />
  </Results>
  <TestDefinitions>
    <UnitTest name="Vitorize.IntegrationTests.Fix09Phase2DVerificationLifecycleIntegrationTests.Required_documents_across_a_pending_profile_move_items_to_review_without_a_second_submit" storage="d:\vitorize\vitorize\tests\vitorize.integrationtests\bin\debug\net8.0\vitorize.integrationtests.dll" id="d11f93d8-1009-2002-1c2c-8bf541738d09">
      <Execution id="616a7ebb-e5a4-4b65-9ce8-a45b4db0ba8a" />
      <TestMethod codeBase="D:\Vitorize\Vitorize\tests\Vitorize.IntegrationTests\bin\Debug\net8.0\Vitorize.IntegrationTests.dll" adapterTypeName="executor://xunit/VsTestRunner2/netcoreapp" className="Vitorize.IntegrationTests.Fix09Phase2DVerificationLifecycleIntegrationTests" name="Required_documents_across_a_pending_profile_move_items_to_review_without_a_second_submit" />
    </UnitTest>
    <UnitTest name="Vitorize.IntegrationTests.Fix09Phase2DVerificationLifecycleIntegrationTests.Approval_never_releases_a_stale_submission_state_when_its_required_document_is_missing" storage="d:\vitorize\vitorize\tests\vitorize.integrationtests\bin\debug\net8.0\vitorize.integrationtests.dll" id="540b4b07-1231-84fe-c5b3-fa8cbea62cf5">
      <Execution id="6d19477c-efb0-43f1-96d1-69100b1248fc" />
      <TestMethod codeBase="D:\Vitorize\Vitorize\tests\Vitorize.IntegrationTests\bin\Debug\net8.0\Vitorize.IntegrationTests.dll" adapterTypeName="executor://xunit/VsTestRunner2/netcoreapp" className="Vitorize.IntegrationTests.Fix09Phase2DVerificationLifecycleIntegrationTests" name="Approval_never_releases_a_stale_submission_state_when_its_required_document_is_missing" />
    </UnitTest>
    <UnitTest name="Vitorize.IntegrationTests.Fix09Phase2DVerificationLifecycleIntegrationTests.Concurrent_duplicate_customer_submits_are_idempotent" storage="d:\vitorize\vitorize\tests\vitorize.integrationtests\bin\debug\net8.0\vitorize.integrationtests.dll" id="37aa9d9b-de6c-b1b0-29d0-3134519e1c5f">
      <Execution id="af772c35-c614-4366-95b0-2934c9b89acf" />
      <TestMethod codeBase="D:\Vitorize\Vitorize\tests\Vitorize.IntegrationTests\bin\Debug\net8.0\Vitorize.IntegrationTests.dll" adapterTypeName="executor://xunit/VsTestRunner2/netcoreapp" className="Vitorize.IntegrationTests.Fix09Phase2DVerificationLifecycleIntegrationTests" name="Concurrent_duplicate_customer_submits_are_idempotent" />
    </UnitTest>
    <UnitTest name="Vitorize.IntegrationTests.Fix09Phase2DVerificationLifecycleIntegrationTests.Concurrent_duplicate_approve_and_reject_are_idempotent" storage="d:\vitorize\vitorize\tests\vitorize.integrationtests\bin\debug\net8.0\vitorize.integrationtests.dll" id="44c28acb-5125-5d98-31a2-cc86dd1cfc1b">
      <Execution id="d0bff725-0f6d-4872-945e-197e9b7d5791" />
      <TestMethod codeBase="D:\Vitorize\Vitorize\tests\Vitorize.IntegrationTests\bin\Debug\net8.0\Vitorize.IntegrationTests.dll" adapterTypeName="executor://xunit/VsTestRunner2/netcoreapp" className="Vitorize.IntegrationTests.Fix09Phase2DVerificationLifecycleIntegrationTests" name="Concurrent_duplicate_approve_and_reject_are_idempotent" />
    </UnitTest>
    <UnitTest name="Vitorize.IntegrationTests.Fix09Phase2DVerificationLifecycleIntegrationTests.Concurrent_rejected_resubmit_is_idempotent_and_final_rejected_does_not_reopen" storage="d:\vitorize\vitorize\tests\vitorize.integrationtests\bin\debug\net8.0\vitorize.integrationtests.dll" id="7d3b1355-abb2-9631-b5b0-6a0c0fab9399">
      <Execution id="69cbe43b-10a5-468c-a4f5-555e1f673557" />
      <TestMethod codeBase="D:\Vitorize\Vitorize\tests\Vitorize.IntegrationTests\bin\Debug\net8.0\Vitorize.IntegrationTests.dll" adapterTypeName="executor://xunit/VsTestRunner2/netcoreapp" className="Vitorize.IntegrationTests.Fix09Phase2DVerificationLifecycleIntegrationTests" name="Concurrent_rejected_resubmit_is_idempotent_and_final_rejected_does_not_reopen" />
    </UnitTest>
    <UnitTest name="Vitorize.IntegrationTests.Fix09Phase2DVerificationLifecycleIntegrationTests.Rejected_item_resubmits_but_final_rejected_item_never_reopens" storage="d:\vitorize\vitorize\tests\vitorize.integrationtests\bin\debug\net8.0\vitorize.integrationtests.dll" id="bd153a81-ebe6-d25d-7e23-88b9b8d777fd">
      <Execution id="1abdfd8b-5c82-49fe-84f9-68be9b817e84" />
      <TestMethod codeBase="D:\Vitorize\Vitorize\tests\Vitorize.IntegrationTests\bin\Debug\net8.0\Vitorize.IntegrationTests.dll" adapterTypeName="executor://xunit/VsTestRunner2/netcoreapp" className="Vitorize.IntegrationTests.Fix09Phase2DVerificationLifecycleIntegrationTests" name="Rejected_item_resubmits_but_final_rejected_item_never_reopens" />
    </UnitTest>
    <UnitTest name="Vitorize.IntegrationTests.Fix09Phase2DVerificationLifecycleIntegrationTests.Http_concurrent_approve_and_reject_leave_the_profile_and_all_items_consistent" storage="d:\vitorize\vitorize\tests\vitorize.integrationtests\bin\debug\net8.0\vitorize.integrationtests.dll" id="2d68e1d4-b8e0-6805-3f3a-d63443cde02a">
      <Execution id="567b6f16-04d2-4a03-af72-e53ee0e7565a" />
      <TestMethod codeBase="D:\Vitorize\Vitorize\tests\Vitorize.IntegrationTests\bin\Debug\net8.0\Vitorize.IntegrationTests.dll" adapterTypeName="executor://xunit/VsTestRunner2/netcoreapp" className="Vitorize.IntegrationTests.Fix09Phase2DVerificationLifecycleIntegrationTests" name="Http_concurrent_approve_and_reject_leave_the_profile_and_all_items_consistent" />
    </UnitTest>
    <UnitTest name="Vitorize.IntegrationTests.Fix09Phase2DVerificationLifecycleIntegrationTests.Approval_repairs_a_stale_submission_state_only_when_that_items_required_documents_exist" storage="d:\vitorize\vitorize\tests\vitorize.integrationtests\bin\debug\net8.0\vitorize.integrationtests.dll" id="169e978b-2162-dda5-80b6-288411d104f2">
      <Execution id="bdb8dfc8-493e-494b-ab82-540b3d0ee1fe" />
      <TestMethod codeBase="D:\Vitorize\Vitorize\tests\Vitorize.IntegrationTests\bin\Debug\net8.0\Vitorize.IntegrationTests.dll" adapterTypeName="executor://xunit/VsTestRunner2/netcoreapp" className="Vitorize.IntegrationTests.Fix09Phase2DVerificationLifecycleIntegrationTests" name="Approval_repairs_a_stale_submission_state_only_when_that_items_required_documents_exist" />
    </UnitTest>
  </TestDefinitions>
  <TestEntries>
    <TestEntry testId="bd153a81-ebe6-d25d-7e23-88b9b8d777fd" executionId="1abdfd8b-5c82-49fe-84f9-68be9b817e84" testListId="8c84fa94-04c1-424b-9868-57a2d4851a1d" />
    <TestEntry testId="44c28acb-5125-5d98-31a2-cc86dd1cfc1b" executionId="d0bff725-0f6d-4872-945e-197e9b7d5791" testListId="8c84fa94-04c1-424b-9868-57a2d4851a1d" />
    <TestEntry testId="7d3b1355-abb2-9631-b5b0-6a0c0fab9399" executionId="69cbe43b-10a5-468c-a4f5-555e1f673557" testListId="8c84fa94-04c1-424b-9868-57a2d4851a1d" />
    <TestEntry testId="37aa9d9b-de6c-b1b0-29d0-3134519e1c5f" executionId="af772c35-c614-4366-95b0-2934c9b89acf" testListId="8c84fa94-04c1-424b-9868-57a2d4851a1d" />
    <TestEntry testId="d11f93d8-1009-2002-1c2c-8bf541738d09" executionId="616a7ebb-e5a4-4b65-9ce8-a45b4db0ba8a" testListId="8c84fa94-04c1-424b-9868-57a2d4851a1d" />
    <TestEntry testId="169e978b-2162-dda5-80b6-288411d104f2" executionId="bdb8dfc8-493e-494b-ab82-540b3d0ee1fe" testListId="8c84fa94-04c1-424b-9868-57a2d4851a1d" />
    <TestEntry testId="540b4b07-1231-84fe-c5b3-fa8cbea62cf5" executionId="6d19477c-efb0-43f1-96d1-69100b1248fc" testListId="8c84fa94-04c1-424b-9868-57a2d4851a1d" />
    <TestEntry testId="2d68e1d4-b8e0-6805-3f3a-d63443cde02a" executionId="567b6f16-04d2-4a03-af72-e53ee0e7565a" testListId="8c84fa94-04c1-424b-9868-57a2d4851a1d" />
  </TestEntries>
  <TestLists>
    <TestList name="Results Not in a List" id="8c84fa94-04c1-424b-9868-57a2d4851a1d" />
    <TestList name="All Loaded Results" id="19431567-8539-422a-85d7-44ee4e166bda" />
  </TestLists>
  <ResultSummary outcome="Completed">
    <Counters total="8" executed="8" passed="8" failed="0" error="0" timeout="0" aborted="0" inconclusive="0" passedButRunAborted="0" notRunnable="0" notExecuted="0" disconnected="0" warning="0" completed="0" inProgress="0" pending="0" />
    <Output>
      <StdOut>[xUnit.net 00:00:00.00] xUnit.net VSTest Adapter v2.8.2+699d445a1a (64-bit .NET 8.0.28)&#xD;
[xUnit.net 00:00:00.14]   Discovering: Vitorize.IntegrationTests&#xD;
[xUnit.net 00:00:00.27]   Discovered:  Vitorize.IntegrationTests&#xD;
[xUnit.net 00:00:00.28]   Starting:    Vitorize.IntegrationTests&#xD;
[15:54:20 INF] Vitorize API bootstrap starting&#xD;
[2026-09-07 15:54:28.093 +03:30 WRN] [Vitorize.Api] [SeqDisabled] [CorrelationId:] [TraceId:] Seq is disabled; console and file sinks remain active. EventType=SeqDisabled&#xD;
[2026-09-07 15:54:28.361 +03:30 INF] [Vitorize.Api] [ApplicationStarted] [CorrelationId:] [TraceId:] Vitorize API started in Testing. EventType=ApplicationStarted&#xD;
[2026-09-07 15:54:35.309 +03:30 WRN] [Vitorize.Api] [] [CorrelationId:] [TraceId:] KYC item remains blocked because required documents are incomplete. UserId=e61ea62b-486a-4ae7-8efb-69571a59a6f8 ProfileId=01b985af-3ebf-4b97-8aba-57e5e773dae1 OrderItemId=367cfa63-f256-4300-81b4-726ba3210c9b&#xD;
[2026-09-07 15:54:37.588 +03:30 WRN] [Vitorize.Api] [] [CorrelationId:] [TraceId:] Savepoints are disabled because Multiple Active Result Sets (MARS) is enabled. If 'SaveChanges' fails, then the transaction cannot be automatically rolled back to a known clean state. Instead, the transaction should be rolled back by the application before retrying 'SaveChanges'. See https://go.microsoft.com/fwlink/?linkid=2149338 for more information and examples. To identify the code which triggers this warning, call 'ConfigureWarnings(w =&gt; w.Throw(SqlServerEventId.SavepointsDisabledBecauseOfMARS))'.&#xD;
[2026-09-07 15:54:37.669 +03:30 INF] [Vitorize.Api] [] [CorrelationId:] [TraceId:] Order item KYC moved to review after complete policy submission. UserId=dffd3fb2-1ec2-40bf-9a56-87b4842150be ProfileId=619e9b9b-8d89-4e01-9199-66ab8d05ccb1 OrderItemId=820ff599-93e1-46d6-8a92-07806b118a9a&#xD;
[2026-09-07 15:54:37.669 +03:30 INF] [Vitorize.Api] [] [CorrelationId:] [TraceId:] Order item KYC moved to review after complete policy submission. UserId=dffd3fb2-1ec2-40bf-9a56-87b4842150be ProfileId=619e9b9b-8d89-4e01-9199-66ab8d05ccb1 OrderItemId=695580f7-e06c-4741-8fe5-80bb12481166&#xD;
[2026-09-07 15:54:37.826 +03:30 WRN] [Vitorize.Api] [] [CorrelationId:] [TraceId:] Savepoints are disabled because Multiple Active Result Sets (MARS) is enabled. If 'SaveChanges' fails, then the transaction cannot be automatically rolled back to a known clean state. Instead, the transaction should be rolled back by the application before retrying 'SaveChanges'. See https://go.microsoft.com/fwlink/?linkid=2149338 for more information and examples. To identify the code which triggers this warning, call 'ConfigureWarnings(w =&gt; w.Throw(SqlServerEventId.SavepointsDisabledBecauseOfMARS))'.&#xD;
[2026-09-07 15:54:37.863 +03:30 INF] [Vitorize.Api] [KycUploaded] [CorrelationId:] [TraceId:] KYC profile submitted. UserId=dffd3fb2-1ec2-40bf-9a56-87b4842150be ProfileId=619e9b9b-8d89-4e01-9199-66ab8d05ccb1 DocumentCount=2 EventType=KycUploaded&#xD;
[2026-09-07 15:54:38.268 +03:30 WRN] [Vitorize.Api] [] [CorrelationId:] [TraceId:] Savepoints are disabled because Multiple Active Result Sets (MARS) is enabled. If 'SaveChanges' fails, then the transaction cannot be automatically rolled back to a known clean state. Instead, the transaction should be rolled back by the application before retrying 'SaveChanges'. See https://go.microsoft.com/fwlink/?linkid=2149338 for more information and examples. To identify the code which triggers this warning, call 'ConfigureWarnings(w =&gt; w.Throw(SqlServerEventId.SavepointsDisabledBecauseOfMARS))'.&#xD;
[2026-09-07 15:54:38.345 +03:30 INF] [Vitorize.Api] [KycRejected] [CorrelationId:] [TraceId:] KYC review completed. UserId=dffd3fb2-1ec2-40bf-9a56-87b4842150be ProfileId=619e9b9b-8d89-4e01-9199-66ab8d05ccb1 AdminUserId=c484c99d-d894-473c-b448-4786afcf345e DocumentCount=2 Approved=False EventType=KycRejected&#xD;
[2026-09-07 15:54:38.464 +03:30 WRN] [Vitorize.Api] [] [CorrelationId:] [TraceId:] Savepoints are disabled because Multiple Active Result Sets (MARS) is enabled. If 'SaveChanges' fails, then the transaction cannot be automatically rolled back to a known clean state. Instead, the transaction should be rolled back by the application before retrying 'SaveChanges'. See https://go.microsoft.com/fwlink/?linkid=2149338 for more information and examples. To identify the code which triggers this warning, call 'ConfigureWarnings(w =&gt; w.Throw(SqlServerEventId.SavepointsDisabledBecauseOfMARS))'.&#xD;
[2026-09-07 15:54:38.491 +03:30 INF] [Vitorize.Api] [] [CorrelationId:] [TraceId:] Order item KYC moved to review after complete policy submission. UserId=dffd3fb2-1ec2-40bf-9a56-87b4842150be ProfileId=619e9b9b-8d89-4e01-9199-66ab8d05ccb1 OrderItemId=695580f7-e06c-4741-8fe5-80bb12481166&#xD;
[2026-09-07 15:54:38.496 +03:30 WRN] [Vitorize.Api] [] [CorrelationId:] [TraceId:] Savepoints are disabled because Multiple Active Result Sets (MARS) is enabled. If 'SaveChanges' fails, then the transaction cannot be automatically rolled back to a known clean state. Instead, the transaction should be rolled back by the application before retrying 'SaveChanges'. See https://go.microsoft.com/fwlink/?linkid=2149338 for more information and examples. To identify the code which triggers this warning, call 'ConfigureWarnings(w =&gt; w.Throw(SqlServerEventId.SavepointsDisabledBecauseOfMARS))'.&#xD;
[2026-09-07 15:54:38.509 +03:30 INF] [Vitorize.Api] [KycUploaded] [CorrelationId:] [TraceId:] KYC document registered. UserId=dffd3fb2-1ec2-40bf-9a56-87b4842150be ProfileId=619e9b9b-8d89-4e01-9199-66ab8d05ccb1 FileId=d5d5d468-118d-4006-9f22-ed0863635f88 DocumentType=1 EventType=KycUploaded&#xD;
[2026-09-07 15:54:38.541 +03:30 WRN] [Vitorize.Api] [] [CorrelationId:] [TraceId:] Savepoints are disabled because Multiple Active Result Sets (MARS) is enabled. If 'SaveChanges' fails, then the transaction cannot be automatically rolled back to a known clean state. Instead, the transaction should be rolled back by the application before retrying 'SaveChanges'. See https://go.microsoft.com/fwlink/?linkid=2149338 for more information and examples. To identify the code which triggers this warning, call 'ConfigureWarnings(w =&gt; w.Throw(SqlServerEventId.SavepointsDisabledBecauseOfMARS))'.&#xD;
[2026-09-07 15:54:38.572 +03:30 INF] [Vitorize.Api] [] [CorrelationId:] [TraceId:] Order item KYC moved to review after complete policy submission. UserId=dffd3fb2-1ec2-40bf-9a56-87b4842150be ProfileId=619e9b9b-8d89-4e01-9199-66ab8d05ccb1 OrderItemId=820ff599-93e1-46d6-8a92-07806b118a9a&#xD;
[2026-09-07 15:54:38.580 +03:30 WRN] [Vitorize.Api] [] [CorrelationId:] [TraceId:] Savepoints are disabled because Multiple Active Result Sets (MARS) is enabled. If 'SaveChanges' fails, then the transaction cannot be automatically rolled back to a known clean state. Instead, the transaction should be rolled back by the application before retrying 'SaveChanges'. See https://go.microsoft.com/fwlink/?linkid=2149338 for more information and examples. To identify the code which triggers this warning, call 'ConfigureWarnings(w =&gt; w.Throw(SqlServerEventId.SavepointsDisabledBecauseOfMARS))'.&#xD;
[2026-09-07 15:54:38.584 +03:30 INF] [Vitorize.Api] [KycUploaded] [CorrelationId:] [TraceId:] KYC document registered. UserId=dffd3fb2-1ec2-40bf-9a56-87b4842150be ProfileId=619e9b9b-8d89-4e01-9199-66ab8d05ccb1 FileId=ce168379-9fb5-4e91-b4dc-984c20004527 DocumentType=2 EventType=KycUploaded&#xD;
[2026-09-07 15:54:38.605 +03:30 WRN] [Vitorize.Api] [] [CorrelationId:] [TraceId:] Savepoints are disabled because Multiple Active Result Sets (MARS) is enabled. If 'SaveChanges' fails, then the transaction cannot be automatically rolled back to a known clean state. Instead, the transaction should be rolled back by the application before retrying 'SaveChanges'. See https://go.microsoft.com/fwlink/?linkid=2149338 for more information and examples. To identify the code which triggers this warning, call 'ConfigureWarnings(w =&gt; w.Throw(SqlServerEventId.SavepointsDisabledBecauseOfMARS))'.&#xD;
[2026-09-07 15:54:38.631 +03:30 INF] [Vitorize.Api] [KycUploaded] [CorrelationId:] [TraceId:] KYC profile submitted. UserId=dffd3fb2-1ec2-40bf-9a56-87b4842150be ProfileId=619e9b9b-8d89-4e01-9199-66ab8d05ccb1 DocumentCount=4 EventType=KycUploaded&#xD;
[2026-09-07 15:54:38.676 +03:30 WRN] [Vitorize.Api] [] [CorrelationId:] [TraceId:] Savepoints are disabled because Multiple Active Result Sets (MARS) is enabled. If 'SaveChanges' fails, then the transaction cannot be automatically rolled back to a known clean state. Instead, the transaction should be rolled back by the application before retrying 'SaveChanges'. See https://go.microsoft.com/fwlink/?linkid=2149338 for more information and examples. To identify the code which triggers this warning, call 'ConfigureWarnings(w =&gt; w.Throw(SqlServerEventId.SavepointsDisabledBecauseOfMARS))'.&#xD;
[2026-09-07 15:54:38.686 +03:30 INF] [Vitorize.Api] [KycUploaded] [CorrelationId:] [TraceId:] KYC profile submitted. UserId=dffd3fb2-1ec2-40bf-9a56-87b4842150be ProfileId=619e9b9b-8d89-4e01-9199-66ab8d05ccb1 DocumentCount=4 EventType=KycUploaded&#xD;
[2026-09-07 15:54:39.986 +03:30 WRN] [Vitorize.Api] [] [CorrelationId:] [TraceId:] Savepoints are disabled because Multiple Active Result Sets (MARS) is enabled. If 'SaveChanges' fails, then the transaction cannot be automatically rolled back to a known clean state. Instead, the transaction should be rolled back by the application before retrying 'SaveChanges'. See https://go.microsoft.com/fwlink/?linkid=2149338 for more information and examples. To identify the code which triggers this warning, call 'ConfigureWarnings(w =&gt; w.Throw(SqlServerEventId.SavepointsDisabledBecauseOfMARS))'.&#xD;
[2026-09-07 15:54:39.996 +03:30 INF] [Vitorize.Api] [] [CorrelationId:] [TraceId:] Order item KYC moved to review after complete policy submission. UserId=971a7b22-165a-4e2c-be14-571fa4df3123 ProfileId=d187f60f-6159-4f06-a618-a8ac119edd41 OrderItemId=5a129df4-1c0c-4ceb-9bc4-8036083e6a59&#xD;
[2026-09-07 15:54:39.997 +03:30 INF] [Vitorize.Api] [] [CorrelationId:] [TraceId:] Order item KYC moved to review after complete policy submission. UserId=971a7b22-165a-4e2c-be14-571fa4df3123 ProfileId=d187f60f-6159-4f06-a618-a8ac119edd41 OrderItemId=07ea9660-6221-46f0-a837-78875ac547b7&#xD;
[2026-09-07 15:54:40.003 +03:30 WRN] [Vitorize.Api] [] [CorrelationId:] [TraceId:] Savepoints are disabled because Multiple Active Result Sets (MARS) is enabled. If 'SaveChanges' fails, then the transaction cannot be automatically rolled back to a known clean state. Instead, the transaction should be rolled back by the application before retrying 'SaveChanges'. See https://go.microsoft.com/fwlink/?linkid=2149338 for more information and examples. To identify the code which triggers this warning, call 'ConfigureWarnings(w =&gt; w.Throw(SqlServerEventId.SavepointsDisabledBecauseOfMARS))'.&#xD;
[2026-09-07 15:54:40.012 +03:30 INF] [Vitorize.Api] [KycUploaded] [CorrelationId:] [TraceId:] KYC profile submitted. UserId=971a7b22-165a-4e2c-be14-571fa4df3123 ProfileId=d187f60f-6159-4f06-a618-a8ac119edd41 DocumentCount=2 EventType=KycUploaded&#xD;
[2026-09-07 15:54:40.516 +03:30 WRN] [Vitorize.Api] [] [CorrelationId:d1aba282735c60dd07d1e4246ba32a1a] [TraceId:9320516698ecf94f2787c37460224321] Savepoints are disabled because Multiple Active Result Sets (MARS) is enabled. If 'SaveChanges' fails, then the transaction cannot be automatically rolled back to a known clean state. Instead, the transaction should be rolled back by the application before retrying 'SaveChanges'. See https://go.microsoft.com/fwlink/?linkid=2149338 for more information and examples. To identify the code which triggers this warning, call 'ConfigureWarnings(w =&gt; w.Throw(SqlServerEventId.SavepointsDisabledBecauseOfMARS))'.&#xD;
[2026-09-07 15:54:40.586 +03:30 INF] [Vitorize.Api] [KycApproved] [CorrelationId:d1aba282735c60dd07d1e4246ba32a1a] [TraceId:9320516698ecf94f2787c37460224321] KYC review completed. UserId=971a7b22-165a-4e2c-be14-571fa4df3123 ProfileId=d187f60f-6159-4f06-a618-a8ac119edd41 AdminUserId=2b03617d-a1df-4a6e-a3f7-1c365955391b DocumentCount=2 Approved=True EventType=KycApproved&#xD;
[2026-09-07 15:54:40.657 +03:30 INF] [Vitorize.Api] [HttpRequestCompleted] [CorrelationId:e411af76f4c6a30d3c232850325d0c96] [TraceId:6d3d2005556f8d565d0d049676999470] HTTP POST /api/admin/verifications/d187f60f-6159-4f06-a618-a8ac119edd41/review responded 200 in 413.8031 ms&#xD;
[2026-09-07 15:54:40.730 +03:30 WRN] [Vitorize.Api] [] [CorrelationId:d1aba282735c60dd07d1e4246ba32a1a] [TraceId:9320516698ecf94f2787c37460224321] Compiling a query which loads related collections for more than one collection navigation, either via 'Include' or through projection, but no 'QuerySplittingBehavior' has been configured. By default, Entity Framework will use 'QuerySplittingBehavior.SingleQuery', which can potentially result in slow query performance. See https://go.microsoft.com/fwlink/?linkid=2134277 for more information. To identify the query that's triggering this warning call 'ConfigureWarnings(w =&gt; w.Throw(RelationalEventId.MultipleCollectionIncludeWarning))'.&#xD;
[2026-09-07 15:54:40.907 +03:30 ERR] [Vitorize.Api] [] [CorrelationId:d1aba282735c60dd07d1e4246ba32a1a] [TraceId:9320516698ecf94f2787c37460224321] KYC fulfillment release failed and remains retryable. OrderItemId=5a129df4-1c0c-4ceb-9bc4-8036083e6a59&#xD;
Vitorize.Shared.Exceptions.BusinessException: ????? ?????????? ?? ???? ??? ???? ???? ???? ? ???? ?? ????? ????.&#xD;
   at Vitorize.Infrastructure.Services.GiftCodeDeliveryService.DeliverSatisfiedOrderItemAsync(Guid orderItemId, Nullable`1 deliveredByUserId, CancellationToken cancellationToken) in D:\Vitorize\Vitorize\Vitorize.Infrastructure\Services\GiftCodeDeliveryService.cs:line 235&#xD;
   at Vitorize.Infrastructure.Services.GiftCodeDeliveryService.DeliverSatisfiedOrderItemAsync(Guid orderItemId, Nullable`1 deliveredByUserId, CancellationToken cancellationToken) in D:\Vitorize\Vitorize\Vitorize.Infrastructure\Services\GiftCodeDeliveryService.cs:line 297&#xD;
   at Vitorize.Infrastructure.Services.GiftCodeDeliveryService.DeliverSatisfiedOrderItemAsync(Guid orderItemId, Nullable`1 deliveredByUserId, CancellationToken cancellationToken) in D:\Vitorize\Vitorize\Vitorize.Infrastructure\Services\GiftCodeDeliveryService.cs:line 298&#xD;
   at Vitorize.Infrastructure.Services.OrderItemFulfillmentReleaseService.ReleaseSatisfiedOrderItemAsync(Guid orderItemId, CancellationToken cancellationToken) in D:\Vitorize\Vitorize\Vitorize.Infrastructure\Services\OrderItemFulfillmentReleaseService.cs:line 87&#xD;
   at Vitorize.Infrastructure.Services.OrderItemFulfillmentReleaseService.ReleaseSatisfiedItemsForVerificationAsync(Guid verificationProfileId, CancellationToken cancellationToken) in D:\Vitorize\Vitorize\Vitorize.Infrastructure\Services\OrderItemFulfillmentReleaseService.cs:line 55&#xD;
[2026-09-07 15:54:40.925 +03:30 ERR] [Vitorize.Api] [] [CorrelationId:d1aba282735c60dd07d1e4246ba32a1a] [TraceId:9320516698ecf94f2787c37460224321] KYC fulfillment release failed and remains retryable. OrderItemId=07ea9660-6221-46f0-a837-78875ac547b7&#xD;
Vitorize.Shared.Exceptions.BusinessException: ????? ?????????? ?? ???? ??? ???? ???? ???? ? ???? ?? ????? ????.&#xD;
   at Vitorize.Infrastructure.Services.GiftCodeDeliveryService.DeliverSatisfiedOrderItemAsync(Guid orderItemId, Nullable`1 deliveredByUserId, CancellationToken cancellationToken) in D:\Vitorize\Vitorize\Vitorize.Infrastructure\Services\GiftCodeDeliveryService.cs:line 235&#xD;
   at Vitorize.Infrastructure.Services.GiftCodeDeliveryService.DeliverSatisfiedOrderItemAsync(Guid orderItemId, Nullable`1 deliveredByUserId, CancellationToken cancellationToken) in D:\Vitorize\Vitorize\Vitorize.Infrastructure\Services\GiftCodeDeliveryService.cs:line 297&#xD;
   at Vitorize.Infrastructure.Services.GiftCodeDeliveryService.DeliverSatisfiedOrderItemAsync(Guid orderItemId, Nullable`1 deliveredByUserId, CancellationToken cancellationToken) in D:\Vitorize\Vitorize\Vitorize.Infrastructure\Services\GiftCodeDeliveryService.cs:line 298&#xD;
   at Vitorize.Infrastructure.Services.OrderItemFulfillmentReleaseService.ReleaseSatisfiedOrderItemAsync(Guid orderItemId, CancellationToken cancellationToken) in D:\Vitorize\Vitorize\Vitorize.Infrastructure\Services\OrderItemFulfillmentReleaseService.cs:line 87&#xD;
   at Vitorize.Infrastructure.Services.OrderItemFulfillmentReleaseService.ReleaseSatisfiedItemsForVerificationAsync(Guid verificationProfileId, CancellationToken cancellationToken) in D:\Vitorize\Vitorize\Vitorize.Infrastructure\Services\OrderItemFulfillmentReleaseService.cs:line 55&#xD;
[2026-09-07 15:54:40.929 +03:30 INF] [Vitorize.Api] [HttpRequestCompleted] [CorrelationId:d1aba282735c60dd07d1e4246ba32a1a] [TraceId:9320516698ecf94f2787c37460224321] HTTP POST /api/admin/verifications/d187f60f-6159-4f06-a618-a8ac119edd41/review responded 200 in 697.4537 ms&#xD;
[2026-09-07 15:54:42.175 +03:30 WRN] [Vitorize.Api] [] [CorrelationId:] [TraceId:] Savepoints are disabled because Multiple Active Result Sets (MARS) is enabled. If 'SaveChanges' fails, then the transaction cannot be automatically rolled back to a known clean state. Instead, the transaction should be rolled back by the application before retrying 'SaveChanges'. See https://go.microsoft.com/fwlink/?linkid=2149338 for more information and examples. To identify the code which triggers this warning, call 'ConfigureWarnings(w =&gt; w.Throw(SqlServerEventId.SavepointsDisabledBecauseOfMARS))'.&#xD;
[2026-09-07 15:54:42.184 +03:30 INF] [Vitorize.Api] [] [CorrelationId:] [TraceId:] Order item KYC moved to review after complete policy submission. UserId=7b1f8aa8-9551-4aec-be65-7d79d71ab2e0 ProfileId=1b41f5c3-0dcd-4b87-91a2-b3eec5976aba OrderItemId=032beec5-7077-4cc9-b608-f02ce2190e0f&#xD;
[2026-09-07 15:54:42.184 +03:30 INF] [Vitorize.Api] [] [CorrelationId:] [TraceId:] Order item KYC moved to review after complete policy submission. UserId=7b1f8aa8-9551-4aec-be65-7d79d71ab2e0 ProfileId=1b41f5c3-0dcd-4b87-91a2-b3eec5976aba OrderItemId=489c0461-b742-4d68-a2fb-a45f9866dd5f&#xD;
[2026-09-07 15:54:42.189 +03:30 WRN] [Vitorize.Api] [] [CorrelationId:] [TraceId:] Savepoints are disabled because Multiple Active Result Sets (MARS) is enabled. If 'SaveChanges' fails, then the transaction cannot be automatically rolled back to a known clean state. Instead, the transaction should be rolled back by the application before retrying 'SaveChanges'. See https://go.microsoft.com/fwlink/?linkid=2149338 for more information and examples. To identify the code which triggers this warning, call 'ConfigureWarnings(w =&gt; w.Throw(SqlServerEventId.SavepointsDisabledBecauseOfMARS))'.&#xD;
[2026-09-07 15:54:42.198 +03:30 INF] [Vitorize.Api] [KycUploaded] [CorrelationId:] [TraceId:] KYC profile submitted. UserId=7b1f8aa8-9551-4aec-be65-7d79d71ab2e0 ProfileId=1b41f5c3-0dcd-4b87-91a2-b3eec5976aba DocumentCount=2 EventType=KycUploaded&#xD;
[2026-09-07 15:54:42.242 +03:30 WRN] [Vitorize.Api] [] [CorrelationId:25471d9f3d117bb0f59fd597a97a2162] [TraceId:f21fdf5df030cd5cab1ade66b49f3fda] Savepoints are disabled because Multiple Active Result Sets (MARS) is enabled. If 'SaveChanges' fails, then the transaction cannot be automatically rolled back to a known clean state. Instead, the transaction should be rolled back by the application before retrying 'SaveChanges'. See https://go.microsoft.com/fwlink/?linkid=2149338 for more information and examples. To identify the code which triggers this warning, call 'ConfigureWarnings(w =&gt; w.Throw(SqlServerEventId.SavepointsDisabledBecauseOfMARS))'.&#xD;
[2026-09-07 15:54:42.253 +03:30 INF] [Vitorize.Api] [KycRejected] [CorrelationId:25471d9f3d117bb0f59fd597a97a2162] [TraceId:f21fdf5df030cd5cab1ade66b49f3fda] KYC review completed. UserId=7b1f8aa8-9551-4aec-be65-7d79d71ab2e0 ProfileId=1b41f5c3-0dcd-4b87-91a2-b3eec5976aba AdminUserId=f7af8745-3831-4e46-bf31-a3bd2f937c0a DocumentCount=2 Approved=False EventType=KycRejected&#xD;
[2026-09-07 15:54:42.255 +03:30 INF] [Vitorize.Api] [HttpRequestCompleted] [CorrelationId:25471d9f3d117bb0f59fd597a97a2162] [TraceId:f21fdf5df030cd5cab1ade66b49f3fda] HTTP POST /api/admin/verifications/1b41f5c3-0dcd-4b87-91a2-b3eec5976aba/review responded 200 in 41.7034 ms&#xD;
[2026-09-07 15:54:42.257 +03:30 INF] [Vitorize.Api] [HttpRequestCompleted] [CorrelationId:cfd26f9350f57ae089746814a0a4f38d] [TraceId:45c20ff18966e42ff6f820a48be5e5c3] HTTP POST /api/admin/verifications/1b41f5c3-0dcd-4b87-91a2-b3eec5976aba/review responded 200 in 44.5583 ms&#xD;
[2026-09-07 15:54:44.181 +03:30 WRN] [Vitorize.Api] [] [CorrelationId:] [TraceId:] Savepoints are disabled because Multiple Active Result Sets (MARS) is enabled. If 'SaveChanges' fails, then the transaction cannot be automatically rolled back to a known clean state. Instead, the transaction should be rolled back by the application before retrying 'SaveChanges'. See https://go.microsoft.com/fwlink/?linkid=2149338 for more information and examples. To identify the code which triggers this warning, call 'ConfigureWarnings(w =&gt; w.Throw(SqlServerEventId.SavepointsDisabledBecauseOfMARS))'.&#xD;
[2026-09-07 15:54:44.185 +03:30 INF] [Vitorize.Api] [] [CorrelationId:] [TraceId:] Order item KYC moved to review after complete policy submission. UserId=33e02395-cb54-4bd4-8b60-c52a71e29cac ProfileId=36643f9b-9b4a-4893-b098-d2551480b60b OrderItemId=cd42bb96-6ef8-4bfe-b88b-73cd0247dfa3&#xD;
[2026-09-07 15:54:44.185 +03:30 INF] [Vitorize.Api] [] [CorrelationId:] [TraceId:] Order item KYC moved to review after complete policy submission. UserId=33e02395-cb54-4bd4-8b60-c52a71e29cac ProfileId=36643f9b-9b4a-4893-b098-d2551480b60b OrderItemId=5abc57d2-22ad-4997-8865-cb4fc934267d&#xD;
[2026-09-07 15:54:44.187 +03:30 WRN] [Vitorize.Api] [] [CorrelationId:] [TraceId:] Savepoints are disabled because Multiple Active Result Sets (MARS) is enabled. If 'SaveChanges' fails, then the transaction cannot be automatically rolled back to a known clean state. Instead, the transaction should be rolled back by the application before retrying 'SaveChanges'. See https://go.microsoft.com/fwlink/?linkid=2149338 for more information and examples. To identify the code which triggers this warning, call 'ConfigureWarnings(w =&gt; w.Throw(SqlServerEventId.SavepointsDisabledBecauseOfMARS))'.&#xD;
[2026-09-07 15:54:44.193 +03:30 INF] [Vitorize.Api] [KycUploaded] [CorrelationId:] [TraceId:] KYC profile submitted. UserId=33e02395-cb54-4bd4-8b60-c52a71e29cac ProfileId=36643f9b-9b4a-4893-b098-d2551480b60b DocumentCount=2 EventType=KycUploaded&#xD;
[2026-09-07 15:54:44.203 +03:30 WRN] [Vitorize.Api] [] [CorrelationId:] [TraceId:] Savepoints are disabled because Multiple Active Result Sets (MARS) is enabled. If 'SaveChanges' fails, then the transaction cannot be automatically rolled back to a known clean state. Instead, the transaction should be rolled back by the application before retrying 'SaveChanges'. See https://go.microsoft.com/fwlink/?linkid=2149338 for more information and examples. To identify the code which triggers this warning, call 'ConfigureWarnings(w =&gt; w.Throw(SqlServerEventId.SavepointsDisabledBecauseOfMARS))'.&#xD;
[2026-09-07 15:54:44.209 +03:30 INF] [Vitorize.Api] [KycRejected] [CorrelationId:] [TraceId:] KYC review completed. UserId=33e02395-cb54-4bd4-8b60-c52a71e29cac ProfileId=36643f9b-9b4a-4893-b098-d2551480b60b AdminUserId=5eb8f3b0-221d-4358-a538-f615be881814 DocumentCount=2 Approved=False EventType=KycRejected&#xD;
[2026-09-07 15:54:44.229 +03:30 WRN] [Vitorize.Api] [] [CorrelationId:] [TraceId:] Savepoints are disabled because Multiple Active Result Sets (MARS) is enabled. If 'SaveChanges' fails, then the transaction cannot be automatically rolled back to a known clean state. Instead, the transaction should be rolled back by the application before retrying 'SaveChanges'. See https://go.microsoft.com/fwlink/?linkid=2149338 for more information and examples. To identify the code which triggers this warning, call 'ConfigureWarnings(w =&gt; w.Throw(SqlServerEventId.SavepointsDisabledBecauseOfMARS))'.&#xD;
[2026-09-07 15:54:44.233 +03:30 INF] [Vitorize.Api] [] [CorrelationId:] [TraceId:] Order item KYC moved to review after complete policy submission. UserId=33e02395-cb54-4bd4-8b60-c52a71e29cac ProfileId=36643f9b-9b4a-4893-b098-d2551480b60b OrderItemId=cd42bb96-6ef8-4bfe-b88b-73cd0247dfa3&#xD;
[2026-09-07 15:54:44.234 +03:30 WRN] [Vitorize.Api] [] [CorrelationId:] [TraceId:] Savepoints are disabled because Multiple Active Result Sets (MARS) is enabled. If 'SaveChanges' fails, then the transaction cannot be automatically rolled back to a known clean state. Instead, the transaction should be rolled back by the application before retrying 'SaveChanges'. See https://go.microsoft.com/fwlink/?linkid=2149338 for more information and examples. To identify the code which triggers this warning, call 'ConfigureWarnings(w =&gt; w.Throw(SqlServerEventId.SavepointsDisabledBecauseOfMARS))'.&#xD;
[2026-09-07 15:54:44.235 +03:30 INF] [Vitorize.Api] [KycUploaded] [CorrelationId:] [TraceId:] KYC document registered. UserId=33e02395-cb54-4bd4-8b60-c52a71e29cac ProfileId=36643f9b-9b4a-4893-b098-d2551480b60b FileId=275877d5-e57b-4436-b108-db966be90388 DocumentType=1 EventType=KycUploaded&#xD;
[2026-09-07 15:54:44.241 +03:30 WRN] [Vitorize.Api] [] [CorrelationId:] [TraceId:] Savepoints are disabled because Multiple Active Result Sets (MARS) is enabled. If 'SaveChanges' fails, then the transaction cannot be automatically rolled back to a known clean state. Instead, the transaction should be rolled back by the application before retrying 'SaveChanges'. See https://go.microsoft.com/fwlink/?linkid=2149338 for more information and examples. To identify the code which triggers this warning, call 'ConfigureWarnings(w =&gt; w.Throw(SqlServerEventId.SavepointsDisabledBecauseOfMARS))'.&#xD;
[2026-09-07 15:54:44.245 +03:30 INF] [Vitorize.Api] [] [CorrelationId:] [TraceId:] Order item KYC moved to review after complete policy submission. UserId=33e02395-cb54-4bd4-8b60-c52a71e29cac ProfileId=36643f9b-9b4a-4893-b098-d2551480b60b OrderItemId=5abc57d2-22ad-4997-8865-cb4fc934267d&#xD;
[2026-09-07 15:54:44.246 +03:30 WRN] [Vitorize.Api] [] [CorrelationId:] [TraceId:] Savepoints are disabled because Multiple Active Result Sets (MARS) is enabled. If 'SaveChanges' fails, then the transaction cannot be automatically rolled back to a known clean state. Instead, the transaction should be rolled back by the application before retrying 'SaveChanges'. See https://go.microsoft.com/fwlink/?linkid=2149338 for more information and examples. To identify the code which triggers this warning, call 'ConfigureWarnings(w =&gt; w.Throw(SqlServerEventId.SavepointsDisabledBecauseOfMARS))'.&#xD;
[2026-09-07 15:54:44.247 +03:30 INF] [Vitorize.Api] [KycUploaded] [CorrelationId:] [TraceId:] KYC document registered. UserId=33e02395-cb54-4bd4-8b60-c52a71e29cac ProfileId=36643f9b-9b4a-4893-b098-d2551480b60b FileId=8c10d6e6-fe23-447a-ad1a-e18ab4d46494 DocumentType=2 EventType=KycUploaded&#xD;
[2026-09-07 15:54:44.272 +03:30 WRN] [Vitorize.Api] [] [CorrelationId:180328390f052bc16acc0d990389056a] [TraceId:fa1d95f8ecf34a5d6ebcfafa3380af98] Savepoints are disabled because Multiple Active Result Sets (MARS) is enabled. If 'SaveChanges' fails, then the transaction cannot be automatically rolled back to a known clean state. Instead, the transaction should be rolled back by the application before retrying 'SaveChanges'. See https://go.microsoft.com/fwlink/?linkid=2149338 for more information and examples. To identify the code which triggers this warning, call 'ConfigureWarnings(w =&gt; w.Throw(SqlServerEventId.SavepointsDisabledBecauseOfMARS))'.&#xD;
[2026-09-07 15:54:44.276 +03:30 INF] [Vitorize.Api] [KycUploaded] [CorrelationId:180328390f052bc16acc0d990389056a] [TraceId:fa1d95f8ecf34a5d6ebcfafa3380af98] KYC profile submitted. UserId=33e02395-cb54-4bd4-8b60-c52a71e29cac ProfileId=36643f9b-9b4a-4893-b098-d2551480b60b DocumentCount=4 EventType=KycUploaded&#xD;
[2026-09-07 15:54:44.276 +03:30 INF] [Vitorize.Api] [HttpRequestCompleted] [CorrelationId:180328390f052bc16acc0d990389056a] [TraceId:fa1d95f8ecf34a5d6ebcfafa3380af98] HTTP POST /api/verification/submit responded 200 in 24.9347 ms&#xD;
[2026-09-07 15:54:44.281 +03:30 WRN] [Vitorize.Api] [] [CorrelationId:adf132eab412c39cdcfecbc34bb0dd50] [TraceId:a72c0a529cc84a2e4df1a9273bce0bf3] Savepoints are disabled because Multiple Active Result Sets (MARS) is enabled. If 'SaveChanges' fails, then the transaction cannot be automatically rolled back to a known clean state. Instead, the transaction should be rolled back by the application before retrying 'SaveChanges'. See https://go.microsoft.com/fwlink/?linkid=2149338 for more information and examples. To identify the code which triggers this warning, call 'ConfigureWarnings(w =&gt; w.Throw(SqlServerEventId.SavepointsDisabledBecauseOfMARS))'.&#xD;
[2026-09-07 15:54:44.284 +03:30 INF] [Vitorize.Api] [KycUploaded] [CorrelationId:adf132eab412c39cdcfecbc34bb0dd50] [TraceId:a72c0a529cc84a2e4df1a9273bce0bf3] KYC profile submitted. UserId=33e02395-cb54-4bd4-8b60-c52a71e29cac ProfileId=36643f9b-9b4a-4893-b098-d2551480b60b DocumentCount=4 EventType=KycUploaded&#xD;
[2026-09-07 15:54:44.285 +03:30 INF] [Vitorize.Api] [HttpRequestCompleted] [CorrelationId:adf132eab412c39cdcfecbc34bb0dd50] [TraceId:a72c0a529cc84a2e4df1a9273bce0bf3] HTTP POST /api/verification/submit responded 200 in 33.4362 ms&#xD;
[2026-09-07 15:54:44.312 +03:30 WRN] [Vitorize.Api] [] [CorrelationId:1bdd337bb8f662115eeb43f23bcb78ea] [TraceId:9f692eb4e4cd31fe8ce5b74957f1df6a] Savepoints are disabled because Multiple Active Result Sets (MARS) is enabled. If 'SaveChanges' fails, then the transaction cannot be automatically rolled back to a known clean state. Instead, the transaction should be rolled back by the application before retrying 'SaveChanges'. See https://go.microsoft.com/fwlink/?linkid=2149338 for more information and examples. To identify the code which triggers this warning, call 'ConfigureWarnings(w =&gt; w.Throw(SqlServerEventId.SavepointsDisabledBecauseOfMARS))'.&#xD;
[2026-09-07 15:54:44.317 +03:30 INF] [Vitorize.Api] [KycUploaded] [CorrelationId:1bdd337bb8f662115eeb43f23bcb78ea] [TraceId:9f692eb4e4cd31fe8ce5b74957f1df6a] KYC profile submitted. UserId=33e02395-cb54-4bd4-8b60-c52a71e29cac ProfileId=36643f9b-9b4a-4893-b098-d2551480b60b DocumentCount=4 EventType=KycUploaded&#xD;
[2026-09-07 15:54:44.318 +03:30 INF] [Vitorize.Api] [HttpRequestCompleted] [CorrelationId:1bdd337bb8f662115eeb43f23bcb78ea] [TraceId:9f692eb4e4cd31fe8ce5b74957f1df6a] HTTP POST /api/verification/submit responded 200 in 12.8910 ms&#xD;
[2026-09-07 15:54:44.322 +03:30 WRN] [Vitorize.Api] [] [CorrelationId:e6a12a7eccd8cc8862685101f9326a96] [TraceId:311efd14cf55106f9a518fb2183e3645] Savepoints are disabled because Multiple Active Result Sets (MARS) is enabled. If 'SaveChanges' fails, then the transaction cannot be automatically rolled back to a known clean state. Instead, the transaction should be rolled back by the application before retrying 'SaveChanges'. See https://go.microsoft.com/fwlink/?linkid=2149338 for more information and examples. To identify the code which triggers this warning, call 'ConfigureWarnings(w =&gt; w.Throw(SqlServerEventId.SavepointsDisabledBecauseOfMARS))'.&#xD;
[2026-09-07 15:54:44.325 +03:30 INF] [Vitorize.Api] [KycUploaded] [CorrelationId:e6a12a7eccd8cc8862685101f9326a96] [TraceId:311efd14cf55106f9a518fb2183e3645] KYC profile submitted. UserId=33e02395-cb54-4bd4-8b60-c52a71e29cac ProfileId=36643f9b-9b4a-4893-b098-d2551480b60b DocumentCount=4 EventType=KycUploaded&#xD;
[2026-09-07 15:54:44.326 +03:30 INF] [Vitorize.Api] [HttpRequestCompleted] [CorrelationId:e6a12a7eccd8cc8862685101f9326a96] [TraceId:311efd14cf55106f9a518fb2183e3645] HTTP POST /api/verification/submit responded 200 in 20.8973 ms&#xD;
[2026-09-07 15:54:44.961 +03:30 WRN] [Vitorize.Api] [] [CorrelationId:] [TraceId:] Savepoints are disabled because Multiple Active Result Sets (MARS) is enabled. If 'SaveChanges' fails, then the transaction cannot be automatically rolled back to a known clean state. Instead, the transaction should be rolled back by the application before retrying 'SaveChanges'. See https://go.microsoft.com/fwlink/?linkid=2149338 for more information and examples. To identify the code which triggers this warning, call 'ConfigureWarnings(w =&gt; w.Throw(SqlServerEventId.SavepointsDisabledBecauseOfMARS))'.&#xD;
[2026-09-07 15:54:44.970 +03:30 INF] [Vitorize.Api] [] [CorrelationId:] [TraceId:] Order item KYC moved to review after complete policy submission. UserId=98190d66-bee2-401b-818e-9fdf1ae50504 ProfileId=4e6bcffb-7ac7-4b0f-85a2-991b4a6ea675 OrderItemId=0fcdeb00-1f12-4d68-938b-80680f430e68&#xD;
[2026-09-07 15:54:44.971 +03:30 INF] [Vitorize.Api] [] [CorrelationId:] [TraceId:] Order item KYC moved to review after complete policy submission. UserId=98190d66-bee2-401b-818e-9fdf1ae50504 ProfileId=4e6bcffb-7ac7-4b0f-85a2-991b4a6ea675 OrderItemId=ffcb4331-5e34-47a0-ae7e-bcf308faf12e&#xD;
[2026-09-07 15:54:44.974 +03:30 WRN] [Vitorize.Api] [] [CorrelationId:] [TraceId:] Savepoints are disabled because Multiple Active Result Sets (MARS) is enabled. If 'SaveChanges' fails, then the transaction cannot be automatically rolled back to a known clean state. Instead, the transaction should be rolled back by the application before retrying 'SaveChanges'. See https://go.microsoft.com/fwlink/?linkid=2149338 for more information and examples. To identify the code which triggers this warning, call 'ConfigureWarnings(w =&gt; w.Throw(SqlServerEventId.SavepointsDisabledBecauseOfMARS))'.&#xD;
[2026-09-07 15:54:44.980 +03:30 INF] [Vitorize.Api] [KycUploaded] [CorrelationId:] [TraceId:] KYC profile submitted. UserId=98190d66-bee2-401b-818e-9fdf1ae50504 ProfileId=4e6bcffb-7ac7-4b0f-85a2-991b4a6ea675 DocumentCount=2 EventType=KycUploaded&#xD;
[2026-09-07 15:54:45.031 +03:30 WRN] [Vitorize.Api] [] [CorrelationId:d13adf7caa5d35f9fb0ec3404b96d86e] [TraceId:ca10b2fd0c82913c98e2f9da4228a0a6] Savepoints are disabled because Multiple Active Result Sets (MARS) is enabled. If 'SaveChanges' fails, then the transaction cannot be automatically rolled back to a known clean state. Instead, the transaction should be rolled back by the application before retrying 'SaveChanges'. See https://go.microsoft.com/fwlink/?linkid=2149338 for more information and examples. To identify the code which triggers this warning, call 'ConfigureWarnings(w =&gt; w.Throw(SqlServerEventId.SavepointsDisabledBecauseOfMARS))'.&#xD;
[2026-09-07 15:54:45.040 +03:30 INF] [Vitorize.Api] [KycApproved] [CorrelationId:d13adf7caa5d35f9fb0ec3404b96d86e] [TraceId:ca10b2fd0c82913c98e2f9da4228a0a6] KYC review completed. UserId=98190d66-bee2-401b-818e-9fdf1ae50504 ProfileId=4e6bcffb-7ac7-4b0f-85a2-991b4a6ea675 AdminUserId=0cfcc3ee-eb05-42d2-9e25-79e80e938b31 DocumentCount=2 Approved=True EventType=KycApproved&#xD;
[2026-09-07 15:54:45.052 +03:30 ERR] [Vitorize.Api] [] [CorrelationId:d13adf7caa5d35f9fb0ec3404b96d86e] [TraceId:ca10b2fd0c82913c98e2f9da4228a0a6] KYC fulfillment release failed and remains retryable. OrderItemId=0fcdeb00-1f12-4d68-938b-80680f430e68&#xD;
Vitorize.Shared.Exceptions.BusinessException: ????? ?????????? ?? ???? ??? ???? ???? ???? ? ???? ?? ????? ????.&#xD;
   at Vitorize.Infrastructure.Services.GiftCodeDeliveryService.DeliverSatisfiedOrderItemAsync(Guid orderItemId, Nullable`1 deliveredByUserId, CancellationToken cancellationToken) in D:\Vitorize\Vitorize\Vitorize.Infrastructure\Services\GiftCodeDeliveryService.cs:line 235&#xD;
   at Vitorize.Infrastructure.Services.GiftCodeDeliveryService.DeliverSatisfiedOrderItemAsync(Guid orderItemId, Nullable`1 deliveredByUserId, CancellationToken cancellationToken) in D:\Vitorize\Vitorize\Vitorize.Infrastructure\Services\GiftCodeDeliveryService.cs:line 297&#xD;
   at Vitorize.Infrastructure.Services.GiftCodeDeliveryService.DeliverSatisfiedOrderItemAsync(Guid orderItemId, Nullable`1 deliveredByUserId, CancellationToken cancellationToken) in D:\Vitorize\Vitorize\Vitorize.Infrastructure\Services\GiftCodeDeliveryService.cs:line 298&#xD;
   at Vitorize.Infrastructure.Services.OrderItemFulfillmentReleaseService.ReleaseSatisfiedOrderItemAsync(Guid orderItemId, CancellationToken cancellationToken) in D:\Vitorize\Vitorize\Vitorize.Infrastructure\Services\OrderItemFulfillmentReleaseService.cs:line 87&#xD;
   at Vitorize.Infrastructure.Services.OrderItemFulfillmentReleaseService.ReleaseSatisfiedItemsForVerificationAsync(Guid verificationProfileId, CancellationToken cancellationToken) in D:\Vitorize\Vitorize\Vitorize.Infrastructure\Services\OrderItemFulfillmentReleaseService.cs:line 55&#xD;
[2026-09-07 15:54:45.058 +03:30 INF] [Vitorize.Api] [HttpRequestCompleted] [CorrelationId:d089b0f02ffa4308580fa5950d9fbebd] [TraceId:adf0169cb8bcc2dec883b2b1e6d9aec9] HTTP POST /api/admin/verifications/4e6bcffb-7ac7-4b0f-85a2-991b4a6ea675/review responded 409 in 53.5837 ms&#xD;
[2026-09-07 15:54:45.063 +03:30 ERR] [Vitorize.Api] [] [CorrelationId:d13adf7caa5d35f9fb0ec3404b96d86e] [TraceId:ca10b2fd0c82913c98e2f9da4228a0a6] KYC fulfillment release failed and remains retryable. OrderItemId=ffcb4331-5e34-47a0-ae7e-bcf308faf12e&#xD;
Vitorize.Shared.Exceptions.BusinessException: ????? ?????????? ?? ???? ??? ???? ???? ???? ? ???? ?? ????? ????.&#xD;
   at Vitorize.Infrastructure.Services.GiftCodeDeliveryService.DeliverSatisfiedOrderItemAsync(Guid orderItemId, Nullable`1 deliveredByUserId, CancellationToken cancellationToken) in D:\Vitorize\Vitorize\Vitorize.Infrastructure\Services\GiftCodeDeliveryService.cs:line 235&#xD;
   at Vitorize.Infrastructure.Services.GiftCodeDeliveryService.DeliverSatisfiedOrderItemAsync(Guid orderItemId, Nullable`1 deliveredByUserId, CancellationToken cancellationToken) in D:\Vitorize\Vitorize\Vitorize.Infrastructure\Services\GiftCodeDeliveryService.cs:line 297&#xD;
   at Vitorize.Infrastructure.Services.GiftCodeDeliveryService.DeliverSatisfiedOrderItemAsync(Guid orderItemId, Nullable`1 deliveredByUserId, CancellationToken cancellationToken) in D:\Vitorize\Vitorize\Vitorize.Infrastructure\Services\GiftCodeDeliveryService.cs:line 298&#xD;
   at Vitorize.Infrastructure.Services.OrderItemFulfillmentReleaseService.ReleaseSatisfiedOrderItemAsync(Guid orderItemId, CancellationToken cancellationToken) in D:\Vitorize\Vitorize\Vitorize.Infrastructure\Services\OrderItemFulfillmentReleaseService.cs:line 87&#xD;
   at Vitorize.Infrastructure.Services.OrderItemFulfillmentReleaseService.ReleaseSatisfiedItemsForVerificationAsync(Guid verificationProfileId, CancellationToken cancellationToken) in D:\Vitorize\Vitorize\Vitorize.Infrastructure\Services\OrderItemFulfillmentReleaseService.cs:line 55&#xD;
[2026-09-07 15:54:45.068 +03:30 INF] [Vitorize.Api] [HttpRequestCompleted] [CorrelationId:d13adf7caa5d35f9fb0ec3404b96d86e] [TraceId:ca10b2fd0c82913c98e2f9da4228a0a6] HTTP POST /api/admin/verifications/4e6bcffb-7ac7-4b0f-85a2-991b4a6ea675/review responded 200 in 63.3908 ms&#xD;
[2026-09-07 15:54:46.218 +03:30 WRN] [Vitorize.Api] [] [CorrelationId:] [TraceId:] Savepoints are disabled because Multiple Active Result Sets (MARS) is enabled. If 'SaveChanges' fails, then the transaction cannot be automatically rolled back to a known clean state. Instead, the transaction should be rolled back by the application before retrying 'SaveChanges'. See https://go.microsoft.com/fwlink/?linkid=2149338 for more information and examples. To identify the code which triggers this warning, call 'ConfigureWarnings(w =&gt; w.Throw(SqlServerEventId.SavepointsDisabledBecauseOfMARS))'.&#xD;
[2026-09-07 15:54:46.231 +03:30 INF] [Vitorize.Api] [] [CorrelationId:] [TraceId:] Order item KYC moved to review after complete policy submission. UserId=a0a9cc15-52ac-49f1-a4b0-b72dc3b19cd0 ProfileId=06606d6d-8bc8-402a-a37b-88e5c0a95c99 OrderItemId=2289a0df-6b71-4100-b05c-0569beb40ab4&#xD;
[2026-09-07 15:54:46.232 +03:30 INF] [Vitorize.Api] [] [CorrelationId:] [TraceId:] Order item KYC moved to review after complete policy submission. UserId=a0a9cc15-52ac-49f1-a4b0-b72dc3b19cd0 ProfileId=06606d6d-8bc8-402a-a37b-88e5c0a95c99 OrderItemId=76035914-0c63-444a-8a58-f64723dec5a6&#xD;
[2026-09-07 15:54:46.236 +03:30 WRN] [Vitorize.Api] [] [CorrelationId:] [TraceId:] Savepoints are disabled because Multiple Active Result Sets (MARS) is enabled. If 'SaveChanges' fails, then the transaction cannot be automatically rolled back to a known clean state. Instead, the transaction should be rolled back by the application before retrying 'SaveChanges'. See https://go.microsoft.com/fwlink/?linkid=2149338 for more information and examples. To identify the code which triggers this warning, call 'ConfigureWarnings(w =&gt; w.Throw(SqlServerEventId.SavepointsDisabledBecauseOfMARS))'.&#xD;
[2026-09-07 15:54:46.243 +03:30 INF] [Vitorize.Api] [KycUploaded] [CorrelationId:] [TraceId:] KYC profile submitted. UserId=a0a9cc15-52ac-49f1-a4b0-b72dc3b19cd0 ProfileId=06606d6d-8bc8-402a-a37b-88e5c0a95c99 DocumentCount=2 EventType=KycUploaded&#xD;
[2026-09-07 15:54:46.284 +03:30 WRN] [Vitorize.Api] [] [CorrelationId:] [TraceId:] Savepoints are disabled because Multiple Active Result Sets (MARS) is enabled. If 'SaveChanges' fails, then the transaction cannot be automatically rolled back to a known clean state. Instead, the transaction should be rolled back by the application before retrying 'SaveChanges'. See https://go.microsoft.com/fwlink/?linkid=2149338 for more information and examples. To identify the code which triggers this warning, call 'ConfigureWarnings(w =&gt; w.Throw(SqlServerEventId.SavepointsDisabledBecauseOfMARS))'.&#xD;
[2026-09-07 15:54:46.294 +03:30 INF] [Vitorize.Api] [KycApproved] [CorrelationId:] [TraceId:] KYC review completed. UserId=a0a9cc15-52ac-49f1-a4b0-b72dc3b19cd0 ProfileId=06606d6d-8bc8-402a-a37b-88e5c0a95c99 AdminUserId=fa9cd19b-ceac-42fd-b841-08782ee927fe DocumentCount=2 Approved=True EventType=KycApproved&#xD;
[2026-09-07 15:54:46.307 +03:30 ERR] [Vitorize.Api] [] [CorrelationId:] [TraceId:] KYC fulfillment release failed and remains retryable. OrderItemId=2289a0df-6b71-4100-b05c-0569beb40ab4&#xD;
Vitorize.Shared.Exceptions.BusinessException: ????? ?????????? ?? ???? ??? ???? ???? ???? ? ???? ?? ????? ????.&#xD;
   at Vitorize.Infrastructure.Services.GiftCodeDeliveryService.DeliverSatisfiedOrderItemAsync(Guid orderItemId, Nullable`1 deliveredByUserId, CancellationToken cancellationToken) in D:\Vitorize\Vitorize\Vitorize.Infrastructure\Services\GiftCodeDeliveryService.cs:line 235&#xD;
   at Vitorize.Infrastructure.Services.GiftCodeDeliveryService.DeliverSatisfiedOrderItemAsync(Guid orderItemId, Nullable`1 deliveredByUserId, CancellationToken cancellationToken) in D:\Vitorize\Vitorize\Vitorize.Infrastructure\Services\GiftCodeDeliveryService.cs:line 297&#xD;
   at Vitorize.Infrastructure.Services.GiftCodeDeliveryService.DeliverSatisfiedOrderItemAsync(Guid orderItemId, Nullable`1 deliveredByUserId, CancellationToken cancellationToken) in D:\Vitorize\Vitorize\Vitorize.Infrastructure\Services\GiftCodeDeliveryService.cs:line 298&#xD;
   at Vitorize.Infrastructure.Services.OrderItemFulfillmentReleaseService.ReleaseSatisfiedOrderItemAsync(Guid orderItemId, CancellationToken cancellationToken) in D:\Vitorize\Vitorize\Vitorize.Infrastructure\Services\OrderItemFulfillmentReleaseService.cs:line 87&#xD;
   at Vitorize.Infrastructure.Services.OrderItemFulfillmentReleaseService.ReleaseSatisfiedItemsForVerificationAsync(Guid verificationProfileId, CancellationToken cancellationToken) in D:\Vitorize\Vitorize\Vitorize.Infrastructure\Services\OrderItemFulfillmentReleaseService.cs:line 55&#xD;
[2026-09-07 15:54:46.320 +03:30 ERR] [Vitorize.Api] [] [CorrelationId:] [TraceId:] KYC fulfillment release failed and remains retryable. OrderItemId=76035914-0c63-444a-8a58-f64723dec5a6&#xD;
Vitorize.Shared.Exceptions.BusinessException: ????? ?????????? ?? ???? ??? ???? ???? ???? ? ???? ?? ????? ????.&#xD;
   at Vitorize.Infrastructure.Services.GiftCodeDeliveryService.DeliverSatisfiedOrderItemAsync(Guid orderItemId, Nullable`1 deliveredByUserId, CancellationToken cancellationToken) in D:\Vitorize\Vitorize\Vitorize.Infrastructure\Services\GiftCodeDeliveryService.cs:line 235&#xD;
   at Vitorize.Infrastructure.Services.GiftCodeDeliveryService.DeliverSatisfiedOrderItemAsync(Guid orderItemId, Nullable`1 deliveredByUserId, CancellationToken cancellationToken) in D:\Vitorize\Vitorize\Vitorize.Infrastructure\Services\GiftCodeDeliveryService.cs:line 297&#xD;
   at Vitorize.Infrastructure.Services.GiftCodeDeliveryService.DeliverSatisfiedOrderItemAsync(Guid orderItemId, Nullable`1 deliveredByUserId, CancellationToken cancellationToken) in D:\Vitorize\Vitorize\Vitorize.Infrastructure\Services\GiftCodeDeliveryService.cs:line 298&#xD;
   at Vitorize.Infrastructure.Services.OrderItemFulfillmentReleaseService.ReleaseSatisfiedOrderItemAsync(Guid orderItemId, CancellationToken cancellationToken) in D:\Vitorize\Vitorize\Vitorize.Infrastructure\Services\OrderItemFulfillmentReleaseService.cs:line 87&#xD;
   at Vitorize.Infrastructure.Services.OrderItemFulfillmentReleaseService.ReleaseSatisfiedItemsForVerificationAsync(Guid verificationProfileId, CancellationToken cancellationToken) in D:\Vitorize\Vitorize\Vitorize.Infrastructure\Services\OrderItemFulfillmentReleaseService.cs:line 55&#xD;
[2026-09-07 15:54:47.032 +03:30 WRN] [Vitorize.Api] [] [CorrelationId:b6ae39cde1894472b338817a929c6b2c] [TraceId:55fd8f4959228fd7a03ef37f15548d47] Savepoints are disabled because Multiple Active Result Sets (MARS) is enabled. If 'SaveChanges' fails, then the transaction cannot be automatically rolled back to a known clean state. Instead, the transaction should be rolled back by the application before retrying 'SaveChanges'. See https://go.microsoft.com/fwlink/?linkid=2149338 for more information and examples. To identify the code which triggers this warning, call 'ConfigureWarnings(w =&gt; w.Throw(SqlServerEventId.SavepointsDisabledBecauseOfMARS))'.&#xD;
[2026-09-07 15:54:47.040 +03:30 INF] [Vitorize.Api] [] [CorrelationId:b6ae39cde1894472b338817a929c6b2c] [TraceId:55fd8f4959228fd7a03ef37f15548d47] Order item KYC moved to review after complete policy submission. UserId=d0fb95b6-c04d-44ab-bd54-67bbb2d7a6ed ProfileId=2d1226a3-6e70-46ea-94f2-3e447289a620 OrderItemId=1fdc8bbf-38b8-4755-b375-4d5c96b88511&#xD;
[2026-09-07 15:54:47.040 +03:30 INF] [Vitorize.Api] [] [CorrelationId:b6ae39cde1894472b338817a929c6b2c] [TraceId:55fd8f4959228fd7a03ef37f15548d47] Order item KYC moved to review after complete policy submission. UserId=d0fb95b6-c04d-44ab-bd54-67bbb2d7a6ed ProfileId=2d1226a3-6e70-46ea-94f2-3e447289a620 OrderItemId=4f882ee3-4202-41ab-a2d2-fccdc0359ec6&#xD;
[2026-09-07 15:54:47.043 +03:30 WRN] [Vitorize.Api] [] [CorrelationId:b6ae39cde1894472b338817a929c6b2c] [TraceId:55fd8f4959228fd7a03ef37f15548d47] Savepoints are disabled because Multiple Active Result Sets (MARS) is enabled. If 'SaveChanges' fails, then the transaction cannot be automatically rolled back to a known clean state. Instead, the transaction should be rolled back by the application before retrying 'SaveChanges'. See https://go.microsoft.com/fwlink/?linkid=2149338 for more information and examples. To identify the code which triggers this warning, call 'ConfigureWarnings(w =&gt; w.Throw(SqlServerEventId.SavepointsDisabledBecauseOfMARS))'.&#xD;
[2026-09-07 15:54:47.047 +03:30 INF] [Vitorize.Api] [KycUploaded] [CorrelationId:b6ae39cde1894472b338817a929c6b2c] [TraceId:55fd8f4959228fd7a03ef37f15548d47] KYC profile submitted. UserId=d0fb95b6-c04d-44ab-bd54-67bbb2d7a6ed ProfileId=2d1226a3-6e70-46ea-94f2-3e447289a620 DocumentCount=2 EventType=KycUploaded&#xD;
[2026-09-07 15:54:47.048 +03:30 INF] [Vitorize.Api] [HttpRequestCompleted] [CorrelationId:b6ae39cde1894472b338817a929c6b2c] [TraceId:55fd8f4959228fd7a03ef37f15548d47] HTTP POST /api/verification/submit responded 200 in 41.9289 ms&#xD;
[2026-09-07 15:54:47.059 +03:30 WRN] [Vitorize.Api] [] [CorrelationId:913765246164403ab9fd5ec924e200b8] [TraceId:9ee9a6361fe6d13242fe979889ea1181] Savepoints are disabled because Multiple Active Result Sets (MARS) is enabled. If 'SaveChanges' fails, then the transaction cannot be automatically rolled back to a known clean state. Instead, the transaction should be rolled back by the application before retrying 'SaveChanges'. See https://go.microsoft.com/fwlink/?linkid=2149338 for more information and examples. To identify the code which triggers this warning, call 'ConfigureWarnings(w =&gt; w.Throw(SqlServerEventId.SavepointsDisabledBecauseOfMARS))'.&#xD;
[2026-09-07 15:54:47.088 +03:30 INF] [Vitorize.Api] [KycUploaded] [CorrelationId:913765246164403ab9fd5ec924e200b8] [TraceId:9ee9a6361fe6d13242fe979889ea1181] KYC profile submitted. UserId=d0fb95b6-c04d-44ab-bd54-67bbb2d7a6ed ProfileId=2d1226a3-6e70-46ea-94f2-3e447289a620 DocumentCount=4 EventType=KycUploaded&#xD;
[2026-09-07 15:54:47.089 +03:30 INF] [Vitorize.Api] [HttpRequestCompleted] [CorrelationId:913765246164403ab9fd5ec924e200b8] [TraceId:9ee9a6361fe6d13242fe979889ea1181] HTTP POST /api/verification/submit responded 200 in 83.1096 ms&#xD;
[2026-09-07 15:54:47.109 +03:30 INF] [Vitorize.Api] [ApplicationStopping] [CorrelationId:] [TraceId:] Vitorize API is stopping. EventType=ApplicationStopping&#xD;
[xUnit.net 00:01:25.35]   Finished:    Vitorize.IntegrationTests&#xD;
</StdOut>
    </Output>
  </ResultSummary>
</TestRun>