<?xml version="1.0" encoding="utf-8"?>
<TestRun id="262da61c-0065-4331-9df8-c92990251cd8" name="Bakhshayesh.Hossein@UMS001N10068 2026-09-07 15:45:21" runUser="GIG\Bakhshayesh.Hossein" xmlns="http://microsoft.com/schemas/VisualStudio/TeamTest/2010">
  <Times creation="2026-09-07T15:45:21.2220454+03:30" queuing="2026-09-07T15:45:21.2220463+03:30" start="2026-09-07T15:44:00.6826558+03:30" finish="2026-09-07T15:45:23.3195447+03:30" />
  <TestSettings name="default" id="24c83b36-cc8f-4a7e-9c84-29d0a8d3695f">
    <Deployment runDeploymentRoot="Bakhshayesh.Hossein_UMS001N10068_2026-09-07_15_45_21" />
  </TestSettings>
  <Results>
    <UnitTestResult executionId="45a7d165-1cf2-471b-a1cb-a0fc34d7048d" testId="d11f93d8-1009-2002-1c2c-8bf541738d09" testName="Vitorize.IntegrationTests.Fix09Phase2DVerificationLifecycleIntegrationTests.Required_documents_across_a_pending_profile_move_items_to_review_without_a_second_submit" computerName="UMS001N10068" duration="00:00:03.3219656" startTime="2026-09-07T15:45:20.0106795+03:30" endTime="2026-09-07T15:45:20.0107345+03:30" testType="13cdc9d9-ddb5-4fa4-a97d-d965ccfc6d4b" outcome="Failed" testListId="8c84fa94-04c1-424b-9868-57a2d4851a1d" relativeResultsDirectory="45a7d165-1cf2-471b-a1cb-a0fc34d7048d">
      <Output>
        <ErrorInfo>
          <Message>Vitorize.Shared.Exceptions.BusinessException : مدارک جدید فقط همراه با ثبت نهایی احراز هویت ذخیره می‌شوند.</Message>
          <StackTrace>   at Vitorize.Infrastructure.Services.VerificationService.AddDocumentAsync(Guid userId, Byte documentType, String filePath, Nullable`1 kycDocumentTypeId, Nullable`1 orderItemId, Boolean isRedacted) in D:\Vitorize\Vitorize\Vitorize.Infrastructure\Services\VerificationService.cs:line 244&#xD;
   at Vitorize.Infrastructure.Services.VerificationService.AddDocumentAsync(Guid userId, Byte documentType, String filePath, Nullable`1 kycDocumentTypeId, Nullable`1 orderItemId, Boolean isRedacted) in D:\Vitorize\Vitorize\Vitorize.Infrastructure\Services\VerificationService.cs:line 331&#xD;
   at Vitorize.Infrastructure.Services.VerificationService.AddDocumentAsync(Guid userId, Byte documentType, String filePath, Nullable`1 kycDocumentTypeId, Nullable`1 orderItemId, Boolean isRedacted) in D:\Vitorize\Vitorize\Vitorize.Infrastructure\Services\VerificationService.cs:line 332&#xD;
   at Vitorize.IntegrationTests.Fix09Phase2DVerificationLifecycleIntegrationTests.Required_documents_across_a_pending_profile_move_items_to_review_without_a_second_submit() in D:\Vitorize\Vitorize\tests\Vitorize.IntegrationTests\Fix09Phase2DVerificationLifecycleIntegrationTests.cs:line 28&#xD;
--- End of stack trace from previous location ---</StackTrace>
        </ErrorInfo>
      </Output>
    </UnitTestResult>
  </Results>
  <TestDefinitions>
    <UnitTest name="Vitorize.IntegrationTests.Fix09Phase2DVerificationLifecycleIntegrationTests.Required_documents_across_a_pending_profile_move_items_to_review_without_a_second_submit" storage="d:\vitorize\vitorize\tests\vitorize.integrationtests\bin\debug\net8.0\vitorize.integrationtests.dll" id="d11f93d8-1009-2002-1c2c-8bf541738d09">
      <Execution id="45a7d165-1cf2-471b-a1cb-a0fc34d7048d" />
      <TestMethod codeBase="D:\Vitorize\Vitorize\tests\Vitorize.IntegrationTests\bin\Debug\net8.0\Vitorize.IntegrationTests.dll" adapterTypeName="executor://xunit/VsTestRunner2/netcoreapp" className="Vitorize.IntegrationTests.Fix09Phase2DVerificationLifecycleIntegrationTests" name="Required_documents_across_a_pending_profile_move_items_to_review_without_a_second_submit" />
    </UnitTest>
  </TestDefinitions>
  <TestEntries>
    <TestEntry testId="d11f93d8-1009-2002-1c2c-8bf541738d09" executionId="45a7d165-1cf2-471b-a1cb-a0fc34d7048d" testListId="8c84fa94-04c1-424b-9868-57a2d4851a1d" />
  </TestEntries>
  <TestLists>
    <TestList name="Results Not in a List" id="8c84fa94-04c1-424b-9868-57a2d4851a1d" />
    <TestList name="All Loaded Results" id="19431567-8539-422a-85d7-44ee4e166bda" />
  </TestLists>
  <ResultSummary outcome="Failed">
    <Counters total="1" executed="1" passed="0" failed="1" error="0" timeout="0" aborted="0" inconclusive="0" passedButRunAborted="0" notRunnable="0" notExecuted="0" disconnected="0" warning="0" completed="0" inProgress="0" pending="0" />
    <Output>
      <StdOut>[xUnit.net 00:00:00.00] xUnit.net VSTest Adapter v2.8.2+699d445a1a (64-bit .NET 8.0.28)&#xD;
[xUnit.net 00:00:00.12]   Discovering: Vitorize.IntegrationTests&#xD;
[xUnit.net 00:00:00.21]   Discovered:  Vitorize.IntegrationTests&#xD;
[xUnit.net 00:00:00.22]   Starting:    Vitorize.IntegrationTests&#xD;
[15:45:06 INF] Vitorize API bootstrap starting&#xD;
[2026-09-07 15:45:13.531 +03:30 WRN] [Vitorize.Api] [SeqDisabled] [CorrelationId:] [TraceId:] Seq is disabled; console and file sinks remain active. EventType=SeqDisabled&#xD;
[2026-09-07 15:45:13.838 +03:30 INF] [Vitorize.Api] [ApplicationStarted] [CorrelationId:] [TraceId:] Vitorize API started in Testing. EventType=ApplicationStarted&#xD;
[xUnit.net 00:01:18.57]       Vitorize.Shared.Exceptions.BusinessException : مدارک جدید فقط همراه با ثبت نهایی احراز هویت ذخیره می‌شوند.&#xD;
[xUnit.net 00:01:18.57]       Stack Trace:&#xD;
[xUnit.net 00:01:18.57]         D:\Vitorize\Vitorize\Vitorize.Infrastructure\Services\VerificationService.cs(244,0): at Vitorize.Infrastructure.Services.VerificationService.AddDocumentAsync(Guid userId, Byte documentType, String filePath, Nullable`1 kycDocumentTypeId, Nullable`1 orderItemId, Boolean isRedacted)&#xD;
[xUnit.net 00:01:18.57]         D:\Vitorize\Vitorize\Vitorize.Infrastructure\Services\VerificationService.cs(331,0): at Vitorize.Infrastructure.Services.VerificationService.AddDocumentAsync(Guid userId, Byte documentType, String filePath, Nullable`1 kycDocumentTypeId, Nullable`1 orderItemId, Boolean isRedacted)&#xD;
[xUnit.net 00:01:18.57]         D:\Vitorize\Vitorize\Vitorize.Infrastructure\Services\VerificationService.cs(332,0): at Vitorize.Infrastructure.Services.VerificationService.AddDocumentAsync(Guid userId, Byte documentType, String filePath, Nullable`1 kycDocumentTypeId, Nullable`1 orderItemId, Boolean isRedacted)&#xD;
[xUnit.net 00:01:18.57]         D:\Vitorize\Vitorize\tests\Vitorize.IntegrationTests\Fix09Phase2DVerificationLifecycleIntegrationTests.cs(28,0): at Vitorize.IntegrationTests.Fix09Phase2DVerificationLifecycleIntegrationTests.Required_documents_across_a_pending_profile_move_items_to_review_without_a_second_submit()&#xD;
[xUnit.net 00:01:18.57]         --- End of stack trace from previous location ---&#xD;
[2026-09-07 15:45:20.015 +03:30 INF] [Vitorize.Api] [ApplicationStopping] [CorrelationId:] [TraceId:] Vitorize API is stopping. EventType=ApplicationStopping&#xD;
[xUnit.net 00:01:21.73]   Finished:    Vitorize.IntegrationTests&#xD;
</StdOut>
    </Output>
    <RunInfos>
      <RunInfo computerName="UMS001N10068" outcome="Error" timestamp="2026-09-07T15:45:20.0003744+03:30">
        <Text>[xUnit.net 00:01:18.57]     Vitorize.IntegrationTests.Fix09Phase2DVerificationLifecycleIntegrationTests.Required_documents_across_a_pending_profile_move_items_to_review_without_a_second_submit [FAIL]</Text>
      </RunInfo>
    </RunInfos>
  </ResultSummary>
</TestRun>