<?xml version="1.0" encoding="utf-8"?>
<TestRun id="8e9a6994-93e4-4d3a-9dbb-363f2e7c0136" name="Bakhshayesh.Hossein@UMS001N10068 2026-09-07 16:45:01" runUser="GIG\Bakhshayesh.Hossein" xmlns="http://microsoft.com/schemas/VisualStudio/TeamTest/2010">
  <Times creation="2026-09-07T16:45:01.8637948+03:30" queuing="2026-09-07T16:45:01.8637951+03:30" start="2026-09-07T16:42:55.8327041+03:30" finish="2026-09-07T16:45:20.9083135+03:30" />
  <TestSettings name="default" id="805d1d42-5df2-4676-858e-6cdf8664b351">
    <Deployment runDeploymentRoot="Bakhshayesh.Hossein_UMS001N10068_2026-09-07_16_45_01" />
  </TestSettings>
  <Results>
    <UnitTestResult executionId="13cae557-fdd2-4d0a-b0b8-2bd4ee8e2cd9" testId="1977fdbe-b710-71c8-813b-b4a8d03e1701" testName="Vitorize.IntegrationTests.RegistrationOtpGateIntegrationTests.A_completed_account_cannot_ask_for_a_registration_code_again" computerName="UMS001N10068" duration="00:00:00.3888882" startTime="2026-09-07T16:45:15.8720410+03:30" endTime="2026-09-07T16:45:15.8720412+03:30" testType="13cdc9d9-ddb5-4fa4-a97d-d965ccfc6d4b" outcome="Passed" testListId="8c84fa94-04c1-424b-9868-57a2d4851a1d" relativeResultsDirectory="13cae557-fdd2-4d0a-b0b8-2bd4ee8e2cd9" />
    <UnitTestResult executionId="286a7b97-6999-43cb-971f-f807afc52506" testId="37aac119-067f-4e80-bc8d-c96ad63cd449" testName="Vitorize.IntegrationTests.RegistrationOtpGateIntegrationTests.An_abandoned_registration_never_blocks_the_real_owner" computerName="UMS001N10068" duration="00:00:00.7349102" startTime="2026-09-07T16:45:17.6051242+03:30" endTime="2026-09-07T16:45:17.6051246+03:30" testType="13cdc9d9-ddb5-4fa4-a97d-d965ccfc6d4b" outcome="Passed" testListId="8c84fa94-04c1-424b-9868-57a2d4851a1d" relativeResultsDirectory="286a7b97-6999-43cb-971f-f807afc52506" />
    <UnitTestResult executionId="1c8dbcb0-af62-43c9-87c7-128f848a3b6b" testId="e7751feb-6dc7-74b8-164d-6f253faf8acc" testName="Vitorize.IntegrationTests.RegistrationOtpGateIntegrationTests.Resending_never_creates_a_second_account" computerName="UMS001N10068" duration="00:00:00.7091999" startTime="2026-09-07T16:45:15.1301748+03:30" endTime="2026-09-07T16:45:15.1301752+03:30" testType="13cdc9d9-ddb5-4fa4-a97d-d965ccfc6d4b" outcome="Passed" testListId="8c84fa94-04c1-424b-9868-57a2d4851a1d" relativeResultsDirectory="1c8dbcb0-af62-43c9-87c7-128f848a3b6b" />
    <UnitTestResult executionId="ff821a3d-ed95-4dcb-8497-7a9b217220e3" testId="d8331f6c-35bb-63dd-1ca5-151865d21f25" testName="Vitorize.IntegrationTests.RegistrationOtpGateIntegrationTests.The_password_is_stored_hashed_at_the_first_step_and_never_returned" computerName="UMS001N10068" duration="00:00:00.6019768" startTime="2026-09-07T16:45:16.8683551+03:30" endTime="2026-09-07T16:45:16.8683554+03:30" testType="13cdc9d9-ddb5-4fa4-a97d-d965ccfc6d4b" outcome="Passed" testListId="8c84fa94-04c1-424b-9868-57a2d4851a1d" relativeResultsDirectory="ff821a3d-ed95-4dcb-8497-7a9b217220e3" />
    <UnitTestResult executionId="464baa54-9ab7-4b0a-afea-c63a8e26c424" testId="29154f11-8603-7a66-a87f-9e2f4004b33a" testName="Vitorize.IntegrationTests.RegistrationOtpGateIntegrationTests.A_consumed_code_cannot_be_used_twice" computerName="UMS001N10068" duration="00:00:00.6877831" startTime="2026-09-07T16:45:10.9162956+03:30" endTime="2026-09-07T16:45:10.9162958+03:30" testType="13cdc9d9-ddb5-4fa4-a97d-d965ccfc6d4b" outcome="Passed" testListId="8c84fa94-04c1-424b-9868-57a2d4851a1d" relativeResultsDirectory="464baa54-9ab7-4b0a-afea-c63a8e26c424" />
    <UnitTestResult executionId="46096dc1-8803-4acc-89a9-de2123d1f2c6" testId="b23fcece-1c7b-8674-07e3-4249fa3b1d8e" testName="Vitorize.IntegrationTests.RegistrationOtpGateIntegrationTests.A_mobile_that_already_has_a_real_account_is_refused_without_sending_a_code" computerName="UMS001N10068" duration="00:00:00.5906683" startTime="2026-09-07T16:45:12.8723129+03:30" endTime="2026-09-07T16:45:12.8723130+03:30" testType="13cdc9d9-ddb5-4fa4-a97d-d965ccfc6d4b" outcome="Passed" testListId="8c84fa94-04c1-424b-9868-57a2d4851a1d" relativeResultsDirectory="46096dc1-8803-4acc-89a9-de2123d1f2c6" />
    <UnitTestResult executionId="dcc0e478-00f0-4f97-9731-1069c6557bc6" testId="a805d57a-0ea8-4412-a60f-a59e4b71dffe" testName="Vitorize.IntegrationTests.RegistrationOtpGateIntegrationTests.The_verification_response_carries_no_code_and_no_password" computerName="UMS001N10068" duration="00:00:00.7511906" startTime="2026-09-07T16:45:06.1875737+03:30" endTime="2026-09-07T16:45:06.1875740+03:30" testType="13cdc9d9-ddb5-4fa4-a97d-d965ccfc6d4b" outcome="Passed" testListId="8c84fa94-04c1-424b-9868-57a2d4851a1d" relativeResultsDirectory="dcc0e478-00f0-4f97-9731-1069c6557bc6" />
    <UnitTestResult executionId="466da3c2-86f9-4ec4-b8c8-1de51685c887" testId="d680d462-7b5c-5c51-394f-dd34dc456061" testName="Vitorize.IntegrationTests.RegistrationOtpGateIntegrationTests.The_stored_code_is_hashed_never_kept_in_the_clear" computerName="UMS001N10068" duration="00:00:00.3508391" startTime="2026-09-07T16:45:15.4822638+03:30" endTime="2026-09-07T16:45:15.4822643+03:30" testType="13cdc9d9-ddb5-4fa4-a97d-d965ccfc6d4b" outcome="Passed" testListId="8c84fa94-04c1-424b-9868-57a2d4851a1d" relativeResultsDirectory="466da3c2-86f9-4ec4-b8c8-1de51685c887" />
    <UnitTestResult executionId="9f696cfb-31df-4b02-94c1-b8bb96f94274" testId="9bf63474-0430-7447-84f7-75f0ecf39492" testName="Vitorize.IntegrationTests.RegistrationOtpGateIntegrationTests.OTP_sending_is_limited_to_five_per_mobile_and_automatically_resets_after_the_window" computerName="UMS001N10068" duration="00:00:04.0390233" startTime="2026-09-07T16:45:10.2278991+03:30" endTime="2026-09-07T16:45:10.2278996+03:30" testType="13cdc9d9-ddb5-4fa4-a97d-d965ccfc6d4b" outcome="Passed" testListId="8c84fa94-04c1-424b-9868-57a2d4851a1d" relativeResultsDirectory="9f696cfb-31df-4b02-94c1-b8bb96f94274" />
    <UnitTestResult executionId="fe5dfa48-b91c-43d5-9aae-429a09fbe836" testId="a5bd2ea5-955f-72b5-a244-b48575000f7e" testName="Vitorize.IntegrationTests.RegistrationOtpGateIntegrationTests.The_correct_code_confirms_the_mobile_and_authenticates_immediately" computerName="UMS001N10068" duration="00:00:00.7216508" startTime="2026-09-07T16:45:14.4201836+03:30" endTime="2026-09-07T16:45:14.4201838+03:30" testType="13cdc9d9-ddb5-4fa4-a97d-d965ccfc6d4b" outcome="Passed" testListId="8c84fa94-04c1-424b-9868-57a2d4851a1d" relativeResultsDirectory="fe5dfa48-b91c-43d5-9aae-429a09fbe836" />
    <UnitTestResult executionId="84628919-8930-430b-90ad-f09b8d49e464" testId="450e4ba0-6553-6213-7e91-cbd891a91bea" testName="Vitorize.IntegrationTests.RegistrationOtpGateIntegrationTests.Before_verifying_the_account_cannot_sign_in_by_any_route" computerName="UMS001N10068" duration="00:00:03.2462625" startTime="2026-09-07T16:45:01.8080614+03:30" endTime="2026-09-07T16:45:01.8081097+03:30" testType="13cdc9d9-ddb5-4fa4-a97d-d965ccfc6d4b" outcome="Passed" testListId="8c84fa94-04c1-424b-9868-57a2d4851a1d" relativeResultsDirectory="84628919-8930-430b-90ad-f09b8d49e464" />
    <UnitTestResult executionId="e50853a8-c744-4d60-b58e-01a148eb0eb9" testId="d2c5d1d6-5224-9446-a763-59c072cacc29" testName="Vitorize.IntegrationTests.RegistrationOtpGateIntegrationTests.A_login_code_cannot_complete_a_registration" computerName="UMS001N10068" duration="00:00:00.6543537" startTime="2026-09-07T16:45:11.5716711+03:30" endTime="2026-09-07T16:45:11.5716714+03:30" testType="13cdc9d9-ddb5-4fa4-a97d-d965ccfc6d4b" outcome="Passed" testListId="8c84fa94-04c1-424b-9868-57a2d4851a1d" relativeResultsDirectory="e50853a8-c744-4d60-b58e-01a148eb0eb9" />
    <UnitTestResult executionId="97d19748-f19f-4811-a8df-14f6c5b33cb9" testId="947f6fc0-0e17-2867-a0a8-9c73eee22d6b" testName="Vitorize.IntegrationTests.RegistrationOtpGateIntegrationTests.An_expired_code_does_not_complete_the_registration" computerName="UMS001N10068" duration="00:00:00.3925462" startTime="2026-09-07T16:45:16.2656432+03:30" endTime="2026-09-07T16:45:16.2656436+03:30" testType="13cdc9d9-ddb5-4fa4-a97d-d965ccfc6d4b" outcome="Passed" testListId="8c84fa94-04c1-424b-9868-57a2d4851a1d" relativeResultsDirectory="97d19748-f19f-4811-a8df-14f6c5b33cb9" />
    <UnitTestResult executionId="dde97d2f-1cf1-44b8-8e8e-c31c6e86a866" testId="04c9a4cd-ec52-579b-0773-466c0ae843f3" testName="Vitorize.IntegrationTests.RegistrationOtpGateIntegrationTests.Registering_a_new_mobile_sends_a_verification_code_and_no_tokens" computerName="UMS001N10068" duration="00:00:00.6309505" startTime="2026-09-07T16:45:05.4349190+03:30" endTime="2026-09-07T16:45:05.4349200+03:30" testType="13cdc9d9-ddb5-4fa4-a97d-d965ccfc6d4b" outcome="Passed" testListId="8c84fa94-04c1-424b-9868-57a2d4851a1d" relativeResultsDirectory="dde97d2f-1cf1-44b8-8e8e-c31c6e86a866" />
    <UnitTestResult executionId="fe30c685-1d3a-42e2-a3ab-55f00ed772b0" testId="86f3c726-c9b6-cdcb-4b3b-7a5e05056430" testName="Vitorize.IntegrationTests.RegistrationOtpGateIntegrationTests.Submitting_the_registration_form_twice_creates_one_account" computerName="UMS001N10068" duration="00:00:00.7081959" startTime="2026-09-07T16:45:12.2810219+03:30" endTime="2026-09-07T16:45:12.2810221+03:30" testType="13cdc9d9-ddb5-4fa4-a97d-d965ccfc6d4b" outcome="Passed" testListId="8c84fa94-04c1-424b-9868-57a2d4851a1d" relativeResultsDirectory="fe30c685-1d3a-42e2-a3ab-55f00ed772b0" />
    <UnitTestResult executionId="45b65754-7dbf-4b9e-9f50-1692bc084178" testId="2c53a9ba-f5a8-c1e2-a65b-834764807a8f" testName="Vitorize.IntegrationTests.RegistrationOtpGateIntegrationTests.A_deactivated_real_account_is_not_treated_as_a_pending_registration" computerName="UMS001N10068" duration="00:00:01.2737018" startTime="2026-09-07T16:45:04.0219225+03:30" endTime="2026-09-07T16:45:04.0219232+03:30" testType="13cdc9d9-ddb5-4fa4-a97d-d965ccfc6d4b" outcome="Passed" testListId="8c84fa94-04c1-424b-9868-57a2d4851a1d" relativeResultsDirectory="45b65754-7dbf-4b9e-9f50-1692bc084178" />
    <UnitTestResult executionId="e374b63f-59cb-4ed9-bdfe-f8ee2c6a497b" testId="eb544676-0864-50e9-7a09-7b12f89dc566" testName="Vitorize.IntegrationTests.RegistrationOtpGateIntegrationTests.A_registration_code_cannot_complete_a_login" computerName="UMS001N10068" duration="00:00:00.3838356" startTime="2026-09-07T16:45:13.6976200+03:30" endTime="2026-09-07T16:45:13.6976204+03:30" testType="13cdc9d9-ddb5-4fa4-a97d-d965ccfc6d4b" outcome="Passed" testListId="8c84fa94-04c1-424b-9868-57a2d4851a1d" relativeResultsDirectory="e374b63f-59cb-4ed9-bdfe-f8ee2c6a497b" />
    <UnitTestResult executionId="fe85a932-567b-4f56-a44a-dafd36defd24" testId="7e118eb8-c46c-07f1-d171-ed9b77ff33cd" testName="Vitorize.IntegrationTests.RegistrationOtpGateIntegrationTests.A_wrong_code_does_not_complete_the_registration" computerName="UMS001N10068" duration="00:00:00.8985636" startTime="2026-09-07T16:45:02.7099728+03:30" endTime="2026-09-07T16:45:02.7099732+03:30" testType="13cdc9d9-ddb5-4fa4-a97d-d965ccfc6d4b" outcome="Passed" testListId="8c84fa94-04c1-424b-9868-57a2d4851a1d" relativeResultsDirectory="fe85a932-567b-4f56-a44a-dafd36defd24" />
    <UnitTestResult executionId="df888502-3e8f-4764-915f-5df608b698d7" testId="72617d55-86e0-972b-1820-3883aeeee3f3" testName="Vitorize.IntegrationTests.RegistrationOtpGateIntegrationTests.Attempts_are_capped_so_a_code_cannot_be_guessed" computerName="UMS001N10068" duration="00:00:00.7793298" startTime="2026-09-07T16:45:04.8022257+03:30" endTime="2026-09-07T16:45:04.8022260+03:30" testType="13cdc9d9-ddb5-4fa4-a97d-d965ccfc6d4b" outcome="Passed" testListId="8c84fa94-04c1-424b-9868-57a2d4851a1d" relativeResultsDirectory="df888502-3e8f-4764-915f-5df608b698d7" />
    <UnitTestResult executionId="46ebe789-00dc-42cd-8075-ae93b7700c7c" testId="b191f113-e8d6-359f-46aa-e2bbc30e23f4" testName="Vitorize.IntegrationTests.RegistrationOtpGateIntegrationTests.Resending_issues_a_new_code_and_retires_the_previous_one" computerName="UMS001N10068" duration="00:00:00.4394256" startTime="2026-09-07T16:45:13.3129360+03:30" endTime="2026-09-07T16:45:13.3129363+03:30" testType="13cdc9d9-ddb5-4fa4-a97d-d965ccfc6d4b" outcome="Passed" testListId="8c84fa94-04c1-424b-9868-57a2d4851a1d" relativeResultsDirectory="46ebe789-00dc-42cd-8075-ae93b7700c7c" />
  </Results>
  <TestDefinitions>
    <UnitTest name="Vitorize.IntegrationTests.RegistrationOtpGateIntegrationTests.An_expired_code_does_not_complete_the_registration" storage="d:\vitorize\vitorize\tests\vitorize.integrationtests\bin\debug\net8.0\vitorize.integrationtests.dll" id="947f6fc0-0e17-2867-a0a8-9c73eee22d6b">
      <Execution id="97d19748-f19f-4811-a8df-14f6c5b33cb9" />
      <TestMethod codeBase="D:\Vitorize\Vitorize\tests\Vitorize.IntegrationTests\bin\Debug\net8.0\Vitorize.IntegrationTests.dll" adapterTypeName="executor://xunit/VsTestRunner2/netcoreapp" className="Vitorize.IntegrationTests.RegistrationOtpGateIntegrationTests" name="An_expired_code_does_not_complete_the_registration" />
    </UnitTest>
    <UnitTest name="Vitorize.IntegrationTests.RegistrationOtpGateIntegrationTests.The_stored_code_is_hashed_never_kept_in_the_clear" storage="d:\vitorize\vitorize\tests\vitorize.integrationtests\bin\debug\net8.0\vitorize.integrationtests.dll" id="d680d462-7b5c-5c51-394f-dd34dc456061">
      <Execution id="466da3c2-86f9-4ec4-b8c8-1de51685c887" />
      <TestMethod codeBase="D:\Vitorize\Vitorize\tests\Vitorize.IntegrationTests\bin\Debug\net8.0\Vitorize.IntegrationTests.dll" adapterTypeName="executor://xunit/VsTestRunner2/netcoreapp" className="Vitorize.IntegrationTests.RegistrationOtpGateIntegrationTests" name="The_stored_code_is_hashed_never_kept_in_the_clear" />
    </UnitTest>
    <UnitTest name="Vitorize.IntegrationTests.RegistrationOtpGateIntegrationTests.A_consumed_code_cannot_be_used_twice" storage="d:\vitorize\vitorize\tests\vitorize.integrationtests\bin\debug\net8.0\vitorize.integrationtests.dll" id="29154f11-8603-7a66-a87f-9e2f4004b33a">
      <Execution id="464baa54-9ab7-4b0a-afea-c63a8e26c424" />
      <TestMethod codeBase="D:\Vitorize\Vitorize\tests\Vitorize.IntegrationTests\bin\Debug\net8.0\Vitorize.IntegrationTests.dll" adapterTypeName="executor://xunit/VsTestRunner2/netcoreapp" className="Vitorize.IntegrationTests.RegistrationOtpGateIntegrationTests" name="A_consumed_code_cannot_be_used_twice" />
    </UnitTest>
    <UnitTest name="Vitorize.IntegrationTests.RegistrationOtpGateIntegrationTests.Registering_a_new_mobile_sends_a_verification_code_and_no_tokens" storage="d:\vitorize\vitorize\tests\vitorize.integrationtests\bin\debug\net8.0\vitorize.integrationtests.dll" id="04c9a4cd-ec52-579b-0773-466c0ae843f3">
      <Execution id="dde97d2f-1cf1-44b8-8e8e-c31c6e86a866" />
      <TestMethod codeBase="D:\Vitorize\Vitorize\tests\Vitorize.IntegrationTests\bin\Debug\net8.0\Vitorize.IntegrationTests.dll" adapterTypeName="executor://xunit/VsTestRunner2/netcoreapp" className="Vitorize.IntegrationTests.RegistrationOtpGateIntegrationTests" name="Registering_a_new_mobile_sends_a_verification_code_and_no_tokens" />
    </UnitTest>
    <UnitTest name="Vitorize.IntegrationTests.RegistrationOtpGateIntegrationTests.Resending_never_creates_a_second_account" storage="d:\vitorize\vitorize\tests\vitorize.integrationtests\bin\debug\net8.0\vitorize.integrationtests.dll" id="e7751feb-6dc7-74b8-164d-6f253faf8acc">
      <Execution id="1c8dbcb0-af62-43c9-87c7-128f848a3b6b" />
      <TestMethod codeBase="D:\Vitorize\Vitorize\tests\Vitorize.IntegrationTests\bin\Debug\net8.0\Vitorize.IntegrationTests.dll" adapterTypeName="executor://xunit/VsTestRunner2/netcoreapp" className="Vitorize.IntegrationTests.RegistrationOtpGateIntegrationTests" name="Resending_never_creates_a_second_account" />
    </UnitTest>
    <UnitTest name="Vitorize.IntegrationTests.RegistrationOtpGateIntegrationTests.A_deactivated_real_account_is_not_treated_as_a_pending_registration" storage="d:\vitorize\vitorize\tests\vitorize.integrationtests\bin\debug\net8.0\vitorize.integrationtests.dll" id="2c53a9ba-f5a8-c1e2-a65b-834764807a8f">
      <Execution id="45b65754-7dbf-4b9e-9f50-1692bc084178" />
      <TestMethod codeBase="D:\Vitorize\Vitorize\tests\Vitorize.IntegrationTests\bin\Debug\net8.0\Vitorize.IntegrationTests.dll" adapterTypeName="executor://xunit/VsTestRunner2/netcoreapp" className="Vitorize.IntegrationTests.RegistrationOtpGateIntegrationTests" name="A_deactivated_real_account_is_not_treated_as_a_pending_registration" />
    </UnitTest>
    <UnitTest name="Vitorize.IntegrationTests.RegistrationOtpGateIntegrationTests.A_login_code_cannot_complete_a_registration" storage="d:\vitorize\vitorize\tests\vitorize.integrationtests\bin\debug\net8.0\vitorize.integrationtests.dll" id="d2c5d1d6-5224-9446-a763-59c072cacc29">
      <Execution id="e50853a8-c744-4d60-b58e-01a148eb0eb9" />
      <TestMethod codeBase="D:\Vitorize\Vitorize\tests\Vitorize.IntegrationTests\bin\Debug\net8.0\Vitorize.IntegrationTests.dll" adapterTypeName="executor://xunit/VsTestRunner2/netcoreapp" className="Vitorize.IntegrationTests.RegistrationOtpGateIntegrationTests" name="A_login_code_cannot_complete_a_registration" />
    </UnitTest>
    <UnitTest name="Vitorize.IntegrationTests.RegistrationOtpGateIntegrationTests.Attempts_are_capped_so_a_code_cannot_be_guessed" storage="d:\vitorize\vitorize\tests\vitorize.integrationtests\bin\debug\net8.0\vitorize.integrationtests.dll" id="72617d55-86e0-972b-1820-3883aeeee3f3">
      <Execution id="df888502-3e8f-4764-915f-5df608b698d7" />
      <TestMethod codeBase="D:\Vitorize\Vitorize\tests\Vitorize.IntegrationTests\bin\Debug\net8.0\Vitorize.IntegrationTests.dll" adapterTypeName="executor://xunit/VsTestRunner2/netcoreapp" className="Vitorize.IntegrationTests.RegistrationOtpGateIntegrationTests" name="Attempts_are_capped_so_a_code_cannot_be_guessed" />
    </UnitTest>
    <UnitTest name="Vitorize.IntegrationTests.RegistrationOtpGateIntegrationTests.Submitting_the_registration_form_twice_creates_one_account" storage="d:\vitorize\vitorize\tests\vitorize.integrationtests\bin\debug\net8.0\vitorize.integrationtests.dll" id="86f3c726-c9b6-cdcb-4b3b-7a5e05056430">
      <Execution id="fe30c685-1d3a-42e2-a3ab-55f00ed772b0" />
      <TestMethod codeBase="D:\Vitorize\Vitorize\tests\Vitorize.IntegrationTests\bin\Debug\net8.0\Vitorize.IntegrationTests.dll" adapterTypeName="executor://xunit/VsTestRunner2/netcoreapp" className="Vitorize.IntegrationTests.RegistrationOtpGateIntegrationTests" name="Submitting_the_registration_form_twice_creates_one_account" />
    </UnitTest>
    <UnitTest name="Vitorize.IntegrationTests.RegistrationOtpGateIntegrationTests.An_abandoned_registration_never_blocks_the_real_owner" storage="d:\vitorize\vitorize\tests\vitorize.integrationtests\bin\debug\net8.0\vitorize.integrationtests.dll" id="37aac119-067f-4e80-bc8d-c96ad63cd449">
      <Execution id="286a7b97-6999-43cb-971f-f807afc52506" />
      <TestMethod codeBase="D:\Vitorize\Vitorize\tests\Vitorize.IntegrationTests\bin\Debug\net8.0\Vitorize.IntegrationTests.dll" adapterTypeName="executor://xunit/VsTestRunner2/netcoreapp" className="Vitorize.IntegrationTests.RegistrationOtpGateIntegrationTests" name="An_abandoned_registration_never_blocks_the_real_owner" />
    </UnitTest>
    <UnitTest name="Vitorize.IntegrationTests.RegistrationOtpGateIntegrationTests.A_completed_account_cannot_ask_for_a_registration_code_again" storage="d:\vitorize\vitorize\tests\vitorize.integrationtests\bin\debug\net8.0\vitorize.integrationtests.dll" id="1977fdbe-b710-71c8-813b-b4a8d03e1701">
      <Execution id="13cae557-fdd2-4d0a-b0b8-2bd4ee8e2cd9" />
      <TestMethod codeBase="D:\Vitorize\Vitorize\tests\Vitorize.IntegrationTests\bin\Debug\net8.0\Vitorize.IntegrationTests.dll" adapterTypeName="executor://xunit/VsTestRunner2/netcoreapp" className="Vitorize.IntegrationTests.RegistrationOtpGateIntegrationTests" name="A_completed_account_cannot_ask_for_a_registration_code_again" />
    </UnitTest>
    <UnitTest name="Vitorize.IntegrationTests.RegistrationOtpGateIntegrationTests.Before_verifying_the_account_cannot_sign_in_by_any_route" storage="d:\vitorize\vitorize\tests\vitorize.integrationtests\bin\debug\net8.0\vitorize.integrationtests.dll" id="450e4ba0-6553-6213-7e91-cbd891a91bea">
      <Execution id="84628919-8930-430b-90ad-f09b8d49e464" />
      <TestMethod codeBase="D:\Vitorize\Vitorize\tests\Vitorize.IntegrationTests\bin\Debug\net8.0\Vitorize.IntegrationTests.dll" adapterTypeName="executor://xunit/VsTestRunner2/netcoreapp" className="Vitorize.IntegrationTests.RegistrationOtpGateIntegrationTests" name="Before_verifying_the_account_cannot_sign_in_by_any_route" />
    </UnitTest>
    <UnitTest name="Vitorize.IntegrationTests.RegistrationOtpGateIntegrationTests.OTP_sending_is_limited_to_five_per_mobile_and_automatically_resets_after_the_window" storage="d:\vitorize\vitorize\tests\vitorize.integrationtests\bin\debug\net8.0\vitorize.integrationtests.dll" id="9bf63474-0430-7447-84f7-75f0ecf39492">
      <Execution id="9f696cfb-31df-4b02-94c1-b8bb96f94274" />
      <TestMethod codeBase="D:\Vitorize\Vitorize\tests\Vitorize.IntegrationTests\bin\Debug\net8.0\Vitorize.IntegrationTests.dll" adapterTypeName="executor://xunit/VsTestRunner2/netcoreapp" className="Vitorize.IntegrationTests.RegistrationOtpGateIntegrationTests" name="OTP_sending_is_limited_to_five_per_mobile_and_automatically_resets_after_the_window" />
    </UnitTest>
    <UnitTest name="Vitorize.IntegrationTests.RegistrationOtpGateIntegrationTests.Resending_issues_a_new_code_and_retires_the_previous_one" storage="d:\vitorize\vitorize\tests\vitorize.integrationtests\bin\debug\net8.0\vitorize.integrationtests.dll" id="b191f113-e8d6-359f-46aa-e2bbc30e23f4">
      <Execution id="46ebe789-00dc-42cd-8075-ae93b7700c7c" />
      <TestMethod codeBase="D:\Vitorize\Vitorize\tests\Vitorize.IntegrationTests\bin\Debug\net8.0\Vitorize.IntegrationTests.dll" adapterTypeName="executor://xunit/VsTestRunner2/netcoreapp" className="Vitorize.IntegrationTests.RegistrationOtpGateIntegrationTests" name="Resending_issues_a_new_code_and_retires_the_previous_one" />
    </UnitTest>
    <UnitTest name="Vitorize.IntegrationTests.RegistrationOtpGateIntegrationTests.A_mobile_that_already_has_a_real_account_is_refused_without_sending_a_code" storage="d:\vitorize\vitorize\tests\vitorize.integrationtests\bin\debug\net8.0\vitorize.integrationtests.dll" id="b23fcece-1c7b-8674-07e3-4249fa3b1d8e">
      <Execution id="46096dc1-8803-4acc-89a9-de2123d1f2c6" />
      <TestMethod codeBase="D:\Vitorize\Vitorize\tests\Vitorize.IntegrationTests\bin\Debug\net8.0\Vitorize.IntegrationTests.dll" adapterTypeName="executor://xunit/VsTestRunner2/netcoreapp" className="Vitorize.IntegrationTests.RegistrationOtpGateIntegrationTests" name="A_mobile_that_already_has_a_real_account_is_refused_without_sending_a_code" />
    </UnitTest>
    <UnitTest name="Vitorize.IntegrationTests.RegistrationOtpGateIntegrationTests.The_verification_response_carries_no_code_and_no_password" storage="d:\vitorize\vitorize\tests\vitorize.integrationtests\bin\debug\net8.0\vitorize.integrationtests.dll" id="a805d57a-0ea8-4412-a60f-a59e4b71dffe">
      <Execution id="dcc0e478-00f0-4f97-9731-1069c6557bc6" />
      <TestMethod codeBase="D:\Vitorize\Vitorize\tests\Vitorize.IntegrationTests\bin\Debug\net8.0\Vitorize.IntegrationTests.dll" adapterTypeName="executor://xunit/VsTestRunner2/netcoreapp" className="Vitorize.IntegrationTests.RegistrationOtpGateIntegrationTests" name="The_verification_response_carries_no_code_and_no_password" />
    </UnitTest>
    <UnitTest name="Vitorize.IntegrationTests.RegistrationOtpGateIntegrationTests.The_password_is_stored_hashed_at_the_first_step_and_never_returned" storage="d:\vitorize\vitorize\tests\vitorize.integrationtests\bin\debug\net8.0\vitorize.integrationtests.dll" id="d8331f6c-35bb-63dd-1ca5-151865d21f25">
      <Execution id="ff821a3d-ed95-4dcb-8497-7a9b217220e3" />
      <TestMethod codeBase="D:\Vitorize\Vitorize\tests\Vitorize.IntegrationTests\bin\Debug\net8.0\Vitorize.IntegrationTests.dll" adapterTypeName="executor://xunit/VsTestRunner2/netcoreapp" className="Vitorize.IntegrationTests.RegistrationOtpGateIntegrationTests" name="The_password_is_stored_hashed_at_the_first_step_and_never_returned" />
    </UnitTest>
    <UnitTest name="Vitorize.IntegrationTests.RegistrationOtpGateIntegrationTests.A_registration_code_cannot_complete_a_login" storage="d:\vitorize\vitorize\tests\vitorize.integrationtests\bin\debug\net8.0\vitorize.integrationtests.dll" id="eb544676-0864-50e9-7a09-7b12f89dc566">
      <Execution id="e374b63f-59cb-4ed9-bdfe-f8ee2c6a497b" />
      <TestMethod codeBase="D:\Vitorize\Vitorize\tests\Vitorize.IntegrationTests\bin\Debug\net8.0\Vitorize.IntegrationTests.dll" adapterTypeName="executor://xunit/VsTestRunner2/netcoreapp" className="Vitorize.IntegrationTests.RegistrationOtpGateIntegrationTests" name="A_registration_code_cannot_complete_a_login" />
    </UnitTest>
    <UnitTest name="Vitorize.IntegrationTests.RegistrationOtpGateIntegrationTests.The_correct_code_confirms_the_mobile_and_authenticates_immediately" storage="d:\vitorize\vitorize\tests\vitorize.integrationtests\bin\debug\net8.0\vitorize.integrationtests.dll" id="a5bd2ea5-955f-72b5-a244-b48575000f7e">
      <Execution id="fe5dfa48-b91c-43d5-9aae-429a09fbe836" />
      <TestMethod codeBase="D:\Vitorize\Vitorize\tests\Vitorize.IntegrationTests\bin\Debug\net8.0\Vitorize.IntegrationTests.dll" adapterTypeName="executor://xunit/VsTestRunner2/netcoreapp" className="Vitorize.IntegrationTests.RegistrationOtpGateIntegrationTests" name="The_correct_code_confirms_the_mobile_and_authenticates_immediately" />
    </UnitTest>
    <UnitTest name="Vitorize.IntegrationTests.RegistrationOtpGateIntegrationTests.A_wrong_code_does_not_complete_the_registration" storage="d:\vitorize\vitorize\tests\vitorize.integrationtests\bin\debug\net8.0\vitorize.integrationtests.dll" id="7e118eb8-c46c-07f1-d171-ed9b77ff33cd">
      <Execution id="fe85a932-567b-4f56-a44a-dafd36defd24" />
      <TestMethod codeBase="D:\Vitorize\Vitorize\tests\Vitorize.IntegrationTests\bin\Debug\net8.0\Vitorize.IntegrationTests.dll" adapterTypeName="executor://xunit/VsTestRunner2/netcoreapp" className="Vitorize.IntegrationTests.RegistrationOtpGateIntegrationTests" name="A_wrong_code_does_not_complete_the_registration" />
    </UnitTest>
  </TestDefinitions>
  <TestEntries>
    <TestEntry testId="1977fdbe-b710-71c8-813b-b4a8d03e1701" executionId="13cae557-fdd2-4d0a-b0b8-2bd4ee8e2cd9" testListId="8c84fa94-04c1-424b-9868-57a2d4851a1d" />
    <TestEntry testId="37aac119-067f-4e80-bc8d-c96ad63cd449" executionId="286a7b97-6999-43cb-971f-f807afc52506" testListId="8c84fa94-04c1-424b-9868-57a2d4851a1d" />
    <TestEntry testId="e7751feb-6dc7-74b8-164d-6f253faf8acc" executionId="1c8dbcb0-af62-43c9-87c7-128f848a3b6b" testListId="8c84fa94-04c1-424b-9868-57a2d4851a1d" />
    <TestEntry testId="d8331f6c-35bb-63dd-1ca5-151865d21f25" executionId="ff821a3d-ed95-4dcb-8497-7a9b217220e3" testListId="8c84fa94-04c1-424b-9868-57a2d4851a1d" />
    <TestEntry testId="29154f11-8603-7a66-a87f-9e2f4004b33a" executionId="464baa54-9ab7-4b0a-afea-c63a8e26c424" testListId="8c84fa94-04c1-424b-9868-57a2d4851a1d" />
    <TestEntry testId="b23fcece-1c7b-8674-07e3-4249fa3b1d8e" executionId="46096dc1-8803-4acc-89a9-de2123d1f2c6" testListId="8c84fa94-04c1-424b-9868-57a2d4851a1d" />
    <TestEntry testId="a805d57a-0ea8-4412-a60f-a59e4b71dffe" executionId="dcc0e478-00f0-4f97-9731-1069c6557bc6" testListId="8c84fa94-04c1-424b-9868-57a2d4851a1d" />
    <TestEntry testId="d680d462-7b5c-5c51-394f-dd34dc456061" executionId="466da3c2-86f9-4ec4-b8c8-1de51685c887" testListId="8c84fa94-04c1-424b-9868-57a2d4851a1d" />
    <TestEntry testId="9bf63474-0430-7447-84f7-75f0ecf39492" executionId="9f696cfb-31df-4b02-94c1-b8bb96f94274" testListId="8c84fa94-04c1-424b-9868-57a2d4851a1d" />
    <TestEntry testId="a5bd2ea5-955f-72b5-a244-b48575000f7e" executionId="fe5dfa48-b91c-43d5-9aae-429a09fbe836" testListId="8c84fa94-04c1-424b-9868-57a2d4851a1d" />
    <TestEntry testId="450e4ba0-6553-6213-7e91-cbd891a91bea" executionId="84628919-8930-430b-90ad-f09b8d49e464" testListId="8c84fa94-04c1-424b-9868-57a2d4851a1d" />
    <TestEntry testId="d2c5d1d6-5224-9446-a763-59c072cacc29" executionId="e50853a8-c744-4d60-b58e-01a148eb0eb9" testListId="8c84fa94-04c1-424b-9868-57a2d4851a1d" />
    <TestEntry testId="947f6fc0-0e17-2867-a0a8-9c73eee22d6b" executionId="97d19748-f19f-4811-a8df-14f6c5b33cb9" testListId="8c84fa94-04c1-424b-9868-57a2d4851a1d" />
    <TestEntry testId="04c9a4cd-ec52-579b-0773-466c0ae843f3" executionId="dde97d2f-1cf1-44b8-8e8e-c31c6e86a866" testListId="8c84fa94-04c1-424b-9868-57a2d4851a1d" />
    <TestEntry testId="86f3c726-c9b6-cdcb-4b3b-7a5e05056430" executionId="fe30c685-1d3a-42e2-a3ab-55f00ed772b0" testListId="8c84fa94-04c1-424b-9868-57a2d4851a1d" />
    <TestEntry testId="2c53a9ba-f5a8-c1e2-a65b-834764807a8f" executionId="45b65754-7dbf-4b9e-9f50-1692bc084178" testListId="8c84fa94-04c1-424b-9868-57a2d4851a1d" />
    <TestEntry testId="eb544676-0864-50e9-7a09-7b12f89dc566" executionId="e374b63f-59cb-4ed9-bdfe-f8ee2c6a497b" testListId="8c84fa94-04c1-424b-9868-57a2d4851a1d" />
    <TestEntry testId="7e118eb8-c46c-07f1-d171-ed9b77ff33cd" executionId="fe85a932-567b-4f56-a44a-dafd36defd24" testListId="8c84fa94-04c1-424b-9868-57a2d4851a1d" />
    <TestEntry testId="72617d55-86e0-972b-1820-3883aeeee3f3" executionId="df888502-3e8f-4764-915f-5df608b698d7" testListId="8c84fa94-04c1-424b-9868-57a2d4851a1d" />
    <TestEntry testId="b191f113-e8d6-359f-46aa-e2bbc30e23f4" executionId="46ebe789-00dc-42cd-8075-ae93b7700c7c" testListId="8c84fa94-04c1-424b-9868-57a2d4851a1d" />
  </TestEntries>
  <TestLists>
    <TestList name="Results Not in a List" id="8c84fa94-04c1-424b-9868-57a2d4851a1d" />
    <TestList name="All Loaded Results" id="19431567-8539-422a-85d7-44ee4e166bda" />
  </TestLists>
  <ResultSummary outcome="Completed">
    <Counters total="20" executed="20" passed="20" failed="0" error="0" timeout="0" aborted="0" inconclusive="0" passedButRunAborted="0" notRunnable="0" notExecuted="0" disconnected="0" warning="0" completed="0" inProgress="0" pending="0" />
    <Output>
      <StdOut>[xUnit.net 00:00:00.00] xUnit.net VSTest Adapter v2.8.2+699d445a1a (64-bit .NET 8.0.28)&#xD;
[xUnit.net 00:00:00.09]   Discovering: Vitorize.IntegrationTests&#xD;
[xUnit.net 00:00:00.19]   Discovered:  Vitorize.IntegrationTests&#xD;
[xUnit.net 00:00:00.20]   Starting:    Vitorize.IntegrationTests&#xD;
[16:44:48 INF] Vitorize API bootstrap starting&#xD;
[2026-09-07 16:44:55.561 +03:30 WRN] [Vitorize.Api] [SeqDisabled] [CorrelationId:] [TraceId:] Seq is disabled; console and file sinks remain active. EventType=SeqDisabled&#xD;
[2026-09-07 16:44:55.801 +03:30 INF] [Vitorize.Api] [ApplicationStarted] [CorrelationId:] [TraceId:] Vitorize API started in Testing. EventType=ApplicationStarted&#xD;
[2026-09-07 16:45:00.502 +03:30 WRN] [Vitorize.Api] [] [CorrelationId:fe8ffcc0ee16de176b57dad14cfc2eb8] [TraceId:539068b03685d7be35501ac1a3b04ca0] Savepoints are disabled because Multiple Active Result Sets (MARS) is enabled. If 'SaveChanges' fails, then the transaction cannot be automatically rolled back to a known clean state. Instead, the transaction should be rolled back by the application before retrying 'SaveChanges'. See https://go.microsoft.com/fwlink/?linkid=2149338 for more information and examples. To identify the code which triggers this warning, call 'ConfigureWarnings(w =&gt; w.Throw(SqlServerEventId.SavepointsDisabledBecauseOfMARS))'.&#xD;
[2026-09-07 16:45:00.528 +03:30 INF] [Vitorize.Api] [SmsSent] [CorrelationId:fe8ffcc0ee16de176b57dad14cfc2eb8] [TraceId:539068b03685d7be35501ac1a3b04ca0] SMS sent. Purpose=Text Mobile=0912***8171 Provider=Asanak TemplateId=null MessageId=sms-0ed9e43082c34dcdb33c004531d1778c EventType=SmsSent&#xD;
[2026-09-07 16:45:00.858 +03:30 INF] [Vitorize.Api] [OtpRequested] [CorrelationId:fe8ffcc0ee16de176b57dad14cfc2eb8] [TraceId:539068b03685d7be35501ac1a3b04ca0] OTP requested and sent. UserId=18ca059e-7f89-4810-99cc-eb10ca7cf32b MaskedMobile=091***8171 Purpose=MobileVerification EventType=OtpRequested&#xD;
[2026-09-07 16:45:00.914 +03:30 INF] [Vitorize.Api] [HttpRequestCompleted] [CorrelationId:fe8ffcc0ee16de176b57dad14cfc2eb8] [TraceId:539068b03685d7be35501ac1a3b04ca0] HTTP POST /api/auth/register responded 200 in 2050.5488 ms&#xD;
[2026-09-07 16:45:01.555 +03:30 INF] [Vitorize.Api] [HttpRequestCompleted] [CorrelationId:81b01fdd760f4e3f55ca3b40176c2a78] [TraceId:9add4eb7fc152a375f77594afda97a55] HTTP POST /api/auth/login responded 400 in 616.5253 ms&#xD;
[2026-09-07 16:45:01.650 +03:30 INF] [Vitorize.Api] [HttpRequestCompleted] [CorrelationId:2f9890189fb702a15a5ab93742f11289] [TraceId:097fa24e2aea36e5b9fdb13eafae11a1] HTTP POST /api/auth/login/otp/request responded 200 in 53.3695 ms&#xD;
[2026-09-07 16:45:02.462 +03:30 WRN] [Vitorize.Api] [] [CorrelationId:ea3de8724e2e5a74cd15774218a4f8f4] [TraceId:84254a641230e073940c12b99b4d4d42] Savepoints are disabled because Multiple Active Result Sets (MARS) is enabled. If 'SaveChanges' fails, then the transaction cannot be automatically rolled back to a known clean state. Instead, the transaction should be rolled back by the application before retrying 'SaveChanges'. See https://go.microsoft.com/fwlink/?linkid=2149338 for more information and examples. To identify the code which triggers this warning, call 'ConfigureWarnings(w =&gt; w.Throw(SqlServerEventId.SavepointsDisabledBecauseOfMARS))'.&#xD;
[2026-09-07 16:45:02.473 +03:30 INF] [Vitorize.Api] [SmsSent] [CorrelationId:ea3de8724e2e5a74cd15774218a4f8f4] [TraceId:84254a641230e073940c12b99b4d4d42] SMS sent. Purpose=Text Mobile=0912***7197 Provider=Asanak TemplateId=null MessageId=sms-efd5611defdb42249dd6b1f4f111eac1 EventType=SmsSent&#xD;
[2026-09-07 16:45:02.510 +03:30 INF] [Vitorize.Api] [OtpRequested] [CorrelationId:ea3de8724e2e5a74cd15774218a4f8f4] [TraceId:84254a641230e073940c12b99b4d4d42] OTP requested and sent. UserId=297f2af6-fbc0-4d5c-b2b8-16102dd01db0 MaskedMobile=091***7197 Purpose=MobileVerification EventType=OtpRequested&#xD;
[2026-09-07 16:45:02.515 +03:30 INF] [Vitorize.Api] [HttpRequestCompleted] [CorrelationId:ea3de8724e2e5a74cd15774218a4f8f4] [TraceId:84254a641230e073940c12b99b4d4d42] HTTP POST /api/auth/register responded 200 in 691.9254 ms&#xD;
[2026-09-07 16:45:02.665 +03:30 WRN] [Vitorize.Api] [] [CorrelationId:ab27d955600901125a32f8d1c204429a] [TraceId:b65ce9f8d3eb3b141032fc31d141ad5a] Savepoints are disabled because Multiple Active Result Sets (MARS) is enabled. If 'SaveChanges' fails, then the transaction cannot be automatically rolled back to a known clean state. Instead, the transaction should be rolled back by the application before retrying 'SaveChanges'. See https://go.microsoft.com/fwlink/?linkid=2149338 for more information and examples. To identify the code which triggers this warning, call 'ConfigureWarnings(w =&gt; w.Throw(SqlServerEventId.SavepointsDisabledBecauseOfMARS))'.&#xD;
[2026-09-07 16:45:02.679 +03:30 INF] [Vitorize.Api] [HttpRequestCompleted] [CorrelationId:ab27d955600901125a32f8d1c204429a] [TraceId:b65ce9f8d3eb3b141032fc31d141ad5a] HTTP POST /api/auth/register/verify responded 400 in 70.9797 ms&#xD;
[2026-09-07 16:45:03.346 +03:30 WRN] [Vitorize.Api] [] [CorrelationId:fa3bedc142b1cb8997a87178e1153b98] [TraceId:28af702145f37b896dc4eddb0d4d45cf] Savepoints are disabled because Multiple Active Result Sets (MARS) is enabled. If 'SaveChanges' fails, then the transaction cannot be automatically rolled back to a known clean state. Instead, the transaction should be rolled back by the application before retrying 'SaveChanges'. See https://go.microsoft.com/fwlink/?linkid=2149338 for more information and examples. To identify the code which triggers this warning, call 'ConfigureWarnings(w =&gt; w.Throw(SqlServerEventId.SavepointsDisabledBecauseOfMARS))'.&#xD;
[2026-09-07 16:45:03.359 +03:30 INF] [Vitorize.Api] [SmsSent] [CorrelationId:fa3bedc142b1cb8997a87178e1153b98] [TraceId:28af702145f37b896dc4eddb0d4d45cf] SMS sent. Purpose=Text Mobile=0912***2768 Provider=Asanak TemplateId=null MessageId=sms-737c1e365a7e45f893a33913100b8317 EventType=SmsSent&#xD;
[2026-09-07 16:45:03.383 +03:30 INF] [Vitorize.Api] [OtpRequested] [CorrelationId:fa3bedc142b1cb8997a87178e1153b98] [TraceId:28af702145f37b896dc4eddb0d4d45cf] OTP requested and sent. UserId=78319404-c395-4cc9-a41a-06fc3ced786f MaskedMobile=091***2768 Purpose=MobileVerification EventType=OtpRequested&#xD;
[2026-09-07 16:45:03.391 +03:30 INF] [Vitorize.Api] [HttpRequestCompleted] [CorrelationId:fa3bedc142b1cb8997a87178e1153b98] [TraceId:28af702145f37b896dc4eddb0d4d45cf] HTTP POST /api/auth/register responded 200 in 651.9901 ms&#xD;
[2026-09-07 16:45:03.588 +03:30 WRN] [Vitorize.Api] [] [CorrelationId:5e2a7ffe7d83fb6305cb28301a28890a] [TraceId:77f271247f38f572be433f184af19898] Savepoints are disabled because Multiple Active Result Sets (MARS) is enabled. If 'SaveChanges' fails, then the transaction cannot be automatically rolled back to a known clean state. Instead, the transaction should be rolled back by the application before retrying 'SaveChanges'. See https://go.microsoft.com/fwlink/?linkid=2149338 for more information and examples. To identify the code which triggers this warning, call 'ConfigureWarnings(w =&gt; w.Throw(SqlServerEventId.SavepointsDisabledBecauseOfMARS))'.&#xD;
[2026-09-07 16:45:03.647 +03:30 INF] [Vitorize.Api] [RegistrationVerified] [CorrelationId:5e2a7ffe7d83fb6305cb28301a28890a] [TraceId:77f271247f38f572be433f184af19898] Registration verified for user 78319404-c395-4cc9-a41a-06fc3ced786f. EventType=RegistrationVerified&#xD;
[2026-09-07 16:45:03.659 +03:30 INF] [Vitorize.Api] [HttpRequestCompleted] [CorrelationId:5e2a7ffe7d83fb6305cb28301a28890a] [TraceId:77f271247f38f572be433f184af19898] HTTP POST /api/auth/register/verify responded 200 in 226.2870 ms&#xD;
[2026-09-07 16:45:03.973 +03:30 INF] [Vitorize.Api] [HttpRequestCompleted] [CorrelationId:3a378ab489e67741a669ef5b7b469cf8] [TraceId:038ab6b629bea5dde795a38723059396] HTTP POST /api/auth/register responded 400 in 16.0485 ms&#xD;
[2026-09-07 16:45:04.581 +03:30 WRN] [Vitorize.Api] [] [CorrelationId:7324c3e26a87019d1b6d0a43e401a84e] [TraceId:dba365f875cff00518c023e415d20f4c] Savepoints are disabled because Multiple Active Result Sets (MARS) is enabled. If 'SaveChanges' fails, then the transaction cannot be automatically rolled back to a known clean state. Instead, the transaction should be rolled back by the application before retrying 'SaveChanges'. See https://go.microsoft.com/fwlink/?linkid=2149338 for more information and examples. To identify the code which triggers this warning, call 'ConfigureWarnings(w =&gt; w.Throw(SqlServerEventId.SavepointsDisabledBecauseOfMARS))'.&#xD;
[2026-09-07 16:45:04.590 +03:30 INF] [Vitorize.Api] [SmsSent] [CorrelationId:7324c3e26a87019d1b6d0a43e401a84e] [TraceId:dba365f875cff00518c023e415d20f4c] SMS sent. Purpose=Text Mobile=0912***5773 Provider=Asanak TemplateId=null MessageId=sms-c995f6bfa2c74a568230bc3d8085c72a EventType=SmsSent&#xD;
[2026-09-07 16:45:04.617 +03:30 INF] [Vitorize.Api] [OtpRequested] [CorrelationId:7324c3e26a87019d1b6d0a43e401a84e] [TraceId:dba365f875cff00518c023e415d20f4c] OTP requested and sent. UserId=1cc5d337-99d3-483b-9198-b1a15a501532 MaskedMobile=091***5773 Purpose=MobileVerification EventType=OtpRequested&#xD;
[2026-09-07 16:45:04.620 +03:30 INF] [Vitorize.Api] [HttpRequestCompleted] [CorrelationId:7324c3e26a87019d1b6d0a43e401a84e] [TraceId:dba365f875cff00518c023e415d20f4c] HTTP POST /api/auth/register responded 200 in 586.2880 ms&#xD;
[2026-09-07 16:45:04.652 +03:30 WRN] [Vitorize.Api] [] [CorrelationId:b3560284bcbe8b86c676619a26bf8a77] [TraceId:5d58f4b01ef93805b4de2a726390a7a1] Savepoints are disabled because Multiple Active Result Sets (MARS) is enabled. If 'SaveChanges' fails, then the transaction cannot be automatically rolled back to a known clean state. Instead, the transaction should be rolled back by the application before retrying 'SaveChanges'. See https://go.microsoft.com/fwlink/?linkid=2149338 for more information and examples. To identify the code which triggers this warning, call 'ConfigureWarnings(w =&gt; w.Throw(SqlServerEventId.SavepointsDisabledBecauseOfMARS))'.&#xD;
[2026-09-07 16:45:04.666 +03:30 INF] [Vitorize.Api] [HttpRequestCompleted] [CorrelationId:b3560284bcbe8b86c676619a26bf8a77] [TraceId:5d58f4b01ef93805b4de2a726390a7a1] HTTP POST /api/auth/register/verify responded 400 in 30.2316 ms&#xD;
[2026-09-07 16:45:04.675 +03:30 WRN] [Vitorize.Api] [] [CorrelationId:48b580793c0ef39a66fd7efe9d86f89f] [TraceId:9d3a4a7e7685172e45fd8762ceb45b7d] Savepoints are disabled because Multiple Active Result Sets (MARS) is enabled. If 'SaveChanges' fails, then the transaction cannot be automatically rolled back to a known clean state. Instead, the transaction should be rolled back by the application before retrying 'SaveChanges'. See https://go.microsoft.com/fwlink/?linkid=2149338 for more information and examples. To identify the code which triggers this warning, call 'ConfigureWarnings(w =&gt; w.Throw(SqlServerEventId.SavepointsDisabledBecauseOfMARS))'.&#xD;
[2026-09-07 16:45:04.683 +03:30 INF] [Vitorize.Api] [HttpRequestCompleted] [CorrelationId:48b580793c0ef39a66fd7efe9d86f89f] [TraceId:9d3a4a7e7685172e45fd8762ceb45b7d] HTTP POST /api/auth/register/verify responded 400 in 14.7157 ms&#xD;
[2026-09-07 16:45:04.694 +03:30 WRN] [Vitorize.Api] [] [CorrelationId:c3327e85153b91704e68a408bf595517] [TraceId:3aab0f290a2ef741f652671e77a62edc] Savepoints are disabled because Multiple Active Result Sets (MARS) is enabled. If 'SaveChanges' fails, then the transaction cannot be automatically rolled back to a known clean state. Instead, the transaction should be rolled back by the application before retrying 'SaveChanges'. See https://go.microsoft.com/fwlink/?linkid=2149338 for more information and examples. To identify the code which triggers this warning, call 'ConfigureWarnings(w =&gt; w.Throw(SqlServerEventId.SavepointsDisabledBecauseOfMARS))'.&#xD;
[2026-09-07 16:45:04.716 +03:30 INF] [Vitorize.Api] [HttpRequestCompleted] [CorrelationId:c3327e85153b91704e68a408bf595517] [TraceId:3aab0f290a2ef741f652671e77a62edc] HTTP POST /api/auth/register/verify responded 400 in 31.4975 ms&#xD;
[2026-09-07 16:45:04.729 +03:30 WRN] [Vitorize.Api] [] [CorrelationId:fb66f608694c1f2cbb6f6b0e963f13a5] [TraceId:0e324bcad6b573fa8b957058d49105d5] Savepoints are disabled because Multiple Active Result Sets (MARS) is enabled. If 'SaveChanges' fails, then the transaction cannot be automatically rolled back to a known clean state. Instead, the transaction should be rolled back by the application before retrying 'SaveChanges'. See https://go.microsoft.com/fwlink/?linkid=2149338 for more information and examples. To identify the code which triggers this warning, call 'ConfigureWarnings(w =&gt; w.Throw(SqlServerEventId.SavepointsDisabledBecauseOfMARS))'.&#xD;
[2026-09-07 16:45:04.735 +03:30 INF] [Vitorize.Api] [HttpRequestCompleted] [CorrelationId:fb66f608694c1f2cbb6f6b0e963f13a5] [TraceId:0e324bcad6b573fa8b957058d49105d5] HTTP POST /api/auth/register/verify responded 400 in 16.6411 ms&#xD;
[2026-09-07 16:45:04.748 +03:30 WRN] [Vitorize.Api] [] [CorrelationId:4e5d76e07df7040351e5d532ff0405cf] [TraceId:0d7a5762501301612aa1b2590a4b7ae8] Savepoints are disabled because Multiple Active Result Sets (MARS) is enabled. If 'SaveChanges' fails, then the transaction cannot be automatically rolled back to a known clean state. Instead, the transaction should be rolled back by the application before retrying 'SaveChanges'. See https://go.microsoft.com/fwlink/?linkid=2149338 for more information and examples. To identify the code which triggers this warning, call 'ConfigureWarnings(w =&gt; w.Throw(SqlServerEventId.SavepointsDisabledBecauseOfMARS))'.&#xD;
[2026-09-07 16:45:04.753 +03:30 INF] [Vitorize.Api] [HttpRequestCompleted] [CorrelationId:4e5d76e07df7040351e5d532ff0405cf] [TraceId:0d7a5762501301612aa1b2590a4b7ae8] HTTP POST /api/auth/register/verify responded 400 in 15.5044 ms&#xD;
[2026-09-07 16:45:04.769 +03:30 WRN] [Vitorize.Api] [] [CorrelationId:fb88b583b8ef59619470613cc6adbbb6] [TraceId:b5504ee03ecff531ee0a6218c490cb7b] Savepoints are disabled because Multiple Active Result Sets (MARS) is enabled. If 'SaveChanges' fails, then the transaction cannot be automatically rolled back to a known clean state. Instead, the transaction should be rolled back by the application before retrying 'SaveChanges'. See https://go.microsoft.com/fwlink/?linkid=2149338 for more information and examples. To identify the code which triggers this warning, call 'ConfigureWarnings(w =&gt; w.Throw(SqlServerEventId.SavepointsDisabledBecauseOfMARS))'.&#xD;
[2026-09-07 16:45:04.773 +03:30 INF] [Vitorize.Api] [HttpRequestCompleted] [CorrelationId:fb88b583b8ef59619470613cc6adbbb6] [TraceId:b5504ee03ecff531ee0a6218c490cb7b] HTTP POST /api/auth/register/verify responded 400 in 17.0727 ms&#xD;
[2026-09-07 16:45:04.783 +03:30 WRN] [Vitorize.Api] [] [CorrelationId:6d2345ea47305f832aadc98187848fbf] [TraceId:f36abe133f468f830d858b484bdd04b4] Savepoints are disabled because Multiple Active Result Sets (MARS) is enabled. If 'SaveChanges' fails, then the transaction cannot be automatically rolled back to a known clean state. Instead, the transaction should be rolled back by the application before retrying 'SaveChanges'. See https://go.microsoft.com/fwlink/?linkid=2149338 for more information and examples. To identify the code which triggers this warning, call 'ConfigureWarnings(w =&gt; w.Throw(SqlServerEventId.SavepointsDisabledBecauseOfMARS))'.&#xD;
[2026-09-07 16:45:04.786 +03:30 INF] [Vitorize.Api] [HttpRequestCompleted] [CorrelationId:6d2345ea47305f832aadc98187848fbf] [TraceId:f36abe133f468f830d858b484bdd04b4] HTTP POST /api/auth/register/verify responded 400 in 10.5540 ms&#xD;
[2026-09-07 16:45:05.364 +03:30 WRN] [Vitorize.Api] [] [CorrelationId:2cef5953726a967e655d65d2f1c93f05] [TraceId:0ce605f8dff9a23748b3e52cd36dae85] Savepoints are disabled because Multiple Active Result Sets (MARS) is enabled. If 'SaveChanges' fails, then the transaction cannot be automatically rolled back to a known clean state. Instead, the transaction should be rolled back by the application before retrying 'SaveChanges'. See https://go.microsoft.com/fwlink/?linkid=2149338 for more information and examples. To identify the code which triggers this warning, call 'ConfigureWarnings(w =&gt; w.Throw(SqlServerEventId.SavepointsDisabledBecauseOfMARS))'.&#xD;
[2026-09-07 16:45:05.378 +03:30 INF] [Vitorize.Api] [SmsSent] [CorrelationId:2cef5953726a967e655d65d2f1c93f05] [TraceId:0ce605f8dff9a23748b3e52cd36dae85] SMS sent. Purpose=Text Mobile=0912***5282 Provider=Asanak TemplateId=null MessageId=sms-2bbaf393224343bbbb723111500abdcc EventType=SmsSent&#xD;
[2026-09-07 16:45:05.395 +03:30 INF] [Vitorize.Api] [OtpRequested] [CorrelationId:2cef5953726a967e655d65d2f1c93f05] [TraceId:0ce605f8dff9a23748b3e52cd36dae85] OTP requested and sent. UserId=2007c85f-c340-4c28-9692-33e67461f7d7 MaskedMobile=091***5282 Purpose=MobileVerification EventType=OtpRequested&#xD;
[2026-09-07 16:45:05.402 +03:30 INF] [Vitorize.Api] [HttpRequestCompleted] [CorrelationId:2cef5953726a967e655d65d2f1c93f05] [TraceId:0ce605f8dff9a23748b3e52cd36dae85] HTTP POST /api/auth/register responded 200 in 589.1927 ms&#xD;
[2026-09-07 16:45:06.014 +03:30 WRN] [Vitorize.Api] [] [CorrelationId:a661094026daccbc93abc5a8b42c0f55] [TraceId:5ff76bc3fe5e2def18e31cca050c1947] Savepoints are disabled because Multiple Active Result Sets (MARS) is enabled. If 'SaveChanges' fails, then the transaction cannot be automatically rolled back to a known clean state. Instead, the transaction should be rolled back by the application before retrying 'SaveChanges'. See https://go.microsoft.com/fwlink/?linkid=2149338 for more information and examples. To identify the code which triggers this warning, call 'ConfigureWarnings(w =&gt; w.Throw(SqlServerEventId.SavepointsDisabledBecauseOfMARS))'.&#xD;
[2026-09-07 16:45:06.027 +03:30 INF] [Vitorize.Api] [SmsSent] [CorrelationId:a661094026daccbc93abc5a8b42c0f55] [TraceId:5ff76bc3fe5e2def18e31cca050c1947] SMS sent. Purpose=Text Mobile=0912***2404 Provider=Asanak TemplateId=null MessageId=sms-aa0e4f9175584e6d8a149ec7d0b54732 EventType=SmsSent&#xD;
[2026-09-07 16:45:06.118 +03:30 INF] [Vitorize.Api] [OtpRequested] [CorrelationId:a661094026daccbc93abc5a8b42c0f55] [TraceId:5ff76bc3fe5e2def18e31cca050c1947] OTP requested and sent. UserId=2aea666d-1e97-47e4-849b-78df8c61620d MaskedMobile=091***2404 Purpose=MobileVerification EventType=OtpRequested&#xD;
[2026-09-07 16:45:06.123 +03:30 INF] [Vitorize.Api] [HttpRequestCompleted] [CorrelationId:a661094026daccbc93abc5a8b42c0f55] [TraceId:5ff76bc3fe5e2def18e31cca050c1947] HTTP POST /api/auth/register responded 200 in 671.0828 ms&#xD;
[2026-09-07 16:45:06.151 +03:30 WRN] [Vitorize.Api] [] [CorrelationId:2f659c076ae163d4c752f2cdfc6c2366] [TraceId:e7428bf0a310342365907dde176cd6d6] Savepoints are disabled because Multiple Active Result Sets (MARS) is enabled. If 'SaveChanges' fails, then the transaction cannot be automatically rolled back to a known clean state. Instead, the transaction should be rolled back by the application before retrying 'SaveChanges'. See https://go.microsoft.com/fwlink/?linkid=2149338 for more information and examples. To identify the code which triggers this warning, call 'ConfigureWarnings(w =&gt; w.Throw(SqlServerEventId.SavepointsDisabledBecauseOfMARS))'.&#xD;
[2026-09-07 16:45:06.180 +03:30 INF] [Vitorize.Api] [RegistrationVerified] [CorrelationId:2f659c076ae163d4c752f2cdfc6c2366] [TraceId:e7428bf0a310342365907dde176cd6d6] Registration verified for user 2aea666d-1e97-47e4-849b-78df8c61620d. EventType=RegistrationVerified&#xD;
[2026-09-07 16:45:06.181 +03:30 INF] [Vitorize.Api] [HttpRequestCompleted] [CorrelationId:2f659c076ae163d4c752f2cdfc6c2366] [TraceId:e7428bf0a310342365907dde176cd6d6] HTTP POST /api/auth/register/verify responded 200 in 41.6645 ms&#xD;
[2026-09-07 16:45:06.755 +03:30 WRN] [Vitorize.Api] [] [CorrelationId:cd3d9912c971a559d7c549d2cc2319fd] [TraceId:a33157791b4d1d2a35c67b9f525fecc2] Savepoints are disabled because Multiple Active Result Sets (MARS) is enabled. If 'SaveChanges' fails, then the transaction cannot be automatically rolled back to a known clean state. Instead, the transaction should be rolled back by the application before retrying 'SaveChanges'. See https://go.microsoft.com/fwlink/?linkid=2149338 for more information and examples. To identify the code which triggers this warning, call 'ConfigureWarnings(w =&gt; w.Throw(SqlServerEventId.SavepointsDisabledBecauseOfMARS))'.&#xD;
[2026-09-07 16:45:06.768 +03:30 INF] [Vitorize.Api] [SmsSent] [CorrelationId:cd3d9912c971a559d7c549d2cc2319fd] [TraceId:a33157791b4d1d2a35c67b9f525fecc2] SMS sent. Purpose=Text Mobile=0912***9569 Provider=Asanak TemplateId=null MessageId=sms-e15ea21e1f734637b2e98de85db3355e EventType=SmsSent&#xD;
[2026-09-07 16:45:06.779 +03:30 INF] [Vitorize.Api] [OtpRequested] [CorrelationId:cd3d9912c971a559d7c549d2cc2319fd] [TraceId:a33157791b4d1d2a35c67b9f525fecc2] OTP requested and sent. UserId=df5d077a-f621-4605-9222-87fb9b9f81bf MaskedMobile=091***9569 Purpose=MobileVerification EventType=OtpRequested&#xD;
[2026-09-07 16:45:06.782 +03:30 INF] [Vitorize.Api] [HttpRequestCompleted] [CorrelationId:cd3d9912c971a559d7c549d2cc2319fd] [TraceId:a33157791b4d1d2a35c67b9f525fecc2] HTTP POST /api/auth/register responded 200 in 575.4408 ms&#xD;
[2026-09-07 16:45:07.343 +03:30 WRN] [Vitorize.Api] [] [CorrelationId:cc50cf5ed65600b38fa59edc42bfe8d8] [TraceId:92b7716232487b1d9360a7fbbad6fafd] Savepoints are disabled because Multiple Active Result Sets (MARS) is enabled. If 'SaveChanges' fails, then the transaction cannot be automatically rolled back to a known clean state. Instead, the transaction should be rolled back by the application before retrying 'SaveChanges'. See https://go.microsoft.com/fwlink/?linkid=2149338 for more information and examples. To identify the code which triggers this warning, call 'ConfigureWarnings(w =&gt; w.Throw(SqlServerEventId.SavepointsDisabledBecauseOfMARS))'.&#xD;
[2026-09-07 16:45:07.365 +03:30 INF] [Vitorize.Api] [SmsSent] [CorrelationId:cc50cf5ed65600b38fa59edc42bfe8d8] [TraceId:92b7716232487b1d9360a7fbbad6fafd] SMS sent. Purpose=Text Mobile=0912***9569 Provider=Asanak TemplateId=null MessageId=sms-72eb919f22c34b1388e1f937a6de8248 EventType=SmsSent&#xD;
[2026-09-07 16:45:07.377 +03:30 INF] [Vitorize.Api] [OtpRequested] [CorrelationId:cc50cf5ed65600b38fa59edc42bfe8d8] [TraceId:92b7716232487b1d9360a7fbbad6fafd] OTP requested and sent. UserId=df5d077a-f621-4605-9222-87fb9b9f81bf MaskedMobile=091***9569 Purpose=MobileVerification EventType=OtpRequested&#xD;
[2026-09-07 16:45:07.380 +03:30 INF] [Vitorize.Api] [HttpRequestCompleted] [CorrelationId:cc50cf5ed65600b38fa59edc42bfe8d8] [TraceId:92b7716232487b1d9360a7fbbad6fafd] HTTP POST /api/auth/register responded 200 in 597.1726 ms&#xD;
[2026-09-07 16:45:07.899 +03:30 WRN] [Vitorize.Api] [] [CorrelationId:92625e63c8e15c7416ba633ca390b9e8] [TraceId:3e1d95fba9a0ffe9c00d68a76ce6802f] Savepoints are disabled because Multiple Active Result Sets (MARS) is enabled. If 'SaveChanges' fails, then the transaction cannot be automatically rolled back to a known clean state. Instead, the transaction should be rolled back by the application before retrying 'SaveChanges'. See https://go.microsoft.com/fwlink/?linkid=2149338 for more information and examples. To identify the code which triggers this warning, call 'ConfigureWarnings(w =&gt; w.Throw(SqlServerEventId.SavepointsDisabledBecauseOfMARS))'.&#xD;
[2026-09-07 16:45:07.903 +03:30 INF] [Vitorize.Api] [SmsSent] [CorrelationId:92625e63c8e15c7416ba633ca390b9e8] [TraceId:3e1d95fba9a0ffe9c00d68a76ce6802f] SMS sent. Purpose=Text Mobile=0912***9569 Provider=Asanak TemplateId=null MessageId=sms-ff44aa771e374f2cabeb2983aa53308b EventType=SmsSent&#xD;
[2026-09-07 16:45:07.916 +03:30 INF] [Vitorize.Api] [OtpRequested] [CorrelationId:92625e63c8e15c7416ba633ca390b9e8] [TraceId:3e1d95fba9a0ffe9c00d68a76ce6802f] OTP requested and sent. UserId=df5d077a-f621-4605-9222-87fb9b9f81bf MaskedMobile=091***9569 Purpose=MobileVerification EventType=OtpRequested&#xD;
[2026-09-07 16:45:07.922 +03:30 INF] [Vitorize.Api] [HttpRequestCompleted] [CorrelationId:92625e63c8e15c7416ba633ca390b9e8] [TraceId:3e1d95fba9a0ffe9c00d68a76ce6802f] HTTP POST /api/auth/register responded 200 in 540.5817 ms&#xD;
[2026-09-07 16:45:08.499 +03:30 WRN] [Vitorize.Api] [] [CorrelationId:e34db76a2928bf487316c2cdc9acf708] [TraceId:fe7b59ea13239b2c2cfd63a0aa2c21be] Savepoints are disabled because Multiple Active Result Sets (MARS) is enabled. If 'SaveChanges' fails, then the transaction cannot be automatically rolled back to a known clean state. Instead, the transaction should be rolled back by the application before retrying 'SaveChanges'. See https://go.microsoft.com/fwlink/?linkid=2149338 for more information and examples. To identify the code which triggers this warning, call 'ConfigureWarnings(w =&gt; w.Throw(SqlServerEventId.SavepointsDisabledBecauseOfMARS))'.&#xD;
[2026-09-07 16:45:08.503 +03:30 INF] [Vitorize.Api] [SmsSent] [CorrelationId:e34db76a2928bf487316c2cdc9acf708] [TraceId:fe7b59ea13239b2c2cfd63a0aa2c21be] SMS sent. Purpose=Text Mobile=0912***9569 Provider=Asanak TemplateId=null MessageId=sms-9752675069514ba4b0e37bc4fcd888f5 EventType=SmsSent&#xD;
[2026-09-07 16:45:08.513 +03:30 INF] [Vitorize.Api] [OtpRequested] [CorrelationId:e34db76a2928bf487316c2cdc9acf708] [TraceId:fe7b59ea13239b2c2cfd63a0aa2c21be] OTP requested and sent. UserId=df5d077a-f621-4605-9222-87fb9b9f81bf MaskedMobile=091***9569 Purpose=MobileVerification EventType=OtpRequested&#xD;
[2026-09-07 16:45:08.517 +03:30 INF] [Vitorize.Api] [HttpRequestCompleted] [CorrelationId:e34db76a2928bf487316c2cdc9acf708] [TraceId:fe7b59ea13239b2c2cfd63a0aa2c21be] HTTP POST /api/auth/register responded 200 in 593.0454 ms&#xD;
[2026-09-07 16:45:09.058 +03:30 WRN] [Vitorize.Api] [] [CorrelationId:739521821ea43cf56b1de6086c851a2e] [TraceId:16da6f558f744751803986a225cbdc60] Savepoints are disabled because Multiple Active Result Sets (MARS) is enabled. If 'SaveChanges' fails, then the transaction cannot be automatically rolled back to a known clean state. Instead, the transaction should be rolled back by the application before retrying 'SaveChanges'. See https://go.microsoft.com/fwlink/?linkid=2149338 for more information and examples. To identify the code which triggers this warning, call 'ConfigureWarnings(w =&gt; w.Throw(SqlServerEventId.SavepointsDisabledBecauseOfMARS))'.&#xD;
[2026-09-07 16:45:09.061 +03:30 INF] [Vitorize.Api] [SmsSent] [CorrelationId:739521821ea43cf56b1de6086c851a2e] [TraceId:16da6f558f744751803986a225cbdc60] SMS sent. Purpose=Text Mobile=0912***9569 Provider=Asanak TemplateId=null MessageId=sms-545c4f99023446548621d6b864b431ce EventType=SmsSent&#xD;
[2026-09-07 16:45:09.072 +03:30 INF] [Vitorize.Api] [OtpRequested] [CorrelationId:739521821ea43cf56b1de6086c851a2e] [TraceId:16da6f558f744751803986a225cbdc60] OTP requested and sent. UserId=df5d077a-f621-4605-9222-87fb9b9f81bf MaskedMobile=091***9569 Purpose=MobileVerification EventType=OtpRequested&#xD;
[2026-09-07 16:45:09.077 +03:30 INF] [Vitorize.Api] [HttpRequestCompleted] [CorrelationId:739521821ea43cf56b1de6086c851a2e] [TraceId:16da6f558f744751803986a225cbdc60] HTTP POST /api/auth/register responded 200 in 558.1138 ms&#xD;
[2026-09-07 16:45:09.614 +03:30 WRN] [Vitorize.Api] [OtpRateLimited] [CorrelationId:c8b79e1a8534ab4f166b16a71d857043] [TraceId:632924d0e13cf57bd0e99ed83b6aa4c6] OTP burst limit reached. MaskedMobile=091***9569 Purpose=1 Limit=5 WindowMinutes=5 RetryAfterSeconds=298 EventType=OtpRateLimited&#xD;
[2026-09-07 16:45:09.621 +03:30 INF] [Vitorize.Api] [HttpRequestCompleted] [CorrelationId:c8b79e1a8534ab4f166b16a71d857043] [TraceId:632924d0e13cf57bd0e99ed83b6aa4c6] HTTP POST /api/auth/register responded 400 in 542.6162 ms&#xD;
[2026-09-07 16:45:10.206 +03:30 WRN] [Vitorize.Api] [] [CorrelationId:371dc9df231c27cf036e0ada81c10b1b] [TraceId:7a344b39dcb4122f25fb072dabb1280e] Savepoints are disabled because Multiple Active Result Sets (MARS) is enabled. If 'SaveChanges' fails, then the transaction cannot be automatically rolled back to a known clean state. Instead, the transaction should be rolled back by the application before retrying 'SaveChanges'. See https://go.microsoft.com/fwlink/?linkid=2149338 for more information and examples. To identify the code which triggers this warning, call 'ConfigureWarnings(w =&gt; w.Throw(SqlServerEventId.SavepointsDisabledBecauseOfMARS))'.&#xD;
[2026-09-07 16:45:10.210 +03:30 INF] [Vitorize.Api] [SmsSent] [CorrelationId:371dc9df231c27cf036e0ada81c10b1b] [TraceId:7a344b39dcb4122f25fb072dabb1280e] SMS sent. Purpose=Text Mobile=0912***9569 Provider=Asanak TemplateId=null MessageId=sms-39c9ec91e45a4fabbf690e7de2bd2002 EventType=SmsSent&#xD;
[2026-09-07 16:45:10.220 +03:30 INF] [Vitorize.Api] [OtpRequested] [CorrelationId:371dc9df231c27cf036e0ada81c10b1b] [TraceId:7a344b39dcb4122f25fb072dabb1280e] OTP requested and sent. UserId=df5d077a-f621-4605-9222-87fb9b9f81bf MaskedMobile=091***9569 Purpose=MobileVerification EventType=OtpRequested&#xD;
[2026-09-07 16:45:10.224 +03:30 INF] [Vitorize.Api] [HttpRequestCompleted] [CorrelationId:371dc9df231c27cf036e0ada81c10b1b] [TraceId:7a344b39dcb4122f25fb072dabb1280e] HTTP POST /api/auth/register responded 200 in 566.9702 ms&#xD;
[2026-09-07 16:45:10.802 +03:30 WRN] [Vitorize.Api] [] [CorrelationId:b004caef3ed6d3a2f41b4c932***4937] [TraceId:1bc5f1841312b3d2b94757032b24631b] Savepoints are disabled because Multiple Active Result Sets (MARS) is enabled. If 'SaveChanges' fails, then the transaction cannot be automatically rolled back to a known clean state. Instead, the transaction should be rolled back by the application before retrying 'SaveChanges'. See https://go.microsoft.com/fwlink/?linkid=2149338 for more information and examples. To identify the code which triggers this warning, call 'ConfigureWarnings(w =&gt; w.Throw(SqlServerEventId.SavepointsDisabledBecauseOfMARS))'.&#xD;
[2026-09-07 16:45:10.814 +03:30 INF] [Vitorize.Api] [SmsSent] [CorrelationId:b004caef3ed6d3a2f41b4c932***4937] [TraceId:1bc5f1841312b3d2b94757032b24631b] SMS sent. Purpose=Text Mobile=0912***8803 Provider=Asanak TemplateId=null MessageId=sms-042c2915af0945b6a1e55f013a17672e EventType=SmsSent&#xD;
[2026-09-07 16:45:10.825 +03:30 INF] [Vitorize.Api] [OtpRequested] [CorrelationId:b004caef3ed6d3a2f41b4c932***4937] [TraceId:1bc5f1841312b3d2b94757032b24631b] OTP requested and sent. UserId=9aa79cde-0b90-4a86-9966-a31ea89d9204 MaskedMobile=091***8803 Purpose=MobileVerification EventType=OtpRequested&#xD;
[2026-09-07 16:45:10.828 +03:30 INF] [Vitorize.Api] [HttpRequestCompleted] [CorrelationId:b004caef3ed6d3a2f41b4c932***4937] [TraceId:1bc5f1841312b3d2b94757032b24631b] HTTP POST /api/auth/register responded 200 in 581.5414 ms&#xD;
[2026-09-07 16:45:10.865 +03:30 WRN] [Vitorize.Api] [] [CorrelationId:bea4d7915d2bb7611083b827e4287304] [TraceId:d704b94d60e079098f2f9643c93335c7] Savepoints are disabled because Multiple Active Result Sets (MARS) is enabled. If 'SaveChanges' fails, then the transaction cannot be automatically rolled back to a known clean state. Instead, the transaction should be rolled back by the application before retrying 'SaveChanges'. See https://go.microsoft.com/fwlink/?linkid=2149338 for more information and examples. To identify the code which triggers this warning, call 'ConfigureWarnings(w =&gt; w.Throw(SqlServerEventId.SavepointsDisabledBecauseOfMARS))'.&#xD;
[2026-09-07 16:45:10.888 +03:30 INF] [Vitorize.Api] [RegistrationVerified] [CorrelationId:bea4d7915d2bb7611083b827e4287304] [TraceId:d704b94d60e079098f2f9643c93335c7] Registration verified for user 9aa79cde-0b90-4a86-9966-a31ea89d9204. EventType=RegistrationVerified&#xD;
[2026-09-07 16:45:10.888 +03:30 INF] [Vitorize.Api] [HttpRequestCompleted] [CorrelationId:bea4d7915d2bb7611083b827e4287304] [TraceId:d704b94d60e079098f2f9643c93335c7] HTTP POST /api/auth/register/verify responded 200 in 38.3969 ms&#xD;
[2026-09-07 16:45:10.892 +03:30 WRN] [Vitorize.Api] [] [CorrelationId:92afef226968cd40065ea487672ea059] [TraceId:2f04204cbfd8bf92dbbc0d24436fb080] Savepoints are disabled because Multiple Active Result Sets (MARS) is enabled. If 'SaveChanges' fails, then the transaction cannot be automatically rolled back to a known clean state. Instead, the transaction should be rolled back by the application before retrying 'SaveChanges'. See https://go.microsoft.com/fwlink/?linkid=2149338 for more information and examples. To identify the code which triggers this warning, call 'ConfigureWarnings(w =&gt; w.Throw(SqlServerEventId.SavepointsDisabledBecauseOfMARS))'.&#xD;
[2026-09-07 16:45:10.895 +03:30 INF] [Vitorize.Api] [HttpRequestCompleted] [CorrelationId:92afef226968cd40065ea487672ea059] [TraceId:2f04204cbfd8bf92dbbc0d24436fb080] HTTP POST /api/auth/register/verify responded 400 in 5.5988 ms&#xD;
[2026-09-07 16:45:11.487 +03:30 WRN] [Vitorize.Api] [] [CorrelationId:9ee5b71bddff9c3675a7fc4d2768507e] [TraceId:7b7e99d6db72cf12367243fc3ab486da] Savepoints are disabled because Multiple Active Result Sets (MARS) is enabled. If 'SaveChanges' fails, then the transaction cannot be automatically rolled back to a known clean state. Instead, the transaction should be rolled back by the application before retrying 'SaveChanges'. See https://go.microsoft.com/fwlink/?linkid=2149338 for more information and examples. To identify the code which triggers this warning, call 'ConfigureWarnings(w =&gt; w.Throw(SqlServerEventId.SavepointsDisabledBecauseOfMARS))'.&#xD;
[2026-09-07 16:45:11.501 +03:30 INF] [Vitorize.Api] [SmsSent] [CorrelationId:9ee5b71bddff9c3675a7fc4d2768507e] [TraceId:7b7e99d6db72cf12367243fc3ab486da] SMS sent. Purpose=Text Mobile=0912***6619 Provider=Asanak TemplateId=null MessageId=sms-fd028391bfbf49508ff8129912e0ed22 EventType=SmsSent&#xD;
[2026-09-07 16:45:11.510 +03:30 INF] [Vitorize.Api] [OtpRequested] [CorrelationId:9ee5b71bddff9c3675a7fc4d2768507e] [TraceId:7b7e99d6db72cf12367243fc3ab486da] OTP requested and sent. UserId=1f4856fc-eac7-41b8-863f-d51b02ffe588 MaskedMobile=091***6619 Purpose=MobileVerification EventType=OtpRequested&#xD;
[2026-09-07 16:45:11.513 +03:30 INF] [Vitorize.Api] [HttpRequestCompleted] [CorrelationId:9ee5b71bddff9c3675a7fc4d2768507e] [TraceId:7b7e99d6db72cf12367243fc3ab486da] HTTP POST /api/auth/register responded 200 in 587.0872 ms&#xD;
[2026-09-07 16:45:11.551 +03:30 WRN] [Vitorize.Api] [] [CorrelationId:6c72a384d060ec2dfce199135f1021ed] [TraceId:d7c6e28e0e17c4e643ccd0200d1f58e8] Savepoints are disabled because Multiple Active Result Sets (MARS) is enabled. If 'SaveChanges' fails, then the transaction cannot be automatically rolled back to a known clean state. Instead, the transaction should be rolled back by the application before retrying 'SaveChanges'. See https://go.microsoft.com/fwlink/?linkid=2149338 for more information and examples. To identify the code which triggers this warning, call 'ConfigureWarnings(w =&gt; w.Throw(SqlServerEventId.SavepointsDisabledBecauseOfMARS))'.&#xD;
[2026-09-07 16:45:11.564 +03:30 INF] [Vitorize.Api] [HttpRequestCompleted] [CorrelationId:6c72a384d060ec2dfce199135f1021ed] [TraceId:d7c6e28e0e17c4e643ccd0200d1f58e8] HTTP POST /api/auth/register/verify responded 400 in 25.4079 ms&#xD;
[2026-09-07 16:45:12.151 +03:30 WRN] [Vitorize.Api] [] [CorrelationId:1999a92fa2684791f7e494460ea5158d] [TraceId:f8df9c18bd8565aa448d514fd026830f] Savepoints are disabled because Multiple Active Result Sets (MARS) is enabled. If 'SaveChanges' fails, then the transaction cannot be automatically rolled back to a known clean state. Instead, the transaction should be rolled back by the application before retrying 'SaveChanges'. See https://go.microsoft.com/fwlink/?linkid=2149338 for more information and examples. To identify the code which triggers this warning, call 'ConfigureWarnings(w =&gt; w.Throw(SqlServerEventId.SavepointsDisabledBecauseOfMARS))'.&#xD;
[2026-09-07 16:45:12.157 +03:30 ERR] [Vitorize.Api] [] [CorrelationId:2157097cae20eaeb771fa5af1c8bed67] [TraceId:679e7cf084a6e85895561e69e07098b0] Failed executing DbCommand (11ms) [Parameters=[@p0='?' (DbType = Guid), @p1='?' (Size = 100), @p2='?' (DbType = DateTime2), @p3='?' (Size = 4000), @p4='?' (Size = 100), @p5='?' (Size = 100), @p6='?' (Size = 50), @p7='?' (Size = 1000), @p8='?' (DbType = Guid), @p9='?' (DbType = Guid), @p10='?' (Size = 100), @p11='?' (DbType = DateTime2), @p12='?' (Size = 4000), @p13='?' (Size = 100), @p14='?' (Size = 100), @p15='?' (Size = 50), @p16='?' (Size = 1000), @p17='?' (DbType = Guid), @p18='?' (DbType = Guid), @p19='?' (Size = 500), @p20='?' (DbType = DateTime2), @p21='?' (DbType = DateTime2), @p22='?' (Size = 256), @p23='?' (Size = 200), @p24='?' (DbType = Boolean), @p25='?' (DbType = Boolean), @p26='?' (DbType = Boolean), @p27='?' (DbType = DateTime2), @p28='?' (Size = 20), @p29='?' (Size = 20), @p30='?' (Size = 4000), @p31='?' (Size = 1) (DbType = Byte), @p32='?' (DbType = DateTime2), @p33='?' (Size = 1) (DbType = Byte), @p34='?' (DbType = Guid), @p35='?' (DbType = Guid)], CommandType='Text', CommandTimeout='30']SET NOCOUNT ON; INSERT INTO [AuditLogs] ([Id], [ActionType], [CreatedAt], [Data], [EntityId], [EntityName], [IpAddress], [UserAgent], [UserId]) VALUES (@p0, @p1, @p2, @p3, @p4, @p5, @p6, @p7, @p8), (@p9, @p10, @p11, @p12, @p13, @p14, @p15, @p16, @p17); INSERT INTO [Users] ([Id], [AvatarPath], [CreatedAt], [DeletedAt], [Email], [FullName], [IsDeleted], [IsEmailConfirmed], [IsMobileConfirmed], [LastLoginAt], [Mobile], [NationalCode], [PasswordHash], [Status], [UpdatedAt], [VerificationStatus]) VALUES (@p18, @p19, @p20, @p21, @p22, @p23, @p24, @p25, @p26, @p27, @p28, @p29, @p30, @p31, @p32, @p33); INSERT INTO [UserRoles] ([RoleId], [UserId]) VALUES (@p34, @p35);&#xD;
[2026-09-07 16:45:12.160 +03:30 INF] [Vitorize.Api] [SmsSent] [CorrelationId:1999a92fa2684791f7e494460ea5158d] [TraceId:f8df9c18bd8565aa448d514fd026830f] SMS sent. Purpose=Text Mobile=0912***6936 Provider=Asanak TemplateId=null MessageId=sms-8edc08d0ff76469da29102909f7219a9 EventType=SmsSent&#xD;
[2026-09-07 16:45:12.168 +03:30 INF] [Vitorize.Api] [OtpRequested] [CorrelationId:1999a92fa2684791f7e494460ea5158d] [TraceId:f8df9c18bd8565aa448d514fd026830f] OTP requested and sent. UserId=85f5487a-d61c-4e9a-b8a6-2bb5a785ef73 MaskedMobile=091***6936 Purpose=MobileVerification EventType=OtpRequested&#xD;
[2026-09-07 16:45:12.172 +03:30 INF] [Vitorize.Api] [HttpRequestCompleted] [CorrelationId:1999a92fa2684791f7e494460ea5158d] [TraceId:f8df9c18bd8565aa448d514fd026830f] HTTP POST /api/auth/register responded 200 in 587.1343 ms&#xD;
[2026-09-07 16:45:12.188 +03:30 ERR] [Vitorize.Api] [] [CorrelationId:2157097cae20eaeb771fa5af1c8bed67] [TraceId:679e7cf084a6e85895561e69e07098b0] An exception occurred in the database while saving changes for context type 'Vitorize.Infrastructure.Persistence.VitorizeDbContext'.Microsoft.EntityFrameworkCore.DbUpdateException: An error occurred while saving the entity changes. See the inner exception for details.  ---&gt; Microsoft.Data.SqlClient.SqlException (0x80131904): Cannot insert duplicate key row in object 'dbo.Users' with unique index 'UX_Users_Mobile'. The duplicate key value is (091***6936). The INSERT statement conflicted with the FOREIGN KEY constraint "FK_UserRoles_Users". The conflict occurred in database "VitorizeIntegration_29604_6b6434f5c842418bbae794d5cd5a5973", table "dbo.Users", column 'Id'. The statement has been terminated. The statement has been terminated.    at System.Threading.Tasks.ContinuationResultTaskFromResultTask`2.InnerInvoke()    at System.Threading.ExecutionContext.RunInternal(ExecutionContext executionContext, ContextCallback callback, Object state) --- End of stack trace from previous location ---    at System.Threading.ExecutionContext.RunInternal(ExecutionContext executionContext, ContextCallback callback, Object s&#xD;
Microsoft.EntityFrameworkCore.DbUpdateException: An error occurred while saving the entity changes. See the inner exception for details.&#xD;
 ---&gt; Microsoft.Data.SqlClient.SqlException (0x80131904): Cannot insert duplicate key row in object 'dbo.Users' with unique index 'UX_Users_Mobile'. The duplicate key value is (09128826936).&#xD;
The INSERT statement conflicted with the FOREIGN KEY constraint "FK_UserRoles_Users". The conflict occurred in database "VitorizeIntegration_29604_6b6434f5c842418bbae794d5cd5a5973", table "dbo.Users", column 'Id'.&#xD;
The statement has been terminated.&#xD;
The statement has been terminated.&#xD;
   at System.Threading.Tasks.ContinuationResultTaskFromResultTask`2.InnerInvoke()&#xD;
   at System.Threading.ExecutionContext.RunInternal(ExecutionContext executionContext, ContextCallback callback, Object state)&#xD;
--- End of stack trace from previous location ---&#xD;
   at System.Threading.ExecutionContext.RunInternal(ExecutionContext executionContext, ContextCallback callback, Object state)&#xD;
   at System.Threading.Tasks.Task.ExecuteWithThreadLocal(Task&amp; currentTaskSlot, Thread threadPoolThread)&#xD;
--- End of stack trace from previous location ---&#xD;
   at Microsoft.EntityFrameworkCore.Storage.RelationalCommand.ExecuteReaderAsync(RelationalCommandParameterObject parameterObject, CancellationToken cancellationToken)&#xD;
   at Microsoft.EntityFrameworkCore.Storage.RelationalCommand.ExecuteReaderAsync(RelationalCommandParameterObject parameterObject, CancellationToken cancellationToken)&#xD;
   at Microsoft.EntityFrameworkCore.Update.ReaderModificationCommandBatch.ExecuteAsync(IRelationalConnection connection, CancellationToken cancellationToken)&#xD;
ClientConnectionId:b3c3f4ff-ae3d-44a2-9ba5-f4fc8db79779&#xD;
Error Number:2601,State:1,Class:14&#xD;
   --- End of inner exception stack trace ---&#xD;
   at Microsoft.EntityFrameworkCore.Update.ReaderModificationCommandBatch.ExecuteAsync(IRelationalConnection connection, CancellationToken cancellationToken)&#xD;
   at Microsoft.EntityFrameworkCore.SqlServer.Update.Internal.SqlServerModificationCommandBatch.ExecuteAsync(IRelationalConnection connection, CancellationToken cancellationToken)&#xD;
   at Microsoft.EntityFrameworkCore.Update.Internal.BatchExecutor.ExecuteAsync(IEnumerable`1 commandBatches, IRelationalConnection connection, CancellationToken cancellationToken)&#xD;
   at Microsoft.EntityFrameworkCore.Update.Internal.BatchExecutor.ExecuteAsync(IEnumerable`1 commandBatches, IRelationalConnection connection, CancellationToken cancellationToken)&#xD;
   at Microsoft.EntityFrameworkCore.Update.Internal.BatchExecutor.ExecuteAsync(IEnumerable`1 commandBatches, IRelationalConnection connection, CancellationToken cancellationToken)&#xD;
   at Microsoft.EntityFrameworkCore.ChangeTracking.Internal.StateManager.SaveChangesAsync(IList`1 entriesToSave, CancellationToken cancellationToken)&#xD;
   at Microsoft.EntityFrameworkCore.ChangeTracking.Internal.StateManager.SaveChangesAsync(StateManager stateManager, Boolean acceptAllChangesOnSuccess, CancellationToken cancellationToken)&#xD;
   at Microsoft.EntityFrameworkCore.SqlServer.Storage.Internal.SqlServerExecutionStrategy.ExecuteAsync[TState,TResult](TState state, Func`4 operation, Func`4 verifySucceeded, CancellationToken cancellationToken)&#xD;
   at Microsoft.EntityFrameworkCore.DbContext.SaveChangesAsync(Boolean acceptAllChangesOnSuccess, CancellationToken cancellationToken)&#xD;
[2026-09-07 16:45:12.204 +03:30 ERR] [Vitorize.Api] [UnhandledException] [CorrelationId:2157097cae20eaeb771fa5af1c8bed67] [TraceId:679e7cf084a6e85895561e69e07098b0] Unhandled exception for POST /api/auth/register. CorrelationId=2157097cae20eaeb771fa5af1c8bed67 ExceptionType=DbUpdateException SafeException=DbUpdateException: An error occurred while saving the entity changes. See the inner exception for details. ExceptionStack=at Microsoft.EntityFrameworkCore.Update.ReaderModificationCommandBatch.ExecuteAsync(IRelationalConnection connection, CancellationToken cancellationToken)    at Microsoft.EntityFrameworkCore.SqlServer.Update.Internal.SqlServerModificationCommandBatch.ExecuteAsync(IRelationalConnection connection, CancellationToken cancellationToken)    at Microsoft.EntityFrameworkCore.Update.Internal.BatchExecutor.ExecuteAsync(IEnumerable`1 commandBatches, IRelationalConnection connection, CancellationToken cancellationToken)    at Microsoft.EntityFrameworkCore.Update.Internal.BatchExecutor.ExecuteAsync(IEnumerable`1 commandBatches, IRelationalConnection connection, CancellationToken cancellationToken)    at Microsoft.EntityFrameworkCore.Update.Internal.BatchExecutor.ExecuteAsync(IEnumerable`1 commandBatches, IRelationalConnection connection, CancellationToken cancellationToken)    at Microsoft.EntityFrameworkCore.ChangeTracking.Internal.StateManager.SaveChangesAsync(IList`1 entriesToSave, Cancellation EventType=UnhandledException&#xD;
[2026-09-07 16:45:12.262 +03:30 ERR] [Vitorize.Api] [] [CorrelationId:2157097cae20eaeb771fa5af1c8bed67] [TraceId:679e7cf084a6e85895561e69e07098b0] Failed executing DbCommand (22ms) [Parameters=[@p0='?' (DbType = Guid), @p1='?' (Size = 100), @p2='?' (DbType = DateTime2), @p3='?' (Size = 4000), @p4='?' (Size = 100), @p5='?' (Size = 100), @p6='?' (Size = 50), @p7='?' (Size = 1000), @p8='?' (DbType = Guid), @p9='?' (DbType = Guid), @p10='?' (Size = 100), @p11='?' (DbType = DateTime2), @p12='?' (Size = 4000), @p13='?' (Size = 100), @p14='?' (Size = 100), @p15='?' (Size = 50), @p16='?' (Size = 1000), @p17='?' (DbType = Guid), @p18='?' (DbType = Guid), @p19='?' (Size = 100), @p20='?' (DbType = DateTime2), @p21='?' (Size = 4000), @p22='?' (Size = 100), @p23='?' (Size = 100), @p24='?' (Size = 50), @p25='?' (Size = 1000), @p26='?' (DbType = Guid), @p27='?' (DbType = Guid), @p28='?' (Size = 100), @p29='?' (DbType = DateTime2), @p30='?' (Size = 4000), @p31='?' (Size = 100), @p32='?' (Size = 100), @p33='?' (Size = 50), @p34='?' (Size = 1000), @p35='?' (DbType = Guid), @p36='?' (DbType = Guid), @p37='?' (DbType = DateTime2), @p38='?' (Size = 4000), @p39='?' (Size = 300), @p40='?' (Size = -], CommandType='Text', CommandTimeout='30']SET NOCOUNT ON; INSERT INTO [AuditLogs] ([Id], [ActionType], [CreatedAt], [Data], [EntityId], [EntityName], [IpAddress], [UserAgent], [UserId]) VALUES (@p0, @p1, @p2, @p3, @p4, @p5, @p6, @p7, @p8), (@p9, @p10, @p11, @p12, @p13, @p14, @p15, @p16, @p17), (@p18, @p19, @p20, @p21, @p22, @p23, @p24, @p25, @p26), (@p27, @p28, @p29, @p30, @p31, @p32, @p33, @p34, @p35); INSERT INTO [ErrorLogs] ([Id], [CreatedAt], [Message], [Source], [StackTrace]) VALUES (@p36, @p37, @p38, @p39, @p40); INSERT INTO [Users] ([Id], [AvatarPath], [CreatedAt], [DeletedAt], [Email], [FullName], [IsDeleted], [IsEmailConfirmed], [IsMobileConfirmed], [LastLoginAt], [Mobile], [NationalCode], [PasswordHash], [Status], [UpdatedAt], [VerificationStatus]) VALUES (@p41, @p42, @p43, @p44, @p45, @p46, @p47, @p48, @p49, @p50, @p51, @p52, @p53, @p54, @p55, @p56); INSERT INTO [UserRoles] ([RoleId], [UserId]) VALUES (@p57, @p58);&#xD;
[2026-09-07 16:45:12.265 +03:30 ERR] [Vitorize.Api] [] [CorrelationId:2157097cae20eaeb771fa5af1c8bed67] [TraceId:679e7cf084a6e85895561e69e07098b0] An exception occurred in the database while saving changes for context type 'Vitorize.Infrastructure.Persistence.VitorizeDbContext'.Microsoft.EntityFrameworkCore.DbUpdateException: An error occurred while saving the entity changes. See the inner exception for details.  ---&gt; Microsoft.Data.SqlClient.SqlException (0x80131904): Cannot insert duplicate key row in object 'dbo.Users' with unique index 'UX_Users_Mobile'. The duplicate key value is (091***6936). The INSERT statement conflicted with the FOREIGN KEY constraint "FK_UserRoles_Users". The conflict occurred in database "VitorizeIntegration_29604_6b6434f5c842418bbae794d5cd5a5973", table "dbo.Users", column 'Id'. The statement has been terminated. The statement has been terminated.    at System.Threading.Tasks.ContinuationResultTaskFromResultTask`2.InnerInvoke()    at System.Threading.ExecutionContext.RunInternal(ExecutionContext executionContext, ContextCallback callback, Object state) --- End of stack trace from previous location ---    at System.Threading.ExecutionContext.RunInternal(ExecutionContext executionContext, ContextCallback callback, Object s&#xD;
Microsoft.EntityFrameworkCore.DbUpdateException: An error occurred while saving the entity changes. See the inner exception for details.&#xD;
 ---&gt; Microsoft.Data.SqlClient.SqlException (0x80131904): Cannot insert duplicate key row in object 'dbo.Users' with unique index 'UX_Users_Mobile'. The duplicate key value is (09128826936).&#xD;
The INSERT statement conflicted with the FOREIGN KEY constraint "FK_UserRoles_Users". The conflict occurred in database "VitorizeIntegration_29604_6b6434f5c842418bbae794d5cd5a5973", table "dbo.Users", column 'Id'.&#xD;
The statement has been terminated.&#xD;
The statement has been terminated.&#xD;
   at System.Threading.Tasks.ContinuationResultTaskFromResultTask`2.InnerInvoke()&#xD;
   at System.Threading.ExecutionContext.RunInternal(ExecutionContext executionContext, ContextCallback callback, Object state)&#xD;
--- End of stack trace from previous location ---&#xD;
   at System.Threading.ExecutionContext.RunInternal(ExecutionContext executionContext, ContextCallback callback, Object state)&#xD;
   at System.Threading.Tasks.Task.ExecuteWithThreadLocal(Task&amp; currentTaskSlot, Thread threadPoolThread)&#xD;
--- End of stack trace from previous location ---&#xD;
   at Microsoft.EntityFrameworkCore.Storage.RelationalCommand.ExecuteReaderAsync(RelationalCommandParameterObject parameterObject, CancellationToken cancellationToken)&#xD;
   at Microsoft.EntityFrameworkCore.Storage.RelationalCommand.ExecuteReaderAsync(RelationalCommandParameterObject parameterObject, CancellationToken cancellationToken)&#xD;
[...]
[2026-09-07 16:45:14.003 +03:30 INF] [Vitorize.Api] [HttpRequestCompleted] [CorrelationId:78783981f9067ee8eb9846f72d4fe01f] [TraceId:51f6f3efd69f7a5629215616bafe1ef8] HTTP POST /api/auth/register responded 200 in 293.6312 ms&#xD;
[2026-09-07 16:45:14.024 +03:30 WRN] [Vitorize.Api] [] [CorrelationId:0b7e135d1b5b58b67ea5859bfa95a4a6] [TraceId:81b05c36357d54631a4738855112d20f] Savepoints are disabled because Multiple Active Result Sets (MARS) is enabled. If 'SaveChanges' fails, then the transaction cannot be automatically rolled back to a known clean state. Instead, the transaction should be rolled back by the application before retrying 'SaveChanges'. See https://go.microsoft.com/fwlink/?linkid=2149338 for more information and examples. To identify the code which triggers this warning, call 'ConfigureWarnings(w =&gt; w.Throw(SqlServerEventId.SavepointsDisabledBecauseOfMARS))'.&#xD;
[2026-09-07 16:45:14.031 +03:30 INF] [Vitorize.Api] [RegistrationVerified] [CorrelationId:0b7e135d1b5b58b67ea5859bfa95a4a6] [TraceId:81b05c36357d54631a4738855112d20f] Registration verified for user fcf65ffb-ccb9-47d3-9672-94159d1a1e26. EventType=RegistrationVerified&#xD;
[2026-09-07 16:45:14.032 +03:30 INF] [Vitorize.Api] [HttpRequestCompleted] [CorrelationId:0b7e135d1b5b58b67ea5859bfa95a4a6] [TraceId:81b05c36357d54631a4738855112d20f] HTTP POST /api/auth/register/verify responded 200 in 22.4373 ms&#xD;
[2026-09-07 16:45:14.139 +03:30 INF] [Vitorize.Api] [HttpRequestCompleted] [CorrelationId:f53157491ea089414ab4502ff103e9e6] [TraceId:b08c55373aff467ac0a9d57911e1b172] HTTP GET /api/auth/me responded 200 in 102.4043 ms&#xD;
[2026-09-07 16:45:14.236 +03:30 WRN] [Vitorize.Api] [] [CorrelationId:834dd41f9a30af4cf03d1ae68132de82] [TraceId:f79203fb66fe3ab31f5ec585d65d8cc5] Compiling a query which loads related collections for more than one collection navigation, either via 'Include' or through projection, but no 'QuerySplittingBehavior' has been configured. By default, Entity Framework will use 'QuerySplittingBehavior.SingleQuery', which can potentially result in slow query performance. See https://go.microsoft.com/fwlink/?linkid=2134277 for more information. To identify the query that's triggering this warning call 'ConfigureWarnings(w =&gt; w.Throw(RelationalEventId.MultipleCollectionIncludeWarning))'.&#xD;
[2026-09-07 16:45:14.375 +03:30 INF] [Vitorize.Api] [HttpRequestCompleted] [CorrelationId:834dd41f9a30af4cf03d1ae68132de82] [TraceId:f79203fb66fe3ab31f5ec585d65d8cc5] HTTP GET /api/orders responded 200 in 227.5076 ms&#xD;
[2026-09-07 16:45:14.721 +03:30 WRN] [Vitorize.Api] [] [CorrelationId:574cccad8828f6e7082579d31cf8caf0] [TraceId:82f5720627a8866618c872b79d293900] Savepoints are disabled because Multiple Active Result Sets (MARS) is enabled. If 'SaveChanges' fails, then the transaction cannot be automatically rolled back to a known clean state. Instead, the transaction should be rolled back by the application before retrying 'SaveChanges'. See https://go.microsoft.com/fwlink/?linkid=2149338 for more information and examples. To identify the code which triggers this warning, call 'ConfigureWarnings(w =&gt; w.Throw(SqlServerEventId.SavepointsDisabledBecauseOfMARS))'.&#xD;
[2026-09-07 16:45:14.724 +03:30 INF] [Vitorize.Api] [SmsSent] [CorrelationId:574cccad8828f6e7082579d31cf8caf0] [TraceId:82f5720627a8866618c872b79d293900] SMS sent. Purpose=Text Mobile=0912***0960 Provider=Asanak TemplateId=null MessageId=sms-e4bd3459b2754ef4ab6333beca4faf39 EventType=SmsSent&#xD;
[2026-09-07 16:45:14.731 +03:30 INF] [Vitorize.Api] [OtpRequested] [CorrelationId:574cccad8828f6e7082579d31cf8caf0] [TraceId:82f5720627a8866618c872b79d293900] OTP requested and sent. UserId=4a7e2930-df48-4ae7-bf4a-5c3786d26bec MaskedMobile=091***0960 Purpose=MobileVerification EventType=OtpRequested&#xD;
[2026-09-07 16:45:14.734 +03:30 INF] [Vitorize.Api] [HttpRequestCompleted] [CorrelationId:574cccad8828f6e7082579d31cf8caf0] [TraceId:82f5720627a8866618c872b79d293900] HTTP POST /api/auth/register responded 200 in 304.6316 ms&#xD;
[2026-09-07 16:45:14.755 +03:30 WRN] [Vitorize.Api] [] [CorrelationId:f78dce3a552bf79d896c07added3ab66] [TraceId:736b6320dd417ac0e3ef5cc9e560068b] Savepoints are disabled because Multiple Active Result Sets (MARS) is enabled. If 'SaveChanges' fails, then the transaction cannot be automatically rolled back to a known clean state. Instead, the transaction should be rolled back by the application before retrying 'SaveChanges'. See https://go.microsoft.com/fwlink/?linkid=2149338 for more information and examples. To identify the code which triggers this warning, call 'ConfigureWarnings(w =&gt; w.Throw(SqlServerEventId.SavepointsDisabledBecauseOfMARS))'.&#xD;
[2026-09-07 16:45:14.781 +03:30 INF] [Vitorize.Api] [SmsSent] [CorrelationId:f78dce3a552bf79d896c07added3ab66] [TraceId:736b6320dd417ac0e3ef5cc9e560068b] SMS sent. Purpose=Text Mobile=0912***0960 Provider=Asanak TemplateId=null MessageId=sms-1a5ea6d52d1d4dec88cd0d845a08962c EventType=SmsSent&#xD;
[2026-09-07 16:45:14.794 +03:30 INF] [Vitorize.Api] [OtpRequested] [CorrelationId:f78dce3a552bf79d896c07added3ab66] [TraceId:736b6320dd417ac0e3ef5cc9e560068b] OTP requested and sent. UserId=4a7e2930-df48-4ae7-bf4a-5c3786d26bec MaskedMobile=091***0960 Purpose=MobileVerification EventType=OtpRequested&#xD;
[2026-09-07 16:45:14.798 +03:30 INF] [Vitorize.Api] [HttpRequestCompleted] [CorrelationId:f78dce3a552bf79d896c07added3ab66] [TraceId:736b6320dd417ac0e3ef5cc9e560068b] HTTP POST /api/auth/register/resend responded 200 in 63.2747 ms&#xD;
[2026-09-07 16:45:15.112 +03:30 WRN] [Vitorize.Api] [] [CorrelationId:f532308860d6fff4e1c4df02c29e71ce] [TraceId:6252f842e930a12e8d3354f6f07c6105] Savepoints are disabled because Multiple Active Result Sets (MARS) is enabled. If 'SaveChanges' fails, then the transaction cannot be automatically rolled back to a known clean state. Instead, the transaction should be rolled back by the application before retrying 'SaveChanges'. See https://go.microsoft.com/fwlink/?linkid=2149338 for more information and examples. To identify the code which triggers this warning, call 'ConfigureWarnings(w =&gt; w.Throw(SqlServerEventId.SavepointsDisabledBecauseOfMARS))'.&#xD;
[2026-09-07 16:45:15.114 +03:30 INF] [Vitorize.Api] [SmsSent] [CorrelationId:f532308860d6fff4e1c4df02c29e71ce] [TraceId:6252f842e930a12e8d3354f6f07c6105] SMS sent. Purpose=Text Mobile=0912***0960 Provider=Asanak TemplateId=null MessageId=sms-60f9d1bf39194cce9d32014e9592836a EventType=SmsSent&#xD;
[2026-09-07 16:45:15.121 +03:30 INF] [Vitorize.Api] [OtpRequested] [CorrelationId:f532308860d6fff4e1c4df02c29e71ce] [TraceId:6252f842e930a12e8d3354f6f07c6105] OTP requested and sent. UserId=4a7e2930-df48-4ae7-bf4a-5c3786d26bec MaskedMobile=091***0960 Purpose=MobileVerification EventType=OtpRequested&#xD;
[2026-09-07 16:45:15.124 +03:30 INF] [Vitorize.Api] [HttpRequestCompleted] [CorrelationId:f532308860d6fff4e1c4df02c29e71ce] [TraceId:6252f842e930a12e8d3354f6f07c6105] HTTP POST /api/auth/register responded 200 in 323.9544 ms&#xD;
[2026-09-07 16:45:15.439 +03:30 WRN] [Vitorize.Api] [] [CorrelationId:c7ef94ba439348c6008c07751120cb46] [TraceId:5dcad3ea3e17b957ee2b5da15da3d870] Savepoints are disabled because Multiple Active Result Sets (MARS) is enabled. If 'SaveChanges' fails, then the transaction cannot be automatically rolled back to a known clean state. Instead, the transaction should be rolled back by the application before retrying 'SaveChanges'. See https://go.microsoft.com/fwlink/?linkid=2149338 for more information and examples. To identify the code which triggers this warning, call 'ConfigureWarnings(w =&gt; w.Throw(SqlServerEventId.SavepointsDisabledBecauseOfMARS))'.&#xD;
[2026-09-07 16:45:15.443 +03:30 INF] [Vitorize.Api] [SmsSent] [CorrelationId:c7ef94ba439348c6008c07751120cb46] [TraceId:5dcad3ea3e17b957ee2b5da15da3d870] SMS sent. Purpose=Text Mobile=0912***2676 Provider=Asanak TemplateId=null MessageId=sms-77b32f48cde14d28a98f45c2620ec5ce EventType=SmsSent&#xD;
[2026-09-07 16:45:15.450 +03:30 INF] [Vitorize.Api] [OtpRequested] [CorrelationId:c7ef94ba439348c6008c07751120cb46] [TraceId:5dcad3ea3e17b957ee2b5da15da3d870] OTP requested and sent. UserId=5631c7b8-4171-49f9-8881-4c634a965d05 MaskedMobile=091***2676 Purpose=MobileVerification EventType=OtpRequested&#xD;
[2026-09-07 16:45:15.453 +03:30 INF] [Vitorize.Api] [HttpRequestCompleted] [CorrelationId:c7ef94ba439348c6008c07751120cb46] [TraceId:5dcad3ea3e17b957ee2b5da15da3d870] HTTP POST /api/auth/register responded 200 in 309.6888 ms&#xD;
[2026-09-07 16:45:15.781 +03:30 WRN] [Vitorize.Api] [] [CorrelationId:7fb6c0ba7d58bd1d55bd005b806d7ef3] [TraceId:d2d6783dfd2bbc1b4d1c4ed0ece906dc] Savepoints are disabled because Multiple Active Result Sets (MARS) is enabled. If 'SaveChanges' fails, then the transaction cannot be automatically rolled back to a known clean state. Instead, the transaction should be rolled back by the application before retrying 'SaveChanges'. See https://go.microsoft.com/fwlink/?linkid=2149338 for more information and examples. To identify the code which triggers this warning, call 'ConfigureWarnings(w =&gt; w.Throw(SqlServerEventId.SavepointsDisabledBecauseOfMARS))'.&#xD;
[2026-09-07 16:45:15.785 +03:30 INF] [Vitorize.Api] [SmsSent] [CorrelationId:7fb6c0ba7d58bd1d55bd005b806d7ef3] [TraceId:d2d6783dfd2bbc1b4d1c4ed0ece906dc] SMS sent. Purpose=Text Mobile=0912***2621 Provider=Asanak TemplateId=null MessageId=sms-ddb4fbb5d1e6487ba939eb9febf4b2b7 EventType=SmsSent&#xD;
[2026-09-07 16:45:15.794 +03:30 INF] [Vitorize.Api] [OtpRequested] [CorrelationId:7fb6c0ba7d58bd1d55bd005b806d7ef3] [TraceId:d2d6783dfd2bbc1b4d1c4ed0ece906dc] OTP requested and sent. UserId=6b0414c4-1078-4d13-ba55-5c68248cb6a1 MaskedMobile=091***2621 Purpose=MobileVerification EventType=OtpRequested&#xD;
[2026-09-07 16:45:15.796 +03:30 INF] [Vitorize.Api] [HttpRequestCompleted] [CorrelationId:7fb6c0ba7d58bd1d55bd005b806d7ef3] [TraceId:d2d6783dfd2bbc1b4d1c4ed0ece906dc] HTTP POST /api/auth/register responded 200 in 300.7369 ms&#xD;
[2026-09-07 16:45:15.827 +03:30 WRN] [Vitorize.Api] [] [CorrelationId:741d1249876a4a83e7ee1933d6c722a2] [TraceId:5bb570470709e41c39ea71798a6e56b5] Savepoints are disabled because Multiple Active Result Sets (MARS) is enabled. If 'SaveChanges' fails, then the transaction cannot be automatically rolled back to a known clean state. Instead, the transaction should be rolled back by the application before retrying 'SaveChanges'. See https://go.microsoft.com/fwlink/?linkid=2149338 for more information and examples. To identify the code which triggers this warning, call 'ConfigureWarnings(w =&gt; w.Throw(SqlServerEventId.SavepointsDisabledBecauseOfMARS))'.&#xD;
[2026-09-07 16:45:15.858 +03:30 INF] [Vitorize.Api] [RegistrationVerified] [CorrelationId:741d1249876a4a83e7ee1933d6c722a2] [TraceId:5bb570470709e41c39ea71798a6e56b5] Registration verified for user 6b0414c4-1078-4d13-ba55-5c68248cb6a1. EventType=RegistrationVerified&#xD;
[2026-09-07 16:45:15.859 +03:30 INF] [Vitorize.Api] [HttpRequestCompleted] [CorrelationId:741d1249876a4a83e7ee1933d6c722a2] [TraceId:5bb570470709e41c39ea71798a6e56b5] HTTP POST /api/auth/register/verify responded 200 in 46.9518 ms&#xD;
[2026-09-07 16:45:15.869 +03:30 INF] [Vitorize.Api] [HttpRequestCompleted] [CorrelationId:2b582ea8b95f681424b9f418a13f181a] [TraceId:578836f4b2326d8e186673ac23128431] HTTP POST /api/auth/register/resend responded 400 in 8.9740 ms&#xD;
[2026-09-07 16:45:16.195 +03:30 WRN] [Vitorize.Api] [] [CorrelationId:0d4544b1ff94936424c3366a7a536a86] [TraceId:7fc1d0895cbe1744a37f22f4352c8c08] Savepoints are disabled because Multiple Active Result Sets (MARS) is enabled. If 'SaveChanges' fails, then the transaction cannot be automatically rolled back to a known clean state. Instead, the transaction should be rolled back by the application before retrying 'SaveChanges'. See https://go.microsoft.com/fwlink/?linkid=2149338 for more information and examples. To identify the code which triggers this warning, call 'ConfigureWarnings(w =&gt; w.Throw(SqlServerEventId.SavepointsDisabledBecauseOfMARS))'.&#xD;
[2026-09-07 16:45:16.197 +03:30 INF] [Vitorize.Api] [SmsSent] [CorrelationId:0d4544b1ff94936424c3366a7a536a86] [TraceId:7fc1d0895cbe1744a37f22f4352c8c08] SMS sent. Purpose=Text Mobile=0912***1334 Provider=Asanak TemplateId=null MessageId=sms-175418855e5e4252923da8c5c14ca585 EventType=SmsSent&#xD;
[2026-09-07 16:45:16.205 +03:30 INF] [Vitorize.Api] [OtpRequested] [CorrelationId:0d4544b1ff94936424c3366a7a536a86] [TraceId:7fc1d0895cbe1744a37f22f4352c8c08] OTP requested and sent. UserId=80bdc383-c11c-4752-b439-feee8c60b1d0 MaskedMobile=091***1334 Purpose=MobileVerification EventType=OtpRequested&#xD;
[2026-09-07 16:45:16.207 +03:30 INF] [Vitorize.Api] [HttpRequestCompleted] [CorrelationId:0d4544b1ff94936424c3366a7a536a86] [TraceId:7fc1d0895cbe1744a37f22f4352c8c08] HTTP POST /api/auth/register responded 200 in 323.5458 ms&#xD;
[2026-09-07 16:45:16.251 +03:30 WRN] [Vitorize.Api] [] [CorrelationId:89ea3e9ff16e838eef1f27eb869baa76] [TraceId:7fd5afbb97b8acf9f76f78620818d5dc] Savepoints are disabled because Multiple Active Result Sets (MARS) is enabled. If 'SaveChanges' fails, then the transaction cannot be automatically rolled back to a known clean state. Instead, the transaction should be rolled back by the application before retrying 'SaveChanges'. See https://go.microsoft.com/fwlink/?linkid=2149338 for more information and examples. To identify the code which triggers this warning, call 'ConfigureWarnings(w =&gt; w.Throw(SqlServerEventId.SavepointsDisabledBecauseOfMARS))'.&#xD;
[2026-09-07 16:45:16.254 +03:30 INF] [Vitorize.Api] [HttpRequestCompleted] [CorrelationId:89ea3e9ff16e838eef1f27eb869baa76] [TraceId:7fd5afbb97b8acf9f76f78620818d5dc] HTTP POST /api/auth/register/verify responded 400 in 13.1248 ms&#xD;
[2026-09-07 16:45:16.566 +03:30 WRN] [Vitorize.Api] [] [CorrelationId:f4ac8f004b17b5cb66c9e264b04ec465] [TraceId:3973874af28b2fb6581606c8a9a39c97] Savepoints are disabled because Multiple Active Result Sets (MARS) is enabled. If 'SaveChanges' fails, then the transaction cannot be automatically rolled back to a known clean state. Instead, the transaction should be rolled back by the application before retrying 'SaveChanges'. See https://go.microsoft.com/fwlink/?linkid=2149338 for more information and examples. To identify the code which triggers this warning, call 'ConfigureWarnings(w =&gt; w.Throw(SqlServerEventId.SavepointsDisabledBecauseOfMARS))'.&#xD;
[2026-09-07 16:45:16.568 +03:30 INF] [Vitorize.Api] [SmsSent] [CorrelationId:f4ac8f004b17b5cb66c9e264b04ec465] [TraceId:3973874af28b2fb6581606c8a9a39c97] SMS sent. Purpose=Text Mobile=0912***5025 Provider=Asanak TemplateId=null MessageId=sms-ec3dad4f82304845aaa76140adfb7b39 EventType=SmsSent&#xD;
[2026-09-07 16:45:16.574 +03:30 INF] [Vitorize.Api] [OtpRequested] [CorrelationId:f4ac8f004b17b5cb66c9e264b04ec465] [TraceId:3973874af28b2fb6581606c8a9a39c97] OTP requested and sent. UserId=50512ef6-0c22-4d2a-95de-692ac9cc9eda MaskedMobile=091***5025 Purpose=MobileVerification EventType=OtpRequested&#xD;
[2026-09-07 16:45:16.577 +03:30 INF] [Vitorize.Api] [HttpRequestCompleted] [CorrelationId:f4ac8f004b17b5cb66c9e264b04ec465] [TraceId:3973874af28b2fb6581606c8a9a39c97] HTTP POST /api/auth/register responded 200 in 298.9851 ms&#xD;
[2026-09-07 16:45:17.175 +03:30 WRN] [Vitorize.Api] [] [CorrelationId:1909a1262cca92c81c2964cc61746614] [TraceId:aa0cba22716b9b3687754d9a1d6a5fed] Savepoints are disabled because Multiple Active Result Sets (MARS) is enabled. If 'SaveChanges' fails, then the transaction cannot be automatically rolled back to a known clean state. Instead, the transaction should be rolled back by the application before retrying 'SaveChanges'. See https://go.microsoft.com/fwlink/?linkid=2149338 for more information and examples. To identify the code which triggers this warning, call 'ConfigureWarnings(w =&gt; w.Throw(SqlServerEventId.SavepointsDisabledBecauseOfMARS))'.&#xD;
[2026-09-07 16:45:17.177 +03:30 INF] [Vitorize.Api] [SmsSent] [CorrelationId:1909a1262cca92c81c2964cc61746614] [TraceId:aa0cba22716b9b3687754d9a1d6a5fed] SMS sent. Purpose=Text Mobile=0912***2140 Provider=Asanak TemplateId=null MessageId=sms-bdaba04226614fe182b2e67e1655176a EventType=SmsSent&#xD;
[2026-09-07 16:45:17.187 +03:30 INF] [Vitorize.Api] [OtpRequested] [CorrelationId:1909a1262cca92c81c2964cc61746614] [TraceId:aa0cba22716b9b3687754d9a1d6a5fed] OTP requested and sent. UserId=43af0d75-c6ad-42fe-bbe1-ae1e14ad0262 MaskedMobile=091***2140 Purpose=MobileVerification EventType=OtpRequested&#xD;
[2026-09-07 16:45:17.190 +03:30 INF] [Vitorize.Api] [HttpRequestCompleted] [CorrelationId:1909a1262cca92c81c2964cc61746614] [TraceId:aa0cba22716b9b3687754d9a1d6a5fed] HTTP POST /api/auth/register responded 200 in 311.2570 ms&#xD;
[2026-09-07 16:45:17.487 +03:30 WRN] [Vitorize.Api] [] [CorrelationId:020de895ab377af16dd2f3859f1cb840] [TraceId:aa09ac0e707e10125ab7d2fb9a94fa64] Savepoints are disabled because Multiple Active Result Sets (MARS) is enabled. If 'SaveChanges' fails, then the transaction cannot be automatically rolled back to a known clean state. Instead, the transaction should be rolled back by the application before retrying 'SaveChanges'. See https://go.microsoft.com/fwlink/?linkid=2149338 for more information and examples. To identify the code which triggers this warning, call 'ConfigureWarnings(w =&gt; w.Throw(SqlServerEventId.SavepointsDisabledBecauseOfMARS))'.&#xD;
[2026-09-07 16:45:17.506 +03:30 INF] [Vitorize.Api] [SmsSent] [CorrelationId:020de895ab377af16dd2f3859f1cb840] [TraceId:aa09ac0e707e10125ab7d2fb9a94fa64] SMS sent. Purpose=Text Mobile=0912***2140 Provider=Asanak TemplateId=null MessageId=sms-c267c6c992b843768eec4617a4be6f61 EventType=SmsSent&#xD;
[2026-09-07 16:45:17.515 +03:30 INF] [Vitorize.Api] [OtpRequested] [CorrelationId:020de895ab377af16dd2f3859f1cb840] [TraceId:aa09ac0e707e10125ab7d2fb9a94fa64] OTP requested and sent. UserId=43af0d75-c6ad-42fe-bbe1-ae1e14ad0262 MaskedMobile=091***2140 Purpose=MobileVerification EventType=OtpRequested&#xD;
[2026-09-07 16:45:17.518 +03:30 INF] [Vitorize.Api] [HttpRequestCompleted] [CorrelationId:020de895ab377af16dd2f3859f1cb840] [TraceId:aa09ac0e707e10125ab7d2fb9a94fa64] HTTP POST /api/auth/register responded 200 in 326.8459 ms&#xD;
[2026-09-07 16:45:17.557 +03:30 WRN] [Vitorize.Api] [] [CorrelationId:86bf216680bca1f7fff968***3449eaa] [TraceId:b4713ab1da7000adebe0f4d167f845d1] Savepoints are disabled because Multiple Active Result Sets (MARS) is enabled. If 'SaveChanges' fails, then the transaction cannot be automatically rolled back to a known clean state. Instead, the transaction should be rolled back by the application before retrying 'SaveChanges'. See https://go.microsoft.com/fwlink/?linkid=2149338 for more information and examples. To identify the code which triggers this warning, call 'ConfigureWarnings(w =&gt; w.Throw(SqlServerEventId.SavepointsDisabledBecauseOfMARS))'.&#xD;
[2026-09-07 16:45:17.595 +03:30 INF] [Vitorize.Api] [RegistrationVerified] [CorrelationId:86bf216680bca1f7fff968***3449eaa] [TraceId:b4713ab1da7000adebe0f4d167f845d1] Registration verified for user 43af0d75-c6ad-42fe-bbe1-ae1e14ad0262. EventType=RegistrationVerified&#xD;
[2026-09-07 16:45:17.596 +03:30 INF] [Vitorize.Api] [HttpRequestCompleted] [CorrelationId:86bf216680bca1f7fff968***3449eaa] [TraceId:b4713ab1da7000adebe0f4d167f845d1] HTTP POST /api/auth/register/verify responded 200 in 59.2042 ms&#xD;
[2026-09-07 16:45:17.622 +03:30 INF] [Vitorize.Api] [ApplicationStopping] [CorrelationId:] [TraceId:] Vitorize API is stopping. EventType=ApplicationStopping&#xD;
[xUnit.net 00:02:24.39]   Finished:    Vitorize.IntegrationTests&#xD;
</StdOut>
    </Output>
  </ResultSummary>
</TestRun>