<?xml version="1.0" encoding="utf-8"?>
<TestRun id="76b29e52-da5b-4115-8a72-a63c73a0c5ca" name="Bakhshayesh.Hossein@UMS001N10068 2026-09-07 16:11:59" runUser="GIG\Bakhshayesh.Hossein" xmlns="http://microsoft.com/schemas/VisualStudio/TeamTest/2010">
  <Times creation="2026-09-07T16:11:59.5588244+03:30" queuing="2026-09-07T16:11:59.5588248+03:30" start="2026-09-07T16:11:10.1493087+03:30" finish="2026-09-07T16:12:09.9249365+03:30" />
  <TestSettings name="default" id="3fbe442b-80cb-4abb-9161-27875ee75264">
    <Deployment runDeploymentRoot="Bakhshayesh.Hossein_UMS001N10068_2026-09-07_16_11_59" />
  </TestSettings>
  <Results>
    <UnitTestResult executionId="704ec60b-d113-4d01-9e1e-4aa30285c0d8" testId="72617d55-86e0-972b-1820-3883aeeee3f3" testName="Vitorize.IntegrationTests.RegistrationOtpGateIntegrationTests.Attempts_are_capped_so_a_code_cannot_be_guessed" computerName="UMS001N10068" duration="00:00:00.3957338" startTime="2026-09-07T16:12:00.6163676+03:30" endTime="2026-09-07T16:12:00.6163678+03:30" testType="13cdc9d9-ddb5-4fa4-a97d-d965ccfc6d4b" outcome="Passed" testListId="8c84fa94-04c1-424b-9868-57a2d4851a1d" relativeResultsDirectory="704ec60b-d113-4d01-9e1e-4aa30285c0d8" />
    <UnitTestResult executionId="9f37ba95-b07a-4803-9c28-25cca6609ce6" testId="2c53a9ba-f5a8-c1e2-a65b-834764807a8f" testName="Vitorize.IntegrationTests.RegistrationOtpGateIntegrationTests.A_deactivated_real_account_is_not_treated_as_a_pending_registration" computerName="UMS001N10068" duration="00:00:00.5391982" startTime="2026-09-07T16:12:00.2200146+03:30" endTime="2026-09-07T16:12:00.2200150+03:30" testType="13cdc9d9-ddb5-4fa4-a97d-d965ccfc6d4b" outcome="Passed" testListId="8c84fa94-04c1-424b-9868-57a2d4851a1d" relativeResultsDirectory="9f37ba95-b07a-4803-9c28-25cca6609ce6" />
    <UnitTestResult executionId="60d41869-c2d2-4562-9e39-db6b5ca96eb2" testId="e7751feb-6dc7-74b8-164d-6f253faf8acc" testName="Vitorize.IntegrationTests.RegistrationOtpGateIntegrationTests.Resending_never_creates_a_second_account" computerName="UMS001N10068" duration="00:00:00.7018354" startTime="2026-09-07T16:12:04.6987526+03:30" endTime="2026-09-07T16:12:04.6987528+03:30" testType="13cdc9d9-ddb5-4fa4-a97d-d965ccfc6d4b" outcome="Passed" testListId="8c84fa94-04c1-424b-9868-57a2d4851a1d" relativeResultsDirectory="60d41869-c2d2-4562-9e39-db6b5ca96eb2" />
    <UnitTestResult executionId="f460ab70-e633-4991-ac50-ff9f616d6f7a" testId="d2c5d1d6-5224-9446-a763-59c072cacc29" testName="Vitorize.IntegrationTests.RegistrationOtpGateIntegrationTests.A_login_code_cannot_complete_a_registration" computerName="UMS001N10068" duration="00:00:00.3084658" startTime="2026-09-07T16:12:01.9362499+03:30" endTime="2026-09-07T16:12:01.9362500+03:30" testType="13cdc9d9-ddb5-4fa4-a97d-d965ccfc6d4b" outcome="Passed" testListId="8c84fa94-04c1-424b-9868-57a2d4851a1d" relativeResultsDirectory="f460ab70-e633-4991-ac50-ff9f616d6f7a" />
    <UnitTestResult executionId="d786ab6e-fbb0-4dff-a91c-8db81cf681bd" testId="b23fcece-1c7b-8674-07e3-4249fa3b1d8e" testName="Vitorize.IntegrationTests.RegistrationOtpGateIntegrationTests.A_mobile_that_already_has_a_real_account_is_refused_without_sending_a_code" computerName="UMS001N10068" duration="00:00:00.3030678" startTime="2026-09-07T16:12:02.5937365+03:30" endTime="2026-09-07T16:12:02.5937366+03:30" testType="13cdc9d9-ddb5-4fa4-a97d-d965ccfc6d4b" outcome="Passed" testListId="8c84fa94-04c1-424b-9868-57a2d4851a1d" relativeResultsDirectory="d786ab6e-fbb0-4dff-a91c-8db81cf681bd" />
    <UnitTestResult executionId="eb77e71c-1ed4-4346-a86a-8c6deceeedc0" testId="a805d57a-0ea8-4412-a60f-a59e4b71dffe" testName="Vitorize.IntegrationTests.RegistrationOtpGateIntegrationTests.The_verification_response_carries_no_code_and_no_password" computerName="UMS001N10068" duration="00:00:00.3705515" startTime="2026-09-07T16:12:01.2832795+03:30" endTime="2026-09-07T16:12:01.2832797+03:30" testType="13cdc9d9-ddb5-4fa4-a97d-d965ccfc6d4b" outcome="Passed" testListId="8c84fa94-04c1-424b-9868-57a2d4851a1d" relativeResultsDirectory="eb77e71c-1ed4-4346-a86a-8c6deceeedc0" />
    <UnitTestResult executionId="01f5d96b-6b12-4de5-81cf-25f1721df0bb" testId="a5bd2ea5-955f-72b5-a244-b48575000f7e" testName="Vitorize.IntegrationTests.RegistrationOtpGateIntegrationTests.The_correct_code_confirms_the_mobile_and_authenticates_immediately" computerName="UMS001N10068" duration="00:00:00.5297917" startTime="2026-09-07T16:12:03.9962039+03:30" endTime="2026-09-07T16:12:03.9962041+03:30" testType="13cdc9d9-ddb5-4fa4-a97d-d965ccfc6d4b" outcome="Passed" testListId="8c84fa94-04c1-424b-9868-57a2d4851a1d" relativeResultsDirectory="01f5d96b-6b12-4de5-81cf-25f1721df0bb" />
    <UnitTestResult executionId="fbed3c18-e14a-4c4d-97aa-7903c2931be4" testId="37aac119-067f-4e80-bc8d-c96ad63cd449" testName="Vitorize.IntegrationTests.RegistrationOtpGateIntegrationTests.An_abandoned_registration_never_blocks_the_real_owner" computerName="UMS001N10068" duration="00:00:00.5387696" startTime="2026-09-07T16:12:06.7555325+03:30" endTime="2026-09-07T16:12:06.7555326+03:30" testType="13cdc9d9-ddb5-4fa4-a97d-d965ccfc6d4b" outcome="Passed" testListId="8c84fa94-04c1-424b-9868-57a2d4851a1d" relativeResultsDirectory="fbed3c18-e14a-4c4d-97aa-7903c2931be4" />
    <UnitTestResult executionId="78b1dbe9-e364-40f8-9083-eb3aa9f8483e" testId="86f3c726-c9b6-cdcb-4b3b-7a5e05056430" testName="Vitorize.IntegrationTests.RegistrationOtpGateIntegrationTests.Submitting_the_registration_form_twice_creates_one_account" computerName="UMS001N10068" duration="00:00:00.3531223" startTime="2026-09-07T16:12:02.2898665+03:30" endTime="2026-09-07T16:12:02.2898666+03:30" testType="13cdc9d9-ddb5-4fa4-a97d-d965ccfc6d4b" outcome="Passed" testListId="8c84fa94-04c1-424b-9868-57a2d4851a1d" relativeResultsDirectory="78b1dbe9-e364-40f8-9083-eb3aa9f8483e" />
    <UnitTestResult executionId="700e3538-5160-4bad-914f-e17af4c52a3b" testId="eb544676-0864-50e9-7a09-7b12f89dc566" testName="Vitorize.IntegrationTests.RegistrationOtpGateIntegrationTests.A_registration_code_cannot_complete_a_login" computerName="UMS001N10068" duration="00:00:00.3925620" startTime="2026-09-07T16:12:03.4656956+03:30" endTime="2026-09-07T16:12:03.4656958+03:30" testType="13cdc9d9-ddb5-4fa4-a97d-d965ccfc6d4b" outcome="Passed" testListId="8c84fa94-04c1-424b-9868-57a2d4851a1d" relativeResultsDirectory="700e3538-5160-4bad-914f-e17af4c52a3b" />
    <UnitTestResult executionId="039f7c57-1f87-464b-8f43-abe000064ba8" testId="d680d462-7b5c-5c51-394f-dd34dc456061" testName="Vitorize.IntegrationTests.RegistrationOtpGateIntegrationTests.The_stored_code_is_hashed_never_kept_in_the_clear" computerName="UMS001N10068" duration="00:00:00.3001473" startTime="2026-09-07T16:12:04.9996146+03:30" endTime="2026-09-07T16:12:04.9996148+03:30" testType="13cdc9d9-ddb5-4fa4-a97d-d965ccfc6d4b" outcome="Passed" testListId="8c84fa94-04c1-424b-9868-57a2d4851a1d" relativeResultsDirectory="039f7c57-1f87-464b-8f43-abe000064ba8" />
    <UnitTestResult executionId="e533a2bb-c6ea-490e-a4dc-37cb9e8ae2aa" testId="1977fdbe-b710-71c8-813b-b4a8d03e1701" testName="Vitorize.IntegrationTests.RegistrationOtpGateIntegrationTests.A_completed_account_cannot_ask_for_a_registration_code_again" computerName="UMS001N10068" duration="00:00:00.4030784" startTime="2026-09-07T16:12:05.4034689+03:30" endTime="2026-09-07T16:12:05.4034690+03:30" testType="13cdc9d9-ddb5-4fa4-a97d-d965ccfc6d4b" outcome="Passed" testListId="8c84fa94-04c1-424b-9868-57a2d4851a1d" relativeResultsDirectory="e533a2bb-c6ea-490e-a4dc-37cb9e8ae2aa" />
    <UnitTestResult executionId="daedcc67-a989-447d-993f-0c279a04cf01" testId="29154f11-8603-7a66-a87f-9e2f4004b33a" testName="Vitorize.IntegrationTests.RegistrationOtpGateIntegrationTests.A_consumed_code_cannot_be_used_twice" computerName="UMS001N10068" duration="00:00:00.3434347" startTime="2026-09-07T16:12:01.6272976+03:30" endTime="2026-09-07T16:12:01.6272978+03:30" testType="13cdc9d9-ddb5-4fa4-a97d-d965ccfc6d4b" outcome="Passed" testListId="8c84fa94-04c1-424b-9868-57a2d4851a1d" relativeResultsDirectory="daedcc67-a989-447d-993f-0c279a04cf01" />
    <UnitTestResult executionId="2b6925a0-1248-43bf-ab65-cc7be44f428f" testId="d8331f6c-35bb-63dd-1ca5-151865d21f25" testName="Vitorize.IntegrationTests.RegistrationOtpGateIntegrationTests.The_password_is_stored_hashed_at_the_first_step_and_never_returned" computerName="UMS001N10068" duration="00:00:00.4933007" startTime="2026-09-07T16:12:06.2160463+03:30" endTime="2026-09-07T16:12:06.2160464+03:30" testType="13cdc9d9-ddb5-4fa4-a97d-d965ccfc6d4b" outcome="Passed" testListId="8c84fa94-04c1-424b-9868-57a2d4851a1d" relativeResultsDirectory="2b6925a0-1248-43bf-ab65-cc7be44f428f" />
    <UnitTestResult executionId="801b3779-8d5e-4873-aade-33283580d306" testId="450e4ba0-6553-6213-7e91-cbd891a91bea" testName="Vitorize.IntegrationTests.RegistrationOtpGateIntegrationTests.Before_verifying_the_account_cannot_sign_in_by_any_route" computerName="UMS001N10068" duration="00:00:01.2125268" startTime="2026-09-07T16:11:59.2339554+03:30" endTime="2026-09-07T16:11:59.2339802+03:30" testType="13cdc9d9-ddb5-4fa4-a97d-d965ccfc6d4b" outcome="Passed" testListId="8c84fa94-04c1-424b-9868-57a2d4851a1d" relativeResultsDirectory="801b3779-8d5e-4873-aade-33283580d306" />
    <UnitTestResult executionId="5053a6eb-ab58-4a6b-a2d3-19b2fb2d3c4a" testId="947f6fc0-0e17-2867-a0a8-9c73eee22d6b" testName="Vitorize.IntegrationTests.RegistrationOtpGateIntegrationTests.An_expired_code_does_not_complete_the_registration" computerName="UMS001N10068" duration="00:00:00.3181523" startTime="2026-09-07T16:12:05.7221289+03:30" endTime="2026-09-07T16:12:05.7221290+03:30" testType="13cdc9d9-ddb5-4fa4-a97d-d965ccfc6d4b" outcome="Passed" testListId="8c84fa94-04c1-424b-9868-57a2d4851a1d" relativeResultsDirectory="5053a6eb-ab58-4a6b-a2d3-19b2fb2d3c4a" />
    <UnitTestResult executionId="dfa8d25b-9857-4f5e-9554-7ff2d98c35b2" testId="b191f113-e8d6-359f-46aa-e2bbc30e23f4" testName="Vitorize.IntegrationTests.RegistrationOtpGateIntegrationTests.Resending_issues_a_new_code_and_retires_the_previous_one" computerName="UMS001N10068" duration="00:00:00.4779381" startTime="2026-09-07T16:12:03.0724859+03:30" endTime="2026-09-07T16:12:03.0724861+03:30" testType="13cdc9d9-ddb5-4fa4-a97d-d965ccfc6d4b" outcome="Passed" testListId="8c84fa94-04c1-424b-9868-57a2d4851a1d" relativeResultsDirectory="dfa8d25b-9857-4f5e-9554-7ff2d98c35b2" />
    <UnitTestResult executionId="e24a72db-384a-4b7b-bf52-f4bf39bae3d7" testId="7e118eb8-c46c-07f1-d171-ed9b77ff33cd" testName="Vitorize.IntegrationTests.RegistrationOtpGateIntegrationTests.A_wrong_code_does_not_complete_the_registration" computerName="UMS001N10068" duration="00:00:00.4448323" startTime="2026-09-07T16:11:59.6802497+03:30" endTime="2026-09-07T16:11:59.6802499+03:30" testType="13cdc9d9-ddb5-4fa4-a97d-d965ccfc6d4b" outcome="Passed" testListId="8c84fa94-04c1-424b-9868-57a2d4851a1d" relativeResultsDirectory="e24a72db-384a-4b7b-bf52-f4bf39bae3d7" />
    <UnitTestResult executionId="1017c53e-99af-4af1-a770-c34087176b75" testId="04c9a4cd-ec52-579b-0773-466c0ae843f3" testName="Vitorize.IntegrationTests.RegistrationOtpGateIntegrationTests.Registering_a_new_mobile_sends_a_verification_code_and_no_tokens" computerName="UMS001N10068" duration="00:00:00.2947737" startTime="2026-09-07T16:12:00.9119875+03:30" endTime="2026-09-07T16:12:00.9119879+03:30" testType="13cdc9d9-ddb5-4fa4-a97d-d965ccfc6d4b" outcome="Passed" testListId="8c84fa94-04c1-424b-9868-57a2d4851a1d" relativeResultsDirectory="1017c53e-99af-4af1-a770-c34087176b75" />
  </Results>
  <TestDefinitions>
    <UnitTest name="Vitorize.IntegrationTests.RegistrationOtpGateIntegrationTests.An_expired_code_does_not_complete_the_registration" storage="d:\vitorize\vitorize\tests\vitorize.integrationtests\bin\debug\net8.0\vitorize.integrationtests.dll" id="947f6fc0-0e17-2867-a0a8-9c73eee22d6b">
      <Execution id="5053a6eb-ab58-4a6b-a2d3-19b2fb2d3c4a" />
      <TestMethod codeBase="D:\Vitorize\Vitorize\tests\Vitorize.IntegrationTests\bin\Debug\net8.0\Vitorize.IntegrationTests.dll" adapterTypeName="executor://xunit/VsTestRunner2/netcoreapp" className="Vitorize.IntegrationTests.RegistrationOtpGateIntegrationTests" name="An_expired_code_does_not_complete_the_registration" />
    </UnitTest>
    <UnitTest name="Vitorize.IntegrationTests.RegistrationOtpGateIntegrationTests.The_stored_code_is_hashed_never_kept_in_the_clear" storage="d:\vitorize\vitorize\tests\vitorize.integrationtests\bin\debug\net8.0\vitorize.integrationtests.dll" id="d680d462-7b5c-5c51-394f-dd34dc456061">
      <Execution id="039f7c57-1f87-464b-8f43-abe000064ba8" />
      <TestMethod codeBase="D:\Vitorize\Vitorize\tests\Vitorize.IntegrationTests\bin\Debug\net8.0\Vitorize.IntegrationTests.dll" adapterTypeName="executor://xunit/VsTestRunner2/netcoreapp" className="Vitorize.IntegrationTests.RegistrationOtpGateIntegrationTests" name="The_stored_code_is_hashed_never_kept_in_the_clear" />
    </UnitTest>
    <UnitTest name="Vitorize.IntegrationTests.RegistrationOtpGateIntegrationTests.A_consumed_code_cannot_be_used_twice" storage="d:\vitorize\vitorize\tests\vitorize.integrationtests\bin\debug\net8.0\vitorize.integrationtests.dll" id="29154f11-8603-7a66-a87f-9e2f4004b33a">
      <Execution id="daedcc67-a989-447d-993f-0c279a04cf01" />
      <TestMethod codeBase="D:\Vitorize\Vitorize\tests\Vitorize.IntegrationTests\bin\Debug\net8.0\Vitorize.IntegrationTests.dll" adapterTypeName="executor://xunit/VsTestRunner2/netcoreapp" className="Vitorize.IntegrationTests.RegistrationOtpGateIntegrationTests" name="A_consumed_code_cannot_be_used_twice" />
    </UnitTest>
    <UnitTest name="Vitorize.IntegrationTests.RegistrationOtpGateIntegrationTests.Registering_a_new_mobile_sends_a_verification_code_and_no_tokens" storage="d:\vitorize\vitorize\tests\vitorize.integrationtests\bin\debug\net8.0\vitorize.integrationtests.dll" id="04c9a4cd-ec52-579b-0773-466c0ae843f3">
      <Execution id="1017c53e-99af-4af1-a770-c34087176b75" />
      <TestMethod codeBase="D:\Vitorize\Vitorize\tests\Vitorize.IntegrationTests\bin\Debug\net8.0\Vitorize.IntegrationTests.dll" adapterTypeName="executor://xunit/VsTestRunner2/netcoreapp" className="Vitorize.IntegrationTests.RegistrationOtpGateIntegrationTests" name="Registering_a_new_mobile_sends_a_verification_code_and_no_tokens" />
    </UnitTest>
    <UnitTest name="Vitorize.IntegrationTests.RegistrationOtpGateIntegrationTests.Resending_never_creates_a_second_account" storage="d:\vitorize\vitorize\tests\vitorize.integrationtests\bin\debug\net8.0\vitorize.integrationtests.dll" id="e7751feb-6dc7-74b8-164d-6f253faf8acc">
      <Execution id="60d41869-c2d2-4562-9e39-db6b5ca96eb2" />
      <TestMethod codeBase="D:\Vitorize\Vitorize\tests\Vitorize.IntegrationTests\bin\Debug\net8.0\Vitorize.IntegrationTests.dll" adapterTypeName="executor://xunit/VsTestRunner2/netcoreapp" className="Vitorize.IntegrationTests.RegistrationOtpGateIntegrationTests" name="Resending_never_creates_a_second_account" />
    </UnitTest>
    <UnitTest name="Vitorize.IntegrationTests.RegistrationOtpGateIntegrationTests.A_deactivated_real_account_is_not_treated_as_a_pending_registration" storage="d:\vitorize\vitorize\tests\vitorize.integrationtests\bin\debug\net8.0\vitorize.integrationtests.dll" id="2c53a9ba-f5a8-c1e2-a65b-834764807a8f">
      <Execution id="9f37ba95-b07a-4803-9c28-25cca6609ce6" />
      <TestMethod codeBase="D:\Vitorize\Vitorize\tests\Vitorize.IntegrationTests\bin\Debug\net8.0\Vitorize.IntegrationTests.dll" adapterTypeName="executor://xunit/VsTestRunner2/netcoreapp" className="Vitorize.IntegrationTests.RegistrationOtpGateIntegrationTests" name="A_deactivated_real_account_is_not_treated_as_a_pending_registration" />
    </UnitTest>
    <UnitTest name="Vitorize.IntegrationTests.RegistrationOtpGateIntegrationTests.A_login_code_cannot_complete_a_registration" storage="d:\vitorize\vitorize\tests\vitorize.integrationtests\bin\debug\net8.0\vitorize.integrationtests.dll" id="d2c5d1d6-5224-9446-a763-59c072cacc29">
      <Execution id="f460ab70-e633-4991-ac50-ff9f616d6f7a" />
      <TestMethod codeBase="D:\Vitorize\Vitorize\tests\Vitorize.IntegrationTests\bin\Debug\net8.0\Vitorize.IntegrationTests.dll" adapterTypeName="executor://xunit/VsTestRunner2/netcoreapp" className="Vitorize.IntegrationTests.RegistrationOtpGateIntegrationTests" name="A_login_code_cannot_complete_a_registration" />
    </UnitTest>
    <UnitTest name="Vitorize.IntegrationTests.RegistrationOtpGateIntegrationTests.Attempts_are_capped_so_a_code_cannot_be_guessed" storage="d:\vitorize\vitorize\tests\vitorize.integrationtests\bin\debug\net8.0\vitorize.integrationtests.dll" id="72617d55-86e0-972b-1820-3883aeeee3f3">
      <Execution id="704ec60b-d113-4d01-9e1e-4aa30285c0d8" />
      <TestMethod codeBase="D:\Vitorize\Vitorize\tests\Vitorize.IntegrationTests\bin\Debug\net8.0\Vitorize.IntegrationTests.dll" adapterTypeName="executor://xunit/VsTestRunner2/netcoreapp" className="Vitorize.IntegrationTests.RegistrationOtpGateIntegrationTests" name="Attempts_are_capped_so_a_code_cannot_be_guessed" />
    </UnitTest>
    <UnitTest name="Vitorize.IntegrationTests.RegistrationOtpGateIntegrationTests.Submitting_the_registration_form_twice_creates_one_account" storage="d:\vitorize\vitorize\tests\vitorize.integrationtests\bin\debug\net8.0\vitorize.integrationtests.dll" id="86f3c726-c9b6-cdcb-4b3b-7a5e05056430">
      <Execution id="78b1dbe9-e364-40f8-9083-eb3aa9f8483e" />
      <TestMethod codeBase="D:\Vitorize\Vitorize\tests\Vitorize.IntegrationTests\bin\Debug\net8.0\Vitorize.IntegrationTests.dll" adapterTypeName="executor://xunit/VsTestRunner2/netcoreapp" className="Vitorize.IntegrationTests.RegistrationOtpGateIntegrationTests" name="Submitting_the_registration_form_twice_creates_one_account" />
    </UnitTest>
    <UnitTest name="Vitorize.IntegrationTests.RegistrationOtpGateIntegrationTests.An_abandoned_registration_never_blocks_the_real_owner" storage="d:\vitorize\vitorize\tests\vitorize.integrationtests\bin\debug\net8.0\vitorize.integrationtests.dll" id="37aac119-067f-4e80-bc8d-c96ad63cd449">
      <Execution id="fbed3c18-e14a-4c4d-97aa-7903c2931be4" />
      <TestMethod codeBase="D:\Vitorize\Vitorize\tests\Vitorize.IntegrationTests\bin\Debug\net8.0\Vitorize.IntegrationTests.dll" adapterTypeName="executor://xunit/VsTestRunner2/netcoreapp" className="Vitorize.IntegrationTests.RegistrationOtpGateIntegrationTests" name="An_abandoned_registration_never_blocks_the_real_owner" />
    </UnitTest>
    <UnitTest name="Vitorize.IntegrationTests.RegistrationOtpGateIntegrationTests.A_completed_account_cannot_ask_for_a_registration_code_again" storage="d:\vitorize\vitorize\tests\vitorize.integrationtests\bin\debug\net8.0\vitorize.integrationtests.dll" id="1977fdbe-b710-71c8-813b-b4a8d03e1701">
      <Execution id="e533a2bb-c6ea-490e-a4dc-37cb9e8ae2aa" />
      <TestMethod codeBase="D:\Vitorize\Vitorize\tests\Vitorize.IntegrationTests\bin\Debug\net8.0\Vitorize.IntegrationTests.dll" adapterTypeName="executor://xunit/VsTestRunner2/netcoreapp" className="Vitorize.IntegrationTests.RegistrationOtpGateIntegrationTests" name="A_completed_account_cannot_ask_for_a_registration_code_again" />
    </UnitTest>
    <UnitTest name="Vitorize.IntegrationTests.RegistrationOtpGateIntegrationTests.Before_verifying_the_account_cannot_sign_in_by_any_route" storage="d:\vitorize\vitorize\tests\vitorize.integrationtests\bin\debug\net8.0\vitorize.integrationtests.dll" id="450e4ba0-6553-6213-7e91-cbd891a91bea">
      <Execution id="801b3779-8d5e-4873-aade-33283580d306" />
      <TestMethod codeBase="D:\Vitorize\Vitorize\tests\Vitorize.IntegrationTests\bin\Debug\net8.0\Vitorize.IntegrationTests.dll" adapterTypeName="executor://xunit/VsTestRunner2/netcoreapp" className="Vitorize.IntegrationTests.RegistrationOtpGateIntegrationTests" name="Before_verifying_the_account_cannot_sign_in_by_any_route" />
    </UnitTest>
    <UnitTest name="Vitorize.IntegrationTests.RegistrationOtpGateIntegrationTests.Resending_issues_a_new_code_and_retires_the_previous_one" storage="d:\vitorize\vitorize\tests\vitorize.integrationtests\bin\debug\net8.0\vitorize.integrationtests.dll" id="b191f113-e8d6-359f-46aa-e2bbc30e23f4">
      <Execution id="dfa8d25b-9857-4f5e-9554-7ff2d98c35b2" />
      <TestMethod codeBase="D:\Vitorize\Vitorize\tests\Vitorize.IntegrationTests\bin\Debug\net8.0\Vitorize.IntegrationTests.dll" adapterTypeName="executor://xunit/VsTestRunner2/netcoreapp" className="Vitorize.IntegrationTests.RegistrationOtpGateIntegrationTests" name="Resending_issues_a_new_code_and_retires_the_previous_one" />
    </UnitTest>
    <UnitTest name="Vitorize.IntegrationTests.RegistrationOtpGateIntegrationTests.A_mobile_that_already_has_a_real_account_is_refused_without_sending_a_code" storage="d:\vitorize\vitorize\tests\vitorize.integrationtests\bin\debug\net8.0\vitorize.integrationtests.dll" id="b23fcece-1c7b-8674-07e3-4249fa3b1d8e">
      <Execution id="d786ab6e-fbb0-4dff-a91c-8db81cf681bd" />
      <TestMethod codeBase="D:\Vitorize\Vitorize\tests\Vitorize.IntegrationTests\bin\Debug\net8.0\Vitorize.IntegrationTests.dll" adapterTypeName="executor://xunit/VsTestRunner2/netcoreapp" className="Vitorize.IntegrationTests.RegistrationOtpGateIntegrationTests" name="A_mobile_that_already_has_a_real_account_is_refused_without_sending_a_code" />
    </UnitTest>
    <UnitTest name="Vitorize.IntegrationTests.RegistrationOtpGateIntegrationTests.The_verification_response_carries_no_code_and_no_password" storage="d:\vitorize\vitorize\tests\vitorize.integrationtests\bin\debug\net8.0\vitorize.integrationtests.dll" id="a805d57a-0ea8-4412-a60f-a59e4b71dffe">
      <Execution id="eb77e71c-1ed4-4346-a86a-8c6deceeedc0" />
      <TestMethod codeBase="D:\Vitorize\Vitorize\tests\Vitorize.IntegrationTests\bin\Debug\net8.0\Vitorize.IntegrationTests.dll" adapterTypeName="executor://xunit/VsTestRunner2/netcoreapp" className="Vitorize.IntegrationTests.RegistrationOtpGateIntegrationTests" name="The_verification_response_carries_no_code_and_no_password" />
    </UnitTest>
    <UnitTest name="Vitorize.IntegrationTests.RegistrationOtpGateIntegrationTests.The_password_is_stored_hashed_at_the_first_step_and_never_returned" storage="d:\vitorize\vitorize\tests\vitorize.integrationtests\bin\debug\net8.0\vitorize.integrationtests.dll" id="d8331f6c-35bb-63dd-1ca5-151865d21f25">
      <Execution id="2b6925a0-1248-43bf-ab65-cc7be44f428f" />
      <TestMethod codeBase="D:\Vitorize\Vitorize\tests\Vitorize.IntegrationTests\bin\Debug\net8.0\Vitorize.IntegrationTests.dll" adapterTypeName="executor://xunit/VsTestRunner2/netcoreapp" className="Vitorize.IntegrationTests.RegistrationOtpGateIntegrationTests" name="The_password_is_stored_hashed_at_the_first_step_and_never_returned" />
    </UnitTest>
    <UnitTest name="Vitorize.IntegrationTests.RegistrationOtpGateIntegrationTests.A_registration_code_cannot_complete_a_login" storage="d:\vitorize\vitorize\tests\vitorize.integrationtests\bin\debug\net8.0\vitorize.integrationtests.dll" id="eb544676-0864-50e9-7a09-7b12f89dc566">
      <Execution id="700e3538-5160-4bad-914f-e17af4c52a3b" />
      <TestMethod codeBase="D:\Vitorize\Vitorize\tests\Vitorize.IntegrationTests\bin\Debug\net8.0\Vitorize.IntegrationTests.dll" adapterTypeName="executor://xunit/VsTestRunner2/netcoreapp" className="Vitorize.IntegrationTests.RegistrationOtpGateIntegrationTests" name="A_registration_code_cannot_complete_a_login" />
    </UnitTest>
    <UnitTest name="Vitorize.IntegrationTests.RegistrationOtpGateIntegrationTests.The_correct_code_confirms_the_mobile_and_authenticates_immediately" storage="d:\vitorize\vitorize\tests\vitorize.integrationtests\bin\debug\net8.0\vitorize.integrationtests.dll" id="a5bd2ea5-955f-72b5-a244-b48575000f7e">
      <Execution id="01f5d96b-6b12-4de5-81cf-25f1721df0bb" />
      <TestMethod codeBase="D:\Vitorize\Vitorize\tests\Vitorize.IntegrationTests\bin\Debug\net8.0\Vitorize.IntegrationTests.dll" adapterTypeName="executor://xunit/VsTestRunner2/netcoreapp" className="Vitorize.IntegrationTests.RegistrationOtpGateIntegrationTests" name="The_correct_code_confirms_the_mobile_and_authenticates_immediately" />
    </UnitTest>
    <UnitTest name="Vitorize.IntegrationTests.RegistrationOtpGateIntegrationTests.A_wrong_code_does_not_complete_the_registration" storage="d:\vitorize\vitorize\tests\vitorize.integrationtests\bin\debug\net8.0\vitorize.integrationtests.dll" id="7e118eb8-c46c-07f1-d171-ed9b77ff33cd">
      <Execution id="e24a72db-384a-4b7b-bf52-f4bf39bae3d7" />
      <TestMethod codeBase="D:\Vitorize\Vitorize\tests\Vitorize.IntegrationTests\bin\Debug\net8.0\Vitorize.IntegrationTests.dll" adapterTypeName="executor://xunit/VsTestRunner2/netcoreapp" className="Vitorize.IntegrationTests.RegistrationOtpGateIntegrationTests" name="A_wrong_code_does_not_complete_the_registration" />
    </UnitTest>
  </TestDefinitions>
  <TestEntries>
    <TestEntry testId="72617d55-86e0-972b-1820-3883aeeee3f3" executionId="704ec60b-d113-4d01-9e1e-4aa30285c0d8" testListId="8c84fa94-04c1-424b-9868-57a2d4851a1d" />
    <TestEntry testId="2c53a9ba-f5a8-c1e2-a65b-834764807a8f" executionId="9f37ba95-b07a-4803-9c28-25cca6609ce6" testListId="8c84fa94-04c1-424b-9868-57a2d4851a1d" />
    <TestEntry testId="e7751feb-6dc7-74b8-164d-6f253faf8acc" executionId="60d41869-c2d2-4562-9e39-db6b5ca96eb2" testListId="8c84fa94-04c1-424b-9868-57a2d4851a1d" />
    <TestEntry testId="d2c5d1d6-5224-9446-a763-59c072cacc29" executionId="f460ab70-e633-4991-ac50-ff9f616d6f7a" testListId="8c84fa94-04c1-424b-9868-57a2d4851a1d" />
    <TestEntry testId="b23fcece-1c7b-8674-07e3-4249fa3b1d8e" executionId="d786ab6e-fbb0-4dff-a91c-8db81cf681bd" testListId="8c84fa94-04c1-424b-9868-57a2d4851a1d" />
    <TestEntry testId="a805d57a-0ea8-4412-a60f-a59e4b71dffe" executionId="eb77e71c-1ed4-4346-a86a-8c6deceeedc0" testListId="8c84fa94-04c1-424b-9868-57a2d4851a1d" />
    <TestEntry testId="a5bd2ea5-955f-72b5-a244-b48575000f7e" executionId="01f5d96b-6b12-4de5-81cf-25f1721df0bb" testListId="8c84fa94-04c1-424b-9868-57a2d4851a1d" />
    <TestEntry testId="37aac119-067f-4e80-bc8d-c96ad63cd449" executionId="fbed3c18-e14a-4c4d-97aa-7903c2931be4" testListId="8c84fa94-04c1-424b-9868-57a2d4851a1d" />
    <TestEntry testId="86f3c726-c9b6-cdcb-4b3b-7a5e05056430" executionId="78b1dbe9-e364-40f8-9083-eb3aa9f8483e" testListId="8c84fa94-04c1-424b-9868-57a2d4851a1d" />
    <TestEntry testId="eb544676-0864-50e9-7a09-7b12f89dc566" executionId="700e3538-5160-4bad-914f-e17af4c52a3b" testListId="8c84fa94-04c1-424b-9868-57a2d4851a1d" />
    <TestEntry testId="d680d462-7b5c-5c51-394f-dd34dc456061" executionId="039f7c57-1f87-464b-8f43-abe000064ba8" testListId="8c84fa94-04c1-424b-9868-57a2d4851a1d" />
    <TestEntry testId="1977fdbe-b710-71c8-813b-b4a8d03e1701" executionId="e533a2bb-c6ea-490e-a4dc-37cb9e8ae2aa" testListId="8c84fa94-04c1-424b-9868-57a2d4851a1d" />
    <TestEntry testId="29154f11-8603-7a66-a87f-9e2f4004b33a" executionId="daedcc67-a989-447d-993f-0c279a04cf01" testListId="8c84fa94-04c1-424b-9868-57a2d4851a1d" />
    <TestEntry testId="d8331f6c-35bb-63dd-1ca5-151865d21f25" executionId="2b6925a0-1248-43bf-ab65-cc7be44f428f" testListId="8c84fa94-04c1-424b-9868-57a2d4851a1d" />
    <TestEntry testId="450e4ba0-6553-6213-7e91-cbd891a91bea" executionId="801b3779-8d5e-4873-aade-33283580d306" testListId="8c84fa94-04c1-424b-9868-57a2d4851a1d" />
    <TestEntry testId="947f6fc0-0e17-2867-a0a8-9c73eee22d6b" executionId="5053a6eb-ab58-4a6b-a2d3-19b2fb2d3c4a" testListId="8c84fa94-04c1-424b-9868-57a2d4851a1d" />
    <TestEntry testId="b191f113-e8d6-359f-46aa-e2bbc30e23f4" executionId="dfa8d25b-9857-4f5e-9554-7ff2d98c35b2" testListId="8c84fa94-04c1-424b-9868-57a2d4851a1d" />
    <TestEntry testId="7e118eb8-c46c-07f1-d171-ed9b77ff33cd" executionId="e24a72db-384a-4b7b-bf52-f4bf39bae3d7" testListId="8c84fa94-04c1-424b-9868-57a2d4851a1d" />
    <TestEntry testId="04c9a4cd-ec52-579b-0773-466c0ae843f3" executionId="1017c53e-99af-4af1-a770-c34087176b75" testListId="8c84fa94-04c1-424b-9868-57a2d4851a1d" />
  </TestEntries>
  <TestLists>
    <TestList name="Results Not in a List" id="8c84fa94-04c1-424b-9868-57a2d4851a1d" />
    <TestList name="All Loaded Results" id="19431567-8539-422a-85d7-44ee4e166bda" />
  </TestLists>
  <ResultSummary outcome="Completed">
    <Counters total="19" executed="19" passed="19" failed="0" error="0" timeout="0" aborted="0" inconclusive="0" passedButRunAborted="0" notRunnable="0" notExecuted="0" disconnected="0" warning="0" completed="0" inProgress="0" pending="0" />
    <Output>
      <StdOut>[xUnit.net 00:00:00.00] xUnit.net VSTest Adapter v2.8.2+699d445a1a (64-bit .NET 8.0.28)&#xD;
[xUnit.net 00:00:00.09]   Discovering: Vitorize.IntegrationTests&#xD;
[xUnit.net 00:00:00.17]   Discovered:  Vitorize.IntegrationTests&#xD;
[xUnit.net 00:00:00.17]   Starting:    Vitorize.IntegrationTests&#xD;
[16:11:55 INF] Vitorize API bootstrap starting&#xD;
[2026-09-07 16:11:57.422 +03:30 WRN] [Vitorize.Api] [SeqDisabled] [CorrelationId:] [TraceId:] Seq is disabled; console and file sinks remain active. EventType=SeqDisabled&#xD;
[2026-09-07 16:11:57.499 +03:30 INF] [Vitorize.Api] [ApplicationStarted] [CorrelationId:] [TraceId:] Vitorize API started in Testing. EventType=ApplicationStarted&#xD;
[2026-09-07 16:11:58.672 +03:30 WRN] [Vitorize.Api] [] [CorrelationId:e561409280ceb07ff27ddf8e2f25b5a0] [TraceId:0640e4fd62e1baa82cb4ea3038fe437e] Savepoints are disabled because Multiple Active Result Sets (MARS) is enabled. If 'SaveChanges' fails, then the transaction cannot be automatically rolled back to a known clean state. Instead, the transaction should be rolled back by the application before retrying 'SaveChanges'. See https://go.microsoft.com/fwlink/?linkid=2149338 for more information and examples. To identify the code which triggers this warning, call 'ConfigureWarnings(w =&gt; w.Throw(SqlServerEventId.SavepointsDisabledBecauseOfMARS))'.&#xD;
[2026-09-07 16:11:58.687 +03:30 INF] [Vitorize.Api] [SmsSent] [CorrelationId:e561409280ceb07ff27ddf8e2f25b5a0] [TraceId:0640e4fd62e1baa82cb4ea3038fe437e] SMS sent. Purpose=Text Mobile=0912***2743 Provider=Asanak TemplateId=null MessageId=sms-f08442e413d946dbbc68295ebc5b360f EventType=SmsSent&#xD;
[2026-09-07 16:11:58.817 +03:30 INF] [Vitorize.Api] [OtpRequested] [CorrelationId:e561409280ceb07ff27ddf8e2f25b5a0] [TraceId:0640e4fd62e1baa82cb4ea3038fe437e] OTP requested and sent. UserId=855d2bfa-c207-4a68-ae8f-55478aada7a2 MaskedMobile=091***2743 Purpose=MobileVerification EventType=OtpRequested&#xD;
[2026-09-07 16:11:58.842 +03:30 INF] [Vitorize.Api] [HttpRequestCompleted] [CorrelationId:e561409280ceb07ff27ddf8e2f25b5a0] [TraceId:0640e4fd62e1baa82cb4ea3038fe437e] HTTP POST /api/auth/register responded 200 in 719.0601 ms&#xD;
[2026-09-07 16:11:59.099 +03:30 INF] [Vitorize.Api] [HttpRequestCompleted] [CorrelationId:32ff9063eab94ff8e6e93593c6b792b7] [TraceId:72b92690cc0c0609fd424447d43d17fb] HTTP POST /api/auth/login responded 400 in 249.5693 ms&#xD;
[2026-09-07 16:11:59.147 +03:30 INF] [Vitorize.Api] [HttpRequestCompleted] [CorrelationId:18f914a9604978da7eaa9a43beeb6dcd] [TraceId:729898ca8a30ed4e0eb04ae7076eb7f1] HTTP POST /api/auth/login/otp/request responded 200 in 30.5608 ms&#xD;
[2026-09-07 16:11:59.536 +03:30 WRN] [Vitorize.Api] [] [CorrelationId:d1c072e1ba752b642f2c7e87fe96ecd0] [TraceId:7622fbf9cfd69948dd6ff2eef2e918ff] Savepoints are disabled because Multiple Active Result Sets (MARS) is enabled. If 'SaveChanges' fails, then the transaction cannot be automatically rolled back to a known clean state. Instead, the transaction should be rolled back by the application before retrying 'SaveChanges'. See https://go.microsoft.com/fwlink/?linkid=2149338 for more information and examples. To identify the code which triggers this warning, call 'ConfigureWarnings(w =&gt; w.Throw(SqlServerEventId.SavepointsDisabledBecauseOfMARS))'.&#xD;
[2026-09-07 16:11:59.542 +03:30 INF] [Vitorize.Api] [SmsSent] [CorrelationId:d1c072e1ba752b642f2c7e87fe96ecd0] [TraceId:7622fbf9cfd69948dd6ff2eef2e918ff] SMS sent. Purpose=Text Mobile=0912***0159 Provider=Asanak TemplateId=null MessageId=sms-a6e55f2f2b6d4b7391a5260bdc1c2577 EventType=SmsSent&#xD;
[2026-09-07 16:11:59.562 +03:30 INF] [Vitorize.Api] [OtpRequested] [CorrelationId:d1c072e1ba752b642f2c7e87fe96ecd0] [TraceId:7622fbf9cfd69948dd6ff2eef2e918ff] OTP requested and sent. UserId=4df79149-9bc3-4faf-b00f-df0b55c8c9fd MaskedMobile=091***0159 Purpose=MobileVerification EventType=OtpRequested&#xD;
[2026-09-07 16:11:59.565 +03:30 INF] [Vitorize.Api] [HttpRequestCompleted] [CorrelationId:d1c072e1ba752b642f2c7e87fe96ecd0] [TraceId:7622fbf9cfd69948dd6ff2eef2e918ff] HTTP POST /api/auth/register responded 200 in 321.5225 ms&#xD;
[2026-09-07 16:11:59.657 +03:30 WRN] [Vitorize.Api] [] [CorrelationId:e94ffa77369af0986662121e2f0ed12a] [TraceId:ec32818c1608422ef37e00da71bc0e6b] Savepoints are disabled because Multiple Active Result Sets (MARS) is enabled. If 'SaveChanges' fails, then the transaction cannot be automatically rolled back to a known clean state. Instead, the transaction should be rolled back by the application before retrying 'SaveChanges'. See https://go.microsoft.com/fwlink/?linkid=2149338 for more information and examples. To identify the code which triggers this warning, call 'ConfigureWarnings(w =&gt; w.Throw(SqlServerEventId.SavepointsDisabledBecauseOfMARS))'.&#xD;
[2026-09-07 16:11:59.670 +03:30 INF] [Vitorize.Api] [HttpRequestCompleted] [CorrelationId:e94ffa77369af0986662121e2f0ed12a] [TraceId:ec32818c1608422ef37e00da71bc0e6b] HTTP POST /api/auth/register/verify responded 400 in 49.2256 ms&#xD;
[2026-09-07 16:11:59.938 +03:30 WRN] [Vitorize.Api] [] [CorrelationId:58169fcb896f416c16aab01bfcafe506] [TraceId:9f4c6699d770a2b8e8b5e6f81665b111] Savepoints are disabled because Multiple Active Result Sets (MARS) is enabled. If 'SaveChanges' fails, then the transaction cannot be automatically rolled back to a known clean state. Instead, the transaction should be rolled back by the application before retrying 'SaveChanges'. See https://go.microsoft.com/fwlink/?linkid=2149338 for more information and examples. To identify the code which triggers this warning, call 'ConfigureWarnings(w =&gt; w.Throw(SqlServerEventId.SavepointsDisabledBecauseOfMARS))'.&#xD;
[2026-09-07 16:11:59.947 +03:30 INF] [Vitorize.Api] [SmsSent] [CorrelationId:58169fcb896f416c16aab01bfcafe506] [TraceId:9f4c6699d770a2b8e8b5e6f81665b111] SMS sent. Purpose=Text Mobile=0912***3148 Provider=Asanak TemplateId=null MessageId=sms-ce7f3f616fc645d587a27a8f7e5d589e EventType=SmsSent&#xD;
[2026-09-07 16:11:59.953 +03:30 INF] [Vitorize.Api] [OtpRequested] [CorrelationId:58169fcb896f416c16aab01bfcafe506] [TraceId:9f4c6699d770a2b8e8b5e6f81665b111] OTP requested and sent. UserId=364a3355-4fe4-4e38-b993-c31c87f75552 MaskedMobile=091***3148 Purpose=MobileVerification EventType=OtpRequested&#xD;
[2026-09-07 16:11:59.955 +03:30 INF] [Vitorize.Api] [HttpRequestCompleted] [CorrelationId:58169fcb896f416c16aab01bfcafe506] [TraceId:9f4c6699d770a2b8e8b5e6f81665b111] HTTP POST /api/auth/register responded 200 in 262.6271 ms&#xD;
[2026-09-07 16:12:00.050 +03:30 WRN] [Vitorize.Api] [] [CorrelationId:cdc7073e7ce2718af98febebe7ad0255] [TraceId:1d51a14906df82dc6346a0a20cb509d8] Savepoints are disabled because Multiple Active Result Sets (MARS) is enabled. If 'SaveChanges' fails, then the transaction cannot be automatically rolled back to a known clean state. Instead, the transaction should be rolled back by the application before retrying 'SaveChanges'. See https://go.microsoft.com/fwlink/?linkid=2149338 for more information and examples. To identify the code which triggers this warning, call 'ConfigureWarnings(w =&gt; w.Throw(SqlServerEventId.SavepointsDisabledBecauseOfMARS))'.&#xD;
[2026-09-07 16:12:00.074 +03:30 INF] [Vitorize.Api] [RegistrationVerified] [CorrelationId:cdc7073e7ce2718af98febebe7ad0255] [TraceId:1d51a14906df82dc6346a0a20cb509d8] Registration verified for user 364a3355-4fe4-4e38-b993-c31c87f75552. EventType=RegistrationVerified&#xD;
[2026-09-07 16:12:00.078 +03:30 INF] [Vitorize.Api] [HttpRequestCompleted] [CorrelationId:cdc7073e7ce2718af98febebe7ad0255] [TraceId:1d51a14906df82dc6346a0a20cb509d8] HTTP POST /api/auth/register/verify responded 200 in 103.7545 ms&#xD;
[2026-09-07 16:12:00.214 +03:30 INF] [Vitorize.Api] [HttpRequestCompleted] [CorrelationId:bfffa0f3276fec3276dfc2d9ac2ae36a] [TraceId:ab955ef94508388ce2a58c711765a194] HTTP POST /api/auth/register responded 400 in 10.9183 ms&#xD;
[2026-09-07 16:12:00.458 +03:30 WRN] [Vitorize.Api] [] [CorrelationId:82df942***2372f02db6b728d973de48] [TraceId:660d74f315d3ecb531afb0d1961abedf] Savepoints are disabled because Multiple Active Result Sets (MARS) is enabled. If 'SaveChanges' fails, then the transaction cannot be automatically rolled back to a known clean state. Instead, the transaction should be rolled back by the application before retrying 'SaveChanges'. See https://go.microsoft.com/fwlink/?linkid=2149338 for more information and examples. To identify the code which triggers this warning, call 'ConfigureWarnings(w =&gt; w.Throw(SqlServerEventId.SavepointsDisabledBecauseOfMARS))'.&#xD;
[2026-09-07 16:12:00.469 +03:30 INF] [Vitorize.Api] [SmsSent] [CorrelationId:82df942***2372f02db6b728d973de48] [TraceId:660d74f315d3ecb531afb0d1961abedf] SMS sent. Purpose=Text Mobile=0912***0321 Provider=Asanak TemplateId=null MessageId=sms-6b9a4b07aeb541ebb82828eb183abd0f EventType=SmsSent&#xD;
[2026-09-07 16:12:00.516 +03:30 INF] [Vitorize.Api] [OtpRequested] [CorrelationId:82df942***2372f02db6b728d973de48] [TraceId:660d74f315d3ecb531afb0d1961abedf] OTP requested and sent. UserId=01ca0078-6aff-42da-8d37-6411379a7e84 MaskedMobile=091***0321 Purpose=MobileVerification EventType=OtpRequested&#xD;
[2026-09-07 16:12:00.519 +03:30 INF] [Vitorize.Api] [HttpRequestCompleted] [CorrelationId:82df942***2372f02db6b728d973de48] [TraceId:660d74f315d3ecb531afb0d1961abedf] HTTP POST /api/auth/register responded 200 in 289.7397 ms&#xD;
[2026-09-07 16:12:00.544 +03:30 WRN] [Vitorize.Api] [] [CorrelationId:756e33e12fe97d3617aa29408d96f392] [TraceId:cdce1f34b85e089fbf122408f10f6b25] Savepoints are disabled because Multiple Active Result Sets (MARS) is enabled. If 'SaveChanges' fails, then the transaction cannot be automatically rolled back to a known clean state. Instead, the transaction should be rolled back by the application before retrying 'SaveChanges'. See https://go.microsoft.com/fwlink/?linkid=2149338 for more information and examples. To identify the code which triggers this warning, call 'ConfigureWarnings(w =&gt; w.Throw(SqlServerEventId.SavepointsDisabledBecauseOfMARS))'.&#xD;
[2026-09-07 16:12:00.553 +03:30 INF] [Vitorize.Api] [HttpRequestCompleted] [CorrelationId:756e33e12fe97d3617aa29408d96f392] [TraceId:cdce1f34b85e089fbf122408f10f6b25] HTTP POST /api/auth/register/verify responded 400 in 21.4647 ms&#xD;
[2026-09-07 16:12:00.558 +03:30 WRN] [Vitorize.Api] [] [CorrelationId:ca5f4f4ecbe4a036cf4e84325dba2804] [TraceId:d906ba4581f8410826d03aa2fe1b29db] Savepoints are disabled because Multiple Active Result Sets (MARS) is enabled. If 'SaveChanges' fails, then the transaction cannot be automatically rolled back to a known clean state. Instead, the transaction should be rolled back by the application before retrying 'SaveChanges'. See https://go.microsoft.com/fwlink/?linkid=2149338 for more information and examples. To identify the code which triggers this warning, call 'ConfigureWarnings(w =&gt; w.Throw(SqlServerEventId.SavepointsDisabledBecauseOfMARS))'.&#xD;
[2026-09-07 16:12:00.561 +03:30 INF] [Vitorize.Api] [HttpRequestCompleted] [CorrelationId:ca5f4f4ecbe4a036cf4e84325dba2804] [TraceId:d906ba4581f8410826d03aa2fe1b29db] HTTP POST /api/auth/register/verify responded 400 in 7.8310 ms&#xD;
[2026-09-07 16:12:00.566 +03:30 WRN] [Vitorize.Api] [] [CorrelationId:d2b52d3ef2532450a60a3e33c815a214] [TraceId:472841db55e1369011eccc008a2353c9] Savepoints are disabled because Multiple Active Result Sets (MARS) is enabled. If 'SaveChanges' fails, then the transaction cannot be automatically rolled back to a known clean state. Instead, the transaction should be rolled back by the application before retrying 'SaveChanges'. See https://go.microsoft.com/fwlink/?linkid=2149338 for more information and examples. To identify the code which triggers this warning, call 'ConfigureWarnings(w =&gt; w.Throw(SqlServerEventId.SavepointsDisabledBecauseOfMARS))'.&#xD;
[2026-09-07 16:12:00.577 +03:30 INF] [Vitorize.Api] [HttpRequestCompleted] [CorrelationId:d2b52d3ef2532450a60a3e33c815a214] [TraceId:472841db55e1369011eccc008a2353c9] HTTP POST /api/auth/register/verify responded 400 in 15.1203 ms&#xD;
[2026-09-07 16:12:00.582 +03:30 WRN] [Vitorize.Api] [] [CorrelationId:0cb9e29379020b6dc565a97453007cc0] [TraceId:8cf37791c68eb901e8c5e00f573dcbeb] Savepoints are disabled because Multiple Active Result Sets (MARS) is enabled. If 'SaveChanges' fails, then the transaction cannot be automatically rolled back to a known clean state. Instead, the transaction should be rolled back by the application before retrying 'SaveChanges'. See https://go.microsoft.com/fwlink/?linkid=2149338 for more information and examples. To identify the code which triggers this warning, call 'ConfigureWarnings(w =&gt; w.Throw(SqlServerEventId.SavepointsDisabledBecauseOfMARS))'.&#xD;
[2026-09-07 16:12:00.584 +03:30 INF] [Vitorize.Api] [HttpRequestCompleted] [CorrelationId:0cb9e29379020b6dc565a97453007cc0] [TraceId:8cf37791c68eb901e8c5e00f573dcbeb] HTTP POST /api/auth/register/verify responded 400 in 6.3587 ms&#xD;
[2026-09-07 16:12:00.589 +03:30 WRN] [Vitorize.Api] [] [CorrelationId:f8616287001567fd2a7a57fd8d8d6735] [TraceId:98654553e3771dd8e476a6a87b85b816] Savepoints are disabled because Multiple Active Result Sets (MARS) is enabled. If 'SaveChanges' fails, then the transaction cannot be automatically rolled back to a known clean state. Instead, the transaction should be rolled back by the application before retrying 'SaveChanges'. See https://go.microsoft.com/fwlink/?linkid=2149338 for more information and examples. To identify the code which triggers this warning, call 'ConfigureWarnings(w =&gt; w.Throw(SqlServerEventId.SavepointsDisabledBecauseOfMARS))'.&#xD;
[2026-09-07 16:12:00.590 +03:30 INF] [Vitorize.Api] [HttpRequestCompleted] [CorrelationId:f8616287001567fd2a7a57fd8d8d6735] [TraceId:98654553e3771dd8e476a6a87b85b816] HTTP POST /api/auth/register/verify responded 400 in 5.2755 ms&#xD;
[2026-09-07 16:12:00.594 +03:30 WRN] [Vitorize.Api] [] [CorrelationId:eea6cb79a40309320ef44b8098078253] [TraceId:5ef920bd4a2f525d3803c0ac3ff5a019] Savepoints are disabled because Multiple Active Result Sets (MARS) is enabled. If 'SaveChanges' fails, then the transaction cannot be automatically rolled back to a known clean state. Instead, the transaction should be rolled back by the application before retrying 'SaveChanges'. See https://go.microsoft.com/fwlink/?linkid=2149338 for more information and examples. To identify the code which triggers this warning, call 'ConfigureWarnings(w =&gt; w.Throw(SqlServerEventId.SavepointsDisabledBecauseOfMARS))'.&#xD;
[2026-09-07 16:12:00.596 +03:30 INF] [Vitorize.Api] [HttpRequestCompleted] [CorrelationId:eea6cb79a40309320ef44b8098078253] [TraceId:5ef920bd4a2f525d3803c0ac3ff5a019] HTTP POST /api/auth/register/verify responded 400 in 4.9965 ms&#xD;
[2026-09-07 16:12:00.601 +03:30 WRN] [Vitorize.Api] [] [CorrelationId:12e6fbef263e4cafddd52139a15cb636] [TraceId:a3a1dd8237c00efaa9a15660b8458b71] Savepoints are disabled because Multiple Active Result Sets (MARS) is enabled. If 'SaveChanges' fails, then the transaction cannot be automatically rolled back to a known clean state. Instead, the transaction should be rolled back by the application before retrying 'SaveChanges'. See https://go.microsoft.com/fwlink/?linkid=2149338 for more information and examples. To identify the code which triggers this warning, call 'ConfigureWarnings(w =&gt; w.Throw(SqlServerEventId.SavepointsDisabledBecauseOfMARS))'.&#xD;
[2026-09-07 16:12:00.603 +03:30 INF] [Vitorize.Api] [HttpRequestCompleted] [CorrelationId:12e6fbef263e4cafddd52139a15cb636] [TraceId:a3a1dd8237c00efaa9a15660b8458b71] HTTP POST /api/auth/register/verify responded 400 in 6.5653 ms&#xD;
[2026-09-07 16:12:00.886 +03:30 WRN] [Vitorize.Api] [] [CorrelationId:3e43e51c425309968406c4c9614ee153] [TraceId:f405a09a69e9104465a48b51ca478b5a] Savepoints are disabled because Multiple Active Result Sets (MARS) is enabled. If 'SaveChanges' fails, then the transaction cannot be automatically rolled back to a known clean state. Instead, the transaction should be rolled back by the application before retrying 'SaveChanges'. See https://go.microsoft.com/fwlink/?linkid=2149338 for more information and examples. To identify the code which triggers this warning, call 'ConfigureWarnings(w =&gt; w.Throw(SqlServerEventId.SavepointsDisabledBecauseOfMARS))'.&#xD;
[2026-09-07 16:12:00.888 +03:30 INF] [Vitorize.Api] [SmsSent] [CorrelationId:3e43e51c425309968406c4c9614ee153] [TraceId:f405a09a69e9104465a48b51ca478b5a] SMS sent. Purpose=Text Mobile=0912***6575 Provider=Asanak TemplateId=null MessageId=sms-1e87113618c7406bb5d43bf550009523 EventType=SmsSent&#xD;
[2026-09-07 16:12:00.894 +03:30 INF] [Vitorize.Api] [OtpRequested] [CorrelationId:3e43e51c425309968406c4c9614ee153] [TraceId:f405a09a69e9104465a48b51ca478b5a] OTP requested and sent. UserId=cb153e09-86d9-4876-9885-932128fdc216 MaskedMobile=091***6575 Purpose=MobileVerification EventType=OtpRequested&#xD;
[2026-09-07 16:12:00.897 +03:30 INF] [Vitorize.Api] [HttpRequestCompleted] [CorrelationId:3e43e51c425309968406c4c9614ee153] [TraceId:f405a09a69e9104465a48b51ca478b5a] HTTP POST /api/auth/register responded 200 in 271.8055 ms&#xD;
[2026-09-07 16:12:01.211 +03:30 WRN] [Vitorize.Api] [] [CorrelationId:589cfc73e5c09f1ad96bdb5dbca77504] [TraceId:f40b2373cba51aed2338296992decbfe] Savepoints are disabled because Multiple Active Result Sets (MARS) is enabled. If 'SaveChanges' fails, then the transaction cannot be automatically rolled back to a known clean state. Instead, the transaction should be rolled back by the application before retrying 'SaveChanges'. See https://go.microsoft.com/fwlink/?linkid=2149338 for more information and examples. To identify the code which triggers this warning, call 'ConfigureWarnings(w =&gt; w.Throw(SqlServerEventId.SavepointsDisabledBecauseOfMARS))'.&#xD;
[2026-09-07 16:12:01.219 +03:30 INF] [Vitorize.Api] [SmsSent] [CorrelationId:589cfc73e5c09f1ad96bdb5dbca77504] [TraceId:f40b2373cba51aed2338296992decbfe] SMS sent. Purpose=Text Mobile=0912***6044 Provider=Asanak TemplateId=null MessageId=sms-9aff8f3769154253908c3d30491dcb89 EventType=SmsSent&#xD;
[2026-09-07 16:12:01.229 +03:30 INF] [Vitorize.Api] [OtpRequested] [CorrelationId:589cfc73e5c09f1ad96bdb5dbca77504] [TraceId:f40b2373cba51aed2338296992decbfe] OTP requested and sent. UserId=3c8870b9-77b9-4a9a-848c-285a83b6de73 MaskedMobile=091***6044 Purpose=MobileVerification EventType=OtpRequested&#xD;
[2026-09-07 16:12:01.231 +03:30 INF] [Vitorize.Api] [HttpRequestCompleted] [CorrelationId:589cfc73e5c09f1ad96bdb5dbca77504] [TraceId:f40b2373cba51aed2338296992decbfe] HTTP POST /api/auth/register responded 200 in 310.1926 ms&#xD;
[2026-09-07 16:12:01.258 +03:30 WRN] [Vitorize.Api] [] [CorrelationId:12649331c21a473598bc99298ee64d17] [TraceId:c21f47e7b13fcfca3655983e7ac1e356] Savepoints are disabled because Multiple Active Result Sets (MARS) is enabled. If 'SaveChanges' fails, then the transaction cannot be automatically rolled back to a known clean state. Instead, the transaction should be rolled back by the application before retrying 'SaveChanges'. See https://go.microsoft.com/fwlink/?linkid=2149338 for more information and examples. To identify the code which triggers this warning, call 'ConfigureWarnings(w =&gt; w.Throw(SqlServerEventId.SavepointsDisabledBecauseOfMARS))'.&#xD;
[2026-09-07 16:12:01.280 +03:30 INF] [Vitorize.Api] [RegistrationVerified] [CorrelationId:12649331c21a473598bc99298ee64d17] [TraceId:c21f47e7b13fcfca3655983e7ac1e356] Registration verified for user 3c8870b9-77b9-4a9a-848c-285a83b6de73. EventType=RegistrationVerified&#xD;
[2026-09-07 16:12:01.280 +03:30 INF] [Vitorize.Api] [HttpRequestCompleted] [CorrelationId:12649331c21a473598bc99298ee64d17] [TraceId:c21f47e7b13fcfca3655983e7ac1e356] HTTP POST /api/auth/register/verify responded 200 in 36.3174 ms&#xD;
[2026-09-07 16:12:01.549 +03:30 WRN] [Vitorize.Api] [] [CorrelationId:93f50e84aa380a3e370bc7b8bab2f0ee] [TraceId:821ec3a9df9335d1d4f417df9200705a] Savepoints are disabled because Multiple Active Result Sets (MARS) is enabled. If 'SaveChanges' fails, then the transaction cannot be automatically rolled back to a known clean state. Instead, the transaction should be rolled back by the application before retrying 'SaveChanges'. See https://go.microsoft.com/fwlink/?linkid=2149338 for more information and examples. To identify the code which triggers this warning, call 'ConfigureWarnings(w =&gt; w.Throw(SqlServerEventId.SavepointsDisabledBecauseOfMARS))'.&#xD;
[2026-09-07 16:12:01.557 +03:30 INF] [Vitorize.Api] [SmsSent] [CorrelationId:93f50e84aa380a3e370bc7b8bab2f0ee] [TraceId:821ec3a9df9335d1d4f417df9200705a] SMS sent. Purpose=Text Mobile=0912***9947 Provider=Asanak TemplateId=null MessageId=sms-1632a2b5f2d54d318a10d7b2614383ac EventType=SmsSent&#xD;
[2026-09-07 16:12:01.564 +03:30 INF] [Vitorize.Api] [OtpRequested] [CorrelationId:93f50e84aa380a3e370bc7b8bab2f0ee] [TraceId:821ec3a9df9335d1d4f417df9200705a] OTP requested and sent. UserId=e687c161-42ff-48b5-9d4d-f87b4c210678 MaskedMobile=091***9947 Purpose=MobileVerification EventType=OtpRequested&#xD;
[2026-09-07 16:12:01.567 +03:30 INF] [Vitorize.Api] [HttpRequestCompleted] [CorrelationId:93f50e84aa380a3e370bc7b8bab2f0ee] [TraceId:821ec3a9df9335d1d4f417df9200705a] HTTP POST /api/auth/register responded 200 in 275.4065 ms&#xD;
[2026-09-07 16:12:01.593 +03:30 WRN] [Vitorize.Api] [] [CorrelationId:b77b9c6b999dadf513b43855aba5904f] [TraceId:e0c1a11206f31f2009d7f08f84b459e1] Savepoints are disabled because Multiple Active Result Sets (MARS) is enabled. If 'SaveChanges' fails, then the transaction cannot be automatically rolled back to a known clean state. Instead, the transaction should be rolled back by the application before retrying 'SaveChanges'. See https://go.microsoft.com/fwlink/?linkid=2149338 for more information and examples. To identify the code which triggers this warning, call 'ConfigureWarnings(w =&gt; w.Throw(SqlServerEventId.SavepointsDisabledBecauseOfMARS))'.&#xD;
[2026-09-07 16:12:01.598 +03:30 INF] [Vitorize.Api] [RegistrationVerified] [CorrelationId:b77b9c6b999dadf513b43855aba5904f] [TraceId:e0c1a11206f31f2009d7f08f84b459e1] Registration verified for user e687c161-42ff-48b5-9d4d-f87b4c210678. EventType=RegistrationVerified&#xD;
[2026-09-07 16:12:01.598 +03:30 INF] [Vitorize.Api] [HttpRequestCompleted] [CorrelationId:b77b9c6b999dadf513b43855aba5904f] [TraceId:e0c1a11206f31f2009d7f08f84b459e1] HTTP POST /api/auth/register/verify responded 200 in 18.1324 ms&#xD;
[2026-09-07 16:12:01.604 +03:30 WRN] [Vitorize.Api] [] [CorrelationId:48d0a5e697e1cfb70e09e191e78fe89e] [TraceId:e18cd782e99a14e0a58303b8f1bfb95b] Savepoints are disabled because Multiple Active Result Sets (MARS) is enabled. If 'SaveChanges' fails, then the transaction cannot be automatically rolled back to a known clean state. Instead, the transaction should be rolled back by the application before retrying 'SaveChanges'. See https://go.microsoft.com/fwlink/?linkid=2149338 for more information and examples. To identify the code which triggers this warning, call 'ConfigureWarnings(w =&gt; w.Throw(SqlServerEventId.SavepointsDisabledBecauseOfMARS))'.&#xD;
[2026-09-07 16:12:01.607 +03:30 INF] [Vitorize.Api] [HttpRequestCompleted] [CorrelationId:48d0a5e697e1cfb70e09e191e78fe89e] [TraceId:e18cd782e99a14e0a58303b8f1bfb95b] HTTP POST /api/auth/register/verify responded 400 in 7.4973 ms&#xD;
[2026-09-07 16:12:01.870 +03:30 WRN] [Vitorize.Api] [] [CorrelationId:70413128cae22b5ca12fb5dd73f593e5] [TraceId:5453d23eb68812510d9b56a92868e003] Savepoints are disabled because Multiple Active Result Sets (MARS) is enabled. If 'SaveChanges' fails, then the transaction cannot be automatically rolled back to a known clean state. Instead, the transaction should be rolled back by the application before retrying 'SaveChanges'. See https://go.microsoft.com/fwlink/?linkid=2149338 for more information and examples. To identify the code which triggers this warning, call 'ConfigureWarnings(w =&gt; w.Throw(SqlServerEventId.SavepointsDisabledBecauseOfMARS))'.&#xD;
[2026-09-07 16:12:01.879 +03:30 INF] [Vitorize.Api] [SmsSent] [CorrelationId:70413128cae22b5ca12fb5dd73f593e5] [TraceId:5453d23eb68812510d9b56a92868e003] SMS sent. Purpose=Text Mobile=0912***3729 Provider=Asanak TemplateId=null MessageId=sms-3c6fd5d318a84ee9b337caea099d821c EventType=SmsSent&#xD;
[2026-09-07 16:12:01.887 +03:30 INF] [Vitorize.Api] [OtpRequested] [CorrelationId:70413128cae22b5ca12fb5dd73f593e5] [TraceId:5453d23eb68812510d9b56a92868e003] OTP requested and sent. UserId=466fd022-9951-4877-9ed0-608c6f7ce3aa MaskedMobile=091***3729 Purpose=MobileVerification EventType=OtpRequested&#xD;
[2026-09-07 16:12:01.891 +03:30 INF] [Vitorize.Api] [HttpRequestCompleted] [CorrelationId:70413128cae22b5ca12fb5dd73f593e5] [TraceId:5453d23eb68812510d9b56a92868e003] HTTP POST /api/auth/register responded 200 in 256.4680 ms&#xD;
[2026-09-07 16:12:01.918 +03:30 WRN] [Vitorize.Api] [] [CorrelationId:270dda87c862327ca1fa964403991dca] [TraceId:b684fc5fdd8f358e0c4a5f3d8189932f] Savepoints are disabled because Multiple Active Result Sets (MARS) is enabled. If 'SaveChanges' fails, then the transaction cannot be automatically rolled back to a known clean state. Instead, the transaction should be rolled back by the application before retrying 'SaveChanges'. See https://go.microsoft.com/fwlink/?linkid=2149338 for more information and examples. To identify the code which triggers this warning, call 'ConfigureWarnings(w =&gt; w.Throw(SqlServerEventId.SavepointsDisabledBecauseOfMARS))'.&#xD;
[2026-09-07 16:12:01.929 +03:30 INF] [Vitorize.Api] [HttpRequestCompleted] [CorrelationId:270dda87c862327ca1fa964403991dca] [TraceId:b684fc5fdd8f358e0c4a5f3d8189932f] HTTP POST /api/auth/register/verify responded 400 in 21.2788 ms&#xD;
[2026-09-07 16:12:02.191 +03:30 WRN] [Vitorize.Api] [] [CorrelationId:3fb745087fc4d9b44d1cef78d1fa0e7d] [TraceId:707376f0c1efb4da1bca4f930f967961] Savepoints are disabled because Multiple Active Result Sets (MARS) is enabled. If 'SaveChanges' fails, then the transaction cannot be automatically rolled back to a known clean state. Instead, the transaction should be rolled back by the application before retrying 'SaveChanges'. See https://go.microsoft.com/fwlink/?linkid=2149338 for more information and examples. To identify the code which triggers this warning, call 'ConfigureWarnings(w =&gt; w.Throw(SqlServerEventId.SavepointsDisabledBecauseOfMARS))'.&#xD;
[2026-09-07 16:12:02.198 +03:30 INF] [Vitorize.Api] [SmsSent] [CorrelationId:3fb745087fc4d9b44d1cef78d1fa0e7d] [TraceId:707376f0c1efb4da1bca4f930f967961] SMS sent. Purpose=Text Mobile=0912***9157 Provider=Asanak TemplateId=null MessageId=sms-f7c2aa50e1ea4a4cbf22c0ce5f5e02fe EventType=SmsSent&#xD;
[2026-09-07 16:12:02.198 +03:30 ERR] [Vitorize.Api] [] [CorrelationId:441ea5add44e3a78c1ce29903712ca5c] [TraceId:a3dd2be36953ba4d2cfb067fca8ea647] Failed executing DbCommand (14ms) [Parameters=[@p0='?' (DbType = Guid), @p1='?' (Size = 100), @p2='?' (DbType = DateTime2), @p3='?' (Size = 4000), @p4='?' (Size = 100), @p5='?' (Size = 100), @p6='?' (Size = 50), @p7='?' (Size = 1000), @p8='?' (DbType = Guid), @p9='?' (DbType = Guid), @p10='?' (Size = 100), @p11='?' (DbType = DateTime2), @p12='?' (Size = 4000), @p13='?' (Size = 100), @p14='?' (Size = 100), @p15='?' (Size = 50), @p16='?' (Size = 1000), @p17='?' (DbType = Guid), @p18='?' (DbType = Guid), @p19='?' (Size = 500), @p20='?' (DbType = DateTime2), @p21='?' (DbType = DateTime2), @p22='?' (Size = 256), @p23='?' (Size = 200), @p24='?' (DbType = Boolean), @p25='?' (DbType = Boolean), @p26='?' (DbType = Boolean), @p27='?' (DbType = DateTime2), @p28='?' (Size = 20), @p29='?' (Size = 20), @p30='?' (Size = 4000), @p31='?' (Size = 1) (DbType = Byte), @p32='?' (DbType = DateTime2), @p33='?' (Size = 1) (DbType = Byte), @p34='?' (DbType = Guid), @p35='?' (DbType = Guid)], CommandType='Text', CommandTimeout='30']SET NOCOUNT ON; INSERT INTO [AuditLogs] ([Id], [ActionType], [CreatedAt], [Data], [EntityId], [EntityName], [IpAddress], [UserAgent], [UserId]) VALUES (@p0, @p1, @p2, @p3, @p4, @p5, @p6, @p7, @p8), (@p9, @p10, @p11, @p12, @p13, @p14, @p15, @p16, @p17); INSERT INTO [Users] ([Id], [AvatarPath], [CreatedAt], [DeletedAt], [Email], [FullName], [IsDeleted], [IsEmailConfirmed], [IsMobileConfirmed], [LastLoginAt], [Mobile], [NationalCode], [PasswordHash], [Status], [UpdatedAt], [VerificationStatus]) VALUES (@p18, @p19, @p20, @p21, @p22, @p23, @p24, @p25, @p26, @p27, @p28, @p29, @p30, @p31, @p32, @p33); INSERT INTO [UserRoles] ([RoleId], [UserId]) VALUES (@p34, @p35);&#xD;
[2026-09-07 16:12:02.206 +03:30 INF] [Vitorize.Api] [OtpRequested] [CorrelationId:3fb745087fc4d9b44d1cef78d1fa0e7d] [TraceId:707376f0c1efb4da1bca4f930f967961] OTP requested and sent. UserId=4893e257-39fc-44bf-a4b9-7fa9a282135b MaskedMobile=091***9157 Purpose=MobileVerification EventType=OtpRequested&#xD;
[2026-09-07 16:12:02.208 +03:30 INF] [Vitorize.Api] [HttpRequestCompleted] [CorrelationId:3fb745087fc4d9b44d1cef78d1fa0e7d] [TraceId:707376f0c1efb4da1bca4f930f967961] HTTP POST /api/auth/register responded 200 in 264.2665 ms&#xD;
[2026-09-07 16:12:02.223 +03:30 ERR] [Vitorize.Api] [] [CorrelationId:441ea5add44e3a78c1ce29903712ca5c] [TraceId:a3dd2be36953ba4d2cfb067fca8ea647] An exception occurred in the database while saving changes for context type 'Vitorize.Infrastructure.Persistence.VitorizeDbContext'.Microsoft.EntityFrameworkCore.DbUpdateException: An error occurred while saving the entity changes. See the inner exception for details.  ---&gt; Microsoft.Data.SqlClient.SqlException (0x80131904): Cannot insert duplicate key row in object 'dbo.Users' with unique index 'UX_Users_Mobile'. The duplicate key value is (091***9157). The INSERT statement conflicted with the FOREIGN KEY constraint "FK_UserRoles_Users". The conflict occurred in database "VitorizeIntegration_19288_67b02d92645d4583944ef26bc63e4155", table "dbo.Users", column 'Id'. The statement has been terminated. The statement has been terminated.    at Microsoft.Data.SqlClient.SqlCommand.&lt;&gt;c.&lt;ExecuteDbDataReaderAsync&gt;b__211_0(Task`1 result)    at System.Threading.Tasks.ContinuationResultTaskFromResultTask`2.InnerInvoke()    at System.Threading.ExecutionContext.RunInternal(ExecutionContext executionContext, ContextCallback callback, Object state) --- End of stack trace from previous location ---    at System.Threading.E&#xD;
Microsoft.EntityFrameworkCore.DbUpdateException: An error occurred while saving the entity changes. See the inner exception for details.&#xD;
 ---&gt; Microsoft.Data.SqlClient.SqlException (0x80131904): Cannot insert duplicate key row in object 'dbo.Users' with unique index 'UX_Users_Mobile'. The duplicate key value is (09126709157).&#xD;
The INSERT statement conflicted with the FOREIGN KEY constraint "FK_UserRoles_Users". The conflict occurred in database "VitorizeIntegration_19288_67b02d92645d4583944ef26bc63e4155", table "dbo.Users", column 'Id'.&#xD;
The statement has been terminated.&#xD;
The statement has been terminated.&#xD;
   at Microsoft.Data.SqlClient.SqlCommand.&lt;&gt;c.&lt;ExecuteDbDataReaderAsync&gt;b__211_0(Task`1 result)&#xD;
   at System.Threading.Tasks.ContinuationResultTaskFromResultTask`2.InnerInvoke()&#xD;
   at System.Threading.ExecutionContext.RunInternal(ExecutionContext executionContext, ContextCallback callback, Object state)&#xD;
--- End of stack trace from previous location ---&#xD;
   at System.Threading.ExecutionContext.RunInternal(ExecutionContext executionContext, ContextCallback callback, Object state)&#xD;
   at System.Threading.Tasks.Task.ExecuteWithThreadLocal(Task&amp; currentTaskSlot, Thread threadPoolThread)&#xD;
--- End of stack trace from previous location ---&#xD;
   at Microsoft.EntityFrameworkCore.Storage.RelationalCommand.ExecuteReaderAsync(RelationalCommandParameterObject parameterObject, CancellationToken cancellationToken)&#xD;
   at Microsoft.EntityFrameworkCore.Storage.RelationalCommand.ExecuteReaderAsync(RelationalCommandParameterObject parameterObject, CancellationToken cancellationToken)&#xD;
   at Microsoft.EntityFrameworkCore.Update.ReaderModificationCommandBatch.ExecuteAsync(IRelationalConnection connection, CancellationToken cancellationToken)&#xD;
ClientConnectionId:8e039661-34a2-496c-b9a9-c1d0a4871781&#xD;
Error Number:2601,State:1,Class:14&#xD;
   --- End of inner exception stack trace ---&#xD;
   at Microsoft.EntityFrameworkCore.Update.ReaderModificationCommandBatch.ExecuteAsync(IRelationalConnection connection, CancellationToken cancellationToken)&#xD;
   at Microsoft.EntityFrameworkCore.SqlServer.Update.Internal.SqlServerModificationCommandBatch.ExecuteAsync(IRelationalConnection connection, CancellationToken cancellationToken)&#xD;
   at Microsoft.EntityFrameworkCore.Update.Internal.BatchExecutor.ExecuteAsync(IEnumerable`1 commandBatches, IRelationalConnection connection, CancellationToken cancellationToken)&#xD;
   at Microsoft.EntityFrameworkCore.Update.Internal.BatchExecutor.ExecuteAsync(IEnumerable`1 commandBatches, IRelationalConnection connection, CancellationToken cancellationToken)&#xD;
   at Microsoft.EntityFrameworkCore.Update.Internal.BatchExecutor.ExecuteAsync(IEnumerable`1 commandBatches, IRelationalConnection connection, CancellationToken cancellationToken)&#xD;
   at Microsoft.EntityFrameworkCore.ChangeTracking.Internal.StateManager.SaveChangesAsync(IList`1 entriesToSave, CancellationToken cancellationToken)&#xD;
   at Microsoft.EntityFrameworkCore.ChangeTracking.Internal.StateManager.SaveChangesAsync(StateManager stateManager, Boolean acceptAllChangesOnSuccess, CancellationToken cancellationToken)&#xD;
   at Microsoft.EntityFrameworkCore.SqlServer.Storage.Internal.SqlServerExecutionStrategy.ExecuteAsync[TState,TResult](TState state, Func`4 operation, Func`4 verifySucceeded, CancellationToken cancellationToken)&#xD;
   at Microsoft.EntityFrameworkCore.DbContext.SaveChangesAsync(Boolean acceptAllChangesOnSuccess, CancellationToken cancellationToken)&#xD;
[2026-09-07 16:12:02.235 +03:30 ERR] [Vitorize.Api] [UnhandledException] [CorrelationId:441ea5add44e3a78c1ce29903712ca5c] [TraceId:a3dd2be36953ba4d2cfb067fca8ea647] Unhandled exception for POST /api/auth/register. CorrelationId=441ea5add44e3a78c1ce29903712ca5c ExceptionType=DbUpdateException SafeException=DbUpdateException: An error occurred while saving the entity changes. See the inner exception for details. ExceptionStack=at Microsoft.EntityFrameworkCore.Update.ReaderModificationCommandBatch.ExecuteAsync(IRelationalConnection connection, CancellationToken cancellationToken)    at Microsoft.EntityFrameworkCore.SqlServer.Update.Internal.SqlServerModificationCommandBatch.ExecuteAsync(IRelationalConnection connection, CancellationToken cancellationToken)    at Microsoft.EntityFrameworkCore.Update.Internal.BatchExecutor.ExecuteAsync(IEnumerable`1 commandBatches, IRelationalConnection connection, CancellationToken cancellationToken)    at Microsoft.EntityFrameworkCore.Update.Internal.BatchExecutor.ExecuteAsync(IEnumerable`1 commandBatches, IRelationalConnection connection, CancellationToken cancellationToken)    at Microsoft.EntityFrameworkCore.Update.Internal.BatchExecutor.ExecuteAsync(IEnumerable`1 commandBatches, IRelationalConnection connection, CancellationToken cancellationToken)    at Microsoft.EntityFrameworkCore.ChangeTracking.Internal.StateManager.SaveChangesAsync(IList`1 entriesToSave, Cancellation EventType=UnhandledException&#xD;
[2026-09-07 16:12:02.275 +03:30 ERR] [Vitorize.Api] [] [CorrelationId:441ea5add44e3a78c1ce29903712ca5c] [TraceId:a3dd2be36953ba4d2cfb067fca8ea647] Failed executing DbCommand (18ms) [Parameters=[@p0='?' (DbType = Guid), @p1='?' (Size = 100), @p2='?' (DbType = DateTime2), @p3='?' (Size = 4000), @p4='?' (Size = 100), @p5='?' (Size = 100), @p6='?' (Size = 50), @p7='?' (Size = 1000), @p8='?' (DbType = Guid), @p9='?' (DbType = Guid), @p10='?' (Size = 100), @p11='?' (DbType = DateTime2), @p12='?' (Size = 4000), @p13='?' (Size = 100), @p14='?' (Size = 100), @p15='?' (Size = 50), @p16='?' (Size = 1000), @p17='?' (DbType = Guid), @p18='?' (DbType = Guid), @p19='?' (Size = 100), @p20='?' (DbType = DateTime2), @p21='?' (Size = 4000), @p22='?' (Size = 100), @p23='?' (Size = 100), @p24='?' (Size = 50), @p25='?' (Size = 1000), @p26='?' (DbType = Guid), @p27='?' (DbType = Guid), @p28='?' (Size = 100), @p29='?' (DbType = DateTime2), @p30='?' (Size = 4000), @p31='?' (Size = 100), @p32='?' (Size = 100), @p33='?' (Size = 50), @p34='?' (Size = 1000), @p35='?' (DbType = Guid), @p36='?' (DbType = Guid), @p37='?' (DbType = DateTime2), @p38='?' (Size = 4000), @p39='?' (Size = 300), @p40='?' (Size = -], CommandType='Text', CommandTimeout='30']SET NOCOUNT ON; INSERT INTO [AuditLogs] ([Id], [ActionType], [CreatedAt], [Data], [EntityId], [EntityName], [IpAddress], [UserAgent], [UserId]) VALUES (@p0, @p1, @p2, @p3, @p4, @p5, @p6, @p7, @p8), (@p9, @p10, @p11, @p12, @p13, @p14, @p15, @p16, @p17), (@p18, @p19, @p20, @p21, @p22, @p23, @p24, @p25, @p26), (@p27, @p28, @p29, @p30, @p31, @p32, @p33, @p34, @p35); INSERT INTO [ErrorLogs] ([Id], [CreatedAt], [Message], [Source], [StackTrace]) VALUES (@p36, @p37, @p38, @p39, @p40); INSERT INTO [Users] ([Id], [AvatarPath], [CreatedAt], [DeletedAt], [Email], [FullName], [IsDeleted], [IsEmailConfirmed], [IsMobileConfirmed], [LastLoginAt], [Mobile], [NationalCode], [PasswordHash], [Status], [UpdatedAt], [VerificationStatus]) VALUES (@p41, @p42, @p43, @p44, @p45, @p46, @p47, @p48, @p49, @p50, @p51, @p52, @p53, @p54, @p55, @p56); INSERT INTO [UserRoles] ([RoleId], [UserId]) VALUES (@p57, @p58);&#xD;
[2026-09-07 16:12:02.279 +03:30 ERR] [Vitorize.Api] [] [CorrelationId:441ea5add44e3a78c1ce29903712ca5c] [TraceId:a3dd2be36953ba4d2cfb067fca8ea647] An exception occurred in the database while saving changes for context type 'Vitorize.Infrastructure.Persistence.VitorizeDbContext'.Microsoft.EntityFrameworkCore.DbUpdateException: An error occurred while saving the entity changes. See the inner exception for details.  ---&gt; Microsoft.Data.SqlClient.SqlException (0x80131904): Cannot insert duplicate key row in object 'dbo.Users' with unique index 'UX_Users_Mobile'. The duplicate key value is (091***9157). The INSERT statement conflicted with the FOREIGN KEY constraint "FK_UserRoles_Users". The conflict occurred in database "VitorizeIntegration_19288_67b02d92645d4583944ef26bc63e4155", table "dbo.Users", column 'Id'. The statement has been terminated. The statement has been terminated.    at Microsoft.Data.SqlClient.SqlCommand.&lt;&gt;c.&lt;ExecuteDbDataReaderAsync&gt;b__211_0(Task`1 result)    at System.Threading.Tasks.ContinuationResultTaskFromResultTask`2.InnerInvoke()    at System.Threading.ExecutionContext.RunInternal(ExecutionContext executionContext, ContextCallback callback, Object state) --- End of stack trace from previous location ---    at System.Threading.E&#xD;
Microsoft.EntityFrameworkCore.DbUpdateException: An error occurred while saving the entity changes. See the inner exception for details.&#xD;
 ---&gt; Microsoft.Data.SqlClient.SqlException (0x80131904): Cannot insert duplicate key row in object 'dbo.Users' with unique index 'UX_Users_Mobile'. The duplicate key value is (09126709157).&#xD;
The INSERT statement conflicted with the FOREIGN KEY constraint "FK_UserRoles_Users". The conflict occurred in database "VitorizeIntegration_19288_67b02d92645d4583944ef26bc63e4155", table "dbo.Users", column 'Id'.&#xD;
The statement has been terminated.&#xD;
The statement has been terminated.&#xD;
   at Microsoft.Data.SqlClient.SqlCommand.&lt;&gt;c.&lt;ExecuteDbDataReaderAsync&gt;b__211_0(Task`1 result)&#xD;
   at System.Threading.Tasks.ContinuationResultTaskFromResultTask`2.InnerInvoke()&#xD;
   at System.Threading.ExecutionContext.RunInternal(ExecutionContext executionContext, ContextCallback callback, Object state)&#xD;
--- End of stack trace from previous location ---&#xD;
   at System.Threading.ExecutionContext.RunInternal(ExecutionContext executionContext, ContextCallback callback, Object state)&#xD;
   at System.Threading.Tasks.Task.ExecuteWithThreadLocal(Task&amp; currentTaskSlot, Thread threadPoolThread)&#xD;
--- End of stack trace from previous location ---&#xD;
   at Microsoft.EntityFrameworkCore.Storage.RelationalCommand.ExecuteReaderAsync(RelationalCommandParameterObject parameterObject, CancellationToken cancellationToken)&#xD;
   at Microsoft.EntityFrameworkCore.Storage.RelationalCommand.ExecuteReaderAsync(RelationalCommandParameterObject parameterObject, CancellationToken cancellationToken)&#xD;
   at Microsoft.EntityFrameworkCore.Update.ReaderModificationCommandBatch.ExecuteAsync(IRelationalConnection connection, CancellationToken cancellationToken)&#xD;
ClientConnectionId:8e039661-34a2-496c-b9a9-c1d0a4871781&#xD;
Error Number:2601,State:1,Class:14&#xD;
   --- End of inner exception stack trace ---&#xD;
   at Microsoft.EntityFrameworkCore.Update.ReaderModificationCommandBatch.ExecuteAsync(IRelationalConnection connection, CancellationToken cancellationToken)&#xD;
   at Microsoft.EntityFrameworkCore.SqlServer.Update.Internal.SqlServerModificationCommandBatch.ExecuteAsync(IRelationalConnection connection, CancellationToken cancellationToken)&#xD;
   at Microsoft.EntityFrameworkCore.Update.Internal.BatchExecutor.ExecuteAsync(IEnumerable`1 commandBatches, IRelationalConnection connection, CancellationToken cancellationToken)&#xD;
   at Microsoft.EntityFrameworkCore.Update.Internal.BatchExecutor.ExecuteAsync(IEnumerable`1 commandBatches, IRelationalConnection connection, CancellationToken cancellationToken)&#xD;
   at Microsoft.EntityFrameworkCore.Update.Internal.BatchExecutor.ExecuteAsync(IEnumerable`1 commandBatches, IRelationalConnection connection, CancellationToken cancellationToken)&#xD;
   at Microsoft.EntityFrameworkCore.ChangeTracking.Internal.StateManager.SaveChangesAsync(IList`1 entriesToSave, CancellationToken cancellationToken)&#xD;
   at Microsoft.EntityFrameworkCore.ChangeTracking.Internal.StateManager.SaveChangesAsync(StateManager stateManager, Boolean acceptAllChangesOnSuccess, CancellationToken cancellationToken)&#xD;
   at Microsoft.EntityFrameworkCore.SqlServer.Storage.Internal.SqlServerExecutionStrategy.ExecuteAsync[TState,TResult](TState state, Func`4 operation, Func`4 verifySucceeded, CancellationToken cancellationToken)&#xD;
   at Microsoft.EntityFrameworkCore.DbContext.SaveChangesAsync(Boolean acceptAllChangesOnSuccess, CancellationToken cancellationToken)&#xD;
[2026-09-07 16:12:02.282 +03:30 WRN] [Vitorize.Api] [ErrorLogPersistenceFailed] [CorrelationId:441ea5add44e3a78c1ce29903712ca5c] [TraceId:a3dd2be36953ba4d2cfb067fca8ea647] ErrorLog persistence failed. ExceptionType=DbUpdateException EventType=ErrorLogPersistenceFailed&#xD;
[2026-09-07 16:12:02.282 +03:30 ERR] [Vitorize.Api] [HttpRequestCompleted] [CorrelationId:441ea5add44e3a78c1ce29903712ca5c] [TraceId:a3dd2be36953ba4d2cfb067fca8ea647] HTTP POST /api/auth/register responded 500 in 338.2370 ms&#xD;
[2026-09-07 16:12:02.508 +03:30 WRN] [Vitorize.Api] [] [CorrelationId:8ddd4470422341e1bed102ae4f5ee5ac] [TraceId:2b48d950632e50007cc3256876b7cd6a] Savepoints are disabled because Multiple Active Result Sets (MARS) is enabled. If 'SaveChanges' fails, then the transaction cannot be automatically rolled back to a known clean state. Instead, the transaction should be rolled back by the application before retrying 'SaveChanges'. See https://go.microsoft.com/fwlink/?linkid=2149338 for more information and examples. To identify the code which triggers this warning, call 'ConfigureWarnings(w =&gt; w.Throw(SqlServerEventId.SavepointsDisabledBecauseOfMARS))'.&#xD;
[2026-09-07 16:12:02.518 +03:30 INF] [Vitorize.Api] [SmsSent] [CorrelationId:8ddd4470422341e1bed102ae4f5ee5ac] [TraceId:2b48d950632e50007cc3256876b7cd6a] SMS sent. Purpose=Text Mobile=0912***2346 Provider=Asanak TemplateId=null MessageId=sms-82c2d841dcf4460aa2425c8d03b0aa9f EventType=SmsSent&#xD;
[2026-09-07 16:12:02.526 +03:30 INF] [Vitorize.Api] [OtpRequested] [CorrelationId:8ddd4470422341e1bed102ae4f5ee5ac] [TraceId:2b48d950632e50007cc3256876b7cd6a] OTP requested and sent. UserId=37715948-450a-43cf-b1a3-19ed9fee9b77 MaskedMobile=091***2346 Purpose=MobileVerification EventType=OtpRequested&#xD;
[2026-09-07 16:12:02.529 +03:30 INF] [Vitorize.Api] [HttpRequestCompleted] [CorrelationId:8ddd4470422341e1bed102ae4f5ee5ac] [TraceId:2b48d950632e50007cc3256876b7cd6a] HTTP POST /api/auth/register responded 200 in 228.4469 ms&#xD;
[2026-09-07 16:12:02.555 +03:30 WRN] [Vitorize.Api] [] [CorrelationId:63b934f38051712a4f004884c39fbee9] [TraceId:084bd92629303f0d5005c14544760503] Savepoints are disabled because Multiple Active Result Sets (MARS) is enabled. If 'SaveChanges' fails, then the transaction cannot be automatically rolled back to a known clean state. Instead, the transaction should be rolled back by the application before retrying 'SaveChanges'. See https://go.microsoft.com/fwlink/?linkid=2149338 for more information and examples. To identify the code which triggers this warning, call 'ConfigureWarnings(w =&gt; w.Throw(SqlServerEventId.SavepointsDisabledBecauseOfMARS))'.&#xD;
[2026-09-07 16:12:02.577 +03:30 INF] [Vitorize.Api] [RegistrationVerified] [CorrelationId:63b934f38051712a4f004884c39fbee9] [TraceId:084bd92629303f0d5005c14544760503] Registration verified for user 37715948-450a-43cf-b1a3-19ed9fee9b77. EventType=RegistrationVerified&#xD;
[2026-09-07 16:12:02.578 +03:30 INF] [Vitorize.Api] [HttpRequestCompleted] [CorrelationId:63b934f38051712a4f004884c39fbee9] [TraceId:084bd92629303f0d5005c14544760503] HTTP POST /api/auth/register/verify responded 200 in 37.1167 ms&#xD;
[2026-09-07 16:12:02.586 +03:30 INF] [Vitorize.Api] [HttpRequestCompleted] [CorrelationId:b32f23d709569f1b181b6cb07d153fce] [TraceId:71192d4defaf1481ac82ee2a87601b8f] HTTP POST /api/auth/register responded 400 in 7.7054 ms&#xD;
[2026-09-07 16:12:02.886 +03:30 WRN] [Vitorize.Api] [] [CorrelationId:b2793f7fd4c3c6b154e72e9246a03b7b] [TraceId:60dde264fac7f99d3d99cecf26d27735] Savepoints are disabled because Multiple Active Result Sets (MARS) is enabled. If 'SaveChanges' fails, then the transaction cannot be automatically rolled back to a known clean state. Instead, the transaction should be rolled back by the application before retrying 'SaveChanges'. See https://go.microsoft.com/fwlink/?linkid=2149338 for more information and examples. To identify the code which triggers this warning, call 'ConfigureWarnings(w =&gt; w.Throw(SqlServerEventId.SavepointsDisabledBecauseOfMARS))'.&#xD;
[2026-09-07 16:12:02.889 +03:30 INF] [Vitorize.Api] [SmsSent] [CorrelationId:b2793f7fd4c3c6b154e72e9246a03b7b] [TraceId:60dde264fac7f99d3d99cecf26d27735] SMS sent. Purpose=Text Mobile=0912***9078 Provider=Asanak TemplateId=null MessageId=sms-23019d8650c74522ad6789216626a1ba EventType=SmsSent&#xD;
[2026-09-07 16:12:02.896 +03:30 INF] [Vitorize.Api] [OtpRequested] [CorrelationId:b2793f7fd4c3c6b154e72e9246a03b7b] [TraceId:60dde264fac7f99d3d99cecf26d27735] OTP requested and sent. UserId=9c55b659-31cd-4d01-8951-7b9b264ee226 MaskedMobile=091***9078 Purpose=MobileVerification EventType=OtpRequested&#xD;
[2026-09-07 16:12:02.898 +03:30 INF] [Vitorize.Api] [HttpRequestCompleted] [CorrelationId:b2793f7fd4c3c6b154e72e9246a03b7b] [TraceId:60dde264fac7f99d3d99cecf26d27735] HTTP POST /api/auth/register responded 200 in 296.2547 ms&#xD;
[2026-09-07 16:12:02.942 +03:30 WRN] [Vitorize.Api] [] [CorrelationId:6c123a37e82cced8afc89550689729bf] [TraceId:d046417a866a4819e766e1a8d0f63d6a] Savepoints are disabled because Multiple Active Result Sets (MARS) is enabled. If 'SaveChanges' fails, then the transaction cannot be automatically rolled back to a known clean state. Instead, the transaction should be rolled back by the application before retrying 'SaveChanges'. See https://go.microsoft.com/fwlink/?linkid=2149338 for more information and examples. To identify the code which triggers this warning, call 'ConfigureWarnings(w =&gt; w.Throw(SqlServerEventId.SavepointsDisabledBecauseOfMARS))'.&#xD;
[2026-09-07 16:12:02.962 +03:30 INF] [Vitorize.Api] [SmsSent] [CorrelationId:6c123a37e82cced8afc89550689729bf] [TraceId:d046417a866a4819e766e1a8d0f63d6a] SMS sent. Purpose=Text Mobile=0912***9078 Provider=Asanak TemplateId=null MessageId=sms-459ee3b6d7344eb297c126f2c3acb6ec EventType=SmsSent&#xD;
[2026-09-07 16:12:02.971 +03:30 INF] [Vitorize.Api] [OtpRequested] [CorrelationId:6c123a37e82cced8afc89550689729bf] [TraceId:d046417a866a4819e766e1a8d0f63d6a] OTP requested and sent. UserId=9c55b659-31cd-4d01-8951-7b9b264ee226 MaskedMobile=091***9078 Purpose=MobileVerification EventType=OtpRequested&#xD;
[2026-09-07 16:12:02.994 +03:30 INF] [Vitorize.Api] [HttpRequestCompleted] [CorrelationId:6c123a37e82cced8afc89550689729bf] [TraceId:d046417a866a4819e766e1a8d0f63d6a] HTTP POST /api/auth/register/resend responded 200 in 81.3955 ms&#xD;
[2026-09-07 16:12:03.016 +03:30 WRN] [Vitorize.Api] [] [CorrelationId:b336616550684f25c93bddbfcaa81464] [TraceId:9b9f5b7f7995954ed17ccedc716920e6] Savepoints are disabled because Multiple Active Result Sets (MARS) is enabled. If 'SaveChanges' fails, then the transaction cannot be automatically rolled back to a known clean state. Instead, the transaction should be rolled back by the application before retrying 'SaveChanges'. See https://go.microsoft.com/fwlink/?linkid=2149338 for more information and examples. To identify the code which triggers this warning, call 'ConfigureWarnings(w =&gt; w.Throw(SqlServerEventId.SavepointsDisabledBecauseOfMARS))'.&#xD;
[2026-09-07 16:12:03.033 +03:30 INF] [Vitorize.Api] [HttpRequestCompleted] [CorrelationId:b336616550684f25c93bddbfcaa81464] [TraceId:9b9f5b7f7995954ed17ccedc716920e6] HTTP POST /api/auth/register/verify responded 400 in 36.6191 ms&#xD;
[2026-09-07 16:12:03.064 +03:30 WRN] [Vitorize.Api] [] [CorrelationId:33e7e50b984390ae93144cef137abf9c] [TraceId:67bcd51b95f261bfe6edcdf00cececd7] Savepoints are disabled because Multiple Active Result Sets (MARS) is enabled. If 'SaveChanges' fails, then the transaction cannot be automatically rolled back to a known clean state. Instead, the transaction should be rolled back by the application before retrying 'SaveChanges'. See https://go.microsoft.com/fwlink/?linkid=2149338 for more information and examples. To identify the code which triggers this warning, call 'ConfigureWarnings(w =&gt; w.Throw(SqlServerEventId.SavepointsDisabledBecauseOfMARS))'.&#xD;
[2026-09-07 16:12:03.070 +03:30 INF] [Vitorize.Api] [RegistrationVerified] [CorrelationId:33e7e50b984390ae93144cef137abf9c] [TraceId:67bcd51b95f261bfe6edcdf00cececd7] Registration verified for user 9c55b659-31cd-4d01-8951-7b9b264ee226. EventType=RegistrationVerified&#xD;
[2026-09-07 16:12:03.070 +03:30 INF] [Vitorize.Api] [HttpRequestCompleted] [CorrelationId:33e7e50b984390ae93144cef137abf9c] [TraceId:67bcd51b95f261bfe6edcdf00cececd7] HTTP POST /api/auth/register/verify responded 200 in 14.2876 ms&#xD;
[...]
[2026-09-07 16:12:03.747 +03:30 INF] [Vitorize.Api] [HttpRequestCompleted] [CorrelationId:46f782e2c5b88033abfb75890baabd08] [TraceId:af909585b0b1e1a073ff7ade44be760a] HTTP POST /api/auth/register responded 200 in 269.7879 ms&#xD;
[2026-09-07 16:12:03.764 +03:30 WRN] [Vitorize.Api] [] [CorrelationId:8932231b82e247fead3d8eaaf29387e8] [TraceId:5a3dffc0ecfe7cf66d6418f9b9f729ad] Savepoints are disabled because Multiple Active Result Sets (MARS) is enabled. If 'SaveChanges' fails, then the transaction cannot be automatically rolled back to a known clean state. Instead, the transaction should be rolled back by the application before retrying 'SaveChanges'. See https://go.microsoft.com/fwlink/?linkid=2149338 for more information and examples. To identify the code which triggers this warning, call 'ConfigureWarnings(w =&gt; w.Throw(SqlServerEventId.SavepointsDisabledBecauseOfMARS))'.&#xD;
[2026-09-07 16:12:03.769 +03:30 INF] [Vitorize.Api] [RegistrationVerified] [CorrelationId:8932231b82e247fead3d8eaaf29387e8] [TraceId:5a3dffc0ecfe7cf66d6418f9b9f729ad] Registration verified for user b6b79c36-562d-46e5-aaff-9cdcdfe41fb9. EventType=RegistrationVerified&#xD;
[2026-09-07 16:12:03.770 +03:30 INF] [Vitorize.Api] [HttpRequestCompleted] [CorrelationId:8932231b82e247fead3d8eaaf29387e8] [TraceId:5a3dffc0ecfe7cf66d6418f9b9f729ad] HTTP POST /api/auth/register/verify responded 200 in 13.2281 ms&#xD;
[2026-09-07 16:12:03.829 +03:30 INF] [Vitorize.Api] [HttpRequestCompleted] [CorrelationId:75606223a729f009de3252173a9614e5] [TraceId:d9ec89fe33696976b689c97c66e004ab] HTTP GET /api/auth/me responded 200 in 57.0724 ms&#xD;
[2026-09-07 16:12:03.875 +03:30 WRN] [Vitorize.Api] [] [CorrelationId:57bec31294223a7d3b51ae0710bf5add] [TraceId:26b38bd1e40a6187bf2583bdd318ffa6] Compiling a query which loads related collections for more than one collection navigation, either via 'Include' or through projection, but no 'QuerySplittingBehavior' has been configured. By default, Entity Framework will use 'QuerySplittingBehavior.SingleQuery', which can potentially result in slow query performance. See https://go.microsoft.com/fwlink/?linkid=2134277 for more information. To identify the query that's triggering this warning call 'ConfigureWarnings(w =&gt; w.Throw(RelationalEventId.MultipleCollectionIncludeWarning))'.&#xD;
[2026-09-07 16:12:03.959 +03:30 INF] [Vitorize.Api] [HttpRequestCompleted] [CorrelationId:57bec31294223a7d3b51ae0710bf5add] [TraceId:26b38bd1e40a6187bf2583bdd318ffa6] HTTP GET /api/orders responded 200 in 125.9402 ms&#xD;
[2026-09-07 16:12:04.303 +03:30 WRN] [Vitorize.Api] [] [CorrelationId:acd8ef77bc271e4f9b2cf0b7ac67a24f] [TraceId:892d5f4562bc599570f87c2530e8990f] Savepoints are disabled because Multiple Active Result Sets (MARS) is enabled. If 'SaveChanges' fails, then the transaction cannot be automatically rolled back to a known clean state. Instead, the transaction should be rolled back by the application before retrying 'SaveChanges'. See https://go.microsoft.com/fwlink/?linkid=2149338 for more information and examples. To identify the code which triggers this warning, call 'ConfigureWarnings(w =&gt; w.Throw(SqlServerEventId.SavepointsDisabledBecauseOfMARS))'.&#xD;
[2026-09-07 16:12:04.311 +03:30 INF] [Vitorize.Api] [SmsSent] [CorrelationId:acd8ef77bc271e4f9b2cf0b7ac67a24f] [TraceId:892d5f4562bc599570f87c2530e8990f] SMS sent. Purpose=Text Mobile=0912***9103 Provider=Asanak TemplateId=null MessageId=sms-e769623f4f0444939681fb06784a0ed9 EventType=SmsSent&#xD;
[2026-09-07 16:12:04.320 +03:30 INF] [Vitorize.Api] [OtpRequested] [CorrelationId:acd8ef77bc271e4f9b2cf0b7ac67a24f] [TraceId:892d5f4562bc599570f87c2530e8990f] OTP requested and sent. UserId=a2cf5f10-5508-4a42-ba74-35a462478ad1 MaskedMobile=091***9103 Purpose=MobileVerification EventType=OtpRequested&#xD;
[2026-09-07 16:12:04.324 +03:30 INF] [Vitorize.Api] [HttpRequestCompleted] [CorrelationId:acd8ef77bc271e4f9b2cf0b7ac67a24f] [TraceId:892d5f4562bc599570f87c2530e8990f] HTTP POST /api/auth/register responded 200 in 319.6234 ms&#xD;
[2026-09-07 16:12:04.335 +03:30 WRN] [Vitorize.Api] [] [CorrelationId:81f03772add4ad50e68271df23b289d4] [TraceId:715e0a4097949457acc4ea084fa2b4e7] Savepoints are disabled because Multiple Active Result Sets (MARS) is enabled. If 'SaveChanges' fails, then the transaction cannot be automatically rolled back to a known clean state. Instead, the transaction should be rolled back by the application before retrying 'SaveChanges'. See https://go.microsoft.com/fwlink/?linkid=2149338 for more information and examples. To identify the code which triggers this warning, call 'ConfigureWarnings(w =&gt; w.Throw(SqlServerEventId.SavepointsDisabledBecauseOfMARS))'.&#xD;
[2026-09-07 16:12:04.350 +03:30 INF] [Vitorize.Api] [SmsSent] [CorrelationId:81f03772add4ad50e68271df23b289d4] [TraceId:715e0a4097949457acc4ea084fa2b4e7] SMS sent. Purpose=Text Mobile=0912***9103 Provider=Asanak TemplateId=null MessageId=sms-f3ab62667ac44964a0340785398c8451 EventType=SmsSent&#xD;
[2026-09-07 16:12:04.357 +03:30 INF] [Vitorize.Api] [OtpRequested] [CorrelationId:81f03772add4ad50e68271df23b289d4] [TraceId:715e0a4097949457acc4ea084fa2b4e7] OTP requested and sent. UserId=a2cf5f10-5508-4a42-ba74-35a462478ad1 MaskedMobile=091***9103 Purpose=MobileVerification EventType=OtpRequested&#xD;
[2026-09-07 16:12:04.360 +03:30 INF] [Vitorize.Api] [HttpRequestCompleted] [CorrelationId:81f03772add4ad50e68271df23b289d4] [TraceId:715e0a4097949457acc4ea084fa2b4e7] HTTP POST /api/auth/register/resend responded 200 in 34.5509 ms&#xD;
[2026-09-07 16:12:04.678 +03:30 WRN] [Vitorize.Api] [] [CorrelationId:86d5e5054c17409304af6e058f45370e] [TraceId:ed87e5c9f3e26f4bb7b38ae21a9831bf] Savepoints are disabled because Multiple Active Result Sets (MARS) is enabled. If 'SaveChanges' fails, then the transaction cannot be automatically rolled back to a known clean state. Instead, the transaction should be rolled back by the application before retrying 'SaveChanges'. See https://go.microsoft.com/fwlink/?linkid=2149338 for more information and examples. To identify the code which triggers this warning, call 'ConfigureWarnings(w =&gt; w.Throw(SqlServerEventId.SavepointsDisabledBecauseOfMARS))'.&#xD;
[2026-09-07 16:12:04.681 +03:30 INF] [Vitorize.Api] [SmsSent] [CorrelationId:86d5e5054c17409304af6e058f45370e] [TraceId:ed87e5c9f3e26f4bb7b38ae21a9831bf] SMS sent. Purpose=Text Mobile=0912***9103 Provider=Asanak TemplateId=null MessageId=sms-f0e121c23b0448bdad004903ef5b470b EventType=SmsSent&#xD;
[2026-09-07 16:12:04.689 +03:30 INF] [Vitorize.Api] [OtpRequested] [CorrelationId:86d5e5054c17409304af6e058f45370e] [TraceId:ed87e5c9f3e26f4bb7b38ae21a9831bf] OTP requested and sent. UserId=a2cf5f10-5508-4a42-ba74-35a462478ad1 MaskedMobile=091***9103 Purpose=MobileVerification EventType=OtpRequested&#xD;
[2026-09-07 16:12:04.692 +03:30 INF] [Vitorize.Api] [HttpRequestCompleted] [CorrelationId:86d5e5054c17409304af6e058f45370e] [TraceId:ed87e5c9f3e26f4bb7b38ae21a9831bf] HTTP POST /api/auth/register responded 200 in 331.4084 ms&#xD;
[2026-09-07 16:12:04.963 +03:30 WRN] [Vitorize.Api] [] [CorrelationId:678f30a33e44999a5c1f18a4902fa3eb] [TraceId:77732a33c722f499b7265f5dab8f111f] Savepoints are disabled because Multiple Active Result Sets (MARS) is enabled. If 'SaveChanges' fails, then the transaction cannot be automatically rolled back to a known clean state. Instead, the transaction should be rolled back by the application before retrying 'SaveChanges'. See https://go.microsoft.com/fwlink/?linkid=2149338 for more information and examples. To identify the code which triggers this warning, call 'ConfigureWarnings(w =&gt; w.Throw(SqlServerEventId.SavepointsDisabledBecauseOfMARS))'.&#xD;
[2026-09-07 16:12:04.973 +03:30 INF] [Vitorize.Api] [SmsSent] [CorrelationId:678f30a33e44999a5c1f18a4902fa3eb] [TraceId:77732a33c722f499b7265f5dab8f111f] SMS sent. Purpose=Text Mobile=0912***8897 Provider=Asanak TemplateId=null MessageId=sms-4eba63f69fe14dff827a6fe524b7fabe EventType=SmsSent&#xD;
[2026-09-07 16:12:04.983 +03:30 INF] [Vitorize.Api] [OtpRequested] [CorrelationId:678f30a33e44999a5c1f18a4902fa3eb] [TraceId:77732a33c722f499b7265f5dab8f111f] OTP requested and sent. UserId=86c1b61d-4e17-4381-b9ff-57da1ab1be53 MaskedMobile=091***8897 Purpose=MobileVerification EventType=OtpRequested&#xD;
[2026-09-07 16:12:04.986 +03:30 INF] [Vitorize.Api] [HttpRequestCompleted] [CorrelationId:678f30a33e44999a5c1f18a4902fa3eb] [TraceId:77732a33c722f499b7265f5dab8f111f] HTTP POST /api/auth/register responded 200 in 277.4206 ms&#xD;
[2026-09-07 16:12:05.326 +03:30 WRN] [Vitorize.Api] [] [CorrelationId:dd954640abee9b245e99ac89aefd8e83] [TraceId:48c545c1c0d113816969fe0deb20f77d] Savepoints are disabled because Multiple Active Result Sets (MARS) is enabled. If 'SaveChanges' fails, then the transaction cannot be automatically rolled back to a known clean state. Instead, the transaction should be rolled back by the application before retrying 'SaveChanges'. See https://go.microsoft.com/fwlink/?linkid=2149338 for more information and examples. To identify the code which triggers this warning, call 'ConfigureWarnings(w =&gt; w.Throw(SqlServerEventId.SavepointsDisabledBecauseOfMARS))'.&#xD;
[2026-09-07 16:12:05.335 +03:30 INF] [Vitorize.Api] [SmsSent] [CorrelationId:dd954640abee9b245e99ac89aefd8e83] [TraceId:48c545c1c0d113816969fe0deb20f77d] SMS sent. Purpose=Text Mobile=0912***5151 Provider=Asanak TemplateId=null MessageId=sms-8b465dfb5cf1412d8ea85c79eb62b853 EventType=SmsSent&#xD;
[2026-09-07 16:12:05.343 +03:30 INF] [Vitorize.Api] [OtpRequested] [CorrelationId:dd954640abee9b245e99ac89aefd8e83] [TraceId:48c545c1c0d113816969fe0deb20f77d] OTP requested and sent. UserId=63f3b074-0997-452a-9afb-e3be57922aca MaskedMobile=091***5151 Purpose=MobileVerification EventType=OtpRequested&#xD;
[2026-09-07 16:12:05.345 +03:30 INF] [Vitorize.Api] [HttpRequestCompleted] [CorrelationId:dd954640abee9b245e99ac89aefd8e83] [TraceId:48c545c1c0d113816969fe0deb20f77d] HTTP POST /api/auth/register responded 200 in 330.2213 ms&#xD;
[2026-09-07 16:12:05.369 +03:30 WRN] [Vitorize.Api] [] [CorrelationId:d917d4e02a946dae2915babce9f89de2] [TraceId:9068d3503a7b263f237f24f398c1a73a] Savepoints are disabled because Multiple Active Result Sets (MARS) is enabled. If 'SaveChanges' fails, then the transaction cannot be automatically rolled back to a known clean state. Instead, the transaction should be rolled back by the application before retrying 'SaveChanges'. See https://go.microsoft.com/fwlink/?linkid=2149338 for more information and examples. To identify the code which triggers this warning, call 'ConfigureWarnings(w =&gt; w.Throw(SqlServerEventId.SavepointsDisabledBecauseOfMARS))'.&#xD;
[2026-09-07 16:12:05.392 +03:30 INF] [Vitorize.Api] [RegistrationVerified] [CorrelationId:d917d4e02a946dae2915babce9f89de2] [TraceId:9068d3503a7b263f237f24f398c1a73a] Registration verified for user 63f3b074-0997-452a-9afb-e3be57922aca. EventType=RegistrationVerified&#xD;
[2026-09-07 16:12:05.393 +03:30 INF] [Vitorize.Api] [HttpRequestCompleted] [CorrelationId:d917d4e02a946dae2915babce9f89de2] [TraceId:9068d3503a7b263f237f24f398c1a73a] HTTP POST /api/auth/register/verify responded 200 in 35.7126 ms&#xD;
[2026-09-07 16:12:05.401 +03:30 INF] [Vitorize.Api] [HttpRequestCompleted] [CorrelationId:7c96048b4d416b8663b964b9e3160301] [TraceId:36eede746dfe8f5093fbc83ef451082e] HTTP POST /api/auth/register/resend responded 400 in 7.5635 ms&#xD;
[2026-09-07 16:12:05.652 +03:30 WRN] [Vitorize.Api] [] [CorrelationId:fe9a55771a1d912bcf20aa9a770f12ce] [TraceId:3df60e3dd46240f26e99cdc19ccf6e19] Savepoints are disabled because Multiple Active Result Sets (MARS) is enabled. If 'SaveChanges' fails, then the transaction cannot be automatically rolled back to a known clean state. Instead, the transaction should be rolled back by the application before retrying 'SaveChanges'. See https://go.microsoft.com/fwlink/?linkid=2149338 for more information and examples. To identify the code which triggers this warning, call 'ConfigureWarnings(w =&gt; w.Throw(SqlServerEventId.SavepointsDisabledBecauseOfMARS))'.&#xD;
[2026-09-07 16:12:05.661 +03:30 INF] [Vitorize.Api] [SmsSent] [CorrelationId:fe9a55771a1d912bcf20aa9a770f12ce] [TraceId:3df60e3dd46240f26e99cdc19ccf6e19] SMS sent. Purpose=Text Mobile=0912***4533 Provider=Asanak TemplateId=null MessageId=sms-246f61e2c25a440297bf69ceb0e8a60e EventType=SmsSent&#xD;
[2026-09-07 16:12:05.667 +03:30 INF] [Vitorize.Api] [OtpRequested] [CorrelationId:fe9a55771a1d912bcf20aa9a770f12ce] [TraceId:3df60e3dd46240f26e99cdc19ccf6e19] OTP requested and sent. UserId=b0cb6392-816e-495a-97ab-a510eae86e9a MaskedMobile=091***4533 Purpose=MobileVerification EventType=OtpRequested&#xD;
[2026-09-07 16:12:05.670 +03:30 INF] [Vitorize.Api] [HttpRequestCompleted] [CorrelationId:fe9a55771a1d912bcf20aa9a770f12ce] [TraceId:3df60e3dd46240f26e99cdc19ccf6e19] HTTP POST /api/auth/register responded 200 in 258.9510 ms&#xD;
[2026-09-07 16:12:05.709 +03:30 WRN] [Vitorize.Api] [] [CorrelationId:75ba9c4b73b0d40536c556a8a0bde298] [TraceId:d4119230cce7d855ae83ed0f53aa14d9] Savepoints are disabled because Multiple Active Result Sets (MARS) is enabled. If 'SaveChanges' fails, then the transaction cannot be automatically rolled back to a known clean state. Instead, the transaction should be rolled back by the application before retrying 'SaveChanges'. See https://go.microsoft.com/fwlink/?linkid=2149338 for more information and examples. To identify the code which triggers this warning, call 'ConfigureWarnings(w =&gt; w.Throw(SqlServerEventId.SavepointsDisabledBecauseOfMARS))'.&#xD;
[2026-09-07 16:12:05.711 +03:30 INF] [Vitorize.Api] [HttpRequestCompleted] [CorrelationId:75ba9c4b73b0d40536c556a8a0bde298] [TraceId:d4119230cce7d855ae83ed0f53aa14d9] HTTP POST /api/auth/register/verify responded 400 in 11.2405 ms&#xD;
[2026-09-07 16:12:05.981 +03:30 WRN] [Vitorize.Api] [] [CorrelationId:2eaa170d9e02e964d400c79dfd5d67c0] [TraceId:a944b40c4f12706f05f9c3261e83c915] Savepoints are disabled because Multiple Active Result Sets (MARS) is enabled. If 'SaveChanges' fails, then the transaction cannot be automatically rolled back to a known clean state. Instead, the transaction should be rolled back by the application before retrying 'SaveChanges'. See https://go.microsoft.com/fwlink/?linkid=2149338 for more information and examples. To identify the code which triggers this warning, call 'ConfigureWarnings(w =&gt; w.Throw(SqlServerEventId.SavepointsDisabledBecauseOfMARS))'.&#xD;
[2026-09-07 16:12:05.989 +03:30 INF] [Vitorize.Api] [SmsSent] [CorrelationId:2eaa170d9e02e964d400c79dfd5d67c0] [TraceId:a944b40c4f12706f05f9c3261e83c915] SMS sent. Purpose=Text Mobile=0912***7905 Provider=Asanak TemplateId=null MessageId=sms-71c5374a924b480bbe3199288582c079 EventType=SmsSent&#xD;
[2026-09-07 16:12:05.995 +03:30 INF] [Vitorize.Api] [OtpRequested] [CorrelationId:2eaa170d9e02e964d400c79dfd5d67c0] [TraceId:a944b40c4f12706f05f9c3261e83c915] OTP requested and sent. UserId=03214203-896f-41ab-b109-6dda40e8d3ea MaskedMobile=091***7905 Purpose=MobileVerification EventType=OtpRequested&#xD;
[2026-09-07 16:12:05.997 +03:30 INF] [Vitorize.Api] [HttpRequestCompleted] [CorrelationId:2eaa170d9e02e964d400c79dfd5d67c0] [TraceId:a944b40c4f12706f05f9c3261e83c915] HTTP POST /api/auth/register responded 200 in 266.5158 ms&#xD;
[2026-09-07 16:12:06.464 +03:30 WRN] [Vitorize.Api] [] [CorrelationId:7d56897704332c9527ffa79c2af672a2] [TraceId:a37baff495694d435102c84d370899a8] Savepoints are disabled because Multiple Active Result Sets (MARS) is enabled. If 'SaveChanges' fails, then the transaction cannot be automatically rolled back to a known clean state. Instead, the transaction should be rolled back by the application before retrying 'SaveChanges'. See https://go.microsoft.com/fwlink/?linkid=2149338 for more information and examples. To identify the code which triggers this warning, call 'ConfigureWarnings(w =&gt; w.Throw(SqlServerEventId.SavepointsDisabledBecauseOfMARS))'.&#xD;
[2026-09-07 16:12:06.470 +03:30 INF] [Vitorize.Api] [SmsSent] [CorrelationId:7d56897704332c9527ffa79c2af672a2] [TraceId:a37baff495694d435102c84d370899a8] SMS sent. Purpose=Text Mobile=0912***9365 Provider=Asanak TemplateId=null MessageId=sms-5095c36df67d4d68a4fce75aeca528d2 EventType=SmsSent&#xD;
[2026-09-07 16:12:06.476 +03:30 INF] [Vitorize.Api] [OtpRequested] [CorrelationId:7d56897704332c9527ffa79c2af672a2] [TraceId:a37baff495694d435102c84d370899a8] OTP requested and sent. UserId=0e5a03ba-654d-441f-9642-06124a873eba MaskedMobile=091***9365 Purpose=MobileVerification EventType=OtpRequested&#xD;
[2026-09-07 16:12:06.478 +03:30 INF] [Vitorize.Api] [HttpRequestCompleted] [CorrelationId:7d56897704332c9527ffa79c2af672a2] [TraceId:a37baff495694d435102c84d370899a8] HTTP POST /api/auth/register responded 200 in 254.7636 ms&#xD;
[2026-09-07 16:12:06.685 +03:30 WRN] [Vitorize.Api] [] [CorrelationId:2518bca6f85f6e18e5e6b1606fdd1a4e] [TraceId:6c51acf56e051415931280eadc284b72] Savepoints are disabled because Multiple Active Result Sets (MARS) is enabled. If 'SaveChanges' fails, then the transaction cannot be automatically rolled back to a known clean state. Instead, the transaction should be rolled back by the application before retrying 'SaveChanges'. See https://go.microsoft.com/fwlink/?linkid=2149338 for more information and examples. To identify the code which triggers this warning, call 'ConfigureWarnings(w =&gt; w.Throw(SqlServerEventId.SavepointsDisabledBecauseOfMARS))'.&#xD;
[2026-09-07 16:12:06.700 +03:30 INF] [Vitorize.Api] [SmsSent] [CorrelationId:2518bca6f85f6e18e5e6b1606fdd1a4e] [TraceId:6c51acf56e051415931280eadc284b72] SMS sent. Purpose=Text Mobile=0912***9365 Provider=Asanak TemplateId=null MessageId=sms-8713da446a6e4e09a0cfd79f21135a9d EventType=SmsSent&#xD;
[2026-09-07 16:12:06.706 +03:30 INF] [Vitorize.Api] [OtpRequested] [CorrelationId:2518bca6f85f6e18e5e6b1606fdd1a4e] [TraceId:6c51acf56e051415931280eadc284b72] OTP requested and sent. UserId=0e5a03ba-654d-441f-9642-06124a873eba MaskedMobile=091***9365 Purpose=MobileVerification EventType=OtpRequested&#xD;
[2026-09-07 16:12:06.707 +03:30 INF] [Vitorize.Api] [HttpRequestCompleted] [CorrelationId:2518bca6f85f6e18e5e6b1606fdd1a4e] [TraceId:6c51acf56e051415931280eadc284b72] HTTP POST /api/auth/register responded 200 in 228.7648 ms&#xD;
[2026-09-07 16:12:06.728 +03:30 WRN] [Vitorize.Api] [] [CorrelationId:dba5eab4cd2981233acba78780bf092d] [TraceId:43547d6fa2c521ceaf4bef85ef57cf88] Savepoints are disabled because Multiple Active Result Sets (MARS) is enabled. If 'SaveChanges' fails, then the transaction cannot be automatically rolled back to a known clean state. Instead, the transaction should be rolled back by the application before retrying 'SaveChanges'. See https://go.microsoft.com/fwlink/?linkid=2149338 for more information and examples. To identify the code which triggers this warning, call 'ConfigureWarnings(w =&gt; w.Throw(SqlServerEventId.SavepointsDisabledBecauseOfMARS))'.&#xD;
[2026-09-07 16:12:06.749 +03:30 INF] [Vitorize.Api] [RegistrationVerified] [CorrelationId:dba5eab4cd2981233acba78780bf092d] [TraceId:43547d6fa2c521ceaf4bef85ef57cf88] Registration verified for user 0e5a03ba-654d-441f-9642-06124a873eba. EventType=RegistrationVerified&#xD;
[2026-09-07 16:12:06.750 +03:30 INF] [Vitorize.Api] [HttpRequestCompleted] [CorrelationId:dba5eab4cd2981233acba78780bf092d] [TraceId:43547d6fa2c521ceaf4bef85ef57cf88] HTTP POST /api/auth/register/verify responded 200 in 31.9065 ms&#xD;
[2026-09-07 16:12:06.759 +03:30 INF] [Vitorize.Api] [ApplicationStopping] [CorrelationId:] [TraceId:] Vitorize API is stopping. EventType=ApplicationStopping&#xD;
[xUnit.net 00:00:59.28]   Finished:    Vitorize.IntegrationTests&#xD;
</StdOut>
    </Output>
  </ResultSummary>
</TestRun>